[0.081s] Invoking command in '/home/spoonge/ros2_ws/src/build/scara_description': CMAKE_PREFIX_PATH=${CMAKE_PREFIX_PATH}:/home/spoonge/ros2_ws/src/scara_bringup/install/scara_bringup:/opt/ros/jazzy DEBUGINFOD_URLS=https://debuginfod.ubuntu.com /usr/bin/cmake /home/spoonge/ros2_ws/src/scara_description -DAMENT_CMAKE_SYMLINK_INSTALL=1 -DCMAKE_INSTALL_PREFIX=/home/spoonge/ros2_ws/src/install/scara_description
[1.736s] -- The C compiler identification is GNU 13.3.0
[1.736s] -- The CXX compiler identification is GNU 13.3.0
[1.736s] -- Detecting C compiler ABI info
[1.736s] -- Detecting C compiler ABI info - done
[1.736s] -- Check for working C compiler: /usr/bin/cc - skipped
[1.736s] -- Detecting C compile features
[1.736s] -- Detecting C compile features - done
[1.736s] -- Detecting CXX compiler ABI info
[1.736s] -- Detecting CXX compiler ABI info - done
[1.736s] -- Check for working CXX compiler: /usr/bin/c++ - skipped
[1.737s] -- Detecting CXX compile features
[1.737s] -- Detecting CXX compile features - done
[1.737s] -- Found ament_cmake: 2.5.4 (/opt/ros/jazzy/share/ament_cmake/cmake)
[1.737s] -- Found Python3: /usr/bin/python3 (found version "3.12.3") found components: Interpreter 
[1.737s] -- Override CMake install command with custom implementation using symlinks instead of copying resources
[1.737s] -- Found xacro: 2.1.1 (/opt/ros/jazzy/share/xacro/cmake)
[1.737s] -- Configuring done (1.5s)
[1.737s] -- Generating done (0.0s)
[1.737s] -- Build files have been written to: /home/spoonge/ros2_ws/src/build/scara_description
[2.125s] Invoked command in '/home/spoonge/ros2_ws/src/build/scara_description' returned '0': CMAKE_PREFIX_PATH=${CMAKE_PREFIX_PATH}:/home/spoonge/ros2_ws/src/scara_bringup/install/scara_bringup:/opt/ros/jazzy DEBUGINFOD_URLS=https://debuginfod.ubuntu.com /usr/bin/cmake /home/spoonge/ros2_ws/src/scara_description -DAMENT_CMAKE_SYMLINK_INSTALL=1 -DCMAKE_INSTALL_PREFIX=/home/spoonge/ros2_ws/src/install/scara_description
[2.127s] Invoking command in '/home/spoonge/ros2_ws/src/build/scara_description': CMAKE_PREFIX_PATH=${CMAKE_PREFIX_PATH}:/home/spoonge/ros2_ws/src/scara_bringup/install/scara_bringup:/opt/ros/jazzy DEBUGINFOD_URLS=https://debuginfod.ubuntu.com /usr/bin/cmake --build /home/spoonge/ros2_ws/src/build/scara_description -- -j12 -l12
[2.235s] Invoked command in '/home/spoonge/ros2_ws/src/build/scara_description' returned '0': CMAKE_PREFIX_PATH=${CMAKE_PREFIX_PATH}:/home/spoonge/ros2_ws/src/scara_bringup/install/scara_bringup:/opt/ros/jazzy DEBUGINFOD_URLS=https://debuginfod.ubuntu.com /usr/bin/cmake --build /home/spoonge/ros2_ws/src/build/scara_description -- -j12 -l12
[2.260s] Invoking command in '/home/spoonge/ros2_ws/src/build/scara_description': CMAKE_PREFIX_PATH=${CMAKE_PREFIX_PATH}:/home/spoonge/ros2_ws/src/scara_bringup/install/scara_bringup:/opt/ros/jazzy DEBUGINFOD_URLS=https://debuginfod.ubuntu.com /usr/bin/cmake --install /home/spoonge/ros2_ws/src/build/scara_description
[2.282s] -- Install configuration: ""
[2.283s] -- Execute custom install script
[2.285s] [33mCMake Warning (dev) at ament_cmake_symlink_install/ament_cmake_symlink_install.cmake:62 (file):
[2.286s]   Policy CMP0009 is not set: FILE GLOB_RECURSE calls should not follow
[2.286s]   symlinks by default.  Run "cmake --help-policy CMP0009" for policy details.
[2.287s]   Use the cmake_policy command to set the policy and suppress this warning.
[2.287s] Call Stack (most recent call first):
[2.287s]   ament_cmake_symlink_install/ament_cmake_symlink_install.cmake:314 (ament_cmake_symlink_install_directory)
[2.287s]   cmake_install.cmake:46 (include)
[2.287s] This warning is for project developers.  Use -Wno-dev to suppress it.
[2.287s] [0m
[2.287s] -- Symlinking: /home/spoonge/ros2_ws/src/install/scara_description/share/scara_description/urdf/build/.built_by
[2.314s] -- Symlinking: /home/spoonge/ros2_ws/src/install/scara_description/share/scara_description/urdf/build/COLCON_IGNORE
[2.339s] -- Symlinking: /home/spoonge/ros2_ws/src/install/scara_description/share/scara_description/urdf/install/.colcon_install_layout
[2.363s] -- Symlinking: /home/spoonge/ros2_ws/src/install/scara_description/share/scara_description/urdf/install/COLCON_IGNORE
[2.394s] -- Symlinking: /home/spoonge/ros2_ws/src/install/scara_description/share/scara_description/urdf/install/_local_setup_util_ps1.py
[2.419s] -- Symlinking: /home/spoonge/ros2_ws/src/install/scara_description/share/scara_description/urdf/install/_local_setup_util_sh.py
[2.443s] -- Symlinking: /home/spoonge/ros2_ws/src/install/scara_description/share/scara_description/urdf/install/local_setup.bash
[2.468s] -- Symlinking: /home/spoonge/ros2_ws/src/install/scara_description/share/scara_description/urdf/install/local_setup.ps1
[2.494s] -- Symlinking: /home/spoonge/ros2_ws/src/install/scara_description/share/scara_description/urdf/install/local_setup.sh
[2.525s] -- Symlinking: /home/spoonge/ros2_ws/src/install/scara_description/share/scara_description/urdf/install/local_setup.zsh
[2.553s] -- Symlinking: /home/spoonge/ros2_ws/src/install/scara_description/share/scara_description/urdf/install/setup.bash
[2.582s] -- Symlinking: /home/spoonge/ros2_ws/src/install/scara_description/share/scara_description/urdf/install/setup.ps1
[2.607s] -- Symlinking: /home/spoonge/ros2_ws/src/install/scara_description/share/scara_description/urdf/install/setup.sh
[2.632s] -- Symlinking: /home/spoonge/ros2_ws/src/install/scara_description/share/scara_description/urdf/install/setup.zsh
[2.660s] -- Symlinking: /home/spoonge/ros2_ws/src/install/scara_description/share/scara_description/urdf/log/COLCON_IGNORE
[2.686s] -- Symlinking: /home/spoonge/ros2_ws/src/install/scara_description/share/scara_description/urdf/log/build_2025-11-16_11-24-53/events.log
[2.711s] -- Symlinking: /home/spoonge/ros2_ws/src/install/scara_description/share/scara_description/urdf/log/build_2025-11-16_11-24-53/logger_all.log
[2.738s] -- Symlinking: /home/spoonge/ros2_ws/src/install/scara_description/share/scara_description/urdf/log/build_2025-11-16_11-28-44/events.log
[2.763s] -- Symlinking: /home/spoonge/ros2_ws/src/install/scara_description/share/scara_description/urdf/log/build_2025-11-16_11-28-44/logger_all.log
[2.789s] -- Symlinking: /home/spoonge/ros2_ws/src/install/scara_description/share/scara_description/urdf/log/latest/events.log
[2.814s] -- Symlinking: /home/spoonge/ros2_ws/src/install/scara_description/share/scara_description/urdf/log/latest/logger_all.log
[2.838s] -- Symlinking: /home/spoonge/ros2_ws/src/install/scara_description/share/scara_description/urdf/log/latest_build/events.log
[2.863s] -- Symlinking: /home/spoonge/ros2_ws/src/install/scara_description/share/scara_description/urdf/log/latest_build/logger_all.log
[2.886s] -- Symlinking: /home/spoonge/ros2_ws/src/install/scara_description/share/scara_description/urdf/scara.urdf
[2.917s] -- Symlinking: /home/spoonge/ros2_ws/src/install/scara_description/share/scara_description/urdf/urdf_Scara.csv
[2.947s] -- Symlinking: /home/spoonge/ros2_ws/src/install/scara_description/share/scara_description/meshes/base_link.STL
[2.973s] -- Symlinking: /home/spoonge/ros2_ws/src/install/scara_description/share/scara_description/meshes/hand1.STL
[3.001s] -- Symlinking: /home/spoonge/ros2_ws/src/install/scara_description/share/scara_description/meshes/hand2.STL
[3.025s] -- Symlinking: /home/spoonge/ros2_ws/src/install/scara_description/share/scara_description/meshes/hand3.STL
[3.049s] -- Symlinking: /home/spoonge/ros2_ws/src/install/scara_description/share/ament_index/resource_index/package_run_dependencies/scara_description
[3.072s] -- Symlinking: /home/spoonge/ros2_ws/src/install/scara_description/share/ament_index/resource_index/parent_prefix_path/scara_description
[3.103s] -- Symlinking: /home/spoonge/ros2_ws/src/install/scara_description/share/scara_description/environment/ament_prefix_path.sh
[3.130s] -- Symlinking: /home/spoonge/ros2_ws/src/install/scara_description/share/scara_description/environment/ament_prefix_path.dsv
[3.155s] -- Symlinking: /home/spoonge/ros2_ws/src/install/scara_description/share/scara_description/environment/path.sh
[3.187s] -- Symlinking: /home/spoonge/ros2_ws/src/install/scara_description/share/scara_description/environment/path.dsv
[3.208s] -- Symlinking: /home/spoonge/ros2_ws/src/install/scara_description/share/scara_description/local_setup.bash
[3.235s] -- Symlinking: /home/spoonge/ros2_ws/src/install/scara_description/share/scara_description/local_setup.sh
[3.260s] -- Symlinking: /home/spoonge/ros2_ws/src/install/scara_description/share/scara_description/local_setup.zsh
[3.286s] -- Symlinking: /home/spoonge/ros2_ws/src/install/scara_description/share/scara_description/local_setup.dsv
[3.314s] -- Symlinking: /home/spoonge/ros2_ws/src/install/scara_description/share/scara_description/package.dsv
[3.349s] -- Symlinking: /home/spoonge/ros2_ws/src/install/scara_description/share/ament_index/resource_index/packages/scara_description
[3.374s] -- Symlinking: /home/spoonge/ros2_ws/src/install/scara_description/share/scara_description/cmake/scara_descriptionConfig.cmake
[3.397s] -- Symlinking: /home/spoonge/ros2_ws/src/install/scara_description/share/scara_description/cmake/scara_descriptionConfig-version.cmake
[3.421s] -- Symlinking: /home/spoonge/ros2_ws/src/install/scara_description/share/scara_description/package.xml
[3.449s] Invoked command in '/home/spoonge/ros2_ws/src/build/scara_description' returned '0': CMAKE_PREFIX_PATH=${CMAKE_PREFIX_PATH}:/home/spoonge/ros2_ws/src/scara_bringup/install/scara_bringup:/opt/ros/jazzy DEBUGINFOD_URLS=https://debuginfod.ubuntu.com /usr/bin/cmake --install /home/spoonge/ros2_ws/src/build/scara_description
