[0.225s] DEBUG:colcon:Command line arguments: ['/usr/bin/colcon', 'build', '--symlink-install']
[0.225s] DEBUG:colcon:Parsed command line arguments: Namespace(log_base=None, log_level=None, verb_name='build', build_base='build', install_base='install', merge_install=False, symlink_install=True, test_result_base=None, continue_on_error=False, executor='parallel', parallel_workers=12, event_handlers=None, ignore_user_meta=False, metas=['./colcon.meta'], base_paths=['.'], packages_ignore=None, packages_ignore_regex=None, paths=None, packages_up_to=None, packages_up_to_regex=None, packages_above=None, packages_above_and_dependencies=None, packages_above_depth=None, packages_select_by_dep=None, packages_skip_by_dep=None, packages_skip_up_to=None, packages_select_build_failed=False, packages_skip_build_finished=False, packages_select_test_failures=False, packages_skip_test_passed=False, packages_select=None, packages_skip=None, packages_select_regex=None, packages_skip_regex=None, packages_start=None, packages_end=None, allow_overriding=[], cmake_args=None, cmake_target=None, cmake_target_skip_unavailable=False, cmake_clean_cache=False, cmake_clean_first=False, cmake_force_configure=False, ament_cmake_args=None, catkin_cmake_args=None, catkin_skip_building_tests=False, mixin_files=None, mixin=None, verb_parser=<colcon_mixin.mixin.mixin_argument.MixinArgumentDecorator object at 0x7ac930fcdf70>, verb_extension=<colcon_core.verb.build.BuildVerb object at 0x7ac930fcdcd0>, main=<bound method BuildVerb.main of <colcon_core.verb.build.BuildVerb object at 0x7ac930fcdcd0>>, mixin_verb=('build',))
[0.290s] Level 1:colcon.colcon_core.package_discovery:discover_packages(colcon_meta) check parameters
[0.290s] Level 1:colcon.colcon_core.package_discovery:discover_packages(recursive) check parameters
[0.290s] Level 1:colcon.colcon_core.package_discovery:discover_packages(ignore) check parameters
[0.290s] Level 1:colcon.colcon_core.package_discovery:discover_packages(path) check parameters
[0.290s] Level 1:colcon.colcon_core.package_discovery:discover_packages(colcon_meta) discover
[0.290s] Level 1:colcon.colcon_core.package_discovery:discover_packages(recursive) discover
[0.290s] INFO:colcon.colcon_core.package_discovery:Crawling recursively for packages in '/home/spoonge/ros2_ws/src/scara_bringup'
[0.290s] Level 1:colcon.colcon_core.package_identification:_identify(.) by extensions ['ignore', 'ignore_ament_install']
[0.290s] Level 1:colcon.colcon_core.package_identification:_identify(.) by extension 'ignore'
[0.290s] Level 1:colcon.colcon_core.package_identification:_identify(.) by extension 'ignore_ament_install'
[0.290s] Level 1:colcon.colcon_core.package_identification:_identify(.) by extensions ['colcon_pkg']
[0.290s] Level 1:colcon.colcon_core.package_identification:_identify(.) by extension 'colcon_pkg'
[0.290s] Level 1:colcon.colcon_core.package_identification:_identify(.) by extensions ['colcon_meta']
[0.290s] Level 1:colcon.colcon_core.package_identification:_identify(.) by extension 'colcon_meta'
[0.291s] Level 1:colcon.colcon_core.package_identification:_identify(.) by extensions ['ros']
[0.291s] Level 1:colcon.colcon_core.package_identification:_identify(.) by extension 'ros'
[0.331s] DEBUG:colcon.colcon_core.package_identification:Package '.' with type 'ros.ament_python' and name 'scara_bringup'
[0.331s] Level 1:colcon.colcon_core.package_discovery:discover_packages(recursive) using defaults
[0.331s] Level 1:colcon.colcon_core.package_discovery:discover_packages(ignore) discover
[0.331s] Level 1:colcon.colcon_core.package_discovery:discover_packages(ignore) using defaults
[0.331s] Level 1:colcon.colcon_core.package_discovery:discover_packages(path) discover
[0.331s] Level 1:colcon.colcon_core.package_discovery:discover_packages(path) using defaults
[0.359s] Level 1:colcon.colcon_core.package_discovery:discover_packages(prefix_path) check parameters
[0.359s] Level 1:colcon.colcon_core.package_discovery:discover_packages(prefix_path) discover
[0.364s] DEBUG:colcon.colcon_installed_package_information.package_discovery:Found 420 installed packages in /opt/ros/jazzy
[0.366s] Level 1:colcon.colcon_core.package_discovery:discover_packages(prefix_path) using defaults
[0.421s] Level 5:colcon.colcon_core.verb:set package 'scara_bringup' build argument 'cmake_args' from command line to 'None'
[0.421s] Level 5:colcon.colcon_core.verb:set package 'scara_bringup' build argument 'cmake_target' from command line to 'None'
[0.421s] Level 5:colcon.colcon_core.verb:set package 'scara_bringup' build argument 'cmake_target_skip_unavailable' from command line to 'False'
[0.421s] Level 5:colcon.colcon_core.verb:set package 'scara_bringup' build argument 'cmake_clean_cache' from command line to 'False'
[0.421s] Level 5:colcon.colcon_core.verb:set package 'scara_bringup' build argument 'cmake_clean_first' from command line to 'False'
[0.422s] Level 5:colcon.colcon_core.verb:set package 'scara_bringup' build argument 'cmake_force_configure' from command line to 'False'
[0.422s] Level 5:colcon.colcon_core.verb:set package 'scara_bringup' build argument 'ament_cmake_args' from command line to 'None'
[0.422s] Level 5:colcon.colcon_core.verb:set package 'scara_bringup' build argument 'catkin_cmake_args' from command line to 'None'
[0.422s] Level 5:colcon.colcon_core.verb:set package 'scara_bringup' build argument 'catkin_skip_building_tests' from command line to 'False'
[0.422s] DEBUG:colcon.colcon_core.verb:Building package 'scara_bringup' with the following arguments: {'ament_cmake_args': None, 'build_base': '/home/spoonge/ros2_ws/src/scara_bringup/build/scara_bringup', 'catkin_cmake_args': None, 'catkin_skip_building_tests': False, 'cmake_args': None, 'cmake_clean_cache': False, 'cmake_clean_first': False, 'cmake_force_configure': False, 'cmake_target': None, 'cmake_target_skip_unavailable': False, 'install_base': '/home/spoonge/ros2_ws/src/scara_bringup/install/scara_bringup', 'merge_install': False, 'path': '/home/spoonge/ros2_ws/src/scara_bringup', 'symlink_install': True, 'test_result_base': None}
[0.422s] INFO:colcon.colcon_core.executor:Executing jobs using 'parallel' executor
[0.423s] DEBUG:colcon.colcon_parallel_executor.executor.parallel:run_until_complete
[0.423s] INFO:colcon.colcon_ros.task.ament_python.build:Building ROS package in '/home/spoonge/ros2_ws/src/scara_bringup' with build type 'ament_python'
[0.423s] Level 1:colcon.colcon_core.shell:create_environment_hook('scara_bringup', 'ament_prefix_path')
[0.429s] INFO:colcon.colcon_core.plugin_system:Skipping extension 'colcon_core.shell.bat': Not used on non-Windows systems
[0.429s] INFO:colcon.colcon_core.shell:Creating environment hook '/home/spoonge/ros2_ws/src/scara_bringup/install/scara_bringup/share/scara_bringup/hook/ament_prefix_path.ps1'
[0.430s] INFO:colcon.colcon_core.shell:Creating environment descriptor '/home/spoonge/ros2_ws/src/scara_bringup/install/scara_bringup/share/scara_bringup/hook/ament_prefix_path.dsv'
[0.431s] INFO:colcon.colcon_core.shell:Creating environment hook '/home/spoonge/ros2_ws/src/scara_bringup/install/scara_bringup/share/scara_bringup/hook/ament_prefix_path.sh'
[0.432s] INFO:colcon.colcon_core.shell:Skip shell extension 'powershell' for command environment: Not usable outside of PowerShell
[0.432s] DEBUG:colcon.colcon_core.shell:Skip shell extension 'dsv' for command environment
[0.731s] INFO:colcon.colcon_core.task.python.build:Building Python package in '/home/spoonge/ros2_ws/src/scara_bringup'
[0.731s] INFO:colcon.colcon_core.shell:Skip shell extension 'powershell' for command environment: Not usable outside of PowerShell
[0.731s] DEBUG:colcon.colcon_core.shell:Skip shell extension 'dsv' for command environment
[1.817s] DEBUG:colcon.colcon_core.event_handler.log_command:Invoking command in '/home/spoonge/ros2_ws/src/scara_bringup/build/scara_bringup': DEBUGINFOD_URLS=https://debuginfod.ubuntu.com PYTHONPATH=/home/spoonge/ros2_ws/src/scara_bringup/build/scara_bringup/prefix_override:/usr/lib/python3/dist-packages/colcon_core/task/python/colcon_distutils_commands:/home/spoonge/ros2_ws/src/scara_bringup/install/scara_bringup/lib/python3.12/site-packages:${PYTHONPATH} /usr/bin/python3 -W ignore:setup.py install is deprecated -W ignore:easy_install command is deprecated setup.py develop --editable --build-directory /home/spoonge/ros2_ws/src/scara_bringup/build/scara_bringup/build --no-deps symlink_data
[2.766s] Level 1:colcon.colcon_core.shell:create_environment_hook('scara_bringup', 'pythonpath_develop')
[2.767s] INFO:colcon.colcon_core.shell:Creating environment hook '/home/spoonge/ros2_ws/src/scara_bringup/build/scara_bringup/share/scara_bringup/hook/pythonpath_develop.ps1'
[2.767s] DEBUG:colcon.colcon_core.event_handler.log_command:Invoked command in '/home/spoonge/ros2_ws/src/scara_bringup/build/scara_bringup' returned '0': DEBUGINFOD_URLS=https://debuginfod.ubuntu.com PYTHONPATH=/home/spoonge/ros2_ws/src/scara_bringup/build/scara_bringup/prefix_override:/usr/lib/python3/dist-packages/colcon_core/task/python/colcon_distutils_commands:/home/spoonge/ros2_ws/src/scara_bringup/install/scara_bringup/lib/python3.12/site-packages:${PYTHONPATH} /usr/bin/python3 -W ignore:setup.py install is deprecated -W ignore:easy_install command is deprecated setup.py develop --editable --build-directory /home/spoonge/ros2_ws/src/scara_bringup/build/scara_bringup/build --no-deps symlink_data
[2.768s] INFO:colcon.colcon_core.shell:Creating environment descriptor '/home/spoonge/ros2_ws/src/scara_bringup/build/scara_bringup/share/scara_bringup/hook/pythonpath_develop.dsv'
[2.768s] INFO:colcon.colcon_core.shell:Creating environment hook '/home/spoonge/ros2_ws/src/scara_bringup/build/scara_bringup/share/scara_bringup/hook/pythonpath_develop.sh'
[2.774s] Level 1:colcon.colcon_core.environment:checking '/home/spoonge/ros2_ws/src/scara_bringup/install/scara_bringup' for CMake module files
[2.774s] Level 1:colcon.colcon_core.environment:checking '/home/spoonge/ros2_ws/src/scara_bringup/install/scara_bringup' for CMake config files
[2.775s] Level 1:colcon.colcon_core.environment:checking '/home/spoonge/ros2_ws/src/scara_bringup/install/scara_bringup/lib'
[2.775s] Level 1:colcon.colcon_core.environment:checking '/home/spoonge/ros2_ws/src/scara_bringup/install/scara_bringup/bin'
[2.775s] Level 1:colcon.colcon_core.environment:checking '/home/spoonge/ros2_ws/src/scara_bringup/install/scara_bringup/lib/pkgconfig/scara_bringup.pc'
[2.776s] Level 1:colcon.colcon_core.environment:checking '/home/spoonge/ros2_ws/src/scara_bringup/install/scara_bringup/lib/python3.12/site-packages'
[2.776s] Level 1:colcon.colcon_core.shell:create_environment_hook('scara_bringup', 'pythonpath')
[2.776s] INFO:colcon.colcon_core.shell:Creating environment hook '/home/spoonge/ros2_ws/src/scara_bringup/install/scara_bringup/share/scara_bringup/hook/pythonpath.ps1'
[2.776s] INFO:colcon.colcon_core.shell:Creating environment descriptor '/home/spoonge/ros2_ws/src/scara_bringup/install/scara_bringup/share/scara_bringup/hook/pythonpath.dsv'
[2.777s] INFO:colcon.colcon_core.shell:Creating environment hook '/home/spoonge/ros2_ws/src/scara_bringup/install/scara_bringup/share/scara_bringup/hook/pythonpath.sh'
[2.777s] Level 1:colcon.colcon_core.environment:checking '/home/spoonge/ros2_ws/src/scara_bringup/install/scara_bringup/bin'
[2.778s] Level 1:colcon.colcon_core.environment:create_environment_scripts_only(scara_bringup)
[2.778s] INFO:colcon.colcon_core.shell:Creating package script '/home/spoonge/ros2_ws/src/scara_bringup/install/scara_bringup/share/scara_bringup/package.ps1'
[2.779s] INFO:colcon.colcon_core.shell:Creating package descriptor '/home/spoonge/ros2_ws/src/scara_bringup/install/scara_bringup/share/scara_bringup/package.dsv'
[2.779s] INFO:colcon.colcon_core.shell:Creating package script '/home/spoonge/ros2_ws/src/scara_bringup/install/scara_bringup/share/scara_bringup/package.sh'
[2.780s] INFO:colcon.colcon_core.shell:Creating package script '/home/spoonge/ros2_ws/src/scara_bringup/install/scara_bringup/share/scara_bringup/package.bash'
[2.781s] INFO:colcon.colcon_core.shell:Creating package script '/home/spoonge/ros2_ws/src/scara_bringup/install/scara_bringup/share/scara_bringup/package.zsh'
[2.782s] Level 1:colcon.colcon_core.environment:create_file_with_runtime_dependencies(/home/spoonge/ros2_ws/src/scara_bringup/install/scara_bringup/share/colcon-core/packages/scara_bringup)
[2.783s] DEBUG:colcon.colcon_parallel_executor.executor.parallel:closing loop
[2.783s] DEBUG:colcon.colcon_parallel_executor.executor.parallel:loop closed
[2.783s] DEBUG:colcon.colcon_parallel_executor.executor.parallel:run_until_complete finished with '0'
[2.783s] DEBUG:colcon.colcon_core.event_reactor:joining thread
[2.796s] INFO:colcon.colcon_core.plugin_system:Skipping extension 'colcon_notification.desktop_notification.terminal_notifier': Not used on non-Darwin systems
[2.796s] INFO:colcon.colcon_core.plugin_system:Skipping extension 'colcon_notification.desktop_notification.win32': Not used on non-Windows systems
[2.796s] INFO:colcon.colcon_notification.desktop_notification:Sending desktop notification using 'notify2'
[2.850s] DEBUG:colcon.colcon_core.event_reactor:joined thread
[2.851s] INFO:colcon.colcon_core.shell:Creating prefix script '/home/spoonge/ros2_ws/src/scara_bringup/install/local_setup.ps1'
[2.852s] INFO:colcon.colcon_core.shell:Creating prefix util module '/home/spoonge/ros2_ws/src/scara_bringup/install/_local_setup_util_ps1.py'
[2.853s] INFO:colcon.colcon_core.shell:Creating prefix chain script '/home/spoonge/ros2_ws/src/scara_bringup/install/setup.ps1'
[2.855s] INFO:colcon.colcon_core.shell:Creating prefix script '/home/spoonge/ros2_ws/src/scara_bringup/install/local_setup.sh'
[2.855s] INFO:colcon.colcon_core.shell:Creating prefix util module '/home/spoonge/ros2_ws/src/scara_bringup/install/_local_setup_util_sh.py'
[2.856s] INFO:colcon.colcon_core.shell:Creating prefix chain script '/home/spoonge/ros2_ws/src/scara_bringup/install/setup.sh'
[2.857s] INFO:colcon.colcon_core.shell:Creating prefix script '/home/spoonge/ros2_ws/src/scara_bringup/install/local_setup.bash'
[2.858s] INFO:colcon.colcon_core.shell:Creating prefix chain script '/home/spoonge/ros2_ws/src/scara_bringup/install/setup.bash'
[2.859s] INFO:colcon.colcon_core.shell:Creating prefix script '/home/spoonge/ros2_ws/src/scara_bringup/install/local_setup.zsh'
[2.860s] INFO:colcon.colcon_core.shell:Creating prefix chain script '/home/spoonge/ros2_ws/src/scara_bringup/install/setup.zsh'
