[0.073s] Invoking command in '/home/spoonge/ros2_ws/src/build/turtlebot3_gazebo': CMAKE_PREFIX_PATH=${CMAKE_PREFIX_PATH}:/home/spoonge/ros2_ws/src/scara_bringup/install/scara_bringup:/opt/ros/jazzy DEBUGINFOD_URLS=https://debuginfod.ubuntu.com /usr/bin/cmake /home/spoonge/ros2_ws/src/turtlebot3_simulations/turtlebot3_gazebo -DAMENT_CMAKE_SYMLINK_INSTALL=1 -DCMAKE_INSTALL_PREFIX=/home/spoonge/ros2_ws/src/install/turtlebot3_gazebo
[1.724s] -- Found ament_cmake: 2.5.4 (/opt/ros/jazzy/share/ament_cmake/cmake)
[1.725s] -- Override CMake install command with custom implementation using symlinks instead of copying resources
[1.725s] -- Found ros_gz_sim: 1.0.16 (/opt/ros/jazzy/share/ros_gz_sim/cmake)
[1.725s] -- Found rosidl_generator_c: 4.6.6 (/opt/ros/jazzy/share/rosidl_generator_c/cmake)
[1.725s] -- Found rosidl_generator_cpp: 4.6.6 (/opt/ros/jazzy/share/rosidl_generator_cpp/cmake)
[1.725s] -- Using all available rosidl_typesupport_c: rosidl_typesupport_fastrtps_c;rosidl_typesupport_introspection_c
[1.725s] -- Using all available rosidl_typesupport_cpp: rosidl_typesupport_fastrtps_cpp;rosidl_typesupport_introspection_cpp
[1.725s] -- Found rmw_implementation_cmake: 7.3.2 (/opt/ros/jazzy/share/rmw_implementation_cmake/cmake)
[1.725s] -- Found rmw_fastrtps_cpp: 8.4.3 (/opt/ros/jazzy/share/rmw_fastrtps_cpp/cmake)
[1.725s] -- Using RMW implementation 'rmw_fastrtps_cpp' as default
[1.725s] -- Found nav_msgs: 5.3.6 (/opt/ros/jazzy/share/nav_msgs/cmake)
[1.725s] -- Found sensor_msgs: 5.3.6 (/opt/ros/jazzy/share/sensor_msgs/cmake)
[1.725s] -- Found gz_math_vendor: 0.0.8 (/opt/ros/jazzy/share/gz_math_vendor/cmake)
[1.726s] -- Looking for gz-math7 -- found version 7.5.2
[1.726s] -- Searching for dependencies of gz-math7
[1.726s] -- Looking for gz-utils2 -- found version 2.2.1
[1.726s] -- Searching for dependencies of gz-utils2
[1.726s] -- Found gz_sim_vendor: 0.0.9 (/opt/ros/jazzy/share/gz_sim_vendor/cmake)
[1.726s] -- Looking for gz-sim8 -- found version 8.10.0
[1.726s] -- Searching for dependencies of gz-sim8
[1.726s] -- Looking for sdformat14 -- found version 14.8.0
[1.726s] -- Searching for dependencies of sdformat14
[1.726s] -- Checking for module 'tinyxml2'
[1.730s] --   Found tinyxml2, version 10.0.0
[1.795s] -- Looking for gz-math7 -- found version 7.5.2
[1.796s] -- Looking for gz-utils2 -- found version 2.2.1
[1.797s] -- Searching for dependencies of gz-utils2
[1.797s] -- Searching for <gz-utils2> component [cli]
[1.799s] -- Looking for gz-utils2-cli -- found version 2.2.1
[1.799s] -- Searching for dependencies of gz-utils2-cli
[1.804s] -- Looking for gz-plugin2 -- found version 2.0.4
[1.804s] -- Searching for dependencies of gz-plugin2
[1.804s] -- Looking for gz-utils2 -- found version 2.2.1
[1.806s] -- Searching for <gz-plugin2> component [loader]
[1.807s] -- Looking for gz-plugin2-loader -- found version 2.0.4
[1.808s] -- Searching for dependencies of gz-plugin2-loader
[1.809s] -- Searching for <gz-plugin2> component [register]
[1.810s] -- Looking for gz-plugin2-register -- found version 2.0.4
[1.811s] -- Searching for dependencies of gz-plugin2-register
[1.813s] -- Looking for gz-transport13 -- found version 13.5.0
[1.813s] -- Searching for dependencies of gz-transport13
[1.899s] -- Config-file not installed for ZeroMQ -- checking for pkg-config
[1.908s] -- Checking for module 'libzmq >= 4'
[1.940s] --   Found libzmq, version 4.3.5
[2.047s] -- Checking for module 'uuid'
[2.082s] --   Found uuid, version 2.39.3
[2.175s] -- Looking for gz-utils2 -- found version 2.2.1
[2.177s] -- Looking for gz-msgs10 -- found version 10.3.2
[2.178s] -- Searching for dependencies of gz-msgs10
[2.250s] -- Looking for gz-utils2 -- found version 2.2.1
[2.251s] -- Looking for gz-math7 -- found version 7.5.2
[2.278s] -- Searching for <gz-transport13> component [log]
[2.281s] -- Looking for gz-transport13-log -- found version 13.5.0
[2.282s] -- Searching for dependencies of gz-transport13-log
[2.285s] -- Searching for <gz-transport13> component [parameters]
[2.287s] -- Looking for gz-transport13-parameters -- found version 13.5.0
[2.287s] -- Searching for dependencies of gz-transport13-parameters
[2.290s] -- Looking for gz-msgs10 -- found version 10.3.2
[2.295s] -- Looking for gz-common5 -- found version 5.7.1
[2.296s] -- Searching for dependencies of gz-common5
[2.299s] -- Looking for gz-utils2 -- found version 2.2.1
[2.300s] -- Looking for dlfcn.h - found
[2.301s] -- Looking for libdl - found
[2.321s] -- Searching for <gz-common5> component [av]
[2.323s] -- Looking for gz-common5-av -- found version 5.7.1
[2.323s] -- Searching for dependencies of gz-common5-av
[2.337s] -- Checking for module 'libswscale'
[2.388s] --   Found libswscale, version 7.5.100
[2.520s] -- Checking for module 'libavdevice >= 56.4.100'
[2.573s] --   Found libavdevice, version 60.3.100
[2.744s] -- Checking for module 'libavformat'
[2.790s] --   Found libavformat, version 60.16.100
[2.934s] -- Checking for module 'libavcodec'
[2.985s] --   Found libavcodec, version 60.31.102
[3.127s] -- Checking for module 'libavutil'
[3.182s] --   Found libavutil, version 58.29.100
[3.300s] -- Searching for <gz-common5> component [events]
[3.304s] -- Looking for gz-common5-events -- found version 5.7.1
[3.305s] -- Searching for dependencies of gz-common5-events
[3.305s] -- Looking for gz-math7 -- found version 7.5.2
[3.308s] -- Searching for <gz-common5> component [graphics]
[3.311s] -- Looking for gz-common5-graphics -- found version 5.7.1
[3.312s] -- Searching for dependencies of gz-common5-graphics
[3.314s] -- Looking for gz-math7 -- found version 7.5.2
[3.326s] -- Searching for <gz-common5> component [io]
[3.332s] -- Looking for gz-common5-io -- found version 5.7.1
[3.332s] -- Searching for dependencies of gz-common5-io
[3.334s] -- Searching for <gz-common5> component [profiler]
[3.338s] -- Looking for gz-common5-profiler -- found version 5.7.1
[3.338s] -- Searching for dependencies of gz-common5-profiler
[3.342s] -- Looking for gz-fuel_tools9 -- found version 9.1.1
[3.342s] -- Searching for dependencies of gz-fuel_tools9
[3.486s] -- Checking for module 'jsoncpp'
[3.538s] --   Found jsoncpp, version 1.9.5
[3.686s] -- Checking for module 'yaml-0.1'
[3.733s] --   Found yaml-0.1, version 0.2.5
[3.846s] -- Checking for module 'libzip'
[3.888s] --   Found libzip, version 1.7.3
[3.972s] -- Looking for gz-utils2 -- found version 2.2.1
[3.973s] -- Looking for gz-common5 -- found version 5.7.1
[3.973s] -- Searching for dependencies of gz-common5
[3.973s] -- Looking for gz-utils2 -- found version 2.2.1
[3.974s] -- Looking for dlfcn.h - found
[3.974s] -- Looking for libdl - found
[3.987s] -- Searching for <gz-common5> component [testing]
[3.989s] -- Looking for gz-common5-testing -- found version 5.7.1
[3.989s] -- Searching for dependencies of gz-common5-testing
[3.992s] -- Looking for gz-math7 -- found version 7.5.2
[3.992s] -- Looking for gz-msgs10 -- found version 10.3.2
[3.996s] -- Looking for gz-gui8 -- found version 8.4.0
[3.996s] -- Searching for dependencies of gz-gui8
[4.046s] -- Looking for gz-utils2 -- found version 2.2.1
[4.047s] -- Looking for gz-math7 -- found version 7.5.2
[4.047s] -- Looking for gz-common5 -- found version 5.7.1
[4.048s] -- Looking for gz-plugin2 -- found version 2.0.4
[4.048s] -- Looking for gz-transport13 -- found version 13.5.0
[4.050s] -- Looking for gz-rendering8 -- found version 8.2.2
[4.050s] -- Searching for dependencies of gz-rendering8
[4.050s] -- Looking for gz-math7 -- found version 7.5.2
[4.051s] -- Searching for dependencies of gz-math7
[4.051s] -- Looking for gz-utils2 -- found version 2.2.1
[4.052s] -- Searching for <gz-math7> component [eigen3]
[4.053s] -- Looking for gz-math7-eigen3 -- found version 7.5.2
[4.053s] -- Searching for dependencies of gz-math7-eigen3
[4.060s] -- Looking for gz-common5 -- found version 5.7.1
[4.060s] -- Searching for dependencies of gz-common5
[4.060s] -- Looking for gz-utils2 -- found version 2.2.1
[4.061s] -- Looking for dlfcn.h - found
[4.061s] -- Looking for libdl - found
[4.074s] -- Searching for <gz-common5> component [graphics]
[4.074s] -- Searching for <gz-common5> component [events]
[4.074s] -- Searching for <gz-common5> component [geospatial]
[4.075s] -- Looking for gz-common5-geospatial -- found version 5.7.1
[4.075s] -- Searching for dependencies of gz-common5-geospatial
[4.076s] -- Looking for gz-math7 -- found version 7.5.2
[4.076s] -- Looking for gz-common5 -- found version 5.7.1
[4.078s] -- Looking for gz-plugin2 -- found version 2.0.4
[4.078s] -- Searching for dependencies of gz-plugin2
[4.079s] -- Looking for gz-utils2 -- found version 2.2.1
[4.079s] -- Searching for <gz-plugin2> component [all]
[4.080s] -- Looking for all libraries of gz-plugin2 -- found version 2.0.4
[4.081s] -- Looking for gz-plugin2 -- found version 2.0.4
[4.083s] -- Looking for gz-utils2 -- found version 2.2.1
[4.090s] -- Looking for gz-msgs10 -- found version 10.3.2
[4.144s] -- Looking for gz-physics7 -- found version 7.6.0
[4.144s] -- Searching for dependencies of gz-physics7
[4.145s] -- Looking for gz-common5 -- found version 5.7.1
[4.145s] -- Looking for gz-math7 -- found version 7.5.2
[4.146s] -- Looking for gz-plugin2 -- found version 2.0.4
[4.147s] -- Looking for gz-utils2 -- found version 2.2.1
[4.149s] -- Searching for <gz-physics7> component [heightmap]
[4.151s] -- Looking for gz-physics7-heightmap -- found version 7.6.0
[4.151s] -- Searching for dependencies of gz-physics7-heightmap
[4.151s] -- Looking for gz-common5 -- found version 5.7.1
[4.152s] -- Searching for <gz-physics7> component [mesh]
[4.154s] -- Looking for gz-physics7-mesh -- found version 7.6.0
[4.154s] -- Searching for dependencies of gz-physics7-mesh
[4.155s] -- Looking for gz-common5 -- found version 5.7.1
[4.156s] -- Searching for <gz-physics7> component [sdf]
[4.157s] -- Looking for gz-physics7-sdf -- found version 7.6.0
[4.157s] -- Searching for dependencies of gz-physics7-sdf
[4.158s] -- Looking for sdformat14 -- found version 14.8.0
[4.160s] -- Looking for gz-sensors8 -- found version 8.2.2
[4.160s] -- Searching for dependencies of gz-sensors8
[4.198s] -- Looking for gz-math7 -- found version 7.5.2
[4.198s] -- Looking for gz-common5 -- found version 5.7.1
[4.199s] -- Looking for gz-transport13 -- found version 13.5.0
[4.200s] -- Looking for gz-rendering8 -- found version 8.2.2
[4.200s] -- Looking for gz-msgs10 -- found version 10.3.2
[4.201s] -- Looking for sdformat14 -- found version 14.8.0
[4.202s] -- Searching for <gz-sensors8> component [air_pressure]
[4.204s] -- Looking for gz-sensors8-air_pressure -- found version 8.2.2
[4.204s] -- Searching for dependencies of gz-sensors8-air_pressure
[4.205s] -- Searching for <gz-sensors8> component [air_speed]
[4.206s] -- Looking for gz-sensors8-air_speed -- found version 8.2.2
[4.206s] -- Searching for dependencies of gz-sensors8-air_speed
[4.207s] -- Searching for <gz-sensors8> component [altimeter]
[4.208s] -- Looking for gz-sensors8-altimeter -- found version 8.2.2
[4.208s] -- Searching for dependencies of gz-sensors8-altimeter
[4.209s] -- Searching for <gz-sensors8> component [imu]
[4.210s] -- Looking for gz-sensors8-imu -- found version 8.2.2
[4.210s] -- Searching for dependencies of gz-sensors8-imu
[4.211s] -- Searching for <gz-sensors8> component [force_torque]
[4.212s] -- Looking for gz-sensors8-force_torque -- found version 8.2.2
[4.212s] -- Searching for dependencies of gz-sensors8-force_torque
[4.214s] -- Searching for <gz-sensors8> component [logical_camera]
[4.215s] -- Looking for gz-sensors8-logical_camera -- found version 8.2.2
[4.215s] -- Searching for dependencies of gz-sensors8-logical_camera
[4.216s] -- Searching for <gz-sensors8> component [magnetometer]
[4.217s] -- Looking for gz-sensors8-magnetometer -- found version 8.2.2
[4.218s] -- Searching for dependencies of gz-sensors8-magnetometer
[4.219s] -- Searching for <gz-sensors8> component [navsat]
[4.220s] -- Looking for gz-sensors8-navsat -- found version 8.2.2
[4.220s] -- Searching for dependencies of gz-sensors8-navsat
[4.221s] -- Searching for <gz-sensors8> component [dvl]
[4.222s] -- Looking for gz-sensors8-dvl -- found version 8.2.2
[4.222s] -- Searching for dependencies of gz-sensors8-dvl
[4.223s] -- Looking for gz-sensors8 -- found version 8.2.2
[4.223s] -- Searching for dependencies of gz-sensors8
[4.257s] -- Looking for gz-math7 -- found version 7.5.2
[4.258s] -- Looking for gz-common5 -- found version 5.7.1
[4.258s] -- Looking for gz-transport13 -- found version 13.5.0
[4.259s] -- Looking for gz-rendering8 -- found version 8.2.2
[4.259s] -- Looking for gz-msgs10 -- found version 10.3.2
[4.260s] -- Looking for sdformat14 -- found version 14.8.0
[4.260s] -- Searching for <gz-sensors8> component [rendering]
[4.261s] -- Looking for gz-sensors8-rendering -- found version 8.2.2
[4.261s] -- Searching for dependencies of gz-sensors8-rendering
[4.264s] -- Searching for <gz-sensors8> component [rendering]
[4.264s] -- Searching for <gz-sensors8> component [lidar]
[4.267s] -- Looking for gz-sensors8-lidar -- found version 8.2.2
[4.267s] -- Searching for dependencies of gz-sensors8-lidar
[4.267s] -- Looking for gz-sensors8 -- found version 8.2.2
[4.269s] -- Searching for <gz-sensors8> component [gpu_lidar]
[4.270s] -- Looking for gz-sensors8-gpu_lidar -- found version 8.2.2
[4.270s] -- Searching for dependencies of gz-sensors8-gpu_lidar
[4.270s] -- Looking for gz-sensors8 -- found version 8.2.2
[4.272s] -- Searching for <gz-sensors8> component [camera]
[4.273s] -- Looking for gz-sensors8-camera -- found version 8.2.2
[4.273s] -- Searching for dependencies of gz-sensors8-camera
[4.274s] -- Looking for gz-sensors8 -- found version 8.2.2
[4.275s] -- Searching for <gz-sensors8> component [boundingbox_camera]
[4.276s] -- Looking for gz-sensors8-boundingbox_camera -- found version 8.2.2
[4.276s] -- Searching for dependencies of gz-sensors8-boundingbox_camera
[4.277s] -- Searching for <gz-sensors8> component [segmentation_camera]
[4.278s] -- Looking for gz-sensors8-segmentation_camera -- found version 8.2.2
[4.278s] -- Searching for dependencies of gz-sensors8-segmentation_camera
[4.279s] -- Searching for <gz-sensors8> component [depth_camera]
[4.280s] -- Looking for gz-sensors8-depth_camera -- found version 8.2.2
[4.280s] -- Searching for dependencies of gz-sensors8-depth_camera
[4.281s] -- Looking for gz-sensors8 -- found version 8.2.2
[4.282s] -- Searching for <gz-sensors8> component [rgbd_camera]
[4.283s] -- Looking for gz-sensors8-rgbd_camera -- found version 8.2.2
[4.283s] -- Searching for dependencies of gz-sensors8-rgbd_camera
[4.284s] -- Looking for gz-sensors8 -- found version 8.2.2
[4.285s] -- Searching for <gz-sensors8> component [thermal_camera]
[4.286s] -- Looking for gz-sensors8-thermal_camera -- found version 8.2.2
[4.286s] -- Searching for dependencies of gz-sensors8-thermal_camera
[4.286s] -- Looking for gz-sensors8 -- found version 8.2.2
[4.288s] -- Searching for <gz-sensors8> component [wide_angle_camera]
[4.289s] -- Looking for gz-sensors8-wide_angle_camera -- found version 8.2.2
[4.289s] -- Searching for dependencies of gz-sensors8-wide_angle_camera
[4.291s] -- Looking for gz-rendering8 -- found version 8.2.2
[4.292s] -- Looking for gz-math7 -- found version 7.5.2
[4.292s] -- Looking for gz-utils2 -- found version 2.2.1
[4.332s] -- Looking for gz-plugin2 -- found version 2.0.4
[4.569s] -- Configuring done (4.4s)
[4.709s] -- Generating done (0.1s)
[4.733s] -- Build files have been written to: /home/spoonge/ros2_ws/src/build/turtlebot3_gazebo
[4.783s] Invoked command in '/home/spoonge/ros2_ws/src/build/turtlebot3_gazebo' returned '0': CMAKE_PREFIX_PATH=${CMAKE_PREFIX_PATH}:/home/spoonge/ros2_ws/src/scara_bringup/install/scara_bringup:/opt/ros/jazzy DEBUGINFOD_URLS=https://debuginfod.ubuntu.com /usr/bin/cmake /home/spoonge/ros2_ws/src/turtlebot3_simulations/turtlebot3_gazebo -DAMENT_CMAKE_SYMLINK_INSTALL=1 -DCMAKE_INSTALL_PREFIX=/home/spoonge/ros2_ws/src/install/turtlebot3_gazebo
[4.786s] Invoking command in '/home/spoonge/ros2_ws/src/build/turtlebot3_gazebo': CMAKE_PREFIX_PATH=${CMAKE_PREFIX_PATH}:/home/spoonge/ros2_ws/src/scara_bringup/install/scara_bringup:/opt/ros/jazzy DEBUGINFOD_URLS=https://debuginfod.ubuntu.com /usr/bin/cmake --build /home/spoonge/ros2_ws/src/build/turtlebot3_gazebo -- -j12 -l12
[4.976s] [ 12%] [32m[1mLinking CXX executable turtlebot3_drive[0m
[5.032s] [ 25%] [32m[1mLinking CXX shared library libobstacle2.so[0m
[5.046s] [ 37%] [32m[1mLinking CXX shared library libobstacle1.so[0m
[5.046s] [ 50%] [32m[1mLinking CXX shared library libobstacles.so[0m
[5.957s] [ 62%] Built target obstacle2
[5.972s] [ 75%] Built target obstacle1
[6.030s] [ 87%] Built target obstacles
[6.873s] [100%] Built target turtlebot3_drive
