[0.127s] DEBUG:colcon:Command line arguments: ['/usr/bin/colcon', 'build', '--symlink-install']
[0.127s] DEBUG:colcon:Parsed command line arguments: Namespace(log_base=None, log_level=None, verb_name='build', build_base='build', install_base='install', merge_install=False, symlink_install=True, test_result_base=None, continue_on_error=False, executor='parallel', parallel_workers=12, event_handlers=None, ignore_user_meta=False, metas=['./colcon.meta'], base_paths=['.'], packages_ignore=None, packages_ignore_regex=None, paths=None, packages_up_to=None, packages_up_to_regex=None, packages_above=None, packages_above_and_dependencies=None, packages_above_depth=None, packages_select_by_dep=None, packages_skip_by_dep=None, packages_skip_up_to=None, packages_select_build_failed=False, packages_skip_build_finished=False, packages_select_test_failures=False, packages_skip_test_passed=False, packages_select=None, packages_skip=None, packages_select_regex=None, packages_skip_regex=None, packages_start=None, packages_end=None, allow_overriding=[], cmake_args=None, cmake_target=None, cmake_target_skip_unavailable=False, cmake_clean_cache=False, cmake_clean_first=False, cmake_force_configure=False, ament_cmake_args=None, catkin_cmake_args=None, catkin_skip_building_tests=False, mixin_files=None, mixin=None, verb_parser=<colcon_mixin.mixin.mixin_argument.MixinArgumentDecorator object at 0x7d128ca72b40>, verb_extension=<colcon_core.verb.build.BuildVerb object at 0x7d128c9ddd90>, main=<bound method BuildVerb.main of <colcon_core.verb.build.BuildVerb object at 0x7d128c9ddd90>>, mixin_verb=('build',))
[0.166s] Level 1:colcon.colcon_core.package_discovery:discover_packages(colcon_meta) check parameters
[0.166s] Level 1:colcon.colcon_core.package_discovery:discover_packages(recursive) check parameters
[0.166s] Level 1:colcon.colcon_core.package_discovery:discover_packages(ignore) check parameters
[0.166s] Level 1:colcon.colcon_core.package_discovery:discover_packages(path) check parameters
[0.166s] Level 1:colcon.colcon_core.package_discovery:discover_packages(colcon_meta) discover
[0.166s] Level 1:colcon.colcon_core.package_discovery:discover_packages(recursive) discover
[0.166s] INFO:colcon.colcon_core.package_discovery:Crawling recursively for packages in '/home/spoonge/ros2_ws/src'
[0.166s] Level 1:colcon.colcon_core.package_identification:_identify(.) by extensions ['ignore', 'ignore_ament_install']
[0.166s] Level 1:colcon.colcon_core.package_identification:_identify(.) by extension 'ignore'
[0.166s] Level 1:colcon.colcon_core.package_identification:_identify(.) by extension 'ignore_ament_install'
[0.166s] Level 1:colcon.colcon_core.package_identification:_identify(.) by extensions ['colcon_pkg']
[0.167s] Level 1:colcon.colcon_core.package_identification:_identify(.) by extension 'colcon_pkg'
[0.167s] Level 1:colcon.colcon_core.package_identification:_identify(.) by extensions ['colcon_meta']
[0.167s] Level 1:colcon.colcon_core.package_identification:_identify(.) by extension 'colcon_meta'
[0.167s] Level 1:colcon.colcon_core.package_identification:_identify(.) by extensions ['ros']
[0.167s] Level 1:colcon.colcon_core.package_identification:_identify(.) by extension 'ros'
[0.191s] Level 1:colcon.colcon_core.package_identification:_identify(.) by extensions ['cmake', 'python']
[0.191s] Level 1:colcon.colcon_core.package_identification:_identify(.) by extension 'cmake'
[0.191s] Level 1:colcon.colcon_core.package_identification:_identify(.) by extension 'python'
[0.191s] Level 1:colcon.colcon_core.package_identification:_identify(.) by extensions ['python_setup_py']
[0.191s] Level 1:colcon.colcon_core.package_identification:_identify(.) by extension 'python_setup_py'
[0.191s] Level 1:colcon.colcon_core.package_identification:_identify(build) by extensions ['ignore', 'ignore_ament_install']
[0.191s] Level 1:colcon.colcon_core.package_identification:_identify(build) by extension 'ignore'
[0.191s] Level 1:colcon.colcon_core.package_identification:_identify(build) ignored
[0.192s] Level 1:colcon.colcon_core.package_identification:_identify(install) by extensions ['ignore', 'ignore_ament_install']
[0.192s] Level 1:colcon.colcon_core.package_identification:_identify(install) by extension 'ignore'
[0.192s] Level 1:colcon.colcon_core.package_identification:_identify(install) ignored
[0.192s] Level 1:colcon.colcon_core.package_identification:_identify(listener) by extensions ['ignore', 'ignore_ament_install']
[0.192s] Level 1:colcon.colcon_core.package_identification:_identify(listener) by extension 'ignore'
[0.192s] Level 1:colcon.colcon_core.package_identification:_identify(listener) by extension 'ignore_ament_install'
[0.192s] Level 1:colcon.colcon_core.package_identification:_identify(listener) by extensions ['colcon_pkg']
[0.192s] Level 1:colcon.colcon_core.package_identification:_identify(listener) by extension 'colcon_pkg'
[0.192s] Level 1:colcon.colcon_core.package_identification:_identify(listener) by extensions ['colcon_meta']
[0.192s] Level 1:colcon.colcon_core.package_identification:_identify(listener) by extension 'colcon_meta'
[0.192s] Level 1:colcon.colcon_core.package_identification:_identify(listener) by extensions ['ros']
[0.192s] Level 1:colcon.colcon_core.package_identification:_identify(listener) by extension 'ros'
[0.195s] DEBUG:colcon.colcon_core.package_identification:Package 'listener' with type 'ros.ament_python' and name 'listener'
[0.195s] Level 1:colcon.colcon_core.package_identification:_identify(log) by extensions ['ignore', 'ignore_ament_install']
[0.195s] Level 1:colcon.colcon_core.package_identification:_identify(log) by extension 'ignore'
[0.195s] Level 1:colcon.colcon_core.package_identification:_identify(log) ignored
[0.195s] Level 1:colcon.colcon_core.package_identification:_identify(my_turtle_controller) by extensions ['ignore', 'ignore_ament_install']
[0.195s] Level 1:colcon.colcon_core.package_identification:_identify(my_turtle_controller) by extension 'ignore'
[0.195s] Level 1:colcon.colcon_core.package_identification:_identify(my_turtle_controller) by extension 'ignore_ament_install'
[0.195s] Level 1:colcon.colcon_core.package_identification:_identify(my_turtle_controller) by extensions ['colcon_pkg']
[0.195s] Level 1:colcon.colcon_core.package_identification:_identify(my_turtle_controller) by extension 'colcon_pkg'
[0.195s] Level 1:colcon.colcon_core.package_identification:_identify(my_turtle_controller) by extensions ['colcon_meta']
[0.195s] Level 1:colcon.colcon_core.package_identification:_identify(my_turtle_controller) by extension 'colcon_meta'
[0.195s] Level 1:colcon.colcon_core.package_identification:_identify(my_turtle_controller) by extensions ['ros']
[0.195s] Level 1:colcon.colcon_core.package_identification:_identify(my_turtle_controller) by extension 'ros'
[0.196s] DEBUG:colcon.colcon_core.package_identification:Package 'my_turtle_controller' with type 'ros.ament_python' and name 'my_turtle_controller'
[0.196s] Level 1:colcon.colcon_core.package_identification:_identify(scara_application) by extensions ['ignore', 'ignore_ament_install']
[0.196s] Level 1:colcon.colcon_core.package_identification:_identify(scara_application) by extension 'ignore'
[0.197s] Level 1:colcon.colcon_core.package_identification:_identify(scara_application) by extension 'ignore_ament_install'
[0.197s] Level 1:colcon.colcon_core.package_identification:_identify(scara_application) by extensions ['colcon_pkg']
[0.197s] Level 1:colcon.colcon_core.package_identification:_identify(scara_application) by extension 'colcon_pkg'
[0.197s] Level 1:colcon.colcon_core.package_identification:_identify(scara_application) by extensions ['colcon_meta']
[0.197s] Level 1:colcon.colcon_core.package_identification:_identify(scara_application) by extension 'colcon_meta'
[0.197s] Level 1:colcon.colcon_core.package_identification:_identify(scara_application) by extensions ['ros']
[0.197s] Level 1:colcon.colcon_core.package_identification:_identify(scara_application) by extension 'ros'
[0.197s] DEBUG:colcon.colcon_core.package_identification:Package 'scara_application' with type 'ros.ament_python' and name 'scara_application'
[0.197s] Level 1:colcon.colcon_core.package_identification:_identify(scara_bringup) by extensions ['ignore', 'ignore_ament_install']
[0.197s] Level 1:colcon.colcon_core.package_identification:_identify(scara_bringup) by extension 'ignore'
[0.197s] Level 1:colcon.colcon_core.package_identification:_identify(scara_bringup) by extension 'ignore_ament_install'
[0.198s] Level 1:colcon.colcon_core.package_identification:_identify(scara_bringup) by extensions ['colcon_pkg']
[0.198s] Level 1:colcon.colcon_core.package_identification:_identify(scara_bringup) by extension 'colcon_pkg'
[0.198s] Level 1:colcon.colcon_core.package_identification:_identify(scara_bringup) by extensions ['colcon_meta']
[0.198s] Level 1:colcon.colcon_core.package_identification:_identify(scara_bringup) by extension 'colcon_meta'
[0.198s] Level 1:colcon.colcon_core.package_identification:_identify(scara_bringup) by extensions ['ros']
[0.198s] Level 1:colcon.colcon_core.package_identification:_identify(scara_bringup) by extension 'ros'
[0.198s] DEBUG:colcon.colcon_core.package_identification:Package 'scara_bringup' with type 'ros.ament_python' and name 'scara_bringup'
[0.198s] Level 1:colcon.colcon_core.package_identification:_identify(scara_cnc) by extensions ['ignore', 'ignore_ament_install']
[0.198s] Level 1:colcon.colcon_core.package_identification:_identify(scara_cnc) by extension 'ignore'
[0.198s] Level 1:colcon.colcon_core.package_identification:_identify(scara_cnc) by extension 'ignore_ament_install'
[0.199s] Level 1:colcon.colcon_core.package_identification:_identify(scara_cnc) by extensions ['colcon_pkg']
[0.199s] Level 1:colcon.colcon_core.package_identification:_identify(scara_cnc) by extension 'colcon_pkg'
[0.199s] Level 1:colcon.colcon_core.package_identification:_identify(scara_cnc) by extensions ['colcon_meta']
[0.199s] Level 1:colcon.colcon_core.package_identification:_identify(scara_cnc) by extension 'colcon_meta'
[0.199s] Level 1:colcon.colcon_core.package_identification:_identify(scara_cnc) by extensions ['ros']
[0.199s] Level 1:colcon.colcon_core.package_identification:_identify(scara_cnc) by extension 'ros'
[0.199s] DEBUG:colcon.colcon_core.package_identification:Package 'scara_cnc' with type 'ros.ament_cmake' and name 'scara_cnc'
[0.200s] Level 1:colcon.colcon_core.package_identification:_identify(scara_control) by extensions ['ignore', 'ignore_ament_install']
[0.200s] Level 1:colcon.colcon_core.package_identification:_identify(scara_control) by extension 'ignore'
[0.200s] Level 1:colcon.colcon_core.package_identification:_identify(scara_control) by extension 'ignore_ament_install'
[0.200s] Level 1:colcon.colcon_core.package_identification:_identify(scara_control) by extensions ['colcon_pkg']
[0.200s] Level 1:colcon.colcon_core.package_identification:_identify(scara_control) by extension 'colcon_pkg'
[0.200s] Level 1:colcon.colcon_core.package_identification:_identify(scara_control) by extensions ['colcon_meta']
[0.200s] Level 1:colcon.colcon_core.package_identification:_identify(scara_control) by extension 'colcon_meta'
[0.200s] Level 1:colcon.colcon_core.package_identification:_identify(scara_control) by extensions ['ros']
[0.200s] Level 1:colcon.colcon_core.package_identification:_identify(scara_control) by extension 'ros'
[0.200s] DEBUG:colcon.colcon_core.package_identification:Package 'scara_control' with type 'ros.ament_cmake' and name 'scara_control'
[0.201s] Level 1:colcon.colcon_core.package_identification:_identify(scara_description) by extensions ['ignore', 'ignore_ament_install']
[0.201s] Level 1:colcon.colcon_core.package_identification:_identify(scara_description) by extension 'ignore'
[0.201s] Level 1:colcon.colcon_core.package_identification:_identify(scara_description) by extension 'ignore_ament_install'
[0.201s] Level 1:colcon.colcon_core.package_identification:_identify(scara_description) by extensions ['colcon_pkg']
[0.201s] Level 1:colcon.colcon_core.package_identification:_identify(scara_description) by extension 'colcon_pkg'
[0.201s] Level 1:colcon.colcon_core.package_identification:_identify(scara_description) by extensions ['colcon_meta']
[0.201s] Level 1:colcon.colcon_core.package_identification:_identify(scara_description) by extension 'colcon_meta'
[0.201s] Level 1:colcon.colcon_core.package_identification:_identify(scara_description) by extensions ['ros']
[0.201s] Level 1:colcon.colcon_core.package_identification:_identify(scara_description) by extension 'ros'
[0.202s] DEBUG:colcon.colcon_core.package_identification:Package 'scara_description' with type 'ros.ament_cmake' and name 'scara_description'
[0.202s] Level 1:colcon.colcon_core.package_identification:_identify(scara_moveit_config) by extensions ['ignore', 'ignore_ament_install']
[0.202s] Level 1:colcon.colcon_core.package_identification:_identify(scara_moveit_config) by extension 'ignore'
[0.202s] Level 1:colcon.colcon_core.package_identification:_identify(scara_moveit_config) by extension 'ignore_ament_install'
[0.202s] Level 1:colcon.colcon_core.package_identification:_identify(scara_moveit_config) by extensions ['colcon_pkg']
[0.202s] Level 1:colcon.colcon_core.package_identification:_identify(scara_moveit_config) by extension 'colcon_pkg'
[0.202s] Level 1:colcon.colcon_core.package_identification:_identify(scara_moveit_config) by extensions ['colcon_meta']
[0.202s] Level 1:colcon.colcon_core.package_identification:_identify(scara_moveit_config) by extension 'colcon_meta'
[0.202s] Level 1:colcon.colcon_core.package_identification:_identify(scara_moveit_config) by extensions ['ros']
[0.202s] Level 1:colcon.colcon_core.package_identification:_identify(scara_moveit_config) by extension 'ros'
[0.203s] DEBUG:colcon.colcon_core.package_identification:Package 'scara_moveit_config' with type 'ros.ament_cmake' and name 'scara_moveit_config'
[0.203s] Level 1:colcon.colcon_core.package_identification:_identify(scara_sim) by extensions ['ignore', 'ignore_ament_install']
[0.203s] Level 1:colcon.colcon_core.package_identification:_identify(scara_sim) by extension 'ignore'
[0.204s] Level 1:colcon.colcon_core.package_identification:_identify(scara_sim) by extension 'ignore_ament_install'
[0.204s] Level 1:colcon.colcon_core.package_identification:_identify(scara_sim) by extensions ['colcon_pkg']
[0.204s] Level 1:colcon.colcon_core.package_identification:_identify(scara_sim) by extension 'colcon_pkg'
[0.204s] Level 1:colcon.colcon_core.package_identification:_identify(scara_sim) by extensions ['colcon_meta']
[0.204s] Level 1:colcon.colcon_core.package_identification:_identify(scara_sim) by extension 'colcon_meta'
[0.204s] Level 1:colcon.colcon_core.package_identification:_identify(scara_sim) by extensions ['ros']
[0.204s] Level 1:colcon.colcon_core.package_identification:_identify(scara_sim) by extension 'ros'
[0.204s] DEBUG:colcon.colcon_core.package_identification:Package 'scara_sim' with type 'ros.ament_python' and name 'scara_sim'
[0.205s] Level 1:colcon.colcon_core.package_identification:_identify(tb3_aruco_mission) by extensions ['ignore', 'ignore_ament_install']
[0.205s] Level 1:colcon.colcon_core.package_identification:_identify(tb3_aruco_mission) by extension 'ignore'
[0.205s] Level 1:colcon.colcon_core.package_identification:_identify(tb3_aruco_mission) by extension 'ignore_ament_install'
[0.205s] Level 1:colcon.colcon_core.package_identification:_identify(tb3_aruco_mission) by extensions ['colcon_pkg']
[0.205s] Level 1:colcon.colcon_core.package_identification:_identify(tb3_aruco_mission) by extension 'colcon_pkg'
[0.205s] Level 1:colcon.colcon_core.package_identification:_identify(tb3_aruco_mission) by extensions ['colcon_meta']
[0.205s] Level 1:colcon.colcon_core.package_identification:_identify(tb3_aruco_mission) by extension 'colcon_meta'
[0.205s] Level 1:colcon.colcon_core.package_identification:_identify(tb3_aruco_mission) by extensions ['ros']
[0.205s] Level 1:colcon.colcon_core.package_identification:_identify(tb3_aruco_mission) by extension 'ros'
[0.206s] DEBUG:colcon.colcon_core.package_identification:Package 'tb3_aruco_mission' with type 'ros.ament_python' and name 'tb3_aruco_mission'
[0.206s] Level 1:colcon.colcon_core.package_identification:_identify(turtlebot3_simulations) by extensions ['ignore', 'ignore_ament_install']
[0.206s] Level 1:colcon.colcon_core.package_identification:_identify(turtlebot3_simulations) by extension 'ignore'
[0.206s] Level 1:colcon.colcon_core.package_identification:_identify(turtlebot3_simulations) by extension 'ignore_ament_install'
[0.206s] Level 1:colcon.colcon_core.package_identification:_identify(turtlebot3_simulations) by extensions ['colcon_pkg']
[0.206s] Level 1:colcon.colcon_core.package_identification:_identify(turtlebot3_simulations) by extension 'colcon_pkg'
[0.206s] Level 1:colcon.colcon_core.package_identification:_identify(turtlebot3_simulations) by extensions ['colcon_meta']
[0.206s] Level 1:colcon.colcon_core.package_identification:_identify(turtlebot3_simulations) by extension 'colcon_meta'
[0.206s] Level 1:colcon.colcon_core.package_identification:_identify(turtlebot3_simulations) by extensions ['ros']
[0.206s] Level 1:colcon.colcon_core.package_identification:_identify(turtlebot3_simulations) by extension 'ros'
[0.206s] Level 1:colcon.colcon_core.package_identification:_identify(turtlebot3_simulations) by extensions ['cmake', 'python']
[0.206s] Level 1:colcon.colcon_core.package_identification:_identify(turtlebot3_simulations) by extension 'cmake'
[0.206s] Level 1:colcon.colcon_core.package_identification:_identify(turtlebot3_simulations) by extension 'python'
[0.206s] Level 1:colcon.colcon_core.package_identification:_identify(turtlebot3_simulations) by extensions ['python_setup_py']
[0.206s] Level 1:colcon.colcon_core.package_identification:_identify(turtlebot3_simulations) by extension 'python_setup_py'
[0.207s] Level 1:colcon.colcon_core.package_identification:_identify(turtlebot3_simulations/turtlebot3_fake_node) by extensions ['ignore', 'ignore_ament_install']
[0.207s] Level 1:colcon.colcon_core.package_identification:_identify(turtlebot3_simulations/turtlebot3_fake_node) by extension 'ignore'
[0.207s] Level 1:colcon.colcon_core.package_identification:_identify(turtlebot3_simulations/turtlebot3_fake_node) by extension 'ignore_ament_install'
[0.207s] Level 1:colcon.colcon_core.package_identification:_identify(turtlebot3_simulations/turtlebot3_fake_node) by extensions ['colcon_pkg']
[0.207s] Level 1:colcon.colcon_core.package_identification:_identify(turtlebot3_simulations/turtlebot3_fake_node) by extension 'colcon_pkg'
[0.207s] Level 1:colcon.colcon_core.package_identification:_identify(turtlebot3_simulations/turtlebot3_fake_node) by extensions ['colcon_meta']
[0.207s] Level 1:colcon.colcon_core.package_identification:_identify(turtlebot3_simulations/turtlebot3_fake_node) by extension 'colcon_meta'
[0.207s] Level 1:colcon.colcon_core.package_identification:_identify(turtlebot3_simulations/turtlebot3_fake_node) by extensions ['ros']
[0.207s] Level 1:colcon.colcon_core.package_identification:_identify(turtlebot3_simulations/turtlebot3_fake_node) by extension 'ros'
[0.208s] DEBUG:colcon.colcon_core.package_identification:Package 'turtlebot3_simulations/turtlebot3_fake_node' with type 'ros.ament_cmake' and name 'turtlebot3_fake_node'
[0.208s] Level 1:colcon.colcon_core.package_identification:_identify(turtlebot3_simulations/turtlebot3_gazebo) by extensions ['ignore', 'ignore_ament_install']
[0.208s] Level 1:colcon.colcon_core.package_identification:_identify(turtlebot3_simulations/turtlebot3_gazebo) by extension 'ignore'
[0.208s] Level 1:colcon.colcon_core.package_identification:_identify(turtlebot3_simulations/turtlebot3_gazebo) by extension 'ignore_ament_install'
[0.209s] Level 1:colcon.colcon_core.package_identification:_identify(turtlebot3_simulations/turtlebot3_gazebo) by extensions ['colcon_pkg']
[0.209s] Level 1:colcon.colcon_core.package_identification:_identify(turtlebot3_simulations/turtlebot3_gazebo) by extension 'colcon_pkg'
[0.209s] Level 1:colcon.colcon_core.package_identification:_identify(turtlebot3_simulations/turtlebot3_gazebo) by extensions ['colcon_meta']
[0.209s] Level 1:colcon.colcon_core.package_identification:_identify(turtlebot3_simulations/turtlebot3_gazebo) by extension 'colcon_meta'
[0.209s] Level 1:colcon.colcon_core.package_identification:_identify(turtlebot3_simulations/turtlebot3_gazebo) by extensions ['ros']
[0.209s] Level 1:colcon.colcon_core.package_identification:_identify(turtlebot3_simulations/turtlebot3_gazebo) by extension 'ros'
[0.210s] DEBUG:colcon.colcon_core.package_identification:Package 'turtlebot3_simulations/turtlebot3_gazebo' with type 'ros.ament_cmake' and name 'turtlebot3_gazebo'
[0.210s] Level 1:colcon.colcon_core.package_identification:_identify(turtlebot3_simulations/turtlebot3_simulations) by extensions ['ignore', 'ignore_ament_install']
[0.210s] Level 1:colcon.colcon_core.package_identification:_identify(turtlebot3_simulations/turtlebot3_simulations) by extension 'ignore'
[0.210s] Level 1:colcon.colcon_core.package_identification:_identify(turtlebot3_simulations/turtlebot3_simulations) by extension 'ignore_ament_install'
[0.210s] Level 1:colcon.colcon_core.package_identification:_identify(turtlebot3_simulations/turtlebot3_simulations) by extensions ['colcon_pkg']
[0.210s] Level 1:colcon.colcon_core.package_identification:_identify(turtlebot3_simulations/turtlebot3_simulations) by extension 'colcon_pkg'
[0.210s] Level 1:colcon.colcon_core.package_identification:_identify(turtlebot3_simulations/turtlebot3_simulations) by extensions ['colcon_meta']
[0.210s] Level 1:colcon.colcon_core.package_identification:_identify(turtlebot3_simulations/turtlebot3_simulations) by extension 'colcon_meta'
[0.210s] Level 1:colcon.colcon_core.package_identification:_identify(turtlebot3_simulations/turtlebot3_simulations) by extensions ['ros']
[0.210s] Level 1:colcon.colcon_core.package_identification:_identify(turtlebot3_simulations/turtlebot3_simulations) by extension 'ros'
[0.211s] DEBUG:colcon.colcon_core.package_identification:Package 'turtlebot3_simulations/turtlebot3_simulations' with type 'ros.ament_cmake' and name 'turtlebot3_simulations'
[0.211s] Level 1:colcon.colcon_core.package_identification:_identify(turtlebot_nav_tasks) by extensions ['ignore', 'ignore_ament_install']
[0.211s] Level 1:colcon.colcon_core.package_identification:_identify(turtlebot_nav_tasks) by extension 'ignore'
[0.211s] Level 1:colcon.colcon_core.package_identification:_identify(turtlebot_nav_tasks) by extension 'ignore_ament_install'
[0.211s] Level 1:colcon.colcon_core.package_identification:_identify(turtlebot_nav_tasks) by extensions ['colcon_pkg']
[0.211s] Level 1:colcon.colcon_core.package_identification:_identify(turtlebot_nav_tasks) by extension 'colcon_pkg'
[0.212s] Level 1:colcon.colcon_core.package_identification:_identify(turtlebot_nav_tasks) by extensions ['colcon_meta']
[0.212s] Level 1:colcon.colcon_core.package_identification:_identify(turtlebot_nav_tasks) by extension 'colcon_meta'
[0.212s] Level 1:colcon.colcon_core.package_identification:_identify(turtlebot_nav_tasks) by extensions ['ros']
[0.212s] Level 1:colcon.colcon_core.package_identification:_identify(turtlebot_nav_tasks) by extension 'ros'
[0.212s] DEBUG:colcon.colcon_core.package_identification:Package 'turtlebot_nav_tasks' with type 'ros.ament_python' and name 'turtlebot_nav_tasks'
[0.212s] Level 1:colcon.colcon_core.package_discovery:discover_packages(recursive) using defaults
[0.212s] Level 1:colcon.colcon_core.package_discovery:discover_packages(ignore) discover
[0.212s] Level 1:colcon.colcon_core.package_discovery:discover_packages(ignore) using defaults
[0.212s] Level 1:colcon.colcon_core.package_discovery:discover_packages(path) discover
[0.212s] Level 1:colcon.colcon_core.package_discovery:discover_packages(path) using defaults
[0.233s] Level 1:colcon.colcon_core.package_discovery:discover_packages(prefix_path) check parameters
[0.233s] Level 1:colcon.colcon_core.package_discovery:discover_packages(prefix_path) discover
[0.235s] DEBUG:colcon.colcon_installed_package_information.package_discovery:Found 1 installed packages in /home/spoonge/ros2_ws/src/scara_bringup/install
[0.237s] DEBUG:colcon.colcon_installed_package_information.package_discovery:Found 420 installed packages in /opt/ros/jazzy
[0.238s] Level 1:colcon.colcon_core.package_discovery:discover_packages(prefix_path) using defaults
[0.293s] Level 5:colcon.colcon_core.verb:set package 'listener' build argument 'cmake_args' from command line to 'None'
[0.294s] Level 5:colcon.colcon_core.verb:set package 'listener' build argument 'cmake_target' from command line to 'None'
[0.294s] Level 5:colcon.colcon_core.verb:set package 'listener' build argument 'cmake_target_skip_unavailable' from command line to 'False'
[0.294s] Level 5:colcon.colcon_core.verb:set package 'listener' build argument 'cmake_clean_cache' from command line to 'False'
[0.294s] Level 5:colcon.colcon_core.verb:set package 'listener' build argument 'cmake_clean_first' from command line to 'False'
[0.294s] Level 5:colcon.colcon_core.verb:set package 'listener' build argument 'cmake_force_configure' from command line to 'False'
[0.294s] Level 5:colcon.colcon_core.verb:set package 'listener' build argument 'ament_cmake_args' from command line to 'None'
[0.294s] Level 5:colcon.colcon_core.verb:set package 'listener' build argument 'catkin_cmake_args' from command line to 'None'
[0.294s] Level 5:colcon.colcon_core.verb:set package 'listener' build argument 'catkin_skip_building_tests' from command line to 'False'
[0.294s] DEBUG:colcon.colcon_core.verb:Building package 'listener' with the following arguments: {'ament_cmake_args': None, 'build_base': '/home/spoonge/ros2_ws/src/build/listener', 'catkin_cmake_args': None, 'catkin_skip_building_tests': False, 'cmake_args': None, 'cmake_clean_cache': False, 'cmake_clean_first': False, 'cmake_force_configure': False, 'cmake_target': None, 'cmake_target_skip_unavailable': False, 'install_base': '/home/spoonge/ros2_ws/src/install/listener', 'merge_install': False, 'path': '/home/spoonge/ros2_ws/src/listener', 'symlink_install': True, 'test_result_base': None}
[0.294s] Level 5:colcon.colcon_core.verb:set package 'my_turtle_controller' build argument 'cmake_args' from command line to 'None'
[0.294s] Level 5:colcon.colcon_core.verb:set package 'my_turtle_controller' build argument 'cmake_target' from command line to 'None'
[0.294s] Level 5:colcon.colcon_core.verb:set package 'my_turtle_controller' build argument 'cmake_target_skip_unavailable' from command line to 'False'
[0.294s] Level 5:colcon.colcon_core.verb:set package 'my_turtle_controller' build argument 'cmake_clean_cache' from command line to 'False'
[0.294s] Level 5:colcon.colcon_core.verb:set package 'my_turtle_controller' build argument 'cmake_clean_first' from command line to 'False'
[0.294s] Level 5:colcon.colcon_core.verb:set package 'my_turtle_controller' build argument 'cmake_force_configure' from command line to 'False'
[0.294s] Level 5:colcon.colcon_core.verb:set package 'my_turtle_controller' build argument 'ament_cmake_args' from command line to 'None'
[0.294s] Level 5:colcon.colcon_core.verb:set package 'my_turtle_controller' build argument 'catkin_cmake_args' from command line to 'None'
[0.294s] Level 5:colcon.colcon_core.verb:set package 'my_turtle_controller' build argument 'catkin_skip_building_tests' from command line to 'False'
[0.294s] DEBUG:colcon.colcon_core.verb:Building package 'my_turtle_controller' with the following arguments: {'ament_cmake_args': None, 'build_base': '/home/spoonge/ros2_ws/src/build/my_turtle_controller', 'catkin_cmake_args': None, 'catkin_skip_building_tests': False, 'cmake_args': None, 'cmake_clean_cache': False, 'cmake_clean_first': False, 'cmake_force_configure': False, 'cmake_target': None, 'cmake_target_skip_unavailable': False, 'install_base': '/home/spoonge/ros2_ws/src/install/my_turtle_controller', 'merge_install': False, 'path': '/home/spoonge/ros2_ws/src/my_turtle_controller', 'symlink_install': True, 'test_result_base': None}
[0.294s] Level 5:colcon.colcon_core.verb:set package 'scara_bringup' build argument 'cmake_args' from command line to 'None'
[0.294s] Level 5:colcon.colcon_core.verb:set package 'scara_bringup' build argument 'cmake_target' from command line to 'None'
[0.294s] Level 5:colcon.colcon_core.verb:set package 'scara_bringup' build argument 'cmake_target_skip_unavailable' from command line to 'False'
[0.294s] Level 5:colcon.colcon_core.verb:set package 'scara_bringup' build argument 'cmake_clean_cache' from command line to 'False'
[0.295s] Level 5:colcon.colcon_core.verb:set package 'scara_bringup' build argument 'cmake_clean_first' from command line to 'False'
[0.295s] Level 5:colcon.colcon_core.verb:set package 'scara_bringup' build argument 'cmake_force_configure' from command line to 'False'
[0.295s] Level 5:colcon.colcon_core.verb:set package 'scara_bringup' build argument 'ament_cmake_args' from command line to 'None'
[0.295s] Level 5:colcon.colcon_core.verb:set package 'scara_bringup' build argument 'catkin_cmake_args' from command line to 'None'
[0.295s] Level 5:colcon.colcon_core.verb:set package 'scara_bringup' build argument 'catkin_skip_building_tests' from command line to 'False'
[0.295s] DEBUG:colcon.colcon_core.verb:Building package 'scara_bringup' with the following arguments: {'ament_cmake_args': None, 'build_base': '/home/spoonge/ros2_ws/src/build/scara_bringup', 'catkin_cmake_args': None, 'catkin_skip_building_tests': False, 'cmake_args': None, 'cmake_clean_cache': False, 'cmake_clean_first': False, 'cmake_force_configure': False, 'cmake_target': None, 'cmake_target_skip_unavailable': False, 'install_base': '/home/spoonge/ros2_ws/src/install/scara_bringup', 'merge_install': False, 'path': '/home/spoonge/ros2_ws/src/scara_bringup', 'symlink_install': True, 'test_result_base': None}
[0.295s] Level 5:colcon.colcon_core.verb:set package 'scara_cnc' build argument 'cmake_args' from command line to 'None'
[0.295s] Level 5:colcon.colcon_core.verb:set package 'scara_cnc' build argument 'cmake_target' from command line to 'None'
[0.295s] Level 5:colcon.colcon_core.verb:set package 'scara_cnc' build argument 'cmake_target_skip_unavailable' from command line to 'False'
[0.295s] Level 5:colcon.colcon_core.verb:set package 'scara_cnc' build argument 'cmake_clean_cache' from command line to 'False'
[0.295s] Level 5:colcon.colcon_core.verb:set package 'scara_cnc' build argument 'cmake_clean_first' from command line to 'False'
[0.295s] Level 5:colcon.colcon_core.verb:set package 'scara_cnc' build argument 'cmake_force_configure' from command line to 'False'
[0.295s] Level 5:colcon.colcon_core.verb:set package 'scara_cnc' build argument 'ament_cmake_args' from command line to 'None'
[0.295s] Level 5:colcon.colcon_core.verb:set package 'scara_cnc' build argument 'catkin_cmake_args' from command line to 'None'
[0.295s] Level 5:colcon.colcon_core.verb:set package 'scara_cnc' build argument 'catkin_skip_building_tests' from command line to 'False'
[0.295s] DEBUG:colcon.colcon_core.verb:Building package 'scara_cnc' with the following arguments: {'ament_cmake_args': None, 'build_base': '/home/spoonge/ros2_ws/src/build/scara_cnc', 'catkin_cmake_args': None, 'catkin_skip_building_tests': False, 'cmake_args': None, 'cmake_clean_cache': False, 'cmake_clean_first': False, 'cmake_force_configure': False, 'cmake_target': None, 'cmake_target_skip_unavailable': False, 'install_base': '/home/spoonge/ros2_ws/src/install/scara_cnc', 'merge_install': False, 'path': '/home/spoonge/ros2_ws/src/scara_cnc', 'symlink_install': True, 'test_result_base': None}
[0.295s] Level 5:colcon.colcon_core.verb:set package 'scara_control' build argument 'cmake_args' from command line to 'None'
[0.295s] Level 5:colcon.colcon_core.verb:set package 'scara_control' build argument 'cmake_target' from command line to 'None'
[0.295s] Level 5:colcon.colcon_core.verb:set package 'scara_control' build argument 'cmake_target_skip_unavailable' from command line to 'False'
[0.295s] Level 5:colcon.colcon_core.verb:set package 'scara_control' build argument 'cmake_clean_cache' from command line to 'False'
[0.295s] Level 5:colcon.colcon_core.verb:set package 'scara_control' build argument 'cmake_clean_first' from command line to 'False'
[0.295s] Level 5:colcon.colcon_core.verb:set package 'scara_control' build argument 'cmake_force_configure' from command line to 'False'
[0.295s] Level 5:colcon.colcon_core.verb:set package 'scara_control' build argument 'ament_cmake_args' from command line to 'None'
[0.295s] Level 5:colcon.colcon_core.verb:set package 'scara_control' build argument 'catkin_cmake_args' from command line to 'None'
[0.295s] Level 5:colcon.colcon_core.verb:set package 'scara_control' build argument 'catkin_skip_building_tests' from command line to 'False'
[0.295s] DEBUG:colcon.colcon_core.verb:Building package 'scara_control' with the following arguments: {'ament_cmake_args': None, 'build_base': '/home/spoonge/ros2_ws/src/build/scara_control', 'catkin_cmake_args': None, 'catkin_skip_building_tests': False, 'cmake_args': None, 'cmake_clean_cache': False, 'cmake_clean_first': False, 'cmake_force_configure': False, 'cmake_target': None, 'cmake_target_skip_unavailable': False, 'install_base': '/home/spoonge/ros2_ws/src/install/scara_control', 'merge_install': False, 'path': '/home/spoonge/ros2_ws/src/scara_control', 'symlink_install': True, 'test_result_base': None}
[0.296s] Level 5:colcon.colcon_core.verb:set package 'scara_description' build argument 'cmake_args' from command line to 'None'
[0.296s] Level 5:colcon.colcon_core.verb:set package 'scara_description' build argument 'cmake_target' from command line to 'None'
[0.296s] Level 5:colcon.colcon_core.verb:set package 'scara_description' build argument 'cmake_target_skip_unavailable' from command line to 'False'
[0.296s] Level 5:colcon.colcon_core.verb:set package 'scara_description' build argument 'cmake_clean_cache' from command line to 'False'
[0.296s] Level 5:colcon.colcon_core.verb:set package 'scara_description' build argument 'cmake_clean_first' from command line to 'False'
[0.296s] Level 5:colcon.colcon_core.verb:set package 'scara_description' build argument 'cmake_force_configure' from command line to 'False'
[0.296s] Level 5:colcon.colcon_core.verb:set package 'scara_description' build argument 'ament_cmake_args' from command line to 'None'
[0.296s] Level 5:colcon.colcon_core.verb:set package 'scara_description' build argument 'catkin_cmake_args' from command line to 'None'
[0.296s] Level 5:colcon.colcon_core.verb:set package 'scara_description' build argument 'catkin_skip_building_tests' from command line to 'False'
[0.296s] DEBUG:colcon.colcon_core.verb:Building package 'scara_description' with the following arguments: {'ament_cmake_args': None, 'build_base': '/home/spoonge/ros2_ws/src/build/scara_description', 'catkin_cmake_args': None, 'catkin_skip_building_tests': False, 'cmake_args': None, 'cmake_clean_cache': False, 'cmake_clean_first': False, 'cmake_force_configure': False, 'cmake_target': None, 'cmake_target_skip_unavailable': False, 'install_base': '/home/spoonge/ros2_ws/src/install/scara_description', 'merge_install': False, 'path': '/home/spoonge/ros2_ws/src/scara_description', 'symlink_install': True, 'test_result_base': None}
[0.296s] Level 5:colcon.colcon_core.verb:set package 'tb3_aruco_mission' build argument 'cmake_args' from command line to 'None'
[0.296s] Level 5:colcon.colcon_core.verb:set package 'tb3_aruco_mission' build argument 'cmake_target' from command line to 'None'
[0.296s] Level 5:colcon.colcon_core.verb:set package 'tb3_aruco_mission' build argument 'cmake_target_skip_unavailable' from command line to 'False'
[0.296s] Level 5:colcon.colcon_core.verb:set package 'tb3_aruco_mission' build argument 'cmake_clean_cache' from command line to 'False'
[0.296s] Level 5:colcon.colcon_core.verb:set package 'tb3_aruco_mission' build argument 'cmake_clean_first' from command line to 'False'
[0.296s] Level 5:colcon.colcon_core.verb:set package 'tb3_aruco_mission' build argument 'cmake_force_configure' from command line to 'False'
[0.296s] Level 5:colcon.colcon_core.verb:set package 'tb3_aruco_mission' build argument 'ament_cmake_args' from command line to 'None'
[0.296s] Level 5:colcon.colcon_core.verb:set package 'tb3_aruco_mission' build argument 'catkin_cmake_args' from command line to 'None'
[0.296s] Level 5:colcon.colcon_core.verb:set package 'tb3_aruco_mission' build argument 'catkin_skip_building_tests' from command line to 'False'
[0.296s] DEBUG:colcon.colcon_core.verb:Building package 'tb3_aruco_mission' with the following arguments: {'ament_cmake_args': None, 'build_base': '/home/spoonge/ros2_ws/src/build/tb3_aruco_mission', 'catkin_cmake_args': None, 'catkin_skip_building_tests': False, 'cmake_args': None, 'cmake_clean_cache': False, 'cmake_clean_first': False, 'cmake_force_configure': False, 'cmake_target': None, 'cmake_target_skip_unavailable': False, 'install_base': '/home/spoonge/ros2_ws/src/install/tb3_aruco_mission', 'merge_install': False, 'path': '/home/spoonge/ros2_ws/src/tb3_aruco_mission', 'symlink_install': True, 'test_result_base': None}
[0.296s] Level 5:colcon.colcon_core.verb:set package 'turtlebot3_fake_node' build argument 'cmake_args' from command line to 'None'
[0.296s] Level 5:colcon.colcon_core.verb:set package 'turtlebot3_fake_node' build argument 'cmake_target' from command line to 'None'
[0.296s] Level 5:colcon.colcon_core.verb:set package 'turtlebot3_fake_node' build argument 'cmake_target_skip_unavailable' from command line to 'False'
[0.296s] Level 5:colcon.colcon_core.verb:set package 'turtlebot3_fake_node' build argument 'cmake_clean_cache' from command line to 'False'
[0.296s] Level 5:colcon.colcon_core.verb:set package 'turtlebot3_fake_node' build argument 'cmake_clean_first' from command line to 'False'
[0.296s] Level 5:colcon.colcon_core.verb:set package 'turtlebot3_fake_node' build argument 'cmake_force_configure' from command line to 'False'
[0.296s] Level 5:colcon.colcon_core.verb:set package 'turtlebot3_fake_node' build argument 'ament_cmake_args' from command line to 'None'
[0.296s] Level 5:colcon.colcon_core.verb:set package 'turtlebot3_fake_node' build argument 'catkin_cmake_args' from command line to 'None'
[0.296s] Level 5:colcon.colcon_core.verb:set package 'turtlebot3_fake_node' build argument 'catkin_skip_building_tests' from command line to 'False'
[0.296s] DEBUG:colcon.colcon_core.verb:Building package 'turtlebot3_fake_node' with the following arguments: {'ament_cmake_args': None, 'build_base': '/home/spoonge/ros2_ws/src/build/turtlebot3_fake_node', 'catkin_cmake_args': None, 'catkin_skip_building_tests': False, 'cmake_args': None, 'cmake_clean_cache': False, 'cmake_clean_first': False, 'cmake_force_configure': False, 'cmake_target': None, 'cmake_target_skip_unavailable': False, 'install_base': '/home/spoonge/ros2_ws/src/install/turtlebot3_fake_node', 'merge_install': False, 'path': '/home/spoonge/ros2_ws/src/turtlebot3_simulations/turtlebot3_fake_node', 'symlink_install': True, 'test_result_base': None}
[0.297s] Level 5:colcon.colcon_core.verb:set package 'turtlebot3_gazebo' build argument 'cmake_args' from command line to 'None'
[0.297s] Level 5:colcon.colcon_core.verb:set package 'turtlebot3_gazebo' build argument 'cmake_target' from command line to 'None'
[0.297s] Level 5:colcon.colcon_core.verb:set package 'turtlebot3_gazebo' build argument 'cmake_target_skip_unavailable' from command line to 'False'
[0.297s] Level 5:colcon.colcon_core.verb:set package 'turtlebot3_gazebo' build argument 'cmake_clean_cache' from command line to 'False'
[0.297s] Level 5:colcon.colcon_core.verb:set package 'turtlebot3_gazebo' build argument 'cmake_clean_first' from command line to 'False'
[0.297s] Level 5:colcon.colcon_core.verb:set package 'turtlebot3_gazebo' build argument 'cmake_force_configure' from command line to 'False'
[0.297s] Level 5:colcon.colcon_core.verb:set package 'turtlebot3_gazebo' build argument 'ament_cmake_args' from command line to 'None'
[0.297s] Level 5:colcon.colcon_core.verb:set package 'turtlebot3_gazebo' build argument 'catkin_cmake_args' from command line to 'None'
[0.297s] Level 5:colcon.colcon_core.verb:set package 'turtlebot3_gazebo' build argument 'catkin_skip_building_tests' from command line to 'False'
[0.297s] DEBUG:colcon.colcon_core.verb:Building package 'turtlebot3_gazebo' with the following arguments: {'ament_cmake_args': None, 'build_base': '/home/spoonge/ros2_ws/src/build/turtlebot3_gazebo', 'catkin_cmake_args': None, 'catkin_skip_building_tests': False, 'cmake_args': None, 'cmake_clean_cache': False, 'cmake_clean_first': False, 'cmake_force_configure': False, 'cmake_target': None, 'cmake_target_skip_unavailable': False, 'install_base': '/home/spoonge/ros2_ws/src/install/turtlebot3_gazebo', 'merge_install': False, 'path': '/home/spoonge/ros2_ws/src/turtlebot3_simulations/turtlebot3_gazebo', 'symlink_install': True, 'test_result_base': None}
[0.297s] Level 5:colcon.colcon_core.verb:set package 'turtlebot_nav_tasks' build argument 'cmake_args' from command line to 'None'
[0.297s] Level 5:colcon.colcon_core.verb:set package 'turtlebot_nav_tasks' build argument 'cmake_target' from command line to 'None'
[0.297s] Level 5:colcon.colcon_core.verb:set package 'turtlebot_nav_tasks' build argument 'cmake_target_skip_unavailable' from command line to 'False'
[0.297s] Level 5:colcon.colcon_core.verb:set package 'turtlebot_nav_tasks' build argument 'cmake_clean_cache' from command line to 'False'
[0.297s] Level 5:colcon.colcon_core.verb:set package 'turtlebot_nav_tasks' build argument 'cmake_clean_first' from command line to 'False'
[0.297s] Level 5:colcon.colcon_core.verb:set package 'turtlebot_nav_tasks' build argument 'cmake_force_configure' from command line to 'False'
[0.297s] Level 5:colcon.colcon_core.verb:set package 'turtlebot_nav_tasks' build argument 'ament_cmake_args' from command line to 'None'
[0.297s] Level 5:colcon.colcon_core.verb:set package 'turtlebot_nav_tasks' build argument 'catkin_cmake_args' from command line to 'None'
[0.297s] Level 5:colcon.colcon_core.verb:set package 'turtlebot_nav_tasks' build argument 'catkin_skip_building_tests' from command line to 'False'
[0.297s] DEBUG:colcon.colcon_core.verb:Building package 'turtlebot_nav_tasks' with the following arguments: {'ament_cmake_args': None, 'build_base': '/home/spoonge/ros2_ws/src/build/turtlebot_nav_tasks', 'catkin_cmake_args': None, 'catkin_skip_building_tests': False, 'cmake_args': None, 'cmake_clean_cache': False, 'cmake_clean_first': False, 'cmake_force_configure': False, 'cmake_target': None, 'cmake_target_skip_unavailable': False, 'install_base': '/home/spoonge/ros2_ws/src/install/turtlebot_nav_tasks', 'merge_install': False, 'path': '/home/spoonge/ros2_ws/src/turtlebot_nav_tasks', 'symlink_install': True, 'test_result_base': None}
[0.297s] Level 5:colcon.colcon_core.verb:set package 'scara_application' build argument 'cmake_args' from command line to 'None'
[0.297s] Level 5:colcon.colcon_core.verb:set package 'scara_application' build argument 'cmake_target' from command line to 'None'
[0.298s] Level 5:colcon.colcon_core.verb:set package 'scara_application' build argument 'cmake_target_skip_unavailable' from command line to 'False'
[0.298s] Level 5:colcon.colcon_core.verb:set package 'scara_application' build argument 'cmake_clean_cache' from command line to 'False'
[0.298s] Level 5:colcon.colcon_core.verb:set package 'scara_application' build argument 'cmake_clean_first' from command line to 'False'
[0.298s] Level 5:colcon.colcon_core.verb:set package 'scara_application' build argument 'cmake_force_configure' from command line to 'False'
[0.298s] Level 5:colcon.colcon_core.verb:set package 'scara_application' build argument 'ament_cmake_args' from command line to 'None'
[0.298s] Level 5:colcon.colcon_core.verb:set package 'scara_application' build argument 'catkin_cmake_args' from command line to 'None'
[0.298s] Level 5:colcon.colcon_core.verb:set package 'scara_application' build argument 'catkin_skip_building_tests' from command line to 'False'
[0.298s] DEBUG:colcon.colcon_core.verb:Building package 'scara_application' with the following arguments: {'ament_cmake_args': None, 'build_base': '/home/spoonge/ros2_ws/src/build/scara_application', 'catkin_cmake_args': None, 'catkin_skip_building_tests': False, 'cmake_args': None, 'cmake_clean_cache': False, 'cmake_clean_first': False, 'cmake_force_configure': False, 'cmake_target': None, 'cmake_target_skip_unavailable': False, 'install_base': '/home/spoonge/ros2_ws/src/install/scara_application', 'merge_install': False, 'path': '/home/spoonge/ros2_ws/src/scara_application', 'symlink_install': True, 'test_result_base': None}
[0.298s] Level 5:colcon.colcon_core.verb:set package 'scara_moveit_config' build argument 'cmake_args' from command line to 'None'
[0.298s] Level 5:colcon.colcon_core.verb:set package 'scara_moveit_config' build argument 'cmake_target' from command line to 'None'
[0.298s] Level 5:colcon.colcon_core.verb:set package 'scara_moveit_config' build argument 'cmake_target_skip_unavailable' from command line to 'False'
[0.298s] Level 5:colcon.colcon_core.verb:set package 'scara_moveit_config' build argument 'cmake_clean_cache' from command line to 'False'
[0.298s] Level 5:colcon.colcon_core.verb:set package 'scara_moveit_config' build argument 'cmake_clean_first' from command line to 'False'
[0.298s] Level 5:colcon.colcon_core.verb:set package 'scara_moveit_config' build argument 'cmake_force_configure' from command line to 'False'
[0.298s] Level 5:colcon.colcon_core.verb:set package 'scara_moveit_config' build argument 'ament_cmake_args' from command line to 'None'
[0.298s] Level 5:colcon.colcon_core.verb:set package 'scara_moveit_config' build argument 'catkin_cmake_args' from command line to 'None'
[0.298s] Level 5:colcon.colcon_core.verb:set package 'scara_moveit_config' build argument 'catkin_skip_building_tests' from command line to 'False'
[0.298s] DEBUG:colcon.colcon_core.verb:Building package 'scara_moveit_config' with the following arguments: {'ament_cmake_args': None, 'build_base': '/home/spoonge/ros2_ws/src/build/scara_moveit_config', 'catkin_cmake_args': None, 'catkin_skip_building_tests': False, 'cmake_args': None, 'cmake_clean_cache': False, 'cmake_clean_first': False, 'cmake_force_configure': False, 'cmake_target': None, 'cmake_target_skip_unavailable': False, 'install_base': '/home/spoonge/ros2_ws/src/install/scara_moveit_config', 'merge_install': False, 'path': '/home/spoonge/ros2_ws/src/scara_moveit_config', 'symlink_install': True, 'test_result_base': None}
[0.298s] Level 5:colcon.colcon_core.verb:set package 'scara_sim' build argument 'cmake_args' from command line to 'None'
[0.298s] Level 5:colcon.colcon_core.verb:set package 'scara_sim' build argument 'cmake_target' from command line to 'None'
[0.298s] Level 5:colcon.colcon_core.verb:set package 'scara_sim' build argument 'cmake_target_skip_unavailable' from command line to 'False'
[0.298s] Level 5:colcon.colcon_core.verb:set package 'scara_sim' build argument 'cmake_clean_cache' from command line to 'False'
[0.298s] Level 5:colcon.colcon_core.verb:set package 'scara_sim' build argument 'cmake_clean_first' from command line to 'False'
[0.298s] Level 5:colcon.colcon_core.verb:set package 'scara_sim' build argument 'cmake_force_configure' from command line to 'False'
[0.298s] Level 5:colcon.colcon_core.verb:set package 'scara_sim' build argument 'ament_cmake_args' from command line to 'None'
[0.298s] Level 5:colcon.colcon_core.verb:set package 'scara_sim' build argument 'catkin_cmake_args' from command line to 'None'
[0.298s] Level 5:colcon.colcon_core.verb:set package 'scara_sim' build argument 'catkin_skip_building_tests' from command line to 'False'
[0.298s] DEBUG:colcon.colcon_core.verb:Building package 'scara_sim' with the following arguments: {'ament_cmake_args': None, 'build_base': '/home/spoonge/ros2_ws/src/build/scara_sim', 'catkin_cmake_args': None, 'catkin_skip_building_tests': False, 'cmake_args': None, 'cmake_clean_cache': False, 'cmake_clean_first': False, 'cmake_force_configure': False, 'cmake_target': None, 'cmake_target_skip_unavailable': False, 'install_base': '/home/spoonge/ros2_ws/src/install/scara_sim', 'merge_install': False, 'path': '/home/spoonge/ros2_ws/src/scara_sim', 'symlink_install': True, 'test_result_base': None}
[0.299s] Level 5:colcon.colcon_core.verb:set package 'turtlebot3_simulations' build argument 'cmake_args' from command line to 'None'
[0.299s] Level 5:colcon.colcon_core.verb:set package 'turtlebot3_simulations' build argument 'cmake_target' from command line to 'None'
[0.299s] Level 5:colcon.colcon_core.verb:set package 'turtlebot3_simulations' build argument 'cmake_target_skip_unavailable' from command line to 'False'
[0.299s] Level 5:colcon.colcon_core.verb:set package 'turtlebot3_simulations' build argument 'cmake_clean_cache' from command line to 'False'
[0.299s] Level 5:colcon.colcon_core.verb:set package 'turtlebot3_simulations' build argument 'cmake_clean_first' from command line to 'False'
[0.299s] Level 5:colcon.colcon_core.verb:set package 'turtlebot3_simulations' build argument 'cmake_force_configure' from command line to 'False'
[0.299s] Level 5:colcon.colcon_core.verb:set package 'turtlebot3_simulations' build argument 'ament_cmake_args' from command line to 'None'
[0.299s] Level 5:colcon.colcon_core.verb:set package 'turtlebot3_simulations' build argument 'catkin_cmake_args' from command line to 'None'
[0.299s] Level 5:colcon.colcon_core.verb:set package 'turtlebot3_simulations' build argument 'catkin_skip_building_tests' from command line to 'False'
[0.299s] DEBUG:colcon.colcon_core.verb:Building package 'turtlebot3_simulations' with the following arguments: {'ament_cmake_args': None, 'build_base': '/home/spoonge/ros2_ws/src/build/turtlebot3_simulations', 'catkin_cmake_args': None, 'catkin_skip_building_tests': False, 'cmake_args': None, 'cmake_clean_cache': False, 'cmake_clean_first': False, 'cmake_force_configure': False, 'cmake_target': None, 'cmake_target_skip_unavailable': False, 'install_base': '/home/spoonge/ros2_ws/src/install/turtlebot3_simulations', 'merge_install': False, 'path': '/home/spoonge/ros2_ws/src/turtlebot3_simulations/turtlebot3_simulations', 'symlink_install': True, 'test_result_base': None}
[0.299s] INFO:colcon.colcon_core.executor:Executing jobs using 'parallel' executor
[0.300s] DEBUG:colcon.colcon_parallel_executor.executor.parallel:run_until_complete
[0.300s] INFO:colcon.colcon_ros.task.ament_cmake.build:Building ROS package in '/home/spoonge/ros2_ws/src/scara_description' with build type 'ament_cmake'
[0.300s] INFO:colcon.colcon_cmake.task.cmake.build:Building CMake package in '/home/spoonge/ros2_ws/src/scara_description'
[0.303s] INFO:colcon.colcon_core.plugin_system:Skipping extension 'colcon_core.shell.bat': Not used on non-Windows systems
[0.303s] INFO:colcon.colcon_core.shell:Skip shell extension 'powershell' for command environment: Not usable outside of PowerShell
[0.303s] DEBUG:colcon.colcon_core.shell:Skip shell extension 'dsv' for command environment
[0.308s] INFO:colcon.colcon_ros.task.ament_cmake.build:Building ROS package in '/home/spoonge/ros2_ws/src/scara_cnc' with build type 'ament_cmake'
[0.309s] INFO:colcon.colcon_cmake.task.cmake.build:Building CMake package in '/home/spoonge/ros2_ws/src/scara_cnc'
[0.309s] INFO:colcon.colcon_core.shell:Skip shell extension 'powershell' for command environment: Not usable outside of PowerShell
[0.309s] DEBUG:colcon.colcon_core.shell:Skip shell extension 'dsv' for command environment
[0.313s] INFO:colcon.colcon_ros.task.ament_cmake.build:Building ROS package in '/home/spoonge/ros2_ws/src/turtlebot3_simulations/turtlebot3_fake_node' with build type 'ament_cmake'
[0.313s] INFO:colcon.colcon_cmake.task.cmake.build:Building CMake package in '/home/spoonge/ros2_ws/src/turtlebot3_simulations/turtlebot3_fake_node'
[0.313s] INFO:colcon.colcon_core.shell:Skip shell extension 'powershell' for command environment: Not usable outside of PowerShell
[0.313s] DEBUG:colcon.colcon_core.shell:Skip shell extension 'dsv' for command environment
[0.317s] INFO:colcon.colcon_ros.task.ament_cmake.build:Building ROS package in '/home/spoonge/ros2_ws/src/turtlebot3_simulations/turtlebot3_gazebo' with build type 'ament_cmake'
[0.317s] INFO:colcon.colcon_cmake.task.cmake.build:Building CMake package in '/home/spoonge/ros2_ws/src/turtlebot3_simulations/turtlebot3_gazebo'
[0.318s] INFO:colcon.colcon_core.shell:Skip shell extension 'powershell' for command environment: Not usable outside of PowerShell
[0.318s] DEBUG:colcon.colcon_core.shell:Skip shell extension 'dsv' for command environment
[0.322s] INFO:colcon.colcon_ros.task.ament_python.build:Building ROS package in '/home/spoonge/ros2_ws/src/listener' with build type 'ament_python'
[0.323s] Level 1:colcon.colcon_core.shell:create_environment_hook('listener', 'ament_prefix_path')
[0.323s] INFO:colcon.colcon_core.shell:Creating environment hook '/home/spoonge/ros2_ws/src/install/listener/share/listener/hook/ament_prefix_path.ps1'
[0.324s] INFO:colcon.colcon_core.shell:Creating environment descriptor '/home/spoonge/ros2_ws/src/install/listener/share/listener/hook/ament_prefix_path.dsv'
[0.324s] INFO:colcon.colcon_core.shell:Creating environment hook '/home/spoonge/ros2_ws/src/install/listener/share/listener/hook/ament_prefix_path.sh'
[0.325s] INFO:colcon.colcon_core.shell:Skip shell extension 'powershell' for command environment: Not usable outside of PowerShell
[0.325s] DEBUG:colcon.colcon_core.shell:Skip shell extension 'dsv' for command environment
[0.328s] INFO:colcon.colcon_ros.task.ament_python.build:Building ROS package in '/home/spoonge/ros2_ws/src/my_turtle_controller' with build type 'ament_python'
[0.329s] Level 1:colcon.colcon_core.shell:create_environment_hook('my_turtle_controller', 'ament_prefix_path')
[0.329s] INFO:colcon.colcon_core.shell:Creating environment hook '/home/spoonge/ros2_ws/src/install/my_turtle_controller/share/my_turtle_controller/hook/ament_prefix_path.ps1'
[0.330s] INFO:colcon.colcon_core.shell:Creating environment descriptor '/home/spoonge/ros2_ws/src/install/my_turtle_controller/share/my_turtle_controller/hook/ament_prefix_path.dsv'
[0.330s] INFO:colcon.colcon_core.shell:Creating environment hook '/home/spoonge/ros2_ws/src/install/my_turtle_controller/share/my_turtle_controller/hook/ament_prefix_path.sh'
[0.331s] INFO:colcon.colcon_core.shell:Skip shell extension 'powershell' for command environment: Not usable outside of PowerShell
[0.331s] DEBUG:colcon.colcon_core.shell:Skip shell extension 'dsv' for command environment
[0.335s] INFO:colcon.colcon_ros.task.ament_python.build:Building ROS package in '/home/spoonge/ros2_ws/src/scara_bringup' with build type 'ament_python'
[0.335s] Level 1:colcon.colcon_core.shell:create_environment_hook('scara_bringup', 'ament_prefix_path')
[0.335s] INFO:colcon.colcon_core.shell:Creating environment hook '/home/spoonge/ros2_ws/src/install/scara_bringup/share/scara_bringup/hook/ament_prefix_path.ps1'
[0.336s] INFO:colcon.colcon_core.shell:Creating environment descriptor '/home/spoonge/ros2_ws/src/install/scara_bringup/share/scara_bringup/hook/ament_prefix_path.dsv'
[0.337s] INFO:colcon.colcon_core.shell:Creating environment hook '/home/spoonge/ros2_ws/src/install/scara_bringup/share/scara_bringup/hook/ament_prefix_path.sh'
[0.337s] INFO:colcon.colcon_core.shell:Skip shell extension 'powershell' for command environment: Not usable outside of PowerShell
[0.337s] DEBUG:colcon.colcon_core.shell:Skip shell extension 'dsv' for command environment
[0.342s] INFO:colcon.colcon_ros.task.ament_cmake.build:Building ROS package in '/home/spoonge/ros2_ws/src/scara_control' with build type 'ament_cmake'
[0.342s] INFO:colcon.colcon_cmake.task.cmake.build:Building CMake package in '/home/spoonge/ros2_ws/src/scara_control'
[0.343s] INFO:colcon.colcon_core.shell:Skip shell extension 'powershell' for command environment: Not usable outside of PowerShell
[0.343s] DEBUG:colcon.colcon_core.shell:Skip shell extension 'dsv' for command environment
[0.347s] INFO:colcon.colcon_ros.task.ament_python.build:Building ROS package in '/home/spoonge/ros2_ws/src/tb3_aruco_mission' with build type 'ament_python'
[0.347s] Level 1:colcon.colcon_core.shell:create_environment_hook('tb3_aruco_mission', 'ament_prefix_path')
[0.348s] INFO:colcon.colcon_core.shell:Creating environment hook '/home/spoonge/ros2_ws/src/install/tb3_aruco_mission/share/tb3_aruco_mission/hook/ament_prefix_path.ps1'
[0.348s] INFO:colcon.colcon_core.shell:Creating environment descriptor '/home/spoonge/ros2_ws/src/install/tb3_aruco_mission/share/tb3_aruco_mission/hook/ament_prefix_path.dsv'
[0.349s] INFO:colcon.colcon_core.shell:Creating environment hook '/home/spoonge/ros2_ws/src/install/tb3_aruco_mission/share/tb3_aruco_mission/hook/ament_prefix_path.sh'
[0.349s] INFO:colcon.colcon_core.shell:Skip shell extension 'powershell' for command environment: Not usable outside of PowerShell
[0.349s] DEBUG:colcon.colcon_core.shell:Skip shell extension 'dsv' for command environment
[0.353s] INFO:colcon.colcon_ros.task.ament_python.build:Building ROS package in '/home/spoonge/ros2_ws/src/turtlebot_nav_tasks' with build type 'ament_python'
[0.353s] Level 1:colcon.colcon_core.shell:create_environment_hook('turtlebot_nav_tasks', 'ament_prefix_path')
[0.353s] INFO:colcon.colcon_core.shell:Creating environment hook '/home/spoonge/ros2_ws/src/install/turtlebot_nav_tasks/share/turtlebot_nav_tasks/hook/ament_prefix_path.ps1'
[0.355s] INFO:colcon.colcon_core.shell:Creating environment descriptor '/home/spoonge/ros2_ws/src/install/turtlebot_nav_tasks/share/turtlebot_nav_tasks/hook/ament_prefix_path.dsv'
[0.355s] INFO:colcon.colcon_core.shell:Creating environment hook '/home/spoonge/ros2_ws/src/install/turtlebot_nav_tasks/share/turtlebot_nav_tasks/hook/ament_prefix_path.sh'
[0.356s] INFO:colcon.colcon_core.shell:Skip shell extension 'powershell' for command environment: Not usable outside of PowerShell
[0.356s] DEBUG:colcon.colcon_core.shell:Skip shell extension 'dsv' for command environment
[0.382s] DEBUG:colcon.colcon_core.event_handler.log_command:Invoking command in '/home/spoonge/ros2_ws/src/build/scara_description': CMAKE_PREFIX_PATH=${CMAKE_PREFIX_PATH}:/home/spoonge/ros2_ws/src/scara_bringup/install/scara_bringup:/opt/ros/jazzy DEBUGINFOD_URLS=https://debuginfod.ubuntu.com /usr/bin/cmake /home/spoonge/ros2_ws/src/scara_description -DAMENT_CMAKE_SYMLINK_INSTALL=1 -DCMAKE_INSTALL_PREFIX=/home/spoonge/ros2_ws/src/install/scara_description
[0.384s] DEBUG:colcon.colcon_core.event_handler.log_command:Invoking command in '/home/spoonge/ros2_ws/src/build/scara_cnc': CMAKE_PREFIX_PATH=${CMAKE_PREFIX_PATH}:/home/spoonge/ros2_ws/src/scara_bringup/install/scara_bringup:/opt/ros/jazzy DEBUGINFOD_URLS=https://debuginfod.ubuntu.com /usr/bin/cmake /home/spoonge/ros2_ws/src/scara_cnc -DAMENT_CMAKE_SYMLINK_INSTALL=1 -DCMAKE_INSTALL_PREFIX=/home/spoonge/ros2_ws/src/install/scara_cnc
[0.386s] DEBUG:colcon.colcon_core.event_handler.log_command:Invoking command in '/home/spoonge/ros2_ws/src/build/turtlebot3_fake_node': CMAKE_PREFIX_PATH=${CMAKE_PREFIX_PATH}:/home/spoonge/ros2_ws/src/scara_bringup/install/scara_bringup:/opt/ros/jazzy DEBUGINFOD_URLS=https://debuginfod.ubuntu.com /usr/bin/cmake /home/spoonge/ros2_ws/src/turtlebot3_simulations/turtlebot3_fake_node -DAMENT_CMAKE_SYMLINK_INSTALL=1 -DCMAKE_INSTALL_PREFIX=/home/spoonge/ros2_ws/src/install/turtlebot3_fake_node
[0.391s] DEBUG:colcon.colcon_core.event_handler.log_command:Invoking command in '/home/spoonge/ros2_ws/src/build/turtlebot3_gazebo': CMAKE_PREFIX_PATH=${CMAKE_PREFIX_PATH}:/home/spoonge/ros2_ws/src/scara_bringup/install/scara_bringup:/opt/ros/jazzy DEBUGINFOD_URLS=https://debuginfod.ubuntu.com /usr/bin/cmake /home/spoonge/ros2_ws/src/turtlebot3_simulations/turtlebot3_gazebo -DAMENT_CMAKE_SYMLINK_INSTALL=1 -DCMAKE_INSTALL_PREFIX=/home/spoonge/ros2_ws/src/install/turtlebot3_gazebo
[0.760s] INFO:colcon.colcon_core.task.python.build:Building Python package in '/home/spoonge/ros2_ws/src/listener'
[0.760s] INFO:colcon.colcon_core.shell:Skip shell extension 'powershell' for command environment: Not usable outside of PowerShell
[0.760s] DEBUG:colcon.colcon_core.shell:Skip shell extension 'dsv' for command environment
[1.178s] INFO:colcon.colcon_core.task.python.build:Building Python package in '/home/spoonge/ros2_ws/src/my_turtle_controller'
[1.179s] INFO:colcon.colcon_core.shell:Skip shell extension 'powershell' for command environment: Not usable outside of PowerShell
[1.179s] DEBUG:colcon.colcon_core.shell:Skip shell extension 'dsv' for command environment
[1.588s] INFO:colcon.colcon_core.task.python.build:Building Python package in '/home/spoonge/ros2_ws/src/scara_bringup'
[1.588s] INFO:colcon.colcon_core.shell:Skip shell extension 'powershell' for command environment: Not usable outside of PowerShell
[1.589s] DEBUG:colcon.colcon_core.shell:Skip shell extension 'dsv' for command environment
[1.598s] DEBUG:colcon.colcon_core.event_handler.log_command:Invoking command in '/home/spoonge/ros2_ws/src/build/scara_control': CMAKE_PREFIX_PATH=${CMAKE_PREFIX_PATH}:/home/spoonge/ros2_ws/src/scara_bringup/install/scara_bringup:/opt/ros/jazzy DEBUGINFOD_URLS=https://debuginfod.ubuntu.com /usr/bin/cmake /home/spoonge/ros2_ws/src/scara_control -DAMENT_CMAKE_SYMLINK_INSTALL=1 -DCMAKE_INSTALL_PREFIX=/home/spoonge/ros2_ws/src/install/scara_control
[2.026s] INFO:colcon.colcon_core.task.python.build:Building Python package in '/home/spoonge/ros2_ws/src/tb3_aruco_mission'
[2.026s] INFO:colcon.colcon_core.shell:Skip shell extension 'powershell' for command environment: Not usable outside of PowerShell
[2.026s] DEBUG:colcon.colcon_core.shell:Skip shell extension 'dsv' for command environment
[2.419s] INFO:colcon.colcon_core.task.python.build:Building Python package in '/home/spoonge/ros2_ws/src/turtlebot_nav_tasks'
[2.420s] INFO:colcon.colcon_core.shell:Skip shell extension 'powershell' for command environment: Not usable outside of PowerShell
[2.420s] DEBUG:colcon.colcon_core.shell:Skip shell extension 'dsv' for command environment
[2.426s] DEBUG:colcon.colcon_core.event_handler.log_command:Invoked command in '/home/spoonge/ros2_ws/src/build/scara_description' returned '0': CMAKE_PREFIX_PATH=${CMAKE_PREFIX_PATH}:/home/spoonge/ros2_ws/src/scara_bringup/install/scara_bringup:/opt/ros/jazzy DEBUGINFOD_URLS=https://debuginfod.ubuntu.com /usr/bin/cmake /home/spoonge/ros2_ws/src/scara_description -DAMENT_CMAKE_SYMLINK_INSTALL=1 -DCMAKE_INSTALL_PREFIX=/home/spoonge/ros2_ws/src/install/scara_description
[2.428s] DEBUG:colcon.colcon_core.event_handler.log_command:Invoking command in '/home/spoonge/ros2_ws/src/build/scara_description': CMAKE_PREFIX_PATH=${CMAKE_PREFIX_PATH}:/home/spoonge/ros2_ws/src/scara_bringup/install/scara_bringup:/opt/ros/jazzy DEBUGINFOD_URLS=https://debuginfod.ubuntu.com /usr/bin/cmake --build /home/spoonge/ros2_ws/src/build/scara_description -- -j12 -l12
[2.428s] DEBUG:colcon.colcon_core.event_handler.log_command:Invoked command in '/home/spoonge/ros2_ws/src/build/scara_cnc' returned '0': CMAKE_PREFIX_PATH=${CMAKE_PREFIX_PATH}:/home/spoonge/ros2_ws/src/scara_bringup/install/scara_bringup:/opt/ros/jazzy DEBUGINFOD_URLS=https://debuginfod.ubuntu.com /usr/bin/cmake /home/spoonge/ros2_ws/src/scara_cnc -DAMENT_CMAKE_SYMLINK_INSTALL=1 -DCMAKE_INSTALL_PREFIX=/home/spoonge/ros2_ws/src/install/scara_cnc
[2.430s] DEBUG:colcon.colcon_core.event_handler.log_command:Invoking command in '/home/spoonge/ros2_ws/src/build/scara_cnc': CMAKE_PREFIX_PATH=${CMAKE_PREFIX_PATH}:/home/spoonge/ros2_ws/src/scara_bringup/install/scara_bringup:/opt/ros/jazzy DEBUGINFOD_URLS=https://debuginfod.ubuntu.com /usr/bin/cmake --build /home/spoonge/ros2_ws/src/build/scara_cnc -- -j12 -l12
[2.536s] DEBUG:colcon.colcon_core.event_handler.log_command:Invoked command in '/home/spoonge/ros2_ws/src/build/scara_description' returned '0': CMAKE_PREFIX_PATH=${CMAKE_PREFIX_PATH}:/home/spoonge/ros2_ws/src/scara_bringup/install/scara_bringup:/opt/ros/jazzy DEBUGINFOD_URLS=https://debuginfod.ubuntu.com /usr/bin/cmake --build /home/spoonge/ros2_ws/src/build/scara_description -- -j12 -l12
[2.561s] DEBUG:colcon.colcon_core.event_handler.log_command:Invoking command in '/home/spoonge/ros2_ws/src/build/scara_description': CMAKE_PREFIX_PATH=${CMAKE_PREFIX_PATH}:/home/spoonge/ros2_ws/src/scara_bringup/install/scara_bringup:/opt/ros/jazzy DEBUGINFOD_URLS=https://debuginfod.ubuntu.com /usr/bin/cmake --install /home/spoonge/ros2_ws/src/build/scara_description
[2.566s] DEBUG:colcon.colcon_core.event_handler.log_command:Invoked command in '/home/spoonge/ros2_ws/src/build/scara_cnc' returned '0': CMAKE_PREFIX_PATH=${CMAKE_PREFIX_PATH}:/home/spoonge/ros2_ws/src/scara_bringup/install/scara_bringup:/opt/ros/jazzy DEBUGINFOD_URLS=https://debuginfod.ubuntu.com /usr/bin/cmake --build /home/spoonge/ros2_ws/src/build/scara_cnc -- -j12 -l12
[2.566s] DEBUG:colcon.colcon_core.event_handler.log_command:Invoking command in '/home/spoonge/ros2_ws/src/build/scara_cnc': CMAKE_PREFIX_PATH=${CMAKE_PREFIX_PATH}:/home/spoonge/ros2_ws/src/scara_bringup/install/scara_bringup:/opt/ros/jazzy DEBUGINFOD_URLS=https://debuginfod.ubuntu.com /usr/bin/cmake --install /home/spoonge/ros2_ws/src/build/scara_cnc
[3.089s] DEBUG:colcon.colcon_core.event_handler.log_command:Invoked command in '/home/spoonge/ros2_ws/src/build/scara_control' returned '0': CMAKE_PREFIX_PATH=${CMAKE_PREFIX_PATH}:/home/spoonge/ros2_ws/src/scara_bringup/install/scara_bringup:/opt/ros/jazzy DEBUGINFOD_URLS=https://debuginfod.ubuntu.com /usr/bin/cmake /home/spoonge/ros2_ws/src/scara_control -DAMENT_CMAKE_SYMLINK_INSTALL=1 -DCMAKE_INSTALL_PREFIX=/home/spoonge/ros2_ws/src/install/scara_control
[3.090s] DEBUG:colcon.colcon_core.event_handler.log_command:Invoking command in '/home/spoonge/ros2_ws/src/build/scara_control': CMAKE_PREFIX_PATH=${CMAKE_PREFIX_PATH}:/home/spoonge/ros2_ws/src/scara_bringup/install/scara_bringup:/opt/ros/jazzy DEBUGINFOD_URLS=https://debuginfod.ubuntu.com /usr/bin/cmake --build /home/spoonge/ros2_ws/src/build/scara_control -- -j12 -l12
[3.199s] DEBUG:colcon.colcon_core.event_handler.log_command:Invoked command in '/home/spoonge/ros2_ws/src/build/scara_control' returned '0': CMAKE_PREFIX_PATH=${CMAKE_PREFIX_PATH}:/home/spoonge/ros2_ws/src/scara_bringup/install/scara_bringup:/opt/ros/jazzy DEBUGINFOD_URLS=https://debuginfod.ubuntu.com /usr/bin/cmake --build /home/spoonge/ros2_ws/src/build/scara_control -- -j12 -l12
[3.201s] DEBUG:colcon.colcon_core.event_handler.log_command:Invoking command in '/home/spoonge/ros2_ws/src/build/scara_control': CMAKE_PREFIX_PATH=${CMAKE_PREFIX_PATH}:/home/spoonge/ros2_ws/src/scara_bringup/install/scara_bringup:/opt/ros/jazzy DEBUGINFOD_URLS=https://debuginfod.ubuntu.com /usr/bin/cmake --install /home/spoonge/ros2_ws/src/build/scara_control
[3.616s] DEBUG:colcon.colcon_core.event_handler.log_command:Invoked command in '/home/spoonge/ros2_ws/src/build/turtlebot3_fake_node' returned '0': CMAKE_PREFIX_PATH=${CMAKE_PREFIX_PATH}:/home/spoonge/ros2_ws/src/scara_bringup/install/scara_bringup:/opt/ros/jazzy DEBUGINFOD_URLS=https://debuginfod.ubuntu.com /usr/bin/cmake /home/spoonge/ros2_ws/src/turtlebot3_simulations/turtlebot3_fake_node -DAMENT_CMAKE_SYMLINK_INSTALL=1 -DCMAKE_INSTALL_PREFIX=/home/spoonge/ros2_ws/src/install/turtlebot3_fake_node
[3.620s] DEBUG:colcon.colcon_core.event_handler.log_command:Invoking command in '/home/spoonge/ros2_ws/src/build/turtlebot3_fake_node': CMAKE_PREFIX_PATH=${CMAKE_PREFIX_PATH}:/home/spoonge/ros2_ws/src/scara_bringup/install/scara_bringup:/opt/ros/jazzy DEBUGINFOD_URLS=https://debuginfod.ubuntu.com /usr/bin/cmake --build /home/spoonge/ros2_ws/src/build/turtlebot3_fake_node -- -j12 -l12
[3.644s] Level 1:colcon.colcon_core.environment:create_environment_scripts_only(scara_control)
[3.647s] DEBUG:colcon.colcon_core.event_handler.log_command:Invoked command in '/home/spoonge/ros2_ws/src/build/scara_control' returned '0': CMAKE_PREFIX_PATH=${CMAKE_PREFIX_PATH}:/home/spoonge/ros2_ws/src/scara_bringup/install/scara_bringup:/opt/ros/jazzy DEBUGINFOD_URLS=https://debuginfod.ubuntu.com /usr/bin/cmake --install /home/spoonge/ros2_ws/src/build/scara_control
[3.657s] Level 1:colcon.colcon_core.environment:checking '/home/spoonge/ros2_ws/src/install/scara_control' for CMake module files
[3.658s] Level 1:colcon.colcon_core.environment:checking '/home/spoonge/ros2_ws/src/install/scara_control' for CMake config files
[3.659s] Level 1:colcon.colcon_core.shell:create_environment_hook('scara_control', 'cmake_prefix_path')
[3.659s] INFO:colcon.colcon_core.shell:Creating environment hook '/home/spoonge/ros2_ws/src/install/scara_control/share/scara_control/hook/cmake_prefix_path.ps1'
[3.661s] INFO:colcon.colcon_core.shell:Creating environment descriptor '/home/spoonge/ros2_ws/src/install/scara_control/share/scara_control/hook/cmake_prefix_path.dsv'
[3.662s] INFO:colcon.colcon_core.shell:Creating environment hook '/home/spoonge/ros2_ws/src/install/scara_control/share/scara_control/hook/cmake_prefix_path.sh'
[3.663s] Level 1:colcon.colcon_core.environment:checking '/home/spoonge/ros2_ws/src/install/scara_control/bin'
[3.664s] Level 1:colcon.colcon_core.environment:checking '/home/spoonge/ros2_ws/src/install/scara_control/lib/pkgconfig/scara_control.pc'
[3.664s] Level 1:colcon.colcon_core.environment:checking '/home/spoonge/ros2_ws/src/install/scara_control/lib/python3.12/site-packages'
[3.665s] Level 1:colcon.colcon_core.environment:checking '/home/spoonge/ros2_ws/src/install/scara_control/bin'
[3.665s] INFO:colcon.colcon_core.shell:Creating package script '/home/spoonge/ros2_ws/src/install/scara_control/share/scara_control/package.ps1'
[3.667s] INFO:colcon.colcon_core.shell:Creating package descriptor '/home/spoonge/ros2_ws/src/install/scara_control/share/scara_control/package.dsv'
[3.668s] INFO:colcon.colcon_core.shell:Creating package script '/home/spoonge/ros2_ws/src/install/scara_control/share/scara_control/package.sh'
[3.670s] INFO:colcon.colcon_core.shell:Creating package script '/home/spoonge/ros2_ws/src/install/scara_control/share/scara_control/package.bash'
[3.671s] INFO:colcon.colcon_core.shell:Creating package script '/home/spoonge/ros2_ws/src/install/scara_control/share/scara_control/package.zsh'
[3.672s] Level 1:colcon.colcon_core.environment:create_file_with_runtime_dependencies(/home/spoonge/ros2_ws/src/install/scara_control/share/colcon-core/packages/scara_control)
[3.674s] Level 1:colcon.colcon_core.environment:create_environment_scripts_only(scara_control)
[3.674s] Level 1:colcon.colcon_core.environment:checking '/home/spoonge/ros2_ws/src/install/scara_control' for CMake module files
[3.676s] Level 1:colcon.colcon_core.environment:checking '/home/spoonge/ros2_ws/src/install/scara_control' for CMake config files
[3.676s] Level 1:colcon.colcon_core.shell:create_environment_hook('scara_control', 'cmake_prefix_path')
[3.677s] INFO:colcon.colcon_core.shell:Creating environment hook '/home/spoonge/ros2_ws/src/install/scara_control/share/scara_control/hook/cmake_prefix_path.ps1'
[3.678s] INFO:colcon.colcon_core.shell:Creating environment descriptor '/home/spoonge/ros2_ws/src/install/scara_control/share/scara_control/hook/cmake_prefix_path.dsv'
[3.679s] INFO:colcon.colcon_core.shell:Creating environment hook '/home/spoonge/ros2_ws/src/install/scara_control/share/scara_control/hook/cmake_prefix_path.sh'
[3.680s] Level 1:colcon.colcon_core.environment:checking '/home/spoonge/ros2_ws/src/install/scara_control/bin'
[3.680s] Level 1:colcon.colcon_core.environment:checking '/home/spoonge/ros2_ws/src/install/scara_control/lib/pkgconfig/scara_control.pc'
[3.680s] Level 1:colcon.colcon_core.environment:checking '/home/spoonge/ros2_ws/src/install/scara_control/lib/python3.12/site-packages'
[3.681s] Level 1:colcon.colcon_core.environment:checking '/home/spoonge/ros2_ws/src/install/scara_control/bin'
[3.682s] INFO:colcon.colcon_core.shell:Creating package script '/home/spoonge/ros2_ws/src/install/scara_control/share/scara_control/package.ps1'
[3.683s] INFO:colcon.colcon_core.shell:Creating package descriptor '/home/spoonge/ros2_ws/src/install/scara_control/share/scara_control/package.dsv'
[3.685s] INFO:colcon.colcon_core.shell:Creating package script '/home/spoonge/ros2_ws/src/install/scara_control/share/scara_control/package.sh'
[3.686s] INFO:colcon.colcon_core.shell:Creating package script '/home/spoonge/ros2_ws/src/install/scara_control/share/scara_control/package.bash'
[3.687s] INFO:colcon.colcon_core.shell:Creating package script '/home/spoonge/ros2_ws/src/install/scara_control/share/scara_control/package.zsh'
[3.688s] Level 1:colcon.colcon_core.environment:create_file_with_runtime_dependencies(/home/spoonge/ros2_ws/src/install/scara_control/share/colcon-core/packages/scara_control)
[3.748s] Level 1:colcon.colcon_core.environment:create_environment_scripts_only(scara_description)
[3.749s] Level 1:colcon.colcon_core.environment:checking '/home/spoonge/ros2_ws/src/install/scara_description' for CMake module files
[3.750s] DEBUG:colcon.colcon_core.event_handler.log_command:Invoked command in '/home/spoonge/ros2_ws/src/build/scara_description' returned '0': CMAKE_PREFIX_PATH=${CMAKE_PREFIX_PATH}:/home/spoonge/ros2_ws/src/scara_bringup/install/scara_bringup:/opt/ros/jazzy DEBUGINFOD_URLS=https://debuginfod.ubuntu.com /usr/bin/cmake --install /home/spoonge/ros2_ws/src/build/scara_description
[3.751s] Level 1:colcon.colcon_core.environment:checking '/home/spoonge/ros2_ws/src/install/scara_description' for CMake config files
[3.752s] Level 1:colcon.colcon_core.shell:create_environment_hook('scara_description', 'cmake_prefix_path')
[3.753s] INFO:colcon.colcon_core.shell:Creating environment hook '/home/spoonge/ros2_ws/src/install/scara_description/share/scara_description/hook/cmake_prefix_path.ps1'
[3.754s] INFO:colcon.colcon_core.shell:Creating environment descriptor '/home/spoonge/ros2_ws/src/install/scara_description/share/scara_description/hook/cmake_prefix_path.dsv'
[3.754s] INFO:colcon.colcon_core.shell:Creating environment hook '/home/spoonge/ros2_ws/src/install/scara_description/share/scara_description/hook/cmake_prefix_path.sh'
[3.756s] Level 1:colcon.colcon_core.environment:checking '/home/spoonge/ros2_ws/src/install/scara_description/bin'
[3.756s] Level 1:colcon.colcon_core.environment:checking '/home/spoonge/ros2_ws/src/install/scara_description/lib/pkgconfig/scara_description.pc'
[3.756s] Level 1:colcon.colcon_core.environment:checking '/home/spoonge/ros2_ws/src/install/scara_description/lib/python3.12/site-packages'
[3.757s] Level 1:colcon.colcon_core.environment:checking '/home/spoonge/ros2_ws/src/install/scara_description/bin'
[3.757s] INFO:colcon.colcon_core.shell:Creating package script '/home/spoonge/ros2_ws/src/install/scara_description/share/scara_description/package.ps1'
[3.758s] INFO:colcon.colcon_core.shell:Creating package descriptor '/home/spoonge/ros2_ws/src/install/scara_description/share/scara_description/package.dsv'
[3.759s] INFO:colcon.colcon_core.shell:Creating package script '/home/spoonge/ros2_ws/src/install/scara_description/share/scara_description/package.sh'
[3.760s] INFO:colcon.colcon_core.shell:Creating package script '/home/spoonge/ros2_ws/src/install/scara_description/share/scara_description/package.bash'
[3.761s] INFO:colcon.colcon_core.shell:Creating package script '/home/spoonge/ros2_ws/src/install/scara_description/share/scara_description/package.zsh'
[3.762s] Level 1:colcon.colcon_core.environment:create_file_with_runtime_dependencies(/home/spoonge/ros2_ws/src/install/scara_description/share/colcon-core/packages/scara_description)
[3.763s] Level 1:colcon.colcon_core.environment:create_environment_scripts_only(scara_description)
[3.764s] Level 1:colcon.colcon_core.environment:checking '/home/spoonge/ros2_ws/src/install/scara_description' for CMake module files
[3.765s] Level 1:colcon.colcon_core.environment:checking '/home/spoonge/ros2_ws/src/install/scara_description' for CMake config files
[3.766s] Level 1:colcon.colcon_core.shell:create_environment_hook('scara_description', 'cmake_prefix_path')
[3.766s] INFO:colcon.colcon_core.shell:Creating environment hook '/home/spoonge/ros2_ws/src/install/scara_description/share/scara_description/hook/cmake_prefix_path.ps1'
[3.767s] INFO:colcon.colcon_core.shell:Creating environment descriptor '/home/spoonge/ros2_ws/src/install/scara_description/share/scara_description/hook/cmake_prefix_path.dsv'
[3.768s] INFO:colcon.colcon_core.shell:Creating environment hook '/home/spoonge/ros2_ws/src/install/scara_description/share/scara_description/hook/cmake_prefix_path.sh'
[3.769s] Level 1:colcon.colcon_core.environment:checking '/home/spoonge/ros2_ws/src/install/scara_description/bin'
[3.770s] Level 1:colcon.colcon_core.environment:checking '/home/spoonge/ros2_ws/src/install/scara_description/lib/pkgconfig/scara_description.pc'
[3.770s] Level 1:colcon.colcon_core.environment:checking '/home/spoonge/ros2_ws/src/install/scara_description/lib/python3.12/site-packages'
[3.771s] Level 1:colcon.colcon_core.environment:checking '/home/spoonge/ros2_ws/src/install/scara_description/bin'
[3.771s] INFO:colcon.colcon_core.shell:Creating package script '/home/spoonge/ros2_ws/src/install/scara_description/share/scara_description/package.ps1'
[3.772s] INFO:colcon.colcon_core.shell:Creating package descriptor '/home/spoonge/ros2_ws/src/install/scara_description/share/scara_description/package.dsv'
[3.773s] INFO:colcon.colcon_core.shell:Creating package script '/home/spoonge/ros2_ws/src/install/scara_description/share/scara_description/package.sh'
[3.774s] INFO:colcon.colcon_core.shell:Creating package script '/home/spoonge/ros2_ws/src/install/scara_description/share/scara_description/package.bash'
[3.775s] INFO:colcon.colcon_core.shell:Creating package script '/home/spoonge/ros2_ws/src/install/scara_description/share/scara_description/package.zsh'
[3.776s] Level 1:colcon.colcon_core.environment:create_file_with_runtime_dependencies(/home/spoonge/ros2_ws/src/install/scara_description/share/colcon-core/packages/scara_description)
[3.778s] INFO:colcon.colcon_ros.task.ament_python.build:Building ROS package in '/home/spoonge/ros2_ws/src/scara_application' with build type 'ament_python'
[3.778s] Level 1:colcon.colcon_core.shell:create_environment_hook('scara_application', 'ament_prefix_path')
[3.779s] INFO:colcon.colcon_core.shell:Creating environment hook '/home/spoonge/ros2_ws/src/install/scara_application/share/scara_application/hook/ament_prefix_path.ps1'
[3.780s] INFO:colcon.colcon_core.shell:Creating environment descriptor '/home/spoonge/ros2_ws/src/install/scara_application/share/scara_application/hook/ament_prefix_path.dsv'
[3.781s] INFO:colcon.colcon_core.shell:Creating environment hook '/home/spoonge/ros2_ws/src/install/scara_application/share/scara_application/hook/ament_prefix_path.sh'
[3.783s] INFO:colcon.colcon_core.shell:Skip shell extension 'powershell' for command environment: Not usable outside of PowerShell
[3.783s] DEBUG:colcon.colcon_core.shell:Skip shell extension 'dsv' for command environment
[3.794s] INFO:colcon.colcon_ros.task.ament_python.build:Building ROS package in '/home/spoonge/ros2_ws/src/scara_sim' with build type 'ament_python'
[3.794s] Level 1:colcon.colcon_core.shell:create_environment_hook('scara_sim', 'ament_prefix_path')
[3.795s] INFO:colcon.colcon_core.shell:Creating environment hook '/home/spoonge/ros2_ws/src/install/scara_sim/share/scara_sim/hook/ament_prefix_path.ps1'
[3.796s] INFO:colcon.colcon_core.shell:Creating environment descriptor '/home/spoonge/ros2_ws/src/install/scara_sim/share/scara_sim/hook/ament_prefix_path.dsv'
[3.797s] INFO:colcon.colcon_core.shell:Creating environment hook '/home/spoonge/ros2_ws/src/install/scara_sim/share/scara_sim/hook/ament_prefix_path.sh'
[3.798s] INFO:colcon.colcon_core.shell:Skip shell extension 'powershell' for command environment: Not usable outside of PowerShell
[3.798s] DEBUG:colcon.colcon_core.shell:Skip shell extension 'dsv' for command environment
[4.309s] INFO:colcon.colcon_core.task.python.build:Building Python package in '/home/spoonge/ros2_ws/src/scara_application'
[4.309s] INFO:colcon.colcon_core.shell:Skip shell extension 'powershell' for command environment: Not usable outside of PowerShell
[4.309s] DEBUG:colcon.colcon_core.shell:Skip shell extension 'dsv' for command environment
[4.660s] INFO:colcon.colcon_core.task.python.build:Building Python package in '/home/spoonge/ros2_ws/src/scara_sim'
[4.660s] INFO:colcon.colcon_core.shell:Skip shell extension 'powershell' for command environment: Not usable outside of PowerShell
[4.660s] DEBUG:colcon.colcon_core.shell:Skip shell extension 'dsv' for command environment
[4.666s] DEBUG:colcon.colcon_core.task.python.build:While undoing a previous installation files outside the Python library path are being ignored: /home/spoonge/ros2_ws/src/install/turtlebot_nav_tasks/share/ament_index/resource_index/packages/turtlebot_nav_tasks
[4.666s] DEBUG:colcon.colcon_core.task.python.build:While undoing a previous installation files outside the Python library path are being ignored: /home/spoonge/ros2_ws/src/install/turtlebot_nav_tasks/share/turtlebot_nav_tasks/package.xml
[4.666s] DEBUG:colcon.colcon_core.task.python.build:While undoing a previous installation files outside the Python library path are being ignored: /home/spoonge/ros2_ws/src/install/turtlebot_nav_tasks/share/turtlebot_nav_tasks/launch/nav_optimal_four_demo.launch.py
[4.666s] DEBUG:colcon.colcon_core.task.python.build:While undoing a previous installation files outside the Python library path are being ignored: /home/spoonge/ros2_ws/src/install/turtlebot_nav_tasks/share/turtlebot_nav_tasks/launch/nav_three_points_demo.launch.py
[4.666s] DEBUG:colcon.colcon_core.task.python.build:While undoing a previous installation files outside the Python library path are being ignored: /home/spoonge/ros2_ws/src/install/turtlebot_nav_tasks/lib/turtlebot_nav_tasks/nav_optimal_four
[4.666s] DEBUG:colcon.colcon_core.task.python.build:While undoing a previous installation files outside the Python library path are being ignored: /home/spoonge/ros2_ws/src/install/turtlebot_nav_tasks/lib/turtlebot_nav_tasks/nav_three_points
[4.668s] DEBUG:colcon.colcon_core.event_handler.log_command:Invoking command in '/home/spoonge/ros2_ws/src/build/turtlebot_nav_tasks': DEBUGINFOD_URLS=https://debuginfod.ubuntu.com PYTHONPATH=/home/spoonge/ros2_ws/src/build/turtlebot_nav_tasks/prefix_override:/usr/lib/python3/dist-packages/colcon_core/task/python/colcon_distutils_commands:/home/spoonge/ros2_ws/src/install/turtlebot_nav_tasks/lib/python3.12/site-packages:${PYTHONPATH} /usr/bin/python3 -W ignore:setup.py install is deprecated -W ignore:easy_install command is deprecated setup.py develop --editable --build-directory /home/spoonge/ros2_ws/src/build/turtlebot_nav_tasks/build --no-deps symlink_data --force
[4.671s] DEBUG:colcon.colcon_core.event_handler.log_command:Invoking command in '/home/spoonge/ros2_ws/src/build/listener': DEBUGINFOD_URLS=https://debuginfod.ubuntu.com PYTHONPATH=/home/spoonge/ros2_ws/src/build/listener/prefix_override:/usr/lib/python3/dist-packages/colcon_core/task/python/colcon_distutils_commands:/home/spoonge/ros2_ws/src/install/listener/lib/python3.12/site-packages:${PYTHONPATH} /usr/bin/python3 -W ignore:setup.py install is deprecated -W ignore:easy_install command is deprecated setup.py develop --editable --build-directory /home/spoonge/ros2_ws/src/build/listener/build --no-deps symlink_data
[4.674s] DEBUG:colcon.colcon_core.event_handler.log_command:Invoking command in '/home/spoonge/ros2_ws/src/build/scara_bringup': DEBUGINFOD_URLS=https://debuginfod.ubuntu.com PYTHONPATH=/home/spoonge/ros2_ws/src/build/scara_bringup/prefix_override:/usr/lib/python3/dist-packages/colcon_core/task/python/colcon_distutils_commands:/home/spoonge/ros2_ws/src/install/scara_bringup/lib/python3.12/site-packages:${PYTHONPATH} /usr/bin/python3 -W ignore:setup.py install is deprecated -W ignore:easy_install command is deprecated setup.py develop --editable --build-directory /home/spoonge/ros2_ws/src/build/scara_bringup/build --no-deps symlink_data
[4.675s] Level 1:colcon.colcon_core.environment:create_environment_scripts_only(scara_cnc)
[4.675s] Level 1:colcon.colcon_core.environment:checking '/home/spoonge/ros2_ws/src/install/scara_cnc' for CMake module files
[4.676s] DEBUG:colcon.colcon_core.event_handler.log_command:Invoked command in '/home/spoonge/ros2_ws/src/build/scara_cnc' returned '0': CMAKE_PREFIX_PATH=${CMAKE_PREFIX_PATH}:/home/spoonge/ros2_ws/src/scara_bringup/install/scara_bringup:/opt/ros/jazzy DEBUGINFOD_URLS=https://debuginfod.ubuntu.com /usr/bin/cmake --install /home/spoonge/ros2_ws/src/build/scara_cnc
[4.677s] Level 1:colcon.colcon_core.environment:checking '/home/spoonge/ros2_ws/src/install/scara_cnc' for CMake config files
[4.678s] Level 1:colcon.colcon_core.shell:create_environment_hook('scara_cnc', 'cmake_prefix_path')
[4.679s] INFO:colcon.colcon_core.shell:Creating environment hook '/home/spoonge/ros2_ws/src/install/scara_cnc/share/scara_cnc/hook/cmake_prefix_path.ps1'
[4.679s] INFO:colcon.colcon_core.shell:Creating environment descriptor '/home/spoonge/ros2_ws/src/install/scara_cnc/share/scara_cnc/hook/cmake_prefix_path.dsv'
[4.680s] INFO:colcon.colcon_core.shell:Creating environment hook '/home/spoonge/ros2_ws/src/install/scara_cnc/share/scara_cnc/hook/cmake_prefix_path.sh'
[4.681s] Level 1:colcon.colcon_core.environment:checking '/home/spoonge/ros2_ws/src/install/scara_cnc/bin'
[4.681s] Level 1:colcon.colcon_core.environment:checking '/home/spoonge/ros2_ws/src/install/scara_cnc/lib/pkgconfig/scara_cnc.pc'
[4.681s] Level 1:colcon.colcon_core.environment:checking '/home/spoonge/ros2_ws/src/install/scara_cnc/lib/python3.12/site-packages'
[4.682s] Level 1:colcon.colcon_core.environment:checking '/home/spoonge/ros2_ws/src/install/scara_cnc/bin'
[4.682s] INFO:colcon.colcon_core.shell:Creating package script '/home/spoonge/ros2_ws/src/install/scara_cnc/share/scara_cnc/package.ps1'
[4.683s] INFO:colcon.colcon_core.shell:Creating package descriptor '/home/spoonge/ros2_ws/src/install/scara_cnc/share/scara_cnc/package.dsv'
[4.684s] INFO:colcon.colcon_core.shell:Creating package script '/home/spoonge/ros2_ws/src/install/scara_cnc/share/scara_cnc/package.sh'
[4.684s] INFO:colcon.colcon_core.shell:Creating package script '/home/spoonge/ros2_ws/src/install/scara_cnc/share/scara_cnc/package.bash'
[4.685s] INFO:colcon.colcon_core.shell:Creating package script '/home/spoonge/ros2_ws/src/install/scara_cnc/share/scara_cnc/package.zsh'
[4.685s] Level 1:colcon.colcon_core.environment:create_file_with_runtime_dependencies(/home/spoonge/ros2_ws/src/install/scara_cnc/share/colcon-core/packages/scara_cnc)
[4.686s] Level 1:colcon.colcon_core.environment:create_environment_scripts_only(scara_cnc)
[4.686s] Level 1:colcon.colcon_core.environment:checking '/home/spoonge/ros2_ws/src/install/scara_cnc' for CMake module files
[4.687s] Level 1:colcon.colcon_core.environment:checking '/home/spoonge/ros2_ws/src/install/scara_cnc' for CMake config files
[4.688s] Level 1:colcon.colcon_core.shell:create_environment_hook('scara_cnc', 'cmake_prefix_path')
[4.689s] INFO:colcon.colcon_core.shell:Creating environment hook '/home/spoonge/ros2_ws/src/install/scara_cnc/share/scara_cnc/hook/cmake_prefix_path.ps1'
[4.690s] INFO:colcon.colcon_core.shell:Creating environment descriptor '/home/spoonge/ros2_ws/src/install/scara_cnc/share/scara_cnc/hook/cmake_prefix_path.dsv'
[4.690s] INFO:colcon.colcon_core.shell:Creating environment hook '/home/spoonge/ros2_ws/src/install/scara_cnc/share/scara_cnc/hook/cmake_prefix_path.sh'
[4.691s] Level 1:colcon.colcon_core.environment:checking '/home/spoonge/ros2_ws/src/install/scara_cnc/bin'
[4.691s] Level 1:colcon.colcon_core.environment:checking '/home/spoonge/ros2_ws/src/install/scara_cnc/lib/pkgconfig/scara_cnc.pc'
[4.692s] Level 1:colcon.colcon_core.environment:checking '/home/spoonge/ros2_ws/src/install/scara_cnc/lib/python3.12/site-packages'
[4.692s] Level 1:colcon.colcon_core.environment:checking '/home/spoonge/ros2_ws/src/install/scara_cnc/bin'
[4.692s] INFO:colcon.colcon_core.shell:Creating package script '/home/spoonge/ros2_ws/src/install/scara_cnc/share/scara_cnc/package.ps1'
[4.693s] INFO:colcon.colcon_core.shell:Creating package descriptor '/home/spoonge/ros2_ws/src/install/scara_cnc/share/scara_cnc/package.dsv'
[4.694s] INFO:colcon.colcon_core.shell:Creating package script '/home/spoonge/ros2_ws/src/install/scara_cnc/share/scara_cnc/package.sh'
[4.695s] INFO:colcon.colcon_core.shell:Creating package script '/home/spoonge/ros2_ws/src/install/scara_cnc/share/scara_cnc/package.bash'
[4.696s] INFO:colcon.colcon_core.shell:Creating package script '/home/spoonge/ros2_ws/src/install/scara_cnc/share/scara_cnc/package.zsh'
[4.697s] Level 1:colcon.colcon_core.environment:create_file_with_runtime_dependencies(/home/spoonge/ros2_ws/src/install/scara_cnc/share/colcon-core/packages/scara_cnc)
[4.698s] INFO:colcon.colcon_ros.task.ament_cmake.build:Building ROS package in '/home/spoonge/ros2_ws/src/scara_moveit_config' with build type 'ament_cmake'
[4.698s] INFO:colcon.colcon_cmake.task.cmake.build:Building CMake package in '/home/spoonge/ros2_ws/src/scara_moveit_config'
[4.699s] INFO:colcon.colcon_core.shell:Skip shell extension 'powershell' for command environment: Not usable outside of PowerShell
[4.699s] DEBUG:colcon.colcon_core.shell:Skip shell extension 'dsv' for command environment
[4.712s] DEBUG:colcon.colcon_core.event_handler.log_command:Invoking command in '/home/spoonge/ros2_ws/src/build/my_turtle_controller': DEBUGINFOD_URLS=https://debuginfod.ubuntu.com PYTHONPATH=/home/spoonge/ros2_ws/src/build/my_turtle_controller/prefix_override:/usr/lib/python3/dist-packages/colcon_core/task/python/colcon_distutils_commands:/home/spoonge/ros2_ws/src/install/my_turtle_controller/lib/python3.12/site-packages:${PYTHONPATH} /usr/bin/python3 -W ignore:setup.py install is deprecated -W ignore:easy_install command is deprecated setup.py develop --editable --build-directory /home/spoonge/ros2_ws/src/build/my_turtle_controller/build --no-deps symlink_data
[4.715s] DEBUG:colcon.colcon_core.event_handler.log_command:Invoking command in '/home/spoonge/ros2_ws/src/build/tb3_aruco_mission': DEBUGINFOD_URLS=https://debuginfod.ubuntu.com PYTHONPATH=/home/spoonge/ros2_ws/src/build/tb3_aruco_mission/prefix_override:/usr/lib/python3/dist-packages/colcon_core/task/python/colcon_distutils_commands:/home/spoonge/ros2_ws/src/install/tb3_aruco_mission/lib/python3.12/site-packages:${PYTHONPATH} /usr/bin/python3 -W ignore:setup.py install is deprecated -W ignore:easy_install command is deprecated setup.py develop --editable --build-directory /home/spoonge/ros2_ws/src/build/tb3_aruco_mission/build --no-deps symlink_data
[4.732s] DEBUG:colcon.colcon_core.event_handler.log_command:Invoking command in '/home/spoonge/ros2_ws/src/build/scara_moveit_config': AMENT_PREFIX_PATH=/home/spoonge/ros2_ws/src/install/scara_cnc:${AMENT_PREFIX_PATH} CMAKE_PREFIX_PATH=/home/spoonge/ros2_ws/src/install/scara_cnc:/opt/ros/jazzy/opt/gz_sim_vendor:/opt/ros/jazzy/opt/gz_sensors_vendor:/opt/ros/jazzy/opt/gz_physics_vendor:/opt/ros/jazzy/opt/sdformat_vendor:/opt/ros/jazzy/opt/gz_gui_vendor:/opt/ros/jazzy/opt/gz_transport_vendor:/opt/ros/jazzy/opt/gz_rendering_vendor:/opt/ros/jazzy/opt/gz_plugin_vendor:/opt/ros/jazzy/opt/gz_fuel_tools_vendor:/opt/ros/jazzy/opt/gz_msgs_vendor:/opt/ros/jazzy/opt/gz_common_vendor:/opt/ros/jazzy/opt/gz_math_vendor:/opt/ros/jazzy/opt/gz_utils_vendor:/opt/ros/jazzy/opt/gz_tools_vendor:/opt/ros/jazzy/opt/gz_ogre_next_vendor:/opt/ros/jazzy/opt/gz_dartsim_vendor:/opt/ros/jazzy/opt/gz_cmake_vendor:/home/spoonge/ros2_ws/src/scara_bringup/install/scara_bringup:/opt/ros/jazzy DEBUGINFOD_URLS=https://debuginfod.ubuntu.com /usr/bin/cmake /home/spoonge/ros2_ws/src/scara_moveit_config -DAMENT_CMAKE_SYMLINK_INSTALL=1 -DCMAKE_INSTALL_PREFIX=/home/spoonge/ros2_ws/src/install/scara_moveit_config
[5.101s] DEBUG:colcon.colcon_core.event_handler.log_command:Invoked command in '/home/spoonge/ros2_ws/src/build/turtlebot3_gazebo' returned '0': CMAKE_PREFIX_PATH=${CMAKE_PREFIX_PATH}:/home/spoonge/ros2_ws/src/scara_bringup/install/scara_bringup:/opt/ros/jazzy DEBUGINFOD_URLS=https://debuginfod.ubuntu.com /usr/bin/cmake /home/spoonge/ros2_ws/src/turtlebot3_simulations/turtlebot3_gazebo -DAMENT_CMAKE_SYMLINK_INSTALL=1 -DCMAKE_INSTALL_PREFIX=/home/spoonge/ros2_ws/src/install/turtlebot3_gazebo
[5.104s] DEBUG:colcon.colcon_core.event_handler.log_command:Invoking command in '/home/spoonge/ros2_ws/src/build/turtlebot3_gazebo': CMAKE_PREFIX_PATH=${CMAKE_PREFIX_PATH}:/home/spoonge/ros2_ws/src/scara_bringup/install/scara_bringup:/opt/ros/jazzy DEBUGINFOD_URLS=https://debuginfod.ubuntu.com /usr/bin/cmake --build /home/spoonge/ros2_ws/src/build/turtlebot3_gazebo -- -j12 -l12
[6.874s] Level 1:colcon.colcon_core.shell:create_environment_hook('scara_bringup', 'pythonpath_develop')
[6.875s] DEBUG:colcon.colcon_core.event_handler.log_command:Invoked command in '/home/spoonge/ros2_ws/src/build/scara_bringup' returned '0': DEBUGINFOD_URLS=https://debuginfod.ubuntu.com PYTHONPATH=/home/spoonge/ros2_ws/src/build/scara_bringup/prefix_override:/usr/lib/python3/dist-packages/colcon_core/task/python/colcon_distutils_commands:/home/spoonge/ros2_ws/src/install/scara_bringup/lib/python3.12/site-packages:${PYTHONPATH} /usr/bin/python3 -W ignore:setup.py install is deprecated -W ignore:easy_install command is deprecated setup.py develop --editable --build-directory /home/spoonge/ros2_ws/src/build/scara_bringup/build --no-deps symlink_data
[6.876s] INFO:colcon.colcon_core.shell:Creating environment hook '/home/spoonge/ros2_ws/src/build/scara_bringup/share/scara_bringup/hook/pythonpath_develop.ps1'
[6.877s] INFO:colcon.colcon_core.shell:Creating environment descriptor '/home/spoonge/ros2_ws/src/build/scara_bringup/share/scara_bringup/hook/pythonpath_develop.dsv'
[6.878s] INFO:colcon.colcon_core.shell:Creating environment hook '/home/spoonge/ros2_ws/src/build/scara_bringup/share/scara_bringup/hook/pythonpath_develop.sh'
[6.879s] Level 1:colcon.colcon_core.environment:checking '/home/spoonge/ros2_ws/src/install/scara_bringup' for CMake module files
[6.880s] Level 1:colcon.colcon_core.environment:checking '/home/spoonge/ros2_ws/src/install/scara_bringup' for CMake config files
[6.881s] Level 1:colcon.colcon_core.environment:checking '/home/spoonge/ros2_ws/src/install/scara_bringup/lib'
[6.882s] Level 1:colcon.colcon_core.environment:checking '/home/spoonge/ros2_ws/src/install/scara_bringup/bin'
[6.882s] Level 1:colcon.colcon_core.environment:checking '/home/spoonge/ros2_ws/src/install/scara_bringup/lib/pkgconfig/scara_bringup.pc'
[6.882s] Level 1:colcon.colcon_core.environment:checking '/home/spoonge/ros2_ws/src/install/scara_bringup/lib/python3.12/site-packages'
[6.882s] Level 1:colcon.colcon_core.shell:create_environment_hook('scara_bringup', 'pythonpath')
[6.883s] INFO:colcon.colcon_core.shell:Creating environment hook '/home/spoonge/ros2_ws/src/install/scara_bringup/share/scara_bringup/hook/pythonpath.ps1'
[6.884s] INFO:colcon.colcon_core.shell:Creating environment descriptor '/home/spoonge/ros2_ws/src/install/scara_bringup/share/scara_bringup/hook/pythonpath.dsv'
[6.885s] INFO:colcon.colcon_core.shell:Creating environment hook '/home/spoonge/ros2_ws/src/install/scara_bringup/share/scara_bringup/hook/pythonpath.sh'
[6.886s] Level 1:colcon.colcon_core.environment:checking '/home/spoonge/ros2_ws/src/install/scara_bringup/bin'
[6.887s] Level 1:colcon.colcon_core.environment:create_environment_scripts_only(scara_bringup)
[6.887s] INFO:colcon.colcon_core.shell:Creating package script '/home/spoonge/ros2_ws/src/install/scara_bringup/share/scara_bringup/package.ps1'
[6.889s] INFO:colcon.colcon_core.shell:Creating package descriptor '/home/spoonge/ros2_ws/src/install/scara_bringup/share/scara_bringup/package.dsv'
[6.890s] INFO:colcon.colcon_core.shell:Creating package script '/home/spoonge/ros2_ws/src/install/scara_bringup/share/scara_bringup/package.sh'
[6.891s] INFO:colcon.colcon_core.shell:Creating package script '/home/spoonge/ros2_ws/src/install/scara_bringup/share/scara_bringup/package.bash'
[6.892s] INFO:colcon.colcon_core.shell:Creating package script '/home/spoonge/ros2_ws/src/install/scara_bringup/share/scara_bringup/package.zsh'
[6.893s] Level 1:colcon.colcon_core.environment:create_file_with_runtime_dependencies(/home/spoonge/ros2_ws/src/install/scara_bringup/share/colcon-core/packages/scara_bringup)
[6.913s] DEBUG:colcon.colcon_core.event_handler.log_command:Invoked command in '/home/spoonge/ros2_ws/src/build/turtlebot_nav_tasks' returned '1': DEBUGINFOD_URLS=https://debuginfod.ubuntu.com PYTHONPATH=/home/spoonge/ros2_ws/src/build/turtlebot_nav_tasks/prefix_override:/usr/lib/python3/dist-packages/colcon_core/task/python/colcon_distutils_commands:/home/spoonge/ros2_ws/src/install/turtlebot_nav_tasks/lib/python3.12/site-packages:${PYTHONPATH} /usr/bin/python3 -W ignore:setup.py install is deprecated -W ignore:easy_install command is deprecated setup.py develop --editable --build-directory /home/spoonge/ros2_ws/src/build/turtlebot_nav_tasks/build --no-deps symlink_data --force
[16.664s] DEBUG:colcon.colcon_parallel_executor.executor.parallel:closing loop
[16.665s] DEBUG:colcon.colcon_parallel_executor.executor.parallel:loop closed
[16.665s] DEBUG:colcon.colcon_parallel_executor.executor.parallel:run_until_complete finished with '1'
[16.665s] DEBUG:colcon.colcon_core.event_reactor:joining thread
[16.673s] INFO:colcon.colcon_core.plugin_system:Skipping extension 'colcon_notification.desktop_notification.terminal_notifier': Not used on non-Darwin systems
[16.673s] INFO:colcon.colcon_core.plugin_system:Skipping extension 'colcon_notification.desktop_notification.win32': Not used on non-Windows systems
[16.673s] INFO:colcon.colcon_notification.desktop_notification:Sending desktop notification using 'notify2'
[16.690s] DEBUG:colcon.colcon_core.event_reactor:joined thread
[16.690s] INFO:colcon.colcon_core.shell:Creating prefix script '/home/spoonge/ros2_ws/src/install/local_setup.ps1'
[16.691s] INFO:colcon.colcon_core.shell:Creating prefix util module '/home/spoonge/ros2_ws/src/install/_local_setup_util_ps1.py'
[16.692s] INFO:colcon.colcon_core.shell:Creating prefix chain script '/home/spoonge/ros2_ws/src/install/setup.ps1'
[16.693s] INFO:colcon.colcon_core.shell:Creating prefix script '/home/spoonge/ros2_ws/src/install/local_setup.sh'
[16.693s] INFO:colcon.colcon_core.shell:Creating prefix util module '/home/spoonge/ros2_ws/src/install/_local_setup_util_sh.py'
[16.694s] INFO:colcon.colcon_core.shell:Creating prefix chain script '/home/spoonge/ros2_ws/src/install/setup.sh'
[16.695s] INFO:colcon.colcon_core.shell:Creating prefix script '/home/spoonge/ros2_ws/src/install/local_setup.bash'
[16.696s] INFO:colcon.colcon_core.shell:Creating prefix chain script '/home/spoonge/ros2_ws/src/install/setup.bash'
[16.697s] INFO:colcon.colcon_core.shell:Creating prefix script '/home/spoonge/ros2_ws/src/install/local_setup.zsh'
[16.697s] INFO:colcon.colcon_core.shell:Creating prefix chain script '/home/spoonge/ros2_ws/src/install/setup.zsh'
