[0.037s] Invoking command in '/home/spoonge/Projects/Scara_arm_CNC/build/scara_moveit_config': AMENT_PREFIX_PATH=/home/spoonge/Projects/Scara_arm_CNC/install/scara_cnc:${AMENT_PREFIX_PATH} CMAKE_PREFIX_PATH=/home/spoonge/Projects/Scara_arm_CNC/install/scara_cnc:/home/spoonge/Projects/Scara_arm_CNC/ros2_ws/install/scara_mtc:/home/spoonge/Projects/Scara_arm_CNC/ros2_ws/install/scara_moveit_config:/home/spoonge/Projects/Scara_arm_CNC/ros2_ws/install/scara_description:/home/spoonge/Projects/Scara_arm_CNC/ros2_ws/install/scara_control:/home/spoonge/Projects/Scara_arm_CNC/ros2_ws/install/scara_cnc:/opt/ros/jazzy/opt/gz_sim_vendor:/opt/ros/jazzy/opt/gz_sensors_vendor:/opt/ros/jazzy/opt/gz_physics_vendor:/opt/ros/jazzy/opt/sdformat_vendor:/opt/ros/jazzy/opt/gz_gui_vendor:/opt/ros/jazzy/opt/gz_transport_vendor:/opt/ros/jazzy/opt/gz_rendering_vendor:/opt/ros/jazzy/opt/gz_plugin_vendor:/opt/ros/jazzy/opt/gz_fuel_tools_vendor:/opt/ros/jazzy/opt/gz_msgs_vendor:/opt/ros/jazzy/opt/gz_common_vendor:/opt/ros/jazzy/opt/gz_math_vendor:/opt/ros/jazzy/opt/gz_utils_vendor:/opt/ros/jazzy/opt/gz_tools_vendor:/opt/ros/jazzy/opt/gz_ogre_next_vendor:/opt/ros/jazzy/opt/gz_dartsim_vendor:/opt/ros/jazzy/opt/gz_cmake_vendor:/home/spoonge/Projects/Scara_arm_CNC/ros2_ws/install/scara_sim:/home/spoonge/Projects/Scara_arm_CNC/ros2_ws/install/scara_application:/home/spoonge/Projects/Scara_arm_CNC/ros2_ws/install/scara_bringup:/home/spoonge/Projects/Scara_arm_CNC/ros2_ws/install/listener:/opt/ros/jazzy DEBUGINFOD_URLS=https://debuginfod.ubuntu.com /usr/bin/cmake /home/spoonge/Projects/Scara_arm_CNC/ros2_ws/src/scara_moveit_config -DCMAKE_INSTALL_PREFIX=/home/spoonge/Projects/Scara_arm_CNC/install/scara_moveit_config
[0.115s] -- The C compiler identification is GNU 13.3.0
[0.182s] -- The CXX compiler identification is GNU 13.3.0
[0.205s] -- Detecting C compiler ABI info
[0.321s] -- Detecting C compiler ABI info - done
[0.331s] -- Check for working C compiler: /usr/bin/cc - skipped
[0.331s] -- Detecting C compile features
[0.332s] -- Detecting C compile features - done
[0.344s] -- Detecting CXX compiler ABI info
[0.480s] -- Detecting CXX compiler ABI info - done
[0.497s] -- Check for working CXX compiler: /usr/bin/c++ - skipped
[0.497s] -- Detecting CXX compile features
[0.498s] -- Detecting CXX compile features - done
[0.507s] -- Found ament_cmake: 2.5.5 (/opt/ros/jazzy/share/ament_cmake/cmake)
[0.777s] -- Found Python3: /usr/bin/python3 (found version "3.12.3") found components: Interpreter 
[1.166s] -- Configuring done (1.1s)
[1.170s] -- Generating done (0.0s)
[1.172s] -- Build files have been written to: /home/spoonge/Projects/Scara_arm_CNC/build/scara_moveit_config
[1.177s] Invoked command in '/home/spoonge/Projects/Scara_arm_CNC/build/scara_moveit_config' returned '0': AMENT_PREFIX_PATH=/home/spoonge/Projects/Scara_arm_CNC/install/scara_cnc:${AMENT_PREFIX_PATH} CMAKE_PREFIX_PATH=/home/spoonge/Projects/Scara_arm_CNC/install/scara_cnc:/home/spoonge/Projects/Scara_arm_CNC/ros2_ws/install/scara_mtc:/home/spoonge/Projects/Scara_arm_CNC/ros2_ws/install/scara_moveit_config:/home/spoonge/Projects/Scara_arm_CNC/ros2_ws/install/scara_description:/home/spoonge/Projects/Scara_arm_CNC/ros2_ws/install/scara_control:/home/spoonge/Projects/Scara_arm_CNC/ros2_ws/install/scara_cnc:/opt/ros/jazzy/opt/gz_sim_vendor:/opt/ros/jazzy/opt/gz_sensors_vendor:/opt/ros/jazzy/opt/gz_physics_vendor:/opt/ros/jazzy/opt/sdformat_vendor:/opt/ros/jazzy/opt/gz_gui_vendor:/opt/ros/jazzy/opt/gz_transport_vendor:/opt/ros/jazzy/opt/gz_rendering_vendor:/opt/ros/jazzy/opt/gz_plugin_vendor:/opt/ros/jazzy/opt/gz_fuel_tools_vendor:/opt/ros/jazzy/opt/gz_msgs_vendor:/opt/ros/jazzy/opt/gz_common_vendor:/opt/ros/jazzy/opt/gz_math_vendor:/opt/ros/jazzy/opt/gz_utils_vendor:/opt/ros/jazzy/opt/gz_tools_vendor:/opt/ros/jazzy/opt/gz_ogre_next_vendor:/opt/ros/jazzy/opt/gz_dartsim_vendor:/opt/ros/jazzy/opt/gz_cmake_vendor:/home/spoonge/Projects/Scara_arm_CNC/ros2_ws/install/scara_sim:/home/spoonge/Projects/Scara_arm_CNC/ros2_ws/install/scara_application:/home/spoonge/Projects/Scara_arm_CNC/ros2_ws/install/scara_bringup:/home/spoonge/Projects/Scara_arm_CNC/ros2_ws/install/listener:/opt/ros/jazzy DEBUGINFOD_URLS=https://debuginfod.ubuntu.com /usr/bin/cmake /home/spoonge/Projects/Scara_arm_CNC/ros2_ws/src/scara_moveit_config -DCMAKE_INSTALL_PREFIX=/home/spoonge/Projects/Scara_arm_CNC/install/scara_moveit_config
[1.179s] Invoking command in '/home/spoonge/Projects/Scara_arm_CNC/build/scara_moveit_config': AMENT_PREFIX_PATH=/home/spoonge/Projects/Scara_arm_CNC/install/scara_cnc:${AMENT_PREFIX_PATH} CMAKE_PREFIX_PATH=/home/spoonge/Projects/Scara_arm_CNC/install/scara_cnc:/home/spoonge/Projects/Scara_arm_CNC/ros2_ws/install/scara_mtc:/home/spoonge/Projects/Scara_arm_CNC/ros2_ws/install/scara_moveit_config:/home/spoonge/Projects/Scara_arm_CNC/ros2_ws/install/scara_description:/home/spoonge/Projects/Scara_arm_CNC/ros2_ws/install/scara_control:/home/spoonge/Projects/Scara_arm_CNC/ros2_ws/install/scara_cnc:/opt/ros/jazzy/opt/gz_sim_vendor:/opt/ros/jazzy/opt/gz_sensors_vendor:/opt/ros/jazzy/opt/gz_physics_vendor:/opt/ros/jazzy/opt/sdformat_vendor:/opt/ros/jazzy/opt/gz_gui_vendor:/opt/ros/jazzy/opt/gz_transport_vendor:/opt/ros/jazzy/opt/gz_rendering_vendor:/opt/ros/jazzy/opt/gz_plugin_vendor:/opt/ros/jazzy/opt/gz_fuel_tools_vendor:/opt/ros/jazzy/opt/gz_msgs_vendor:/opt/ros/jazzy/opt/gz_common_vendor:/opt/ros/jazzy/opt/gz_math_vendor:/opt/ros/jazzy/opt/gz_utils_vendor:/opt/ros/jazzy/opt/gz_tools_vendor:/opt/ros/jazzy/opt/gz_ogre_next_vendor:/opt/ros/jazzy/opt/gz_dartsim_vendor:/opt/ros/jazzy/opt/gz_cmake_vendor:/home/spoonge/Projects/Scara_arm_CNC/ros2_ws/install/scara_sim:/home/spoonge/Projects/Scara_arm_CNC/ros2_ws/install/scara_application:/home/spoonge/Projects/Scara_arm_CNC/ros2_ws/install/scara_bringup:/home/spoonge/Projects/Scara_arm_CNC/ros2_ws/install/listener:/opt/ros/jazzy DEBUGINFOD_URLS=https://debuginfod.ubuntu.com /usr/bin/cmake --build /home/spoonge/Projects/Scara_arm_CNC/build/scara_moveit_config -- -j12 -l12
[1.237s] Invoked command in '/home/spoonge/Projects/Scara_arm_CNC/build/scara_moveit_config' returned '0': AMENT_PREFIX_PATH=/home/spoonge/Projects/Scara_arm_CNC/install/scara_cnc:${AMENT_PREFIX_PATH} CMAKE_PREFIX_PATH=/home/spoonge/Projects/Scara_arm_CNC/install/scara_cnc:/home/spoonge/Projects/Scara_arm_CNC/ros2_ws/install/scara_mtc:/home/spoonge/Projects/Scara_arm_CNC/ros2_ws/install/scara_moveit_config:/home/spoonge/Projects/Scara_arm_CNC/ros2_ws/install/scara_description:/home/spoonge/Projects/Scara_arm_CNC/ros2_ws/install/scara_control:/home/spoonge/Projects/Scara_arm_CNC/ros2_ws/install/scara_cnc:/opt/ros/jazzy/opt/gz_sim_vendor:/opt/ros/jazzy/opt/gz_sensors_vendor:/opt/ros/jazzy/opt/gz_physics_vendor:/opt/ros/jazzy/opt/sdformat_vendor:/opt/ros/jazzy/opt/gz_gui_vendor:/opt/ros/jazzy/opt/gz_transport_vendor:/opt/ros/jazzy/opt/gz_rendering_vendor:/opt/ros/jazzy/opt/gz_plugin_vendor:/opt/ros/jazzy/opt/gz_fuel_tools_vendor:/opt/ros/jazzy/opt/gz_msgs_vendor:/opt/ros/jazzy/opt/gz_common_vendor:/opt/ros/jazzy/opt/gz_math_vendor:/opt/ros/jazzy/opt/gz_utils_vendor:/opt/ros/jazzy/opt/gz_tools_vendor:/opt/ros/jazzy/opt/gz_ogre_next_vendor:/opt/ros/jazzy/opt/gz_dartsim_vendor:/opt/ros/jazzy/opt/gz_cmake_vendor:/home/spoonge/Projects/Scara_arm_CNC/ros2_ws/install/scara_sim:/home/spoonge/Projects/Scara_arm_CNC/ros2_ws/install/scara_application:/home/spoonge/Projects/Scara_arm_CNC/ros2_ws/install/scara_bringup:/home/spoonge/Projects/Scara_arm_CNC/ros2_ws/install/listener:/opt/ros/jazzy DEBUGINFOD_URLS=https://debuginfod.ubuntu.com /usr/bin/cmake --build /home/spoonge/Projects/Scara_arm_CNC/build/scara_moveit_config -- -j12 -l12
[1.238s] Invoking command in '/home/spoonge/Projects/Scara_arm_CNC/build/scara_moveit_config': AMENT_PREFIX_PATH=/home/spoonge/Projects/Scara_arm_CNC/install/scara_cnc:${AMENT_PREFIX_PATH} CMAKE_PREFIX_PATH=/home/spoonge/Projects/Scara_arm_CNC/install/scara_cnc:/home/spoonge/Projects/Scara_arm_CNC/ros2_ws/install/scara_mtc:/home/spoonge/Projects/Scara_arm_CNC/ros2_ws/install/scara_moveit_config:/home/spoonge/Projects/Scara_arm_CNC/ros2_ws/install/scara_description:/home/spoonge/Projects/Scara_arm_CNC/ros2_ws/install/scara_control:/home/spoonge/Projects/Scara_arm_CNC/ros2_ws/install/scara_cnc:/opt/ros/jazzy/opt/gz_sim_vendor:/opt/ros/jazzy/opt/gz_sensors_vendor:/opt/ros/jazzy/opt/gz_physics_vendor:/opt/ros/jazzy/opt/sdformat_vendor:/opt/ros/jazzy/opt/gz_gui_vendor:/opt/ros/jazzy/opt/gz_transport_vendor:/opt/ros/jazzy/opt/gz_rendering_vendor:/opt/ros/jazzy/opt/gz_plugin_vendor:/opt/ros/jazzy/opt/gz_fuel_tools_vendor:/opt/ros/jazzy/opt/gz_msgs_vendor:/opt/ros/jazzy/opt/gz_common_vendor:/opt/ros/jazzy/opt/gz_math_vendor:/opt/ros/jazzy/opt/gz_utils_vendor:/opt/ros/jazzy/opt/gz_tools_vendor:/opt/ros/jazzy/opt/gz_ogre_next_vendor:/opt/ros/jazzy/opt/gz_dartsim_vendor:/opt/ros/jazzy/opt/gz_cmake_vendor:/home/spoonge/Projects/Scara_arm_CNC/ros2_ws/install/scara_sim:/home/spoonge/Projects/Scara_arm_CNC/ros2_ws/install/scara_application:/home/spoonge/Projects/Scara_arm_CNC/ros2_ws/install/scara_bringup:/home/spoonge/Projects/Scara_arm_CNC/ros2_ws/install/listener:/opt/ros/jazzy DEBUGINFOD_URLS=https://debuginfod.ubuntu.com /usr/bin/cmake --install /home/spoonge/Projects/Scara_arm_CNC/build/scara_moveit_config
[1.253s] -- Install configuration: ""
[1.253s] -- Installing: /home/spoonge/Projects/Scara_arm_CNC/install/scara_moveit_config/share/ament_index/resource_index/package_run_dependencies/scara_moveit_config
[1.253s] -- Installing: /home/spoonge/Projects/Scara_arm_CNC/install/scara_moveit_config/share/ament_index/resource_index/parent_prefix_path/scara_moveit_config
[1.254s] -- Installing: /home/spoonge/Projects/Scara_arm_CNC/install/scara_moveit_config/share/scara_moveit_config/environment/ament_prefix_path.sh
[1.254s] -- Installing: /home/spoonge/Projects/Scara_arm_CNC/install/scara_moveit_config/share/scara_moveit_config/environment/ament_prefix_path.dsv
[1.255s] -- Installing: /home/spoonge/Projects/Scara_arm_CNC/install/scara_moveit_config/share/scara_moveit_config/environment/path.sh
[1.255s] -- Installing: /home/spoonge/Projects/Scara_arm_CNC/install/scara_moveit_config/share/scara_moveit_config/environment/path.dsv
[1.255s] -- Installing: /home/spoonge/Projects/Scara_arm_CNC/install/scara_moveit_config/share/scara_moveit_config/local_setup.bash
[1.255s] -- Installing: /home/spoonge/Projects/Scara_arm_CNC/install/scara_moveit_config/share/scara_moveit_config/local_setup.sh
[1.256s] -- Installing: /home/spoonge/Projects/Scara_arm_CNC/install/scara_moveit_config/share/scara_moveit_config/local_setup.zsh
[1.256s] -- Installing: /home/spoonge/Projects/Scara_arm_CNC/install/scara_moveit_config/share/scara_moveit_config/local_setup.dsv
[1.256s] -- Installing: /home/spoonge/Projects/Scara_arm_CNC/install/scara_moveit_config/share/scara_moveit_config/package.dsv
[1.256s] -- Installing: /home/spoonge/Projects/Scara_arm_CNC/install/scara_moveit_config/share/ament_index/resource_index/packages/scara_moveit_config
[1.256s] -- Installing: /home/spoonge/Projects/Scara_arm_CNC/install/scara_moveit_config/share/scara_moveit_config/cmake/scara_moveit_configConfig.cmake
[1.257s] -- Installing: /home/spoonge/Projects/Scara_arm_CNC/install/scara_moveit_config/share/scara_moveit_config/cmake/scara_moveit_configConfig-version.cmake
[1.257s] -- Installing: /home/spoonge/Projects/Scara_arm_CNC/install/scara_moveit_config/share/scara_moveit_config/package.xml
[1.257s] -- Installing: /home/spoonge/Projects/Scara_arm_CNC/install/scara_moveit_config/share/scara_moveit_config/launch
[1.257s] -- Installing: /home/spoonge/Projects/Scara_arm_CNC/install/scara_moveit_config/share/scara_moveit_config/launch/demo.launch.py
[1.257s] -- Installing: /home/spoonge/Projects/Scara_arm_CNC/install/scara_moveit_config/share/scara_moveit_config/launch/rsp.launch.py
[1.257s] -- Installing: /home/spoonge/Projects/Scara_arm_CNC/install/scara_moveit_config/share/scara_moveit_config/launch/spawn_controllers.launch.py
[1.258s] -- Installing: /home/spoonge/Projects/Scara_arm_CNC/install/scara_moveit_config/share/scara_moveit_config/launch/static_virtual_joint_tfs.launch.py
[1.258s] -- Installing: /home/spoonge/Projects/Scara_arm_CNC/install/scara_moveit_config/share/scara_moveit_config/launch/move_group.launch.py
[1.258s] -- Installing: /home/spoonge/Projects/Scara_arm_CNC/install/scara_moveit_config/share/scara_moveit_config/launch/warehouse_db.launch.py
[1.258s] -- Installing: /home/spoonge/Projects/Scara_arm_CNC/install/scara_moveit_config/share/scara_moveit_config/launch/setup_assistant.launch.py
[1.259s] -- Installing: /home/spoonge/Projects/Scara_arm_CNC/install/scara_moveit_config/share/scara_moveit_config/launch/moveit_rviz.launch.py
[1.260s] -- Installing: /home/spoonge/Projects/Scara_arm_CNC/install/scara_moveit_config/share/scara_moveit_config/config
[1.260s] -- Installing: /home/spoonge/Projects/Scara_arm_CNC/install/scara_moveit_config/share/scara_moveit_config/config/scara.ros2_control.xacro
[1.260s] -- Installing: /home/spoonge/Projects/Scara_arm_CNC/install/scara_moveit_config/share/scara_moveit_config/config/moveit_controllers.yaml
[1.260s] -- Installing: /home/spoonge/Projects/Scara_arm_CNC/install/scara_moveit_config/share/scara_moveit_config/config/joint_limits.yaml
[1.260s] -- Installing: /home/spoonge/Projects/Scara_arm_CNC/install/scara_moveit_config/share/scara_moveit_config/config/scara.urdf
[1.260s] -- Installing: /home/spoonge/Projects/Scara_arm_CNC/install/scara_moveit_config/share/scara_moveit_config/config/moveit.rviz
[1.261s] -- Installing: /home/spoonge/Projects/Scara_arm_CNC/install/scara_moveit_config/share/scara_moveit_config/config/sensors_3d.yaml
[1.261s] -- Installing: /home/spoonge/Projects/Scara_arm_CNC/install/scara_moveit_config/share/scara_moveit_config/config/scara.urdf.xacro
[1.261s] -- Installing: /home/spoonge/Projects/Scara_arm_CNC/install/scara_moveit_config/share/scara_moveit_config/config/scara.srdf
[1.261s] -- Installing: /home/spoonge/Projects/Scara_arm_CNC/install/scara_moveit_config/share/scara_moveit_config/config/pilz_cartesian_limits.yaml
[1.262s] -- Installing: /home/spoonge/Projects/Scara_arm_CNC/install/scara_moveit_config/share/scara_moveit_config/config/ros2_controllers.yaml
[1.262s] -- Installing: /home/spoonge/Projects/Scara_arm_CNC/install/scara_moveit_config/share/scara_moveit_config/config/initial_positions.yaml
[1.262s] -- Installing: /home/spoonge/Projects/Scara_arm_CNC/install/scara_moveit_config/share/scara_moveit_config/config/kinematics.yaml
[1.263s] -- Installing: /home/spoonge/Projects/Scara_arm_CNC/install/scara_moveit_config/share/scara_moveit_config/.setup_assistant
[1.267s] Invoked command in '/home/spoonge/Projects/Scara_arm_CNC/build/scara_moveit_config' returned '0': AMENT_PREFIX_PATH=/home/spoonge/Projects/Scara_arm_CNC/install/scara_cnc:${AMENT_PREFIX_PATH} CMAKE_PREFIX_PATH=/home/spoonge/Projects/Scara_arm_CNC/install/scara_cnc:/home/spoonge/Projects/Scara_arm_CNC/ros2_ws/install/scara_mtc:/home/spoonge/Projects/Scara_arm_CNC/ros2_ws/install/scara_moveit_config:/home/spoonge/Projects/Scara_arm_CNC/ros2_ws/install/scara_description:/home/spoonge/Projects/Scara_arm_CNC/ros2_ws/install/scara_control:/home/spoonge/Projects/Scara_arm_CNC/ros2_ws/install/scara_cnc:/opt/ros/jazzy/opt/gz_sim_vendor:/opt/ros/jazzy/opt/gz_sensors_vendor:/opt/ros/jazzy/opt/gz_physics_vendor:/opt/ros/jazzy/opt/sdformat_vendor:/opt/ros/jazzy/opt/gz_gui_vendor:/opt/ros/jazzy/opt/gz_transport_vendor:/opt/ros/jazzy/opt/gz_rendering_vendor:/opt/ros/jazzy/opt/gz_plugin_vendor:/opt/ros/jazzy/opt/gz_fuel_tools_vendor:/opt/ros/jazzy/opt/gz_msgs_vendor:/opt/ros/jazzy/opt/gz_common_vendor:/opt/ros/jazzy/opt/gz_math_vendor:/opt/ros/jazzy/opt/gz_utils_vendor:/opt/ros/jazzy/opt/gz_tools_vendor:/opt/ros/jazzy/opt/gz_ogre_next_vendor:/opt/ros/jazzy/opt/gz_dartsim_vendor:/opt/ros/jazzy/opt/gz_cmake_vendor:/home/spoonge/Projects/Scara_arm_CNC/ros2_ws/install/scara_sim:/home/spoonge/Projects/Scara_arm_CNC/ros2_ws/install/scara_application:/home/spoonge/Projects/Scara_arm_CNC/ros2_ws/install/scara_bringup:/home/spoonge/Projects/Scara_arm_CNC/ros2_ws/install/listener:/opt/ros/jazzy DEBUGINFOD_URLS=https://debuginfod.ubuntu.com /usr/bin/cmake --install /home/spoonge/Projects/Scara_arm_CNC/build/scara_moveit_config
