[1.638s] Invoking command in '/home/spoonge/Projects/Scara_arm_CNC/ros2_ws/src/scara_sim': AMENT_PREFIX_PATH=/home/spoonge/Projects/Scara_arm_CNC/install/scara_description:${AMENT_PREFIX_PATH} CMAKE_PREFIX_PATH=/home/spoonge/Projects/Scara_arm_CNC/install/scara_description:${CMAKE_PREFIX_PATH} DEBUGINFOD_URLS=https://debuginfod.ubuntu.com PYTHONPATH=/home/spoonge/Projects/Scara_arm_CNC/build/scara_sim/prefix_override:/usr/lib/python3/dist-packages/colcon_core/task/python/colcon_distutils_commands:/home/spoonge/Projects/Scara_arm_CNC/install/scara_sim/lib/python3.12/site-packages:${PYTHONPATH} /usr/bin/python3 -W ignore:setup.py install is deprecated -W ignore:easy_install command is deprecated setup.py egg_info --egg-base ../../../build/scara_sim build --build-base /home/spoonge/Projects/Scara_arm_CNC/build/scara_sim/build install --record /home/spoonge/Projects/Scara_arm_CNC/build/scara_sim/install.log --single-version-externally-managed install_data
[1.998s] running egg_info
[1.999s] creating ../../../build/scara_sim/scara_sim.egg-info
[2.029s] writing ../../../build/scara_sim/scara_sim.egg-info/PKG-INFO
[2.029s] writing dependency_links to ../../../build/scara_sim/scara_sim.egg-info/dependency_links.txt
[2.029s] writing requirements to ../../../build/scara_sim/scara_sim.egg-info/requires.txt
[2.029s] writing top-level names to ../../../build/scara_sim/scara_sim.egg-info/top_level.txt
[2.029s] writing manifest file '../../../build/scara_sim/scara_sim.egg-info/SOURCES.txt'
[2.092s] reading manifest file '../../../build/scara_sim/scara_sim.egg-info/SOURCES.txt'
[2.092s] writing manifest file '../../../build/scara_sim/scara_sim.egg-info/SOURCES.txt'
[2.092s] running build
[2.092s] running build_py
[2.093s] creating /home/spoonge/Projects/Scara_arm_CNC/build/scara_sim/build
[2.093s] creating /home/spoonge/Projects/Scara_arm_CNC/build/scara_sim/build/lib
[2.093s] creating /home/spoonge/Projects/Scara_arm_CNC/build/scara_sim/build/lib/scara_sim
[2.093s] copying scara_sim/__init__.py -> /home/spoonge/Projects/Scara_arm_CNC/build/scara_sim/build/lib/scara_sim
[2.093s] running install
[2.099s] running install_lib
[2.131s] creating /home/spoonge/Projects/Scara_arm_CNC/install/scara_sim/lib/python3.12/site-packages/scara_sim
[2.131s] copying /home/spoonge/Projects/Scara_arm_CNC/build/scara_sim/build/lib/scara_sim/__init__.py -> /home/spoonge/Projects/Scara_arm_CNC/install/scara_sim/lib/python3.12/site-packages/scara_sim
[2.132s] byte-compiling /home/spoonge/Projects/Scara_arm_CNC/install/scara_sim/lib/python3.12/site-packages/scara_sim/__init__.py to __init__.cpython-312.pyc
[2.132s] running install_data
[2.132s] creating /home/spoonge/Projects/Scara_arm_CNC/install/scara_sim/share/ament_index
[2.132s] creating /home/spoonge/Projects/Scara_arm_CNC/install/scara_sim/share/ament_index/resource_index
[2.132s] creating /home/spoonge/Projects/Scara_arm_CNC/install/scara_sim/share/ament_index/resource_index/packages
[2.132s] copying resource/scara_sim -> /home/spoonge/Projects/Scara_arm_CNC/install/scara_sim/share/ament_index/resource_index/packages
[2.132s] copying package.xml -> /home/spoonge/Projects/Scara_arm_CNC/install/scara_sim/share/scara_sim
[2.133s] creating /home/spoonge/Projects/Scara_arm_CNC/install/scara_sim/share/scara_sim/launch
[2.133s] copying launch/sim_scara.launch.py -> /home/spoonge/Projects/Scara_arm_CNC/install/scara_sim/share/scara_sim/launch
[2.133s] creating /home/spoonge/Projects/Scara_arm_CNC/install/scara_sim/share/scara_sim/worlds
[2.133s] copying worlds/lab.sdf -> /home/spoonge/Projects/Scara_arm_CNC/install/scara_sim/share/scara_sim/worlds
[2.133s] creating /home/spoonge/Projects/Scara_arm_CNC/install/scara_sim/share/scara_sim/models
[2.133s] creating /home/spoonge/Projects/Scara_arm_CNC/install/scara_sim/share/scara_sim/models/table
[2.133s] copying worlds/table/model.sdf -> /home/spoonge/Projects/Scara_arm_CNC/install/scara_sim/share/scara_sim/models/table
[2.133s] copying worlds/table/model.config -> /home/spoonge/Projects/Scara_arm_CNC/install/scara_sim/share/scara_sim/models/table
[2.134s] creating /home/spoonge/Projects/Scara_arm_CNC/install/scara_sim/share/scara_sim/models/table/meshes
[2.134s] copying worlds/table/meshes/table.stl -> /home/spoonge/Projects/Scara_arm_CNC/install/scara_sim/share/scara_sim/models/table/meshes
[2.136s] creating /home/spoonge/Projects/Scara_arm_CNC/install/scara_sim/share/scara_sim/models/detail
[2.136s] copying worlds/detail/model.sdf -> /home/spoonge/Projects/Scara_arm_CNC/install/scara_sim/share/scara_sim/models/detail
[2.136s] copying worlds/detail/model.config -> /home/spoonge/Projects/Scara_arm_CNC/install/scara_sim/share/scara_sim/models/detail
[2.137s] creating /home/spoonge/Projects/Scara_arm_CNC/install/scara_sim/share/scara_sim/models/detail/meshes
[2.137s] copying worlds/detail/meshes/detail.stl -> /home/spoonge/Projects/Scara_arm_CNC/install/scara_sim/share/scara_sim/models/detail/meshes
[2.142s] running install_egg_info
[2.176s] Copying ../../../build/scara_sim/scara_sim.egg-info to /home/spoonge/Projects/Scara_arm_CNC/install/scara_sim/lib/python3.12/site-packages/scara_sim-0.0.0-py3.12.egg-info
[2.176s] running install_scripts
[2.379s] writing list of installed files to '/home/spoonge/Projects/Scara_arm_CNC/build/scara_sim/install.log'
[2.425s] Invoked command in '/home/spoonge/Projects/Scara_arm_CNC/ros2_ws/src/scara_sim' returned '0': AMENT_PREFIX_PATH=/home/spoonge/Projects/Scara_arm_CNC/install/scara_description:${AMENT_PREFIX_PATH} CMAKE_PREFIX_PATH=/home/spoonge/Projects/Scara_arm_CNC/install/scara_description:${CMAKE_PREFIX_PATH} DEBUGINFOD_URLS=https://debuginfod.ubuntu.com PYTHONPATH=/home/spoonge/Projects/Scara_arm_CNC/build/scara_sim/prefix_override:/usr/lib/python3/dist-packages/colcon_core/task/python/colcon_distutils_commands:/home/spoonge/Projects/Scara_arm_CNC/install/scara_sim/lib/python3.12/site-packages:${PYTHONPATH} /usr/bin/python3 -W ignore:setup.py install is deprecated -W ignore:easy_install command is deprecated setup.py egg_info --egg-base ../../../build/scara_sim build --build-base /home/spoonge/Projects/Scara_arm_CNC/build/scara_sim/build install --record /home/spoonge/Projects/Scara_arm_CNC/build/scara_sim/install.log --single-version-externally-managed install_data
