running develop
running egg_info
creating tb3_aruco_mission.egg-info
writing tb3_aruco_mission.egg-info/PKG-INFO
writing dependency_links to tb3_aruco_mission.egg-info/dependency_links.txt
writing entry points to tb3_aruco_mission.egg-info/entry_points.txt
writing requirements to tb3_aruco_mission.egg-info/requires.txt
writing top-level names to tb3_aruco_mission.egg-info/top_level.txt
writing manifest file 'tb3_aruco_mission.egg-info/SOURCES.txt'
reading manifest file 'tb3_aruco_mission.egg-info/SOURCES.txt'
writing manifest file 'tb3_aruco_mission.egg-info/SOURCES.txt'
running build_ext
Creating /home/spoonge/ros2_ws/src/install/tb3_aruco_mission/lib/python3.12/site-packages/tb3-aruco-mission.egg-link (link to .)
Installing aruco_detector script to /home/spoonge/ros2_ws/src/install/tb3_aruco_mission/lib/tb3_aruco_mission
Installing aruco_detector_node script to /home/spoonge/ros2_ws/src/install/tb3_aruco_mission/lib/tb3_aruco_mission
Installing aruco_to_id script to /home/spoonge/ros2_ws/src/install/tb3_aruco_mission/lib/tb3_aruco_mission
Installing nav_aruco_optimal script to /home/spoonge/ros2_ws/src/install/tb3_aruco_mission/lib/tb3_aruco_mission
Installing nav_aruco_to_id script to /home/spoonge/ros2_ws/src/install/tb3_aruco_mission/lib/tb3_aruco_mission
Installing nav_optimal_four script to /home/spoonge/ros2_ws/src/install/tb3_aruco_mission/lib/tb3_aruco_mission
Installing nav_three_points script to /home/spoonge/ros2_ws/src/install/tb3_aruco_mission/lib/tb3_aruco_mission

Installed /home/spoonge/ros2_ws/src/build/tb3_aruco_mission
running symlink_data
creating /home/spoonge/ros2_ws/src/install/tb3_aruco_mission/share/ament_index
creating /home/spoonge/ros2_ws/src/install/tb3_aruco_mission/share/ament_index/resource_index
creating /home/spoonge/ros2_ws/src/install/tb3_aruco_mission/share/ament_index/resource_index/packages
symbolically linking /home/spoonge/ros2_ws/src/build/tb3_aruco_mission/resource/tb3_aruco_mission -> /home/spoonge/ros2_ws/src/install/tb3_aruco_mission/share/ament_index/resource_index/packages
symbolically linking /home/spoonge/ros2_ws/src/build/tb3_aruco_mission/package.xml -> /home/spoonge/ros2_ws/src/install/tb3_aruco_mission/share/tb3_aruco_mission
creating /home/spoonge/ros2_ws/src/install/tb3_aruco_mission/share/tb3_aruco_mission/launch
symbolically linking /home/spoonge/ros2_ws/src/build/tb3_aruco_mission/launch/aruco_test.launch.py -> /home/spoonge/ros2_ws/src/install/tb3_aruco_mission/share/tb3_aruco_mission/launch
symbolically linking /home/spoonge/ros2_ws/src/build/tb3_aruco_mission/launch/nav_base.launch.py -> /home/spoonge/ros2_ws/src/install/tb3_aruco_mission/share/tb3_aruco_mission/launch
symbolically linking /home/spoonge/ros2_ws/src/build/tb3_aruco_mission/launch/nav_optimal_four_demo.launch.py -> /home/spoonge/ros2_ws/src/install/tb3_aruco_mission/share/tb3_aruco_mission/launch
symbolically linking /home/spoonge/ros2_ws/src/build/tb3_aruco_mission/launch/aruco_nav_test.launch.py -> /home/spoonge/ros2_ws/src/install/tb3_aruco_mission/share/tb3_aruco_mission/launch
symbolically linking /home/spoonge/ros2_ws/src/build/tb3_aruco_mission/launch/nav_three_points_demo.launch.py -> /home/spoonge/ros2_ws/src/install/tb3_aruco_mission/share/tb3_aruco_mission/launch
symbolically linking /home/spoonge/ros2_ws/src/build/tb3_aruco_mission/launch/nav_base_withoutSLAM.launch.py -> /home/spoonge/ros2_ws/src/install/tb3_aruco_mission/share/tb3_aruco_mission/launch
