[4.367s] Invoking command in '/home/spoonge/ros2_ws/src/build/tb3_aruco_mission': DEBUGINFOD_URLS=https://debuginfod.ubuntu.com PYTHONPATH=/home/spoonge/ros2_ws/src/build/tb3_aruco_mission/prefix_override:/usr/lib/python3/dist-packages/colcon_core/task/python/colcon_distutils_commands:/home/spoonge/ros2_ws/src/install/tb3_aruco_mission/lib/python3.12/site-packages:${PYTHONPATH} /usr/bin/python3 -W ignore:setup.py install is deprecated -W ignore:easy_install command is deprecated setup.py develop --editable --build-directory /home/spoonge/ros2_ws/src/build/tb3_aruco_mission/build --no-deps symlink_data
[5.431s] running develop
[6.303s] running egg_info
[6.303s] creating tb3_aruco_mission.egg-info
[6.380s] writing tb3_aruco_mission.egg-info/PKG-INFO
[6.380s] writing dependency_links to tb3_aruco_mission.egg-info/dependency_links.txt
[6.381s] writing entry points to tb3_aruco_mission.egg-info/entry_points.txt
[6.381s] writing requirements to tb3_aruco_mission.egg-info/requires.txt
[6.381s] writing top-level names to tb3_aruco_mission.egg-info/top_level.txt
[6.381s] writing manifest file 'tb3_aruco_mission.egg-info/SOURCES.txt'
[6.501s] reading manifest file 'tb3_aruco_mission.egg-info/SOURCES.txt'
[6.502s] writing manifest file 'tb3_aruco_mission.egg-info/SOURCES.txt'
[6.559s] running build_ext
[6.559s] Creating /home/spoonge/ros2_ws/src/install/tb3_aruco_mission/lib/python3.12/site-packages/tb3-aruco-mission.egg-link (link to .)
[6.560s] Installing aruco_detector script to /home/spoonge/ros2_ws/src/install/tb3_aruco_mission/lib/tb3_aruco_mission
[6.561s] Installing aruco_detector_node script to /home/spoonge/ros2_ws/src/install/tb3_aruco_mission/lib/tb3_aruco_mission
[6.561s] Installing aruco_to_id script to /home/spoonge/ros2_ws/src/install/tb3_aruco_mission/lib/tb3_aruco_mission
[6.561s] Installing nav_aruco_optimal script to /home/spoonge/ros2_ws/src/install/tb3_aruco_mission/lib/tb3_aruco_mission
[6.561s] Installing nav_aruco_to_id script to /home/spoonge/ros2_ws/src/install/tb3_aruco_mission/lib/tb3_aruco_mission
[6.562s] Installing nav_optimal_four script to /home/spoonge/ros2_ws/src/install/tb3_aruco_mission/lib/tb3_aruco_mission
[6.562s] Installing nav_three_points script to /home/spoonge/ros2_ws/src/install/tb3_aruco_mission/lib/tb3_aruco_mission
[6.562s] 
[6.562s] Installed /home/spoonge/ros2_ws/src/build/tb3_aruco_mission
[6.564s] running symlink_data
[6.564s] creating /home/spoonge/ros2_ws/src/install/tb3_aruco_mission/share/ament_index
[6.564s] creating /home/spoonge/ros2_ws/src/install/tb3_aruco_mission/share/ament_index/resource_index
[6.564s] creating /home/spoonge/ros2_ws/src/install/tb3_aruco_mission/share/ament_index/resource_index/packages
[6.565s] symbolically linking /home/spoonge/ros2_ws/src/build/tb3_aruco_mission/resource/tb3_aruco_mission -> /home/spoonge/ros2_ws/src/install/tb3_aruco_mission/share/ament_index/resource_index/packages
[6.565s] symbolically linking /home/spoonge/ros2_ws/src/build/tb3_aruco_mission/package.xml -> /home/spoonge/ros2_ws/src/install/tb3_aruco_mission/share/tb3_aruco_mission
[6.566s] creating /home/spoonge/ros2_ws/src/install/tb3_aruco_mission/share/tb3_aruco_mission/launch
[6.566s] symbolically linking /home/spoonge/ros2_ws/src/build/tb3_aruco_mission/launch/aruco_test.launch.py -> /home/spoonge/ros2_ws/src/install/tb3_aruco_mission/share/tb3_aruco_mission/launch
[6.566s] symbolically linking /home/spoonge/ros2_ws/src/build/tb3_aruco_mission/launch/nav_base.launch.py -> /home/spoonge/ros2_ws/src/install/tb3_aruco_mission/share/tb3_aruco_mission/launch
[6.567s] symbolically linking /home/spoonge/ros2_ws/src/build/tb3_aruco_mission/launch/nav_optimal_four_demo.launch.py -> /home/spoonge/ros2_ws/src/install/tb3_aruco_mission/share/tb3_aruco_mission/launch
[6.567s] symbolically linking /home/spoonge/ros2_ws/src/build/tb3_aruco_mission/launch/aruco_nav_test.launch.py -> /home/spoonge/ros2_ws/src/install/tb3_aruco_mission/share/tb3_aruco_mission/launch
[6.567s] symbolically linking /home/spoonge/ros2_ws/src/build/tb3_aruco_mission/launch/nav_three_points_demo.launch.py -> /home/spoonge/ros2_ws/src/install/tb3_aruco_mission/share/tb3_aruco_mission/launch
[6.567s] symbolically linking /home/spoonge/ros2_ws/src/build/tb3_aruco_mission/launch/nav_base_withoutSLAM.launch.py -> /home/spoonge/ros2_ws/src/install/tb3_aruco_mission/share/tb3_aruco_mission/launch
