running egg_info
creating ../../../build/scara_application/scara_application.egg-info
writing ../../../build/scara_application/scara_application.egg-info/PKG-INFO
writing dependency_links to ../../../build/scara_application/scara_application.egg-info/dependency_links.txt
writing entry points to ../../../build/scara_application/scara_application.egg-info/entry_points.txt
writing requirements to ../../../build/scara_application/scara_application.egg-info/requires.txt
writing top-level names to ../../../build/scara_application/scara_application.egg-info/top_level.txt
writing manifest file '../../../build/scara_application/scara_application.egg-info/SOURCES.txt'
reading manifest file '../../../build/scara_application/scara_application.egg-info/SOURCES.txt'
writing manifest file '../../../build/scara_application/scara_application.egg-info/SOURCES.txt'
running build
running build_py
creating /home/spoonge/Projects/Scara_arm_CNC/build/scara_application/build
creating /home/spoonge/Projects/Scara_arm_CNC/build/scara_application/build/lib
creating /home/spoonge/Projects/Scara_arm_CNC/build/scara_application/build/lib/scara_application
copying scara_application/test_cnc_coop.py -> /home/spoonge/Projects/Scara_arm_CNC/build/scara_application/build/lib/scara_application
copying scara_application/web_goal_listener.py -> /home/spoonge/Projects/Scara_arm_CNC/build/scara_application/build/lib/scara_application
copying scara_application/test_4_points.py -> /home/spoonge/Projects/Scara_arm_CNC/build/scara_application/build/lib/scara_application
copying scara_application/MoveIT_cnc_coop.py -> /home/spoonge/Projects/Scara_arm_CNC/build/scara_application/build/lib/scara_application
copying scara_application/part_4_points.py -> /home/spoonge/Projects/Scara_arm_CNC/build/scara_application/build/lib/scara_application
copying scara_application/__init__.py -> /home/spoonge/Projects/Scara_arm_CNC/build/scara_application/build/lib/scara_application
running install
running install_lib
creating /home/spoonge/Projects/Scara_arm_CNC/install/scara_application/lib/python3.12/site-packages/scara_application
copying /home/spoonge/Projects/Scara_arm_CNC/build/scara_application/build/lib/scara_application/test_cnc_coop.py -> /home/spoonge/Projects/Scara_arm_CNC/install/scara_application/lib/python3.12/site-packages/scara_application
copying /home/spoonge/Projects/Scara_arm_CNC/build/scara_application/build/lib/scara_application/web_goal_listener.py -> /home/spoonge/Projects/Scara_arm_CNC/install/scara_application/lib/python3.12/site-packages/scara_application
copying /home/spoonge/Projects/Scara_arm_CNC/build/scara_application/build/lib/scara_application/test_4_points.py -> /home/spoonge/Projects/Scara_arm_CNC/install/scara_application/lib/python3.12/site-packages/scara_application
copying /home/spoonge/Projects/Scara_arm_CNC/build/scara_application/build/lib/scara_application/MoveIT_cnc_coop.py -> /home/spoonge/Projects/Scara_arm_CNC/install/scara_application/lib/python3.12/site-packages/scara_application
copying /home/spoonge/Projects/Scara_arm_CNC/build/scara_application/build/lib/scara_application/part_4_points.py -> /home/spoonge/Projects/Scara_arm_CNC/install/scara_application/lib/python3.12/site-packages/scara_application
copying /home/spoonge/Projects/Scara_arm_CNC/build/scara_application/build/lib/scara_application/__init__.py -> /home/spoonge/Projects/Scara_arm_CNC/install/scara_application/lib/python3.12/site-packages/scara_application
byte-compiling /home/spoonge/Projects/Scara_arm_CNC/install/scara_application/lib/python3.12/site-packages/scara_application/test_cnc_coop.py to test_cnc_coop.cpython-312.pyc
byte-compiling /home/spoonge/Projects/Scara_arm_CNC/install/scara_application/lib/python3.12/site-packages/scara_application/web_goal_listener.py to web_goal_listener.cpython-312.pyc
byte-compiling /home/spoonge/Projects/Scara_arm_CNC/install/scara_application/lib/python3.12/site-packages/scara_application/test_4_points.py to test_4_points.cpython-312.pyc
byte-compiling /home/spoonge/Projects/Scara_arm_CNC/install/scara_application/lib/python3.12/site-packages/scara_application/MoveIT_cnc_coop.py to MoveIT_cnc_coop.cpython-312.pyc
byte-compiling /home/spoonge/Projects/Scara_arm_CNC/install/scara_application/lib/python3.12/site-packages/scara_application/part_4_points.py to part_4_points.cpython-312.pyc
byte-compiling /home/spoonge/Projects/Scara_arm_CNC/install/scara_application/lib/python3.12/site-packages/scara_application/__init__.py to __init__.cpython-312.pyc
running install_data
creating /home/spoonge/Projects/Scara_arm_CNC/install/scara_application/share/ament_index
creating /home/spoonge/Projects/Scara_arm_CNC/install/scara_application/share/ament_index/resource_index
creating /home/spoonge/Projects/Scara_arm_CNC/install/scara_application/share/ament_index/resource_index/packages
copying resource/scara_application -> /home/spoonge/Projects/Scara_arm_CNC/install/scara_application/share/ament_index/resource_index/packages
copying package.xml -> /home/spoonge/Projects/Scara_arm_CNC/install/scara_application/share/scara_application
creating /home/spoonge/Projects/Scara_arm_CNC/install/scara_application/share/scara_application/launch
copying launch/all_system.launch.py -> /home/spoonge/Projects/Scara_arm_CNC/install/scara_application/share/scara_application/launch
running install_egg_info
Copying ../../../build/scara_application/scara_application.egg-info to /home/spoonge/Projects/Scara_arm_CNC/install/scara_application/lib/python3.12/site-packages/scara_application-0.0.0-py3.12.egg-info
running install_scripts
Installing MoveIT_cnc_coop script to /home/spoonge/Projects/Scara_arm_CNC/install/scara_application/lib/scara_application
Installing part_4_points script to /home/spoonge/Projects/Scara_arm_CNC/install/scara_application/lib/scara_application
Installing simple_mover script to /home/spoonge/Projects/Scara_arm_CNC/install/scara_application/lib/scara_application
writing list of installed files to '/home/spoonge/Projects/Scara_arm_CNC/build/scara_application/install.log'
