/home/spoonge/Projects/Scara_arm_CNC/install/scara_application/lib/python3.12/site-packages/scara_application/test_cnc_coop.py
/home/spoonge/Projects/Scara_arm_CNC/install/scara_application/lib/python3.12/site-packages/scara_application/web_goal_listener.py
/home/spoonge/Projects/Scara_arm_CNC/install/scara_application/lib/python3.12/site-packages/scara_application/test_4_points.py
/home/spoonge/Projects/Scara_arm_CNC/install/scara_application/lib/python3.12/site-packages/scara_application/MoveIT_cnc_coop.py
/home/spoonge/Projects/Scara_arm_CNC/install/scara_application/lib/python3.12/site-packages/scara_application/part_4_points.py
/home/spoonge/Projects/Scara_arm_CNC/install/scara_application/lib/python3.12/site-packages/scara_application/__init__.py
/home/spoonge/Projects/Scara_arm_CNC/install/scara_application/lib/python3.12/site-packages/scara_application/__pycache__/test_cnc_coop.cpython-312.pyc
/home/spoonge/Projects/Scara_arm_CNC/install/scara_application/lib/python3.12/site-packages/scara_application/__pycache__/web_goal_listener.cpython-312.pyc
/home/spoonge/Projects/Scara_arm_CNC/install/scara_application/lib/python3.12/site-packages/scara_application/__pycache__/test_4_points.cpython-312.pyc
/home/spoonge/Projects/Scara_arm_CNC/install/scara_application/lib/python3.12/site-packages/scara_application/__pycache__/MoveIT_cnc_coop.cpython-312.pyc
/home/spoonge/Projects/Scara_arm_CNC/install/scara_application/lib/python3.12/site-packages/scara_application/__pycache__/part_4_points.cpython-312.pyc
/home/spoonge/Projects/Scara_arm_CNC/install/scara_application/lib/python3.12/site-packages/scara_application/__pycache__/__init__.cpython-312.pyc
/home/spoonge/Projects/Scara_arm_CNC/install/scara_application/share/ament_index/resource_index/packages/scara_application
/home/spoonge/Projects/Scara_arm_CNC/install/scara_application/share/scara_application/package.xml
/home/spoonge/Projects/Scara_arm_CNC/install/scara_application/share/scara_application/launch/all_system.launch.py
/home/spoonge/Projects/Scara_arm_CNC/install/scara_application/lib/python3.12/site-packages/scara_application-0.0.0-py3.12.egg-info/entry_points.txt
/home/spoonge/Projects/Scara_arm_CNC/install/scara_application/lib/python3.12/site-packages/scara_application-0.0.0-py3.12.egg-info/top_level.txt
/home/spoonge/Projects/Scara_arm_CNC/install/scara_application/lib/python3.12/site-packages/scara_application-0.0.0-py3.12.egg-info/zip-safe
/home/spoonge/Projects/Scara_arm_CNC/install/scara_application/lib/python3.12/site-packages/scara_application-0.0.0-py3.12.egg-info/PKG-INFO
/home/spoonge/Projects/Scara_arm_CNC/install/scara_application/lib/python3.12/site-packages/scara_application-0.0.0-py3.12.egg-info/requires.txt
/home/spoonge/Projects/Scara_arm_CNC/install/scara_application/lib/python3.12/site-packages/scara_application-0.0.0-py3.12.egg-info/SOURCES.txt
/home/spoonge/Projects/Scara_arm_CNC/install/scara_application/lib/python3.12/site-packages/scara_application-0.0.0-py3.12.egg-info/dependency_links.txt
/home/spoonge/Projects/Scara_arm_CNC/install/scara_application/lib/scara_application/MoveIT_cnc_coop
/home/spoonge/Projects/Scara_arm_CNC/install/scara_application/lib/scara_application/part_4_points
/home/spoonge/Projects/Scara_arm_CNC/install/scara_application/lib/scara_application/simple_mover
