running develop
running egg_info
writing turtlebot_nav_tasks.egg-info/PKG-INFO
writing dependency_links to turtlebot_nav_tasks.egg-info/dependency_links.txt
writing entry points to turtlebot_nav_tasks.egg-info/entry_points.txt
writing requirements to turtlebot_nav_tasks.egg-info/requires.txt
writing top-level names to turtlebot_nav_tasks.egg-info/top_level.txt
reading manifest file 'turtlebot_nav_tasks.egg-info/SOURCES.txt'
writing manifest file 'turtlebot_nav_tasks.egg-info/SOURCES.txt'
running build_ext
Creating /home/spoonge/ros2_ws/src/install/turtlebot_nav_tasks/lib/python3.12/site-packages/turtlebot-nav-tasks.egg-link (link to .)
Installing aruco_detector script to /home/spoonge/ros2_ws/src/install/turtlebot_nav_tasks/lib/turtlebot_nav_tasks
Installing aruco_detector_node script to /home/spoonge/ros2_ws/src/install/turtlebot_nav_tasks/lib/turtlebot_nav_tasks
Installing aruco_to_id script to /home/spoonge/ros2_ws/src/install/turtlebot_nav_tasks/lib/turtlebot_nav_tasks
Installing nav_aruco_optimal script to /home/spoonge/ros2_ws/src/install/turtlebot_nav_tasks/lib/turtlebot_nav_tasks
Installing nav_aruco_to_id script to /home/spoonge/ros2_ws/src/install/turtlebot_nav_tasks/lib/turtlebot_nav_tasks
Installing nav_optimal_four script to /home/spoonge/ros2_ws/src/install/turtlebot_nav_tasks/lib/turtlebot_nav_tasks
Installing nav_three_points script to /home/spoonge/ros2_ws/src/install/turtlebot_nav_tasks/lib/turtlebot_nav_tasks

Installed /home/spoonge/ros2_ws/src/build/turtlebot_nav_tasks
running symlink_data
symbolically linking /home/spoonge/ros2_ws/src/build/turtlebot_nav_tasks/resource/turtlebot_nav_tasks -> /home/spoonge/ros2_ws/src/install/turtlebot_nav_tasks/share/ament_index/resource_index/packages
symbolically linking /home/spoonge/ros2_ws/src/build/turtlebot_nav_tasks/package.xml -> /home/spoonge/ros2_ws/src/install/turtlebot_nav_tasks/share/turtlebot_nav_tasks
error: [Errno 2] No such file or directory: '/home/spoonge/ros2_ws/src/install/turtlebot_nav_tasks/share/turtlebot_nav_tasks/launch/aruco_test.launch.py'
