[4.315s] Invoking command in '/home/spoonge/ros2_ws/src/build/turtlebot_nav_tasks': DEBUGINFOD_URLS=https://debuginfod.ubuntu.com PYTHONPATH=/home/spoonge/ros2_ws/src/build/turtlebot_nav_tasks/prefix_override:/usr/lib/python3/dist-packages/colcon_core/task/python/colcon_distutils_commands:/home/spoonge/ros2_ws/src/install/turtlebot_nav_tasks/lib/python3.12/site-packages:${PYTHONPATH} /usr/bin/python3 -W ignore:setup.py install is deprecated -W ignore:easy_install command is deprecated setup.py develop --editable --build-directory /home/spoonge/ros2_ws/src/build/turtlebot_nav_tasks/build --no-deps symlink_data --force
[5.361s] running develop
[6.077s] running egg_info
[6.145s] writing turtlebot_nav_tasks.egg-info/PKG-INFO
[6.145s] writing dependency_links to turtlebot_nav_tasks.egg-info/dependency_links.txt
[6.146s] writing entry points to turtlebot_nav_tasks.egg-info/entry_points.txt
[6.146s] writing requirements to turtlebot_nav_tasks.egg-info/requires.txt
[6.148s] writing top-level names to turtlebot_nav_tasks.egg-info/top_level.txt
[6.294s] reading manifest file 'turtlebot_nav_tasks.egg-info/SOURCES.txt'
[6.296s] writing manifest file 'turtlebot_nav_tasks.egg-info/SOURCES.txt'
[6.376s] running build_ext
[6.376s] Creating /home/spoonge/ros2_ws/src/install/turtlebot_nav_tasks/lib/python3.12/site-packages/turtlebot-nav-tasks.egg-link (link to .)
[6.377s] Installing aruco_detector script to /home/spoonge/ros2_ws/src/install/turtlebot_nav_tasks/lib/turtlebot_nav_tasks
[6.378s] Installing aruco_detector_node script to /home/spoonge/ros2_ws/src/install/turtlebot_nav_tasks/lib/turtlebot_nav_tasks
[6.378s] Installing aruco_to_id script to /home/spoonge/ros2_ws/src/install/turtlebot_nav_tasks/lib/turtlebot_nav_tasks
[6.379s] Installing nav_aruco_optimal script to /home/spoonge/ros2_ws/src/install/turtlebot_nav_tasks/lib/turtlebot_nav_tasks
[6.380s] Installing nav_aruco_to_id script to /home/spoonge/ros2_ws/src/install/turtlebot_nav_tasks/lib/turtlebot_nav_tasks
[6.380s] Installing nav_optimal_four script to /home/spoonge/ros2_ws/src/install/turtlebot_nav_tasks/lib/turtlebot_nav_tasks
[6.381s] Installing nav_three_points script to /home/spoonge/ros2_ws/src/install/turtlebot_nav_tasks/lib/turtlebot_nav_tasks
[6.381s] 
[6.381s] Installed /home/spoonge/ros2_ws/src/build/turtlebot_nav_tasks
[6.381s] running symlink_data
[6.384s] symbolically linking /home/spoonge/ros2_ws/src/build/turtlebot_nav_tasks/resource/turtlebot_nav_tasks -> /home/spoonge/ros2_ws/src/install/turtlebot_nav_tasks/share/ament_index/resource_index/packages
[6.385s] symbolically linking /home/spoonge/ros2_ws/src/build/turtlebot_nav_tasks/package.xml -> /home/spoonge/ros2_ws/src/install/turtlebot_nav_tasks/share/turtlebot_nav_tasks
[6.385s] error: [Errno 2] No such file or directory: '/home/spoonge/ros2_ws/src/install/turtlebot_nav_tasks/share/turtlebot_nav_tasks/launch/aruco_test.launch.py'
[6.560s] Invoked command in '/home/spoonge/ros2_ws/src/build/turtlebot_nav_tasks' returned '1': DEBUGINFOD_URLS=https://debuginfod.ubuntu.com PYTHONPATH=/home/spoonge/ros2_ws/src/build/turtlebot_nav_tasks/prefix_override:/usr/lib/python3/dist-packages/colcon_core/task/python/colcon_distutils_commands:/home/spoonge/ros2_ws/src/install/turtlebot_nav_tasks/lib/python3.12/site-packages:${PYTHONPATH} /usr/bin/python3 -W ignore:setup.py install is deprecated -W ignore:easy_install command is deprecated setup.py develop --editable --build-directory /home/spoonge/ros2_ws/src/build/turtlebot_nav_tasks/build --no-deps symlink_data --force
