[4.338s] Invoking command in '/home/spoonge/ros2_ws/src/build/scara_bringup': DEBUGINFOD_URLS=https://debuginfod.ubuntu.com PYTHONPATH=/home/spoonge/ros2_ws/src/build/scara_bringup/prefix_override:/usr/lib/python3/dist-packages/colcon_core/task/python/colcon_distutils_commands:/home/spoonge/ros2_ws/src/install/scara_bringup/lib/python3.12/site-packages:${PYTHONPATH} /usr/bin/python3 -W ignore:setup.py install is deprecated -W ignore:easy_install command is deprecated setup.py develop --editable --build-directory /home/spoonge/ros2_ws/src/build/scara_bringup/build --no-deps symlink_data
[5.373s] running develop
[6.056s] running egg_info
[6.057s] creating scara_bringup.egg-info
[6.136s] writing scara_bringup.egg-info/PKG-INFO
[6.138s] writing dependency_links to scara_bringup.egg-info/dependency_links.txt
[6.138s] writing requirements to scara_bringup.egg-info/requires.txt
[6.139s] writing top-level names to scara_bringup.egg-info/top_level.txt
[6.139s] writing manifest file 'scara_bringup.egg-info/SOURCES.txt'
[6.291s] reading manifest file 'scara_bringup.egg-info/SOURCES.txt'
[6.293s] writing manifest file 'scara_bringup.egg-info/SOURCES.txt'
[6.373s] running build_ext
[6.374s] Creating /home/spoonge/ros2_ws/src/install/scara_bringup/lib/python3.12/site-packages/scara-bringup.egg-link (link to .)
[6.375s] 
[6.375s] Installed /home/spoonge/ros2_ws/src/build/scara_bringup
[6.375s] running symlink_data
[6.376s] creating /home/spoonge/ros2_ws/src/install/scara_bringup/share/ament_index
[6.376s] creating /home/spoonge/ros2_ws/src/install/scara_bringup/share/ament_index/resource_index
[6.376s] creating /home/spoonge/ros2_ws/src/install/scara_bringup/share/ament_index/resource_index/packages
[6.376s] symbolically linking /home/spoonge/ros2_ws/src/build/scara_bringup/resource/scara_bringup -> /home/spoonge/ros2_ws/src/install/scara_bringup/share/ament_index/resource_index/packages
[6.376s] symbolically linking /home/spoonge/ros2_ws/src/build/scara_bringup/package.xml -> /home/spoonge/ros2_ws/src/install/scara_bringup/share/scara_bringup
[6.539s] Invoked command in '/home/spoonge/ros2_ws/src/build/scara_bringup' returned '0': DEBUGINFOD_URLS=https://debuginfod.ubuntu.com PYTHONPATH=/home/spoonge/ros2_ws/src/build/scara_bringup/prefix_override:/usr/lib/python3/dist-packages/colcon_core/task/python/colcon_distutils_commands:/home/spoonge/ros2_ws/src/install/scara_bringup/lib/python3.12/site-packages:${PYTHONPATH} /usr/bin/python3 -W ignore:setup.py install is deprecated -W ignore:easy_install command is deprecated setup.py develop --editable --build-directory /home/spoonge/ros2_ws/src/build/scara_bringup/build --no-deps symlink_data
