-- The C compiler identification is GNU 13.3.0
-- The CXX compiler identification is GNU 13.3.0
-- Detecting C compiler ABI info
-- Detecting C compiler ABI info - done
-- Check for working C compiler: /usr/bin/cc - skipped
-- Detecting C compile features
-- Detecting C compile features - done
-- Detecting CXX compiler ABI info
-- Detecting CXX compiler ABI info - done
-- Check for working CXX compiler: /usr/bin/c++ - skipped
-- Detecting CXX compile features
-- Detecting CXX compile features - done
-- Found ament_cmake: 2.5.5 (/opt/ros/jazzy/share/ament_cmake/cmake)
-- Found Python3: /usr/bin/python3 (found version "3.12.3") found components: Interpreter 
-- Found rclcpp: 28.1.16 (/opt/ros/jazzy/share/rclcpp/cmake)
-- Found rosidl_generator_c: 4.6.7 (/opt/ros/jazzy/share/rosidl_generator_c/cmake)
-- Found rosidl_generator_cpp: 4.6.7 (/opt/ros/jazzy/share/rosidl_generator_cpp/cmake)
-- Using all available rosidl_typesupport_c: rosidl_typesupport_fastrtps_c;rosidl_typesupport_introspection_c
-- Using all available rosidl_typesupport_cpp: rosidl_typesupport_fastrtps_cpp;rosidl_typesupport_introspection_cpp
-- Found rmw_implementation_cmake: 7.3.3 (/opt/ros/jazzy/share/rmw_implementation_cmake/cmake)
-- Found rmw_fastrtps_cpp: 8.4.3 (/opt/ros/jazzy/share/rmw_fastrtps_cpp/cmake)
-- Found OpenSSL: /usr/lib/x86_64-linux-gnu/libcrypto.so (found version "3.0.13")  
-- Found FastRTPS: /opt/ros/jazzy/include (Required is at least version "2.13") 
-- Using RMW implementation 'rmw_fastrtps_cpp' as default
-- Found rclcpp_action: 28.1.16 (/opt/ros/jazzy/share/rclcpp_action/cmake)
-- Found moveit_task_constructor_core: 0.1.4 (/opt/ros/jazzy/share/moveit_task_constructor_core/cmake)
-- Found Boost: /usr/lib/x86_64-linux-gnu/cmake/Boost-1.83.0/BoostConfig.cmake (found version "1.83.0") found components: chrono date_time filesystem iostreams program_options regex serialization system thread 
-- Found parameter_traits: 0.6.0 (/opt/ros/jazzy/share/parameter_traits/cmake)
-- Found rclcpp_lifecycle: 28.1.16 (/opt/ros/jazzy/share/rclcpp_lifecycle/cmake)
-- Found Boost: /usr/lib/x86_64-linux-gnu/cmake/Boost-1.83.0/BoostConfig.cmake (found version "1.83.0") found components: filesystem 
-- Found Eigen3: TRUE (found version "3.4.0") 
-- Ensuring Eigen3 include directory is part of orocos-kdl CMake target
-- Found Boost: /usr/lib/x86_64-linux-gnu/cmake/Boost-1.83.0/BoostConfig.cmake (found version "1.83.0") found components: system filesystem date_time program_options thread chrono 
-- Found Boost: /usr/lib/x86_64-linux-gnu/cmake/Boost-1.83.0/BoostConfig.cmake (found version "1.83.0") found components: date_time filesystem program_options system thread 
-- Found Boost: /usr/lib/x86_64-linux-gnu/cmake/Boost-1.83.0/BoostConfig.cmake (found version "1.83.0") found components: thread system filesystem regex date_time program_options 
-- Found Boost: /usr/lib/x86_64-linux-gnu/cmake/Boost-1.83.0/BoostConfig.cmake (found version "1.83.0") found components: system filesystem date_time program_options thread 
-- Found control_msgs: 5.7.0 (/opt/ros/jazzy/share/control_msgs/cmake)
-- Configuring done (3.6s)
-- Generating done (0.0s)
-- Build files have been written to: /home/spoonge/Projects/Scara_arm_CNC/build/scara_mtc
[ 66%] [32mBuilding CXX object CMakeFiles/mtc_node.dir/src/mtc_node.cpp.o[0m
[ 66%] [32mBuilding CXX object CMakeFiles/mtc_node.dir/src/solution_executor.cpp.o[0m
[100%] [32m[1mLinking CXX executable mtc_node[0m
[100%] Built target mtc_node
-- Install configuration: ""
-- Installing: /home/spoonge/Projects/Scara_arm_CNC/install/scara_mtc/lib/scara_mtc/mtc_node
-- Set non-toolchain portion of runtime path of "/home/spoonge/Projects/Scara_arm_CNC/install/scara_mtc/lib/scara_mtc/mtc_node" to ""
-- Installing: /home/spoonge/Projects/Scara_arm_CNC/install/scara_mtc/share/ament_index/resource_index/package_run_dependencies/scara_mtc
-- Installing: /home/spoonge/Projects/Scara_arm_CNC/install/scara_mtc/share/ament_index/resource_index/parent_prefix_path/scara_mtc
-- Installing: /home/spoonge/Projects/Scara_arm_CNC/install/scara_mtc/share/scara_mtc/environment/ament_prefix_path.sh
-- Installing: /home/spoonge/Projects/Scara_arm_CNC/install/scara_mtc/share/scara_mtc/environment/ament_prefix_path.dsv
-- Installing: /home/spoonge/Projects/Scara_arm_CNC/install/scara_mtc/share/scara_mtc/environment/path.sh
-- Installing: /home/spoonge/Projects/Scara_arm_CNC/install/scara_mtc/share/scara_mtc/environment/path.dsv
-- Installing: /home/spoonge/Projects/Scara_arm_CNC/install/scara_mtc/share/scara_mtc/local_setup.bash
-- Installing: /home/spoonge/Projects/Scara_arm_CNC/install/scara_mtc/share/scara_mtc/local_setup.sh
-- Installing: /home/spoonge/Projects/Scara_arm_CNC/install/scara_mtc/share/scara_mtc/local_setup.zsh
-- Installing: /home/spoonge/Projects/Scara_arm_CNC/install/scara_mtc/share/scara_mtc/local_setup.dsv
-- Installing: /home/spoonge/Projects/Scara_arm_CNC/install/scara_mtc/share/scara_mtc/package.dsv
-- Installing: /home/spoonge/Projects/Scara_arm_CNC/install/scara_mtc/share/ament_index/resource_index/packages/scara_mtc
-- Installing: /home/spoonge/Projects/Scara_arm_CNC/install/scara_mtc/share/scara_mtc/cmake/scara_mtcConfig.cmake
-- Installing: /home/spoonge/Projects/Scara_arm_CNC/install/scara_mtc/share/scara_mtc/cmake/scara_mtcConfig-version.cmake
-- Installing: /home/spoonge/Projects/Scara_arm_CNC/install/scara_mtc/share/scara_mtc/package.xml
