[0.586s] Invoking command in '/home/spoonge/Projects/Scara_arm_CNC/build/scara_mtc': CMAKE_PREFIX_PATH=${CMAKE_PREFIX_PATH}:/home/spoonge/Projects/Scara_arm_CNC/ros2_ws/install/scara_sim:/home/spoonge/Projects/Scara_arm_CNC/ros2_ws/install/scara_application:/home/spoonge/Projects/Scara_arm_CNC/ros2_ws/install/scara_bringup:/home/spoonge/Projects/Scara_arm_CNC/ros2_ws/install/listener:/opt/ros/jazzy DEBUGINFOD_URLS=https://debuginfod.ubuntu.com /usr/bin/cmake /home/spoonge/Projects/Scara_arm_CNC/ros2_ws/src/scara_mtc -DCMAKE_INSTALL_PREFIX=/home/spoonge/Projects/Scara_arm_CNC/install/scara_mtc
[0.670s] -- The C compiler identification is GNU 13.3.0
[0.751s] -- The CXX compiler identification is GNU 13.3.0
[0.777s] -- Detecting C compiler ABI info
[0.903s] -- Detecting C compiler ABI info - done
[0.919s] -- Check for working C compiler: /usr/bin/cc - skipped
[0.919s] -- Detecting C compile features
[0.919s] -- Detecting C compile features - done
[0.935s] -- Detecting CXX compiler ABI info
[1.073s] -- Detecting CXX compiler ABI info - done
[1.088s] -- Check for working CXX compiler: /usr/bin/c++ - skipped
[1.088s] -- Detecting CXX compile features
[1.089s] -- Detecting CXX compile features - done
[1.096s] -- Found ament_cmake: 2.5.5 (/opt/ros/jazzy/share/ament_cmake/cmake)
[1.325s] -- Found Python3: /usr/bin/python3 (found version "3.12.3") found components: Interpreter 
[1.516s] -- Found rclcpp: 28.1.16 (/opt/ros/jazzy/share/rclcpp/cmake)
[1.633s] -- Found rosidl_generator_c: 4.6.7 (/opt/ros/jazzy/share/rosidl_generator_c/cmake)
[1.660s] -- Found rosidl_generator_cpp: 4.6.7 (/opt/ros/jazzy/share/rosidl_generator_cpp/cmake)
[1.692s] -- Using all available rosidl_typesupport_c: rosidl_typesupport_fastrtps_c;rosidl_typesupport_introspection_c
[1.725s] -- Using all available rosidl_typesupport_cpp: rosidl_typesupport_fastrtps_cpp;rosidl_typesupport_introspection_cpp
[1.870s] -- Found rmw_implementation_cmake: 7.3.3 (/opt/ros/jazzy/share/rmw_implementation_cmake/cmake)
[1.879s] -- Found rmw_fastrtps_cpp: 8.4.3 (/opt/ros/jazzy/share/rmw_fastrtps_cpp/cmake)
[2.070s] -- Found OpenSSL: /usr/lib/x86_64-linux-gnu/libcrypto.so (found version "3.0.13")  
[2.118s] -- Found FastRTPS: /opt/ros/jazzy/include (Required is at least version "2.13") 
[2.170s] -- Using RMW implementation 'rmw_fastrtps_cpp' as default
[2.403s] -- Found rclcpp_action: 28.1.16 (/opt/ros/jazzy/share/rclcpp_action/cmake)
[2.575s] -- Found moveit_task_constructor_core: 0.1.4 (/opt/ros/jazzy/share/moveit_task_constructor_core/cmake)
[2.933s] -- Found Boost: /usr/lib/x86_64-linux-gnu/cmake/Boost-1.83.0/BoostConfig.cmake (found version "1.83.0") found components: chrono date_time filesystem iostreams program_options regex serialization system thread 
[3.085s] -- Found parameter_traits: 0.6.0 (/opt/ros/jazzy/share/parameter_traits/cmake)
[3.116s] -- Found rclcpp_lifecycle: 28.1.16 (/opt/ros/jazzy/share/rclcpp_lifecycle/cmake)
[3.174s] -- Found Boost: /usr/lib/x86_64-linux-gnu/cmake/Boost-1.83.0/BoostConfig.cmake (found version "1.83.0") found components: filesystem 
[3.351s] -- Found Eigen3: TRUE (found version "3.4.0") 
[3.351s] -- Ensuring Eigen3 include directory is part of orocos-kdl CMake target
[3.825s] -- Found Boost: /usr/lib/x86_64-linux-gnu/cmake/Boost-1.83.0/BoostConfig.cmake (found version "1.83.0") found components: system filesystem date_time program_options thread chrono 
[3.893s] -- Found Boost: /usr/lib/x86_64-linux-gnu/cmake/Boost-1.83.0/BoostConfig.cmake (found version "1.83.0") found components: date_time filesystem program_options system thread 
[3.917s] -- Found Boost: /usr/lib/x86_64-linux-gnu/cmake/Boost-1.83.0/BoostConfig.cmake (found version "1.83.0") found components: thread system filesystem regex date_time program_options 
[3.958s] -- Found Boost: /usr/lib/x86_64-linux-gnu/cmake/Boost-1.83.0/BoostConfig.cmake (found version "1.83.0") found components: system filesystem date_time program_options thread 
[4.104s] -- Found control_msgs: 5.7.0 (/opt/ros/jazzy/share/control_msgs/cmake)
[4.245s] -- Configuring done (3.6s)
[4.294s] -- Generating done (0.0s)
[4.301s] -- Build files have been written to: /home/spoonge/Projects/Scara_arm_CNC/build/scara_mtc
[4.321s] Invoked command in '/home/spoonge/Projects/Scara_arm_CNC/build/scara_mtc' returned '0': CMAKE_PREFIX_PATH=${CMAKE_PREFIX_PATH}:/home/spoonge/Projects/Scara_arm_CNC/ros2_ws/install/scara_sim:/home/spoonge/Projects/Scara_arm_CNC/ros2_ws/install/scara_application:/home/spoonge/Projects/Scara_arm_CNC/ros2_ws/install/scara_bringup:/home/spoonge/Projects/Scara_arm_CNC/ros2_ws/install/listener:/opt/ros/jazzy DEBUGINFOD_URLS=https://debuginfod.ubuntu.com /usr/bin/cmake /home/spoonge/Projects/Scara_arm_CNC/ros2_ws/src/scara_mtc -DCMAKE_INSTALL_PREFIX=/home/spoonge/Projects/Scara_arm_CNC/install/scara_mtc
[4.322s] Invoking command in '/home/spoonge/Projects/Scara_arm_CNC/build/scara_mtc': CMAKE_PREFIX_PATH=${CMAKE_PREFIX_PATH}:/home/spoonge/Projects/Scara_arm_CNC/ros2_ws/install/scara_sim:/home/spoonge/Projects/Scara_arm_CNC/ros2_ws/install/scara_application:/home/spoonge/Projects/Scara_arm_CNC/ros2_ws/install/scara_bringup:/home/spoonge/Projects/Scara_arm_CNC/ros2_ws/install/listener:/opt/ros/jazzy DEBUGINFOD_URLS=https://debuginfod.ubuntu.com /usr/bin/cmake --build /home/spoonge/Projects/Scara_arm_CNC/build/scara_mtc -- -j12 -l12
[4.394s] [ 66%] [32mBuilding CXX object CMakeFiles/mtc_node.dir/src/mtc_node.cpp.o[0m
[4.394s] [ 66%] [32mBuilding CXX object CMakeFiles/mtc_node.dir/src/solution_executor.cpp.o[0m
[13.982s] [100%] [32m[1mLinking CXX executable mtc_node[0m
[14.692s] [100%] Built target mtc_node
[14.708s] Invoked command in '/home/spoonge/Projects/Scara_arm_CNC/build/scara_mtc' returned '0': CMAKE_PREFIX_PATH=${CMAKE_PREFIX_PATH}:/home/spoonge/Projects/Scara_arm_CNC/ros2_ws/install/scara_sim:/home/spoonge/Projects/Scara_arm_CNC/ros2_ws/install/scara_application:/home/spoonge/Projects/Scara_arm_CNC/ros2_ws/install/scara_bringup:/home/spoonge/Projects/Scara_arm_CNC/ros2_ws/install/listener:/opt/ros/jazzy DEBUGINFOD_URLS=https://debuginfod.ubuntu.com /usr/bin/cmake --build /home/spoonge/Projects/Scara_arm_CNC/build/scara_mtc -- -j12 -l12
[14.710s] Invoking command in '/home/spoonge/Projects/Scara_arm_CNC/build/scara_mtc': CMAKE_PREFIX_PATH=${CMAKE_PREFIX_PATH}:/home/spoonge/Projects/Scara_arm_CNC/ros2_ws/install/scara_sim:/home/spoonge/Projects/Scara_arm_CNC/ros2_ws/install/scara_application:/home/spoonge/Projects/Scara_arm_CNC/ros2_ws/install/scara_bringup:/home/spoonge/Projects/Scara_arm_CNC/ros2_ws/install/listener:/opt/ros/jazzy DEBUGINFOD_URLS=https://debuginfod.ubuntu.com /usr/bin/cmake --install /home/spoonge/Projects/Scara_arm_CNC/build/scara_mtc
[14.720s] -- Install configuration: ""
[14.720s] -- Installing: /home/spoonge/Projects/Scara_arm_CNC/install/scara_mtc/lib/scara_mtc/mtc_node
[14.722s] -- Set non-toolchain portion of runtime path of "/home/spoonge/Projects/Scara_arm_CNC/install/scara_mtc/lib/scara_mtc/mtc_node" to ""
[14.722s] -- Installing: /home/spoonge/Projects/Scara_arm_CNC/install/scara_mtc/share/ament_index/resource_index/package_run_dependencies/scara_mtc
[14.722s] -- Installing: /home/spoonge/Projects/Scara_arm_CNC/install/scara_mtc/share/ament_index/resource_index/parent_prefix_path/scara_mtc
[14.722s] -- Installing: /home/spoonge/Projects/Scara_arm_CNC/install/scara_mtc/share/scara_mtc/environment/ament_prefix_path.sh
[14.722s] -- Installing: /home/spoonge/Projects/Scara_arm_CNC/install/scara_mtc/share/scara_mtc/environment/ament_prefix_path.dsv
[14.723s] -- Installing: /home/spoonge/Projects/Scara_arm_CNC/install/scara_mtc/share/scara_mtc/environment/path.sh
[14.723s] -- Installing: /home/spoonge/Projects/Scara_arm_CNC/install/scara_mtc/share/scara_mtc/environment/path.dsv
[14.723s] -- Installing: /home/spoonge/Projects/Scara_arm_CNC/install/scara_mtc/share/scara_mtc/local_setup.bash
[14.723s] -- Installing: /home/spoonge/Projects/Scara_arm_CNC/install/scara_mtc/share/scara_mtc/local_setup.sh
[14.723s] -- Installing: /home/spoonge/Projects/Scara_arm_CNC/install/scara_mtc/share/scara_mtc/local_setup.zsh
[14.723s] -- Installing: /home/spoonge/Projects/Scara_arm_CNC/install/scara_mtc/share/scara_mtc/local_setup.dsv
[14.723s] -- Installing: /home/spoonge/Projects/Scara_arm_CNC/install/scara_mtc/share/scara_mtc/package.dsv
[14.724s] -- Installing: /home/spoonge/Projects/Scara_arm_CNC/install/scara_mtc/share/ament_index/resource_index/packages/scara_mtc
[14.724s] -- Installing: /home/spoonge/Projects/Scara_arm_CNC/install/scara_mtc/share/scara_mtc/cmake/scara_mtcConfig.cmake
[14.724s] -- Installing: /home/spoonge/Projects/Scara_arm_CNC/install/scara_mtc/share/scara_mtc/cmake/scara_mtcConfig-version.cmake
[14.724s] -- Installing: /home/spoonge/Projects/Scara_arm_CNC/install/scara_mtc/share/scara_mtc/package.xml
[14.727s] Invoked command in '/home/spoonge/Projects/Scara_arm_CNC/build/scara_mtc' returned '0': CMAKE_PREFIX_PATH=${CMAKE_PREFIX_PATH}:/home/spoonge/Projects/Scara_arm_CNC/ros2_ws/install/scara_sim:/home/spoonge/Projects/Scara_arm_CNC/ros2_ws/install/scara_application:/home/spoonge/Projects/Scara_arm_CNC/ros2_ws/install/scara_bringup:/home/spoonge/Projects/Scara_arm_CNC/ros2_ws/install/listener:/opt/ros/jazzy DEBUGINFOD_URLS=https://debuginfod.ubuntu.com /usr/bin/cmake --install /home/spoonge/Projects/Scara_arm_CNC/build/scara_mtc
