[0.496s] DEBUG:colcon:Command line arguments: ['/usr/bin/colcon', 'build']
[0.496s] DEBUG:colcon:Parsed command line arguments: Namespace(log_base=None, log_level=None, verb_name='build', build_base='build', install_base='install', merge_install=False, symlink_install=False, test_result_base=None, continue_on_error=False, executor='parallel', parallel_workers=12, event_handlers=None, ignore_user_meta=False, metas=['./colcon.meta'], base_paths=['.'], packages_ignore=None, packages_ignore_regex=None, paths=None, packages_up_to=None, packages_up_to_regex=None, packages_above=None, packages_above_and_dependencies=None, packages_above_depth=None, packages_select_by_dep=None, packages_skip_by_dep=None, packages_skip_up_to=None, packages_select_build_failed=False, packages_skip_build_finished=False, packages_select_test_failures=False, packages_skip_test_passed=False, packages_select=None, packages_skip=None, packages_select_regex=None, packages_skip_regex=None, packages_start=None, packages_end=None, allow_overriding=[], cmake_args=None, cmake_target=None, cmake_target_skip_unavailable=False, cmake_clean_cache=False, cmake_clean_first=False, cmake_force_configure=False, ament_cmake_args=None, catkin_cmake_args=None, catkin_skip_building_tests=False, verb_parser=<colcon_defaults.argument_parser.defaults.DefaultArgumentsDecorator object at 0x7faedf4bdd30>, verb_extension=<colcon_core.verb.build.BuildVerb object at 0x7faedf60e6f0>, main=<bound method BuildVerb.main of <colcon_core.verb.build.BuildVerb object at 0x7faedf60e6f0>>)
[0.674s] Level 1:colcon.colcon_core.package_discovery:discover_packages(colcon_meta) check parameters
[0.674s] Level 1:colcon.colcon_core.package_discovery:discover_packages(recursive) check parameters
[0.674s] Level 1:colcon.colcon_core.package_discovery:discover_packages(ignore) check parameters
[0.674s] Level 1:colcon.colcon_core.package_discovery:discover_packages(path) check parameters
[0.674s] Level 1:colcon.colcon_core.package_discovery:discover_packages(colcon_meta) discover
[0.674s] Level 1:colcon.colcon_core.package_discovery:discover_packages(recursive) discover
[0.675s] INFO:colcon.colcon_core.package_discovery:Crawling recursively for packages in '/home/spoonge/ros2_ws/src/turtlebot_nav_tasks'
[0.675s] Level 1:colcon.colcon_core.package_identification:_identify(.) by extensions ['ignore', 'ignore_ament_install']
[0.675s] Level 1:colcon.colcon_core.package_identification:_identify(.) by extension 'ignore'
[0.675s] Level 1:colcon.colcon_core.package_identification:_identify(.) by extension 'ignore_ament_install'
[0.675s] Level 1:colcon.colcon_core.package_identification:_identify(.) by extensions ['colcon_pkg']
[0.675s] Level 1:colcon.colcon_core.package_identification:_identify(.) by extension 'colcon_pkg'
[0.675s] Level 1:colcon.colcon_core.package_identification:_identify(.) by extensions ['colcon_meta']
[0.675s] Level 1:colcon.colcon_core.package_identification:_identify(.) by extension 'colcon_meta'
[0.675s] Level 1:colcon.colcon_core.package_identification:_identify(.) by extensions ['ros']
[0.675s] Level 1:colcon.colcon_core.package_identification:_identify(.) by extension 'ros'
[0.782s] DEBUG:colcon.colcon_core.package_identification:Package '.' with type 'ros.ament_python' and name 'turtlebot_nav_tasks'
[0.783s] Level 1:colcon.colcon_core.package_discovery:discover_packages(recursive) using defaults
[0.783s] Level 1:colcon.colcon_core.package_discovery:discover_packages(ignore) discover
[0.783s] Level 1:colcon.colcon_core.package_discovery:discover_packages(ignore) using defaults
[0.783s] Level 1:colcon.colcon_core.package_discovery:discover_packages(path) discover
[0.783s] Level 1:colcon.colcon_core.package_discovery:discover_packages(path) using defaults
[0.843s] Level 1:colcon.colcon_core.package_discovery:discover_packages(prefix_path) check parameters
[0.843s] Level 1:colcon.colcon_core.package_discovery:discover_packages(prefix_path) discover
[0.870s] DEBUG:colcon.colcon_installed_package_information.package_discovery:Found 489 installed packages in /opt/ros/jazzy
[0.874s] Level 1:colcon.colcon_core.package_discovery:discover_packages(prefix_path) using defaults
[1.239s] Level 5:colcon.colcon_core.verb:set package 'turtlebot_nav_tasks' build argument 'cmake_args' from command line to 'None'
[1.239s] Level 5:colcon.colcon_core.verb:set package 'turtlebot_nav_tasks' build argument 'cmake_target' from command line to 'None'
[1.239s] Level 5:colcon.colcon_core.verb:set package 'turtlebot_nav_tasks' build argument 'cmake_target_skip_unavailable' from command line to 'False'
[1.239s] Level 5:colcon.colcon_core.verb:set package 'turtlebot_nav_tasks' build argument 'cmake_clean_cache' from command line to 'False'
[1.239s] Level 5:colcon.colcon_core.verb:set package 'turtlebot_nav_tasks' build argument 'cmake_clean_first' from command line to 'False'
[1.239s] Level 5:colcon.colcon_core.verb:set package 'turtlebot_nav_tasks' build argument 'cmake_force_configure' from command line to 'False'
[1.240s] Level 5:colcon.colcon_core.verb:set package 'turtlebot_nav_tasks' build argument 'ament_cmake_args' from command line to 'None'
[1.240s] Level 5:colcon.colcon_core.verb:set package 'turtlebot_nav_tasks' build argument 'catkin_cmake_args' from command line to 'None'
[1.240s] Level 5:colcon.colcon_core.verb:set package 'turtlebot_nav_tasks' build argument 'catkin_skip_building_tests' from command line to 'False'
[1.240s] DEBUG:colcon.colcon_core.verb:Building package 'turtlebot_nav_tasks' with the following arguments: {'ament_cmake_args': None, 'build_base': '/home/spoonge/ros2_ws/src/turtlebot_nav_tasks/build/turtlebot_nav_tasks', 'catkin_cmake_args': None, 'catkin_skip_building_tests': False, 'cmake_args': None, 'cmake_clean_cache': False, 'cmake_clean_first': False, 'cmake_force_configure': False, 'cmake_target': None, 'cmake_target_skip_unavailable': False, 'install_base': '/home/spoonge/ros2_ws/src/turtlebot_nav_tasks/install/turtlebot_nav_tasks', 'merge_install': False, 'path': '/home/spoonge/ros2_ws/src/turtlebot_nav_tasks', 'symlink_install': False, 'test_result_base': None}
[1.241s] INFO:colcon.colcon_core.executor:Executing jobs using 'parallel' executor
[1.248s] DEBUG:colcon.colcon_parallel_executor.executor.parallel:run_until_complete
[1.249s] INFO:colcon.colcon_ros.task.ament_python.build:Building ROS package in '/home/spoonge/ros2_ws/src/turtlebot_nav_tasks' with build type 'ament_python'
[1.249s] Level 1:colcon.colcon_core.shell:create_environment_hook('turtlebot_nav_tasks', 'ament_prefix_path')
[1.268s] INFO:colcon.colcon_core.plugin_system:Skipping extension 'colcon_core.shell.bat': Not used on non-Windows systems
[1.268s] INFO:colcon.colcon_core.shell:Creating environment hook '/home/spoonge/ros2_ws/src/turtlebot_nav_tasks/install/turtlebot_nav_tasks/share/turtlebot_nav_tasks/hook/ament_prefix_path.ps1'
[1.271s] INFO:colcon.colcon_core.shell:Creating environment descriptor '/home/spoonge/ros2_ws/src/turtlebot_nav_tasks/install/turtlebot_nav_tasks/share/turtlebot_nav_tasks/hook/ament_prefix_path.dsv'
[1.272s] INFO:colcon.colcon_core.shell:Creating environment hook '/home/spoonge/ros2_ws/src/turtlebot_nav_tasks/install/turtlebot_nav_tasks/share/turtlebot_nav_tasks/hook/ament_prefix_path.sh'
[1.274s] INFO:colcon.colcon_core.shell:Skip shell extension 'powershell' for command environment: Not usable outside of PowerShell
[1.274s] DEBUG:colcon.colcon_core.shell:Skip shell extension 'dsv' for command environment
[1.855s] INFO:colcon.colcon_core.task.python.build:Building Python package in '/home/spoonge/ros2_ws/src/turtlebot_nav_tasks'
[1.856s] INFO:colcon.colcon_core.shell:Skip shell extension 'powershell' for command environment: Not usable outside of PowerShell
[1.856s] DEBUG:colcon.colcon_core.shell:Skip shell extension 'dsv' for command environment
[4.068s] DEBUG:colcon.colcon_core.event_handler.log_command:Invoking command in '/home/spoonge/ros2_ws/src/turtlebot_nav_tasks': PYTHONPATH=/home/spoonge/ros2_ws/src/turtlebot_nav_tasks/build/turtlebot_nav_tasks/prefix_override:/usr/lib/python3/dist-packages/colcon_core/task/python/colcon_distutils_commands:/home/spoonge/ros2_ws/src/turtlebot_nav_tasks/install/turtlebot_nav_tasks/lib/python3.12/site-packages:${PYTHONPATH} /usr/bin/python3 -W ignore:setup.py install is deprecated -W ignore:easy_install command is deprecated setup.py egg_info --egg-base build/turtlebot_nav_tasks build --build-base /home/spoonge/ros2_ws/src/turtlebot_nav_tasks/build/turtlebot_nav_tasks/build install --record /home/spoonge/ros2_ws/src/turtlebot_nav_tasks/build/turtlebot_nav_tasks/install.log --single-version-externally-managed install_data
[5.431s] DEBUG:colcon.colcon_core.event_handler.log_command:Invoked command in '/home/spoonge/ros2_ws/src/turtlebot_nav_tasks' returned '0': PYTHONPATH=/home/spoonge/ros2_ws/src/turtlebot_nav_tasks/build/turtlebot_nav_tasks/prefix_override:/usr/lib/python3/dist-packages/colcon_core/task/python/colcon_distutils_commands:/home/spoonge/ros2_ws/src/turtlebot_nav_tasks/install/turtlebot_nav_tasks/lib/python3.12/site-packages:${PYTHONPATH} /usr/bin/python3 -W ignore:setup.py install is deprecated -W ignore:easy_install command is deprecated setup.py egg_info --egg-base build/turtlebot_nav_tasks build --build-base /home/spoonge/ros2_ws/src/turtlebot_nav_tasks/build/turtlebot_nav_tasks/build install --record /home/spoonge/ros2_ws/src/turtlebot_nav_tasks/build/turtlebot_nav_tasks/install.log --single-version-externally-managed install_data
[5.451s] Level 1:colcon.colcon_core.environment:checking '/home/spoonge/ros2_ws/src/turtlebot_nav_tasks/install/turtlebot_nav_tasks' for CMake module files
[5.452s] Level 1:colcon.colcon_core.environment:checking '/home/spoonge/ros2_ws/src/turtlebot_nav_tasks/install/turtlebot_nav_tasks' for CMake config files
[5.455s] Level 1:colcon.colcon_core.environment:checking '/home/spoonge/ros2_ws/src/turtlebot_nav_tasks/install/turtlebot_nav_tasks/lib'
[5.456s] Level 1:colcon.colcon_core.environment:checking '/home/spoonge/ros2_ws/src/turtlebot_nav_tasks/install/turtlebot_nav_tasks/bin'
[5.456s] Level 1:colcon.colcon_core.environment:checking '/home/spoonge/ros2_ws/src/turtlebot_nav_tasks/install/turtlebot_nav_tasks/lib/pkgconfig/turtlebot_nav_tasks.pc'
[5.457s] Level 1:colcon.colcon_core.environment:checking '/home/spoonge/ros2_ws/src/turtlebot_nav_tasks/install/turtlebot_nav_tasks/lib/python3.12/site-packages'
[5.458s] Level 1:colcon.colcon_core.shell:create_environment_hook('turtlebot_nav_tasks', 'pythonpath')
[5.458s] INFO:colcon.colcon_core.shell:Creating environment hook '/home/spoonge/ros2_ws/src/turtlebot_nav_tasks/install/turtlebot_nav_tasks/share/turtlebot_nav_tasks/hook/pythonpath.ps1'
[5.459s] INFO:colcon.colcon_core.shell:Creating environment descriptor '/home/spoonge/ros2_ws/src/turtlebot_nav_tasks/install/turtlebot_nav_tasks/share/turtlebot_nav_tasks/hook/pythonpath.dsv'
[5.460s] INFO:colcon.colcon_core.shell:Creating environment hook '/home/spoonge/ros2_ws/src/turtlebot_nav_tasks/install/turtlebot_nav_tasks/share/turtlebot_nav_tasks/hook/pythonpath.sh'
[5.462s] Level 1:colcon.colcon_core.environment:checking '/home/spoonge/ros2_ws/src/turtlebot_nav_tasks/install/turtlebot_nav_tasks/bin'
[5.462s] Level 1:colcon.colcon_core.environment:create_environment_scripts_only(turtlebot_nav_tasks)
[5.462s] INFO:colcon.colcon_core.shell:Creating package script '/home/spoonge/ros2_ws/src/turtlebot_nav_tasks/install/turtlebot_nav_tasks/share/turtlebot_nav_tasks/package.ps1'
[5.464s] INFO:colcon.colcon_core.shell:Creating package descriptor '/home/spoonge/ros2_ws/src/turtlebot_nav_tasks/install/turtlebot_nav_tasks/share/turtlebot_nav_tasks/package.dsv'
[5.468s] INFO:colcon.colcon_core.shell:Creating package script '/home/spoonge/ros2_ws/src/turtlebot_nav_tasks/install/turtlebot_nav_tasks/share/turtlebot_nav_tasks/package.sh'
[5.469s] INFO:colcon.colcon_core.shell:Creating package script '/home/spoonge/ros2_ws/src/turtlebot_nav_tasks/install/turtlebot_nav_tasks/share/turtlebot_nav_tasks/package.bash'
[5.471s] INFO:colcon.colcon_core.shell:Creating package script '/home/spoonge/ros2_ws/src/turtlebot_nav_tasks/install/turtlebot_nav_tasks/share/turtlebot_nav_tasks/package.zsh'
[5.473s] Level 1:colcon.colcon_core.environment:create_file_with_runtime_dependencies(/home/spoonge/ros2_ws/src/turtlebot_nav_tasks/install/turtlebot_nav_tasks/share/colcon-core/packages/turtlebot_nav_tasks)
[5.474s] DEBUG:colcon.colcon_parallel_executor.executor.parallel:closing loop
[5.474s] DEBUG:colcon.colcon_parallel_executor.executor.parallel:loop closed
[5.474s] DEBUG:colcon.colcon_parallel_executor.executor.parallel:run_until_complete finished with '0'
[5.474s] DEBUG:colcon.colcon_core.event_reactor:joining thread
[5.522s] INFO:colcon.colcon_core.plugin_system:Skipping extension 'colcon_notification.desktop_notification.notify_send': Could not find 'notify-send'
[5.523s] INFO:colcon.colcon_core.plugin_system:Skipping extension 'colcon_notification.desktop_notification.terminal_notifier': Not used on non-Darwin systems
[5.523s] INFO:colcon.colcon_core.plugin_system:Skipping extension 'colcon_notification.desktop_notification.win32': Not used on non-Windows systems
[5.523s] INFO:colcon.colcon_notification.desktop_notification:Sending desktop notification using 'notify2'
[5.545s] DEBUG:colcon.colcon_notification.desktop_notification.notify2:Failed to initialize notify2: org.freedesktop.DBus.Error.Spawn.ExecFailed: /usr/bin/dbus-launch terminated abnormally without any error message
[5.545s] DEBUG:colcon.colcon_core.event_reactor:joined thread
[5.546s] INFO:colcon.colcon_core.shell:Creating prefix script '/home/spoonge/ros2_ws/src/turtlebot_nav_tasks/install/local_setup.ps1'
[5.549s] INFO:colcon.colcon_core.shell:Creating prefix util module '/home/spoonge/ros2_ws/src/turtlebot_nav_tasks/install/_local_setup_util_ps1.py'
[5.554s] INFO:colcon.colcon_core.shell:Creating prefix chain script '/home/spoonge/ros2_ws/src/turtlebot_nav_tasks/install/setup.ps1'
[5.556s] INFO:colcon.colcon_core.shell:Creating prefix script '/home/spoonge/ros2_ws/src/turtlebot_nav_tasks/install/local_setup.sh'
[5.557s] INFO:colcon.colcon_core.shell:Creating prefix util module '/home/spoonge/ros2_ws/src/turtlebot_nav_tasks/install/_local_setup_util_sh.py'
[5.559s] INFO:colcon.colcon_core.shell:Creating prefix chain script '/home/spoonge/ros2_ws/src/turtlebot_nav_tasks/install/setup.sh'
[5.562s] INFO:colcon.colcon_core.shell:Creating prefix script '/home/spoonge/ros2_ws/src/turtlebot_nav_tasks/install/local_setup.bash'
[5.563s] INFO:colcon.colcon_core.shell:Creating prefix chain script '/home/spoonge/ros2_ws/src/turtlebot_nav_tasks/install/setup.bash'
[5.565s] INFO:colcon.colcon_core.shell:Creating prefix script '/home/spoonge/ros2_ws/src/turtlebot_nav_tasks/install/local_setup.zsh'
[5.567s] INFO:colcon.colcon_core.shell:Creating prefix chain script '/home/spoonge/ros2_ws/src/turtlebot_nav_tasks/install/setup.zsh'
