-- The C compiler identification is GNU 13.3.0
-- The CXX compiler identification is GNU 13.3.0
-- Detecting C compiler ABI info
-- Detecting C compiler ABI info - done
-- Check for working C compiler: /usr/bin/cc - skipped
-- Detecting C compile features
-- Detecting C compile features - done
-- Detecting CXX compiler ABI info
-- Detecting CXX compiler ABI info - done
-- Check for working CXX compiler: /usr/bin/c++ - skipped
-- Detecting CXX compile features
-- Detecting CXX compile features - done
-- Found ament_cmake: 2.5.4 (/opt/ros/jazzy/share/ament_cmake/cmake)
-- Found Python3: /usr/bin/python3 (found version "3.12.3") found components: Interpreter 
-- Override CMake install command with custom implementation using symlinks instead of copying resources
-- Configuring done (1.5s)
-- Generating done (0.0s)
-- Build files have been written to: /home/spoonge/ros2_ws/src/build/scara_cnc
-- Install configuration: ""
-- Execute custom install script
[33mCMake Warning (dev) at ament_cmake_symlink_install/ament_cmake_symlink_install.cmake:62 (file):
  Policy CMP0009 is not set: FILE GLOB_RECURSE calls should not follow
  symlinks by default.  Run "cmake --help-policy CMP0009" for policy details.
  Use the cmake_policy command to set the policy and suppress this warning.
Call Stack (most recent call first):
  ament_cmake_symlink_install/ament_cmake_symlink_install.cmake:314 (ament_cmake_symlink_install_directory)
  cmake_install.cmake:46 (include)
This warning is for project developers.  Use -Wno-dev to suppress it.
[0m
-- Symlinking: /home/spoonge/ros2_ws/src/install/scara_cnc/share/scara_cnc/urdf/build/.built_by
-- Symlinking: /home/spoonge/ros2_ws/src/install/scara_cnc/share/scara_cnc/urdf/build/COLCON_IGNORE
-- Symlinking: /home/spoonge/ros2_ws/src/install/scara_cnc/share/scara_cnc/urdf/install/.colcon_install_layout
-- Symlinking: /home/spoonge/ros2_ws/src/install/scara_cnc/share/scara_cnc/urdf/install/COLCON_IGNORE
-- Symlinking: /home/spoonge/ros2_ws/src/install/scara_cnc/share/scara_cnc/urdf/install/_local_setup_util_ps1.py
-- Symlinking: /home/spoonge/ros2_ws/src/install/scara_cnc/share/scara_cnc/urdf/install/_local_setup_util_sh.py
-- Symlinking: /home/spoonge/ros2_ws/src/install/scara_cnc/share/scara_cnc/urdf/install/local_setup.bash
-- Symlinking: /home/spoonge/ros2_ws/src/install/scara_cnc/share/scara_cnc/urdf/install/local_setup.ps1
-- Symlinking: /home/spoonge/ros2_ws/src/install/scara_cnc/share/scara_cnc/urdf/install/local_setup.sh
-- Symlinking: /home/spoonge/ros2_ws/src/install/scara_cnc/share/scara_cnc/urdf/install/local_setup.zsh
-- Symlinking: /home/spoonge/ros2_ws/src/install/scara_cnc/share/scara_cnc/urdf/install/setup.bash
-- Symlinking: /home/spoonge/ros2_ws/src/install/scara_cnc/share/scara_cnc/urdf/install/setup.ps1
-- Symlinking: /home/spoonge/ros2_ws/src/install/scara_cnc/share/scara_cnc/urdf/install/setup.sh
-- Symlinking: /home/spoonge/ros2_ws/src/install/scara_cnc/share/scara_cnc/urdf/install/setup.zsh
-- Symlinking: /home/spoonge/ros2_ws/src/install/scara_cnc/share/scara_cnc/urdf/log/COLCON_IGNORE
-- Symlinking: /home/spoonge/ros2_ws/src/install/scara_cnc/share/scara_cnc/urdf/log/build_2025-11-16_11-24-53/events.log
-- Symlinking: /home/spoonge/ros2_ws/src/install/scara_cnc/share/scara_cnc/urdf/log/build_2025-11-16_11-24-53/logger_all.log
-- Symlinking: /home/spoonge/ros2_ws/src/install/scara_cnc/share/scara_cnc/urdf/log/build_2025-11-16_11-28-44/events.log
-- Symlinking: /home/spoonge/ros2_ws/src/install/scara_cnc/share/scara_cnc/urdf/log/build_2025-11-16_11-28-44/logger_all.log
-- Symlinking: /home/spoonge/ros2_ws/src/install/scara_cnc/share/scara_cnc/urdf/log/latest/events.log
-- Symlinking: /home/spoonge/ros2_ws/src/install/scara_cnc/share/scara_cnc/urdf/log/latest/logger_all.log
-- Symlinking: /home/spoonge/ros2_ws/src/install/scara_cnc/share/scara_cnc/urdf/log/latest_build/events.log
-- Symlinking: /home/spoonge/ros2_ws/src/install/scara_cnc/share/scara_cnc/urdf/log/latest_build/logger_all.log
-- Symlinking: /home/spoonge/ros2_ws/src/install/scara_cnc/share/scara_cnc/urdf/scara.urdf
-- Symlinking: /home/spoonge/ros2_ws/src/install/scara_cnc/share/scara_cnc/urdf/urdf_Scara.csv
-- Symlinking: /home/spoonge/ros2_ws/src/install/scara_cnc/share/scara_cnc/meshes/base_link.STL
-- Symlinking: /home/spoonge/ros2_ws/src/install/scara_cnc/share/scara_cnc/meshes/hand1.STL
-- Symlinking: /home/spoonge/ros2_ws/src/install/scara_cnc/share/scara_cnc/meshes/hand2.STL
-- Symlinking: /home/spoonge/ros2_ws/src/install/scara_cnc/share/scara_cnc/meshes/hand3.STL
-- Symlinking: /home/spoonge/ros2_ws/src/install/scara_cnc/share/scara_cnc/launch/display_scara.launch.py
-- Symlinking: /home/spoonge/ros2_ws/src/install/scara_cnc/share/scara_cnc/launch/sim_scara.launch.py
-- Symlinking: /home/spoonge/ros2_ws/src/install/scara_cnc/share/scara_cnc/config/controllers.yaml
-- Symlinking: /home/spoonge/ros2_ws/src/install/scara_cnc/share/scara_cnc/config/joint_names_urdf_Scara.yaml
-- Symlinking: /home/spoonge/ros2_ws/src/install/scara_cnc/share/scara_cnc/config/scara_cnc.rviz
-- Symlinking: /home/spoonge/ros2_ws/src/install/scara_cnc/share/scara_cnc/config/scara_rsp.yaml
-- Symlinking: /home/spoonge/ros2_ws/src/install/scara_cnc/share/ament_index/resource_index/package_run_dependencies/scara_cnc
-- Symlinking: /home/spoonge/ros2_ws/src/install/scara_cnc/share/ament_index/resource_index/parent_prefix_path/scara_cnc
-- Symlinking: /home/spoonge/ros2_ws/src/install/scara_cnc/share/scara_cnc/environment/ament_prefix_path.sh
-- Symlinking: /home/spoonge/ros2_ws/src/install/scara_cnc/share/scara_cnc/environment/ament_prefix_path.dsv
-- Symlinking: /home/spoonge/ros2_ws/src/install/scara_cnc/share/scara_cnc/environment/path.sh
-- Symlinking: /home/spoonge/ros2_ws/src/install/scara_cnc/share/scara_cnc/environment/path.dsv
-- Symlinking: /home/spoonge/ros2_ws/src/install/scara_cnc/share/scara_cnc/local_setup.bash
-- Symlinking: /home/spoonge/ros2_ws/src/install/scara_cnc/share/scara_cnc/local_setup.sh
-- Symlinking: /home/spoonge/ros2_ws/src/install/scara_cnc/share/scara_cnc/local_setup.zsh
-- Symlinking: /home/spoonge/ros2_ws/src/install/scara_cnc/share/scara_cnc/local_setup.dsv
-- Symlinking: /home/spoonge/ros2_ws/src/install/scara_cnc/share/scara_cnc/package.dsv
-- Symlinking: /home/spoonge/ros2_ws/src/install/scara_cnc/share/ament_index/resource_index/packages/scara_cnc
-- Symlinking: /home/spoonge/ros2_ws/src/install/scara_cnc/share/scara_cnc/cmake/scara_cncConfig.cmake
-- Symlinking: /home/spoonge/ros2_ws/src/install/scara_cnc/share/scara_cnc/cmake/scara_cncConfig-version.cmake
-- Symlinking: /home/spoonge/ros2_ws/src/install/scara_cnc/share/scara_cnc/package.xml
