[0.076s] Invoking command in '/home/spoonge/ros2_ws/src/build/scara_cnc': CMAKE_PREFIX_PATH=${CMAKE_PREFIX_PATH}:/home/spoonge/ros2_ws/src/scara_bringup/install/scara_bringup:/opt/ros/jazzy DEBUGINFOD_URLS=https://debuginfod.ubuntu.com /usr/bin/cmake /home/spoonge/ros2_ws/src/scara_cnc -DAMENT_CMAKE_SYMLINK_INSTALL=1 -DCMAKE_INSTALL_PREFIX=/home/spoonge/ros2_ws/src/install/scara_cnc
[1.731s] -- The C compiler identification is GNU 13.3.0
[1.732s] -- The CXX compiler identification is GNU 13.3.0
[1.732s] -- Detecting C compiler ABI info
[1.732s] -- Detecting C compiler ABI info - done
[1.732s] -- Check for working C compiler: /usr/bin/cc - skipped
[1.732s] -- Detecting C compile features
[1.732s] -- Detecting C compile features - done
[1.732s] -- Detecting CXX compiler ABI info
[1.732s] -- Detecting CXX compiler ABI info - done
[1.732s] -- Check for working CXX compiler: /usr/bin/c++ - skipped
[1.733s] -- Detecting CXX compile features
[1.733s] -- Detecting CXX compile features - done
[1.733s] -- Found ament_cmake: 2.5.4 (/opt/ros/jazzy/share/ament_cmake/cmake)
[1.733s] -- Found Python3: /usr/bin/python3 (found version "3.12.3") found components: Interpreter 
[1.733s] -- Override CMake install command with custom implementation using symlinks instead of copying resources
[1.733s] -- Configuring done (1.5s)
[1.733s] -- Generating done (0.0s)
[1.733s] -- Build files have been written to: /home/spoonge/ros2_ws/src/build/scara_cnc
[2.120s] Invoked command in '/home/spoonge/ros2_ws/src/build/scara_cnc' returned '0': CMAKE_PREFIX_PATH=${CMAKE_PREFIX_PATH}:/home/spoonge/ros2_ws/src/scara_bringup/install/scara_bringup:/opt/ros/jazzy DEBUGINFOD_URLS=https://debuginfod.ubuntu.com /usr/bin/cmake /home/spoonge/ros2_ws/src/scara_cnc -DAMENT_CMAKE_SYMLINK_INSTALL=1 -DCMAKE_INSTALL_PREFIX=/home/spoonge/ros2_ws/src/install/scara_cnc
[2.121s] Invoking command in '/home/spoonge/ros2_ws/src/build/scara_cnc': CMAKE_PREFIX_PATH=${CMAKE_PREFIX_PATH}:/home/spoonge/ros2_ws/src/scara_bringup/install/scara_bringup:/opt/ros/jazzy DEBUGINFOD_URLS=https://debuginfod.ubuntu.com /usr/bin/cmake --build /home/spoonge/ros2_ws/src/build/scara_cnc -- -j12 -l12
[2.257s] Invoked command in '/home/spoonge/ros2_ws/src/build/scara_cnc' returned '0': CMAKE_PREFIX_PATH=${CMAKE_PREFIX_PATH}:/home/spoonge/ros2_ws/src/scara_bringup/install/scara_bringup:/opt/ros/jazzy DEBUGINFOD_URLS=https://debuginfod.ubuntu.com /usr/bin/cmake --build /home/spoonge/ros2_ws/src/build/scara_cnc -- -j12 -l12
[2.258s] Invoking command in '/home/spoonge/ros2_ws/src/build/scara_cnc': CMAKE_PREFIX_PATH=${CMAKE_PREFIX_PATH}:/home/spoonge/ros2_ws/src/scara_bringup/install/scara_bringup:/opt/ros/jazzy DEBUGINFOD_URLS=https://debuginfod.ubuntu.com /usr/bin/cmake --install /home/spoonge/ros2_ws/src/build/scara_cnc
[2.280s] -- Install configuration: ""
[2.280s] -- Execute custom install script
[2.281s] [33mCMake Warning (dev) at ament_cmake_symlink_install/ament_cmake_symlink_install.cmake:62 (file):
[2.282s]   Policy CMP0009 is not set: FILE GLOB_RECURSE calls should not follow
[2.282s]   symlinks by default.  Run "cmake --help-policy CMP0009" for policy details.
[2.283s]   Use the cmake_policy command to set the policy and suppress this warning.
[2.283s] Call Stack (most recent call first):
[2.283s]   ament_cmake_symlink_install/ament_cmake_symlink_install.cmake:314 (ament_cmake_symlink_install_directory)
[2.283s]   cmake_install.cmake:46 (include)
[2.283s] This warning is for project developers.  Use -Wno-dev to suppress it.
[2.283s] [0m
[2.283s] -- Symlinking: /home/spoonge/ros2_ws/src/install/scara_cnc/share/scara_cnc/urdf/build/.built_by
[2.308s] -- Symlinking: /home/spoonge/ros2_ws/src/install/scara_cnc/share/scara_cnc/urdf/build/COLCON_IGNORE
[2.332s] -- Symlinking: /home/spoonge/ros2_ws/src/install/scara_cnc/share/scara_cnc/urdf/install/.colcon_install_layout
[2.355s] -- Symlinking: /home/spoonge/ros2_ws/src/install/scara_cnc/share/scara_cnc/urdf/install/COLCON_IGNORE
[2.379s] -- Symlinking: /home/spoonge/ros2_ws/src/install/scara_cnc/share/scara_cnc/urdf/install/_local_setup_util_ps1.py
[2.404s] -- Symlinking: /home/spoonge/ros2_ws/src/install/scara_cnc/share/scara_cnc/urdf/install/_local_setup_util_sh.py
[2.427s] -- Symlinking: /home/spoonge/ros2_ws/src/install/scara_cnc/share/scara_cnc/urdf/install/local_setup.bash
[2.449s] -- Symlinking: /home/spoonge/ros2_ws/src/install/scara_cnc/share/scara_cnc/urdf/install/local_setup.ps1
[2.475s] -- Symlinking: /home/spoonge/ros2_ws/src/install/scara_cnc/share/scara_cnc/urdf/install/local_setup.sh
[2.500s] -- Symlinking: /home/spoonge/ros2_ws/src/install/scara_cnc/share/scara_cnc/urdf/install/local_setup.zsh
[2.529s] -- Symlinking: /home/spoonge/ros2_ws/src/install/scara_cnc/share/scara_cnc/urdf/install/setup.bash
[2.554s] -- Symlinking: /home/spoonge/ros2_ws/src/install/scara_cnc/share/scara_cnc/urdf/install/setup.ps1
[2.582s] -- Symlinking: /home/spoonge/ros2_ws/src/install/scara_cnc/share/scara_cnc/urdf/install/setup.sh
[2.608s] -- Symlinking: /home/spoonge/ros2_ws/src/install/scara_cnc/share/scara_cnc/urdf/install/setup.zsh
[2.636s] -- Symlinking: /home/spoonge/ros2_ws/src/install/scara_cnc/share/scara_cnc/urdf/log/COLCON_IGNORE
[2.666s] -- Symlinking: /home/spoonge/ros2_ws/src/install/scara_cnc/share/scara_cnc/urdf/log/build_2025-11-16_11-24-53/events.log
[2.695s] -- Symlinking: /home/spoonge/ros2_ws/src/install/scara_cnc/share/scara_cnc/urdf/log/build_2025-11-16_11-24-53/logger_all.log
[2.723s] -- Symlinking: /home/spoonge/ros2_ws/src/install/scara_cnc/share/scara_cnc/urdf/log/build_2025-11-16_11-28-44/events.log
[2.752s] -- Symlinking: /home/spoonge/ros2_ws/src/install/scara_cnc/share/scara_cnc/urdf/log/build_2025-11-16_11-28-44/logger_all.log
[2.784s] -- Symlinking: /home/spoonge/ros2_ws/src/install/scara_cnc/share/scara_cnc/urdf/log/latest/events.log
[2.811s] -- Symlinking: /home/spoonge/ros2_ws/src/install/scara_cnc/share/scara_cnc/urdf/log/latest/logger_all.log
[2.838s] -- Symlinking: /home/spoonge/ros2_ws/src/install/scara_cnc/share/scara_cnc/urdf/log/latest_build/events.log
[2.863s] -- Symlinking: /home/spoonge/ros2_ws/src/install/scara_cnc/share/scara_cnc/urdf/log/latest_build/logger_all.log
[2.888s] -- Symlinking: /home/spoonge/ros2_ws/src/install/scara_cnc/share/scara_cnc/urdf/scara.urdf
[2.918s] -- Symlinking: /home/spoonge/ros2_ws/src/install/scara_cnc/share/scara_cnc/urdf/urdf_Scara.csv
[2.946s] -- Symlinking: /home/spoonge/ros2_ws/src/install/scara_cnc/share/scara_cnc/meshes/base_link.STL
[2.971s] -- Symlinking: /home/spoonge/ros2_ws/src/install/scara_cnc/share/scara_cnc/meshes/hand1.STL
[2.995s] -- Symlinking: /home/spoonge/ros2_ws/src/install/scara_cnc/share/scara_cnc/meshes/hand2.STL
[3.019s] -- Symlinking: /home/spoonge/ros2_ws/src/install/scara_cnc/share/scara_cnc/meshes/hand3.STL
[3.047s] -- Symlinking: /home/spoonge/ros2_ws/src/install/scara_cnc/share/scara_cnc/launch/display_scara.launch.py
[3.076s] -- Symlinking: /home/spoonge/ros2_ws/src/install/scara_cnc/share/scara_cnc/launch/sim_scara.launch.py
[3.101s] -- Symlinking: /home/spoonge/ros2_ws/src/install/scara_cnc/share/scara_cnc/config/controllers.yaml
[3.132s] -- Symlinking: /home/spoonge/ros2_ws/src/install/scara_cnc/share/scara_cnc/config/joint_names_urdf_Scara.yaml
[3.156s] -- Symlinking: /home/spoonge/ros2_ws/src/install/scara_cnc/share/scara_cnc/config/scara_cnc.rviz
[3.179s] -- Symlinking: /home/spoonge/ros2_ws/src/install/scara_cnc/share/scara_cnc/config/scara_rsp.yaml
[3.200s] -- Symlinking: /home/spoonge/ros2_ws/src/install/scara_cnc/share/ament_index/resource_index/package_run_dependencies/scara_cnc
[3.228s] -- Symlinking: /home/spoonge/ros2_ws/src/install/scara_cnc/share/ament_index/resource_index/parent_prefix_path/scara_cnc
[3.252s] -- Symlinking: /home/spoonge/ros2_ws/src/install/scara_cnc/share/scara_cnc/environment/ament_prefix_path.sh
[3.278s] -- Symlinking: /home/spoonge/ros2_ws/src/install/scara_cnc/share/scara_cnc/environment/ament_prefix_path.dsv
[3.306s] -- Symlinking: /home/spoonge/ros2_ws/src/install/scara_cnc/share/scara_cnc/environment/path.sh
[3.330s] -- Symlinking: /home/spoonge/ros2_ws/src/install/scara_cnc/share/scara_cnc/environment/path.dsv
[3.355s] -- Symlinking: /home/spoonge/ros2_ws/src/install/scara_cnc/share/scara_cnc/local_setup.bash
[3.386s] -- Symlinking: /home/spoonge/ros2_ws/src/install/scara_cnc/share/scara_cnc/local_setup.sh
[3.415s] -- Symlinking: /home/spoonge/ros2_ws/src/install/scara_cnc/share/scara_cnc/local_setup.zsh
[3.442s] -- Symlinking: /home/spoonge/ros2_ws/src/install/scara_cnc/share/scara_cnc/local_setup.dsv
[3.467s] -- Symlinking: /home/spoonge/ros2_ws/src/install/scara_cnc/share/scara_cnc/package.dsv
[3.492s] -- Symlinking: /home/spoonge/ros2_ws/src/install/scara_cnc/share/ament_index/resource_index/packages/scara_cnc
[3.518s] -- Symlinking: /home/spoonge/ros2_ws/src/install/scara_cnc/share/scara_cnc/cmake/scara_cncConfig.cmake
[3.543s] -- Symlinking: /home/spoonge/ros2_ws/src/install/scara_cnc/share/scara_cnc/cmake/scara_cncConfig-version.cmake
[3.564s] -- Symlinking: /home/spoonge/ros2_ws/src/install/scara_cnc/share/scara_cnc/package.xml
[4.368s] Invoked command in '/home/spoonge/ros2_ws/src/build/scara_cnc' returned '0': CMAKE_PREFIX_PATH=${CMAKE_PREFIX_PATH}:/home/spoonge/ros2_ws/src/scara_bringup/install/scara_bringup:/opt/ros/jazzy DEBUGINFOD_URLS=https://debuginfod.ubuntu.com /usr/bin/cmake --install /home/spoonge/ros2_ws/src/build/scara_cnc
