[0.098s] DEBUG:colcon:Command line arguments: ['/usr/bin/colcon', 'build']
[0.098s] DEBUG:colcon:Parsed command line arguments: Namespace(log_base=None, log_level=None, verb_name='build', build_base='build', install_base='install', merge_install=False, symlink_install=False, test_result_base=None, continue_on_error=False, executor='parallel', parallel_workers=12, event_handlers=None, ignore_user_meta=False, metas=['./colcon.meta'], base_paths=['.'], packages_ignore=None, packages_ignore_regex=None, paths=None, packages_up_to=None, packages_up_to_regex=None, packages_above=None, packages_above_and_dependencies=None, packages_above_depth=None, packages_select_by_dep=None, packages_skip_by_dep=None, packages_skip_up_to=None, packages_select_build_failed=False, packages_skip_build_finished=False, packages_select_test_failures=False, packages_skip_test_passed=False, packages_select=None, packages_skip=None, packages_select_regex=None, packages_skip_regex=None, packages_start=None, packages_end=None, allow_overriding=[], cmake_args=None, cmake_target=None, cmake_target_skip_unavailable=False, cmake_clean_cache=False, cmake_clean_first=False, cmake_force_configure=False, ament_cmake_args=None, catkin_cmake_args=None, catkin_skip_building_tests=False, verb_parser=<colcon_defaults.argument_parser.defaults.DefaultArgumentsDecorator object at 0x7b2529a43230>, verb_extension=<colcon_core.verb.build.BuildVerb object at 0x7b2529a42f60>, main=<bound method BuildVerb.main of <colcon_core.verb.build.BuildVerb object at 0x7b2529a42f60>>)
[0.134s] Level 1:colcon.colcon_core.package_discovery:discover_packages(colcon_meta) check parameters
[0.134s] Level 1:colcon.colcon_core.package_discovery:discover_packages(recursive) check parameters
[0.134s] Level 1:colcon.colcon_core.package_discovery:discover_packages(ignore) check parameters
[0.134s] Level 1:colcon.colcon_core.package_discovery:discover_packages(path) check parameters
[0.134s] Level 1:colcon.colcon_core.package_discovery:discover_packages(colcon_meta) discover
[0.134s] Level 1:colcon.colcon_core.package_discovery:discover_packages(recursive) discover
[0.134s] INFO:colcon.colcon_core.package_discovery:Crawling recursively for packages in '/home/spoonge/ros2_ws/src'
[0.134s] Level 1:colcon.colcon_core.package_identification:_identify(.) by extensions ['ignore', 'ignore_ament_install']
[0.134s] Level 1:colcon.colcon_core.package_identification:_identify(.) by extension 'ignore'
[0.134s] Level 1:colcon.colcon_core.package_identification:_identify(.) by extension 'ignore_ament_install'
[0.134s] Level 1:colcon.colcon_core.package_identification:_identify(.) by extensions ['colcon_pkg']
[0.134s] Level 1:colcon.colcon_core.package_identification:_identify(.) by extension 'colcon_pkg'
[0.134s] Level 1:colcon.colcon_core.package_identification:_identify(.) by extensions ['colcon_meta']
[0.134s] Level 1:colcon.colcon_core.package_identification:_identify(.) by extension 'colcon_meta'
[0.134s] Level 1:colcon.colcon_core.package_identification:_identify(.) by extensions ['ros']
[0.135s] Level 1:colcon.colcon_core.package_identification:_identify(.) by extension 'ros'
[0.157s] Level 1:colcon.colcon_core.package_identification:_identify(.) by extensions ['cmake', 'python']
[0.157s] Level 1:colcon.colcon_core.package_identification:_identify(.) by extension 'cmake'
[0.157s] Level 1:colcon.colcon_core.package_identification:_identify(.) by extension 'python'
[0.157s] Level 1:colcon.colcon_core.package_identification:_identify(.) by extensions ['python_setup_py']
[0.157s] Level 1:colcon.colcon_core.package_identification:_identify(.) by extension 'python_setup_py'
[0.157s] Level 1:colcon.colcon_core.package_identification:_identify(build) by extensions ['ignore', 'ignore_ament_install']
[0.158s] Level 1:colcon.colcon_core.package_identification:_identify(build) by extension 'ignore'
[0.158s] Level 1:colcon.colcon_core.package_identification:_identify(build) ignored
[0.158s] Level 1:colcon.colcon_core.package_identification:_identify(install) by extensions ['ignore', 'ignore_ament_install']
[0.158s] Level 1:colcon.colcon_core.package_identification:_identify(install) by extension 'ignore'
[0.158s] Level 1:colcon.colcon_core.package_identification:_identify(install) ignored
[0.158s] Level 1:colcon.colcon_core.package_identification:_identify(log) by extensions ['ignore', 'ignore_ament_install']
[0.158s] Level 1:colcon.colcon_core.package_identification:_identify(log) by extension 'ignore'
[0.158s] Level 1:colcon.colcon_core.package_identification:_identify(log) ignored
[0.158s] Level 1:colcon.colcon_core.package_identification:_identify(webots_ros2) by extensions ['ignore', 'ignore_ament_install']
[0.158s] Level 1:colcon.colcon_core.package_identification:_identify(webots_ros2) by extension 'ignore'
[0.158s] Level 1:colcon.colcon_core.package_identification:_identify(webots_ros2) by extension 'ignore_ament_install'
[0.158s] Level 1:colcon.colcon_core.package_identification:_identify(webots_ros2) by extensions ['colcon_pkg']
[0.158s] Level 1:colcon.colcon_core.package_identification:_identify(webots_ros2) by extension 'colcon_pkg'
[0.158s] Level 1:colcon.colcon_core.package_identification:_identify(webots_ros2) by extensions ['colcon_meta']
[0.158s] Level 1:colcon.colcon_core.package_identification:_identify(webots_ros2) by extension 'colcon_meta'
[0.158s] Level 1:colcon.colcon_core.package_identification:_identify(webots_ros2) by extensions ['ros']
[0.158s] Level 1:colcon.colcon_core.package_identification:_identify(webots_ros2) by extension 'ros'
[0.158s] Level 1:colcon.colcon_core.package_identification:_identify(webots_ros2) by extensions ['cmake', 'python']
[0.158s] Level 1:colcon.colcon_core.package_identification:_identify(webots_ros2) by extension 'cmake'
[0.159s] Level 1:colcon.colcon_core.package_identification:_identify(webots_ros2) by extension 'python'
[0.159s] Level 1:colcon.colcon_core.package_identification:_identify(webots_ros2) by extensions ['python_setup_py']
[0.159s] Level 1:colcon.colcon_core.package_identification:_identify(webots_ros2) by extension 'python_setup_py'
[0.159s] Level 1:colcon.colcon_core.package_identification:_identify(webots_ros2/docker) by extensions ['ignore', 'ignore_ament_install']
[0.159s] Level 1:colcon.colcon_core.package_identification:_identify(webots_ros2/docker) by extension 'ignore'
[0.159s] Level 1:colcon.colcon_core.package_identification:_identify(webots_ros2/docker) by extension 'ignore_ament_install'
[0.159s] Level 1:colcon.colcon_core.package_identification:_identify(webots_ros2/docker) by extensions ['colcon_pkg']
[0.159s] Level 1:colcon.colcon_core.package_identification:_identify(webots_ros2/docker) by extension 'colcon_pkg'
[0.159s] Level 1:colcon.colcon_core.package_identification:_identify(webots_ros2/docker) by extensions ['colcon_meta']
[0.159s] Level 1:colcon.colcon_core.package_identification:_identify(webots_ros2/docker) by extension 'colcon_meta'
[0.159s] Level 1:colcon.colcon_core.package_identification:_identify(webots_ros2/docker) by extensions ['ros']
[0.159s] Level 1:colcon.colcon_core.package_identification:_identify(webots_ros2/docker) by extension 'ros'
[0.159s] Level 1:colcon.colcon_core.package_identification:_identify(webots_ros2/docker) by extensions ['cmake', 'python']
[0.159s] Level 1:colcon.colcon_core.package_identification:_identify(webots_ros2/docker) by extension 'cmake'
[0.159s] Level 1:colcon.colcon_core.package_identification:_identify(webots_ros2/docker) by extension 'python'
[0.159s] Level 1:colcon.colcon_core.package_identification:_identify(webots_ros2/docker) by extensions ['python_setup_py']
[0.159s] Level 1:colcon.colcon_core.package_identification:_identify(webots_ros2/docker) by extension 'python_setup_py'
[0.159s] Level 1:colcon.colcon_core.package_identification:_identify(webots_ros2/images) by extensions ['ignore', 'ignore_ament_install']
[0.159s] Level 1:colcon.colcon_core.package_identification:_identify(webots_ros2/images) by extension 'ignore'
[0.159s] Level 1:colcon.colcon_core.package_identification:_identify(webots_ros2/images) by extension 'ignore_ament_install'
[0.159s] Level 1:colcon.colcon_core.package_identification:_identify(webots_ros2/images) by extensions ['colcon_pkg']
[0.160s] Level 1:colcon.colcon_core.package_identification:_identify(webots_ros2/images) by extension 'colcon_pkg'
[0.160s] Level 1:colcon.colcon_core.package_identification:_identify(webots_ros2/images) by extensions ['colcon_meta']
[0.160s] Level 1:colcon.colcon_core.package_identification:_identify(webots_ros2/images) by extension 'colcon_meta'
[0.160s] Level 1:colcon.colcon_core.package_identification:_identify(webots_ros2/images) by extensions ['ros']
[0.160s] Level 1:colcon.colcon_core.package_identification:_identify(webots_ros2/images) by extension 'ros'
[0.160s] Level 1:colcon.colcon_core.package_identification:_identify(webots_ros2/images) by extensions ['cmake', 'python']
[0.160s] Level 1:colcon.colcon_core.package_identification:_identify(webots_ros2/images) by extension 'cmake'
[0.160s] Level 1:colcon.colcon_core.package_identification:_identify(webots_ros2/images) by extension 'python'
[0.160s] Level 1:colcon.colcon_core.package_identification:_identify(webots_ros2/images) by extensions ['python_setup_py']
[0.160s] Level 1:colcon.colcon_core.package_identification:_identify(webots_ros2/images) by extension 'python_setup_py'
[0.160s] Level 1:colcon.colcon_core.package_identification:_identify(webots_ros2/scripts) by extensions ['ignore', 'ignore_ament_install']
[0.160s] Level 1:colcon.colcon_core.package_identification:_identify(webots_ros2/scripts) by extension 'ignore'
[0.160s] Level 1:colcon.colcon_core.package_identification:_identify(webots_ros2/scripts) by extension 'ignore_ament_install'
[0.160s] Level 1:colcon.colcon_core.package_identification:_identify(webots_ros2/scripts) by extensions ['colcon_pkg']
[0.160s] Level 1:colcon.colcon_core.package_identification:_identify(webots_ros2/scripts) by extension 'colcon_pkg'
[0.160s] Level 1:colcon.colcon_core.package_identification:_identify(webots_ros2/scripts) by extensions ['colcon_meta']
[0.160s] Level 1:colcon.colcon_core.package_identification:_identify(webots_ros2/scripts) by extension 'colcon_meta'
[0.160s] Level 1:colcon.colcon_core.package_identification:_identify(webots_ros2/scripts) by extensions ['ros']
[0.160s] Level 1:colcon.colcon_core.package_identification:_identify(webots_ros2/scripts) by extension 'ros'
[0.160s] Level 1:colcon.colcon_core.package_identification:_identify(webots_ros2/scripts) by extensions ['cmake', 'python']
[0.160s] Level 1:colcon.colcon_core.package_identification:_identify(webots_ros2/scripts) by extension 'cmake'
[0.160s] Level 1:colcon.colcon_core.package_identification:_identify(webots_ros2/scripts) by extension 'python'
[0.160s] Level 1:colcon.colcon_core.package_identification:_identify(webots_ros2/scripts) by extensions ['python_setup_py']
[0.160s] Level 1:colcon.colcon_core.package_identification:_identify(webots_ros2/scripts) by extension 'python_setup_py'
[0.161s] Level 1:colcon.colcon_core.package_identification:_identify(webots_ros2/tests) by extensions ['ignore', 'ignore_ament_install']
[0.161s] Level 1:colcon.colcon_core.package_identification:_identify(webots_ros2/tests) by extension 'ignore'
[0.161s] Level 1:colcon.colcon_core.package_identification:_identify(webots_ros2/tests) by extension 'ignore_ament_install'
[0.161s] Level 1:colcon.colcon_core.package_identification:_identify(webots_ros2/tests) by extensions ['colcon_pkg']
[0.161s] Level 1:colcon.colcon_core.package_identification:_identify(webots_ros2/tests) by extension 'colcon_pkg'
[0.161s] Level 1:colcon.colcon_core.package_identification:_identify(webots_ros2/tests) by extensions ['colcon_meta']
[0.161s] Level 1:colcon.colcon_core.package_identification:_identify(webots_ros2/tests) by extension 'colcon_meta'
[0.161s] Level 1:colcon.colcon_core.package_identification:_identify(webots_ros2/tests) by extensions ['ros']
[0.161s] Level 1:colcon.colcon_core.package_identification:_identify(webots_ros2/tests) by extension 'ros'
[0.161s] Level 1:colcon.colcon_core.package_identification:_identify(webots_ros2/tests) by extensions ['cmake', 'python']
[0.161s] Level 1:colcon.colcon_core.package_identification:_identify(webots_ros2/tests) by extension 'cmake'
[0.161s] Level 1:colcon.colcon_core.package_identification:_identify(webots_ros2/tests) by extension 'python'
[0.161s] Level 1:colcon.colcon_core.package_identification:_identify(webots_ros2/tests) by extensions ['python_setup_py']
[0.161s] Level 1:colcon.colcon_core.package_identification:_identify(webots_ros2/tests) by extension 'python_setup_py'
[0.161s] Level 1:colcon.colcon_core.package_identification:_identify(webots_ros2/tests/sources) by extensions ['ignore', 'ignore_ament_install']
[0.161s] Level 1:colcon.colcon_core.package_identification:_identify(webots_ros2/tests/sources) by extension 'ignore'
[0.161s] Level 1:colcon.colcon_core.package_identification:_identify(webots_ros2/tests/sources) by extension 'ignore_ament_install'
[0.161s] Level 1:colcon.colcon_core.package_identification:_identify(webots_ros2/tests/sources) by extensions ['colcon_pkg']
[0.161s] Level 1:colcon.colcon_core.package_identification:_identify(webots_ros2/tests/sources) by extension 'colcon_pkg'
[0.161s] Level 1:colcon.colcon_core.package_identification:_identify(webots_ros2/tests/sources) by extensions ['colcon_meta']
[0.161s] Level 1:colcon.colcon_core.package_identification:_identify(webots_ros2/tests/sources) by extension 'colcon_meta'
[0.161s] Level 1:colcon.colcon_core.package_identification:_identify(webots_ros2/tests/sources) by extensions ['ros']
[0.162s] Level 1:colcon.colcon_core.package_identification:_identify(webots_ros2/tests/sources) by extension 'ros'
[0.162s] Level 1:colcon.colcon_core.package_identification:_identify(webots_ros2/tests/sources) by extensions ['cmake', 'python']
[0.162s] Level 1:colcon.colcon_core.package_identification:_identify(webots_ros2/tests/sources) by extension 'cmake'
[0.162s] Level 1:colcon.colcon_core.package_identification:_identify(webots_ros2/tests/sources) by extension 'python'
[0.162s] Level 1:colcon.colcon_core.package_identification:_identify(webots_ros2/tests/sources) by extensions ['python_setup_py']
[0.162s] Level 1:colcon.colcon_core.package_identification:_identify(webots_ros2/tests/sources) by extension 'python_setup_py'
[0.162s] Level 1:colcon.colcon_core.package_identification:_identify(webots_ros2/webots_ros2) by extensions ['ignore', 'ignore_ament_install']
[0.162s] Level 1:colcon.colcon_core.package_identification:_identify(webots_ros2/webots_ros2) by extension 'ignore'
[0.162s] Level 1:colcon.colcon_core.package_identification:_identify(webots_ros2/webots_ros2) by extension 'ignore_ament_install'
[0.162s] Level 1:colcon.colcon_core.package_identification:_identify(webots_ros2/webots_ros2) by extensions ['colcon_pkg']
[0.162s] Level 1:colcon.colcon_core.package_identification:_identify(webots_ros2/webots_ros2) by extension 'colcon_pkg'
[0.162s] Level 1:colcon.colcon_core.package_identification:_identify(webots_ros2/webots_ros2) by extensions ['colcon_meta']
[0.162s] Level 1:colcon.colcon_core.package_identification:_identify(webots_ros2/webots_ros2) by extension 'colcon_meta'
[0.162s] Level 1:colcon.colcon_core.package_identification:_identify(webots_ros2/webots_ros2) by extensions ['ros']
[0.162s] Level 1:colcon.colcon_core.package_identification:_identify(webots_ros2/webots_ros2) by extension 'ros'
[0.165s] DEBUG:colcon.colcon_core.package_identification:Package 'webots_ros2/webots_ros2' with type 'ros.ament_python' and name 'webots_ros2'
[0.165s] Level 1:colcon.colcon_core.package_identification:_identify(webots_ros2/webots_ros2_control) by extensions ['ignore', 'ignore_ament_install']
[0.165s] Level 1:colcon.colcon_core.package_identification:_identify(webots_ros2/webots_ros2_control) by extension 'ignore'
[0.165s] Level 1:colcon.colcon_core.package_identification:_identify(webots_ros2/webots_ros2_control) by extension 'ignore_ament_install'
[0.165s] Level 1:colcon.colcon_core.package_identification:_identify(webots_ros2/webots_ros2_control) by extensions ['colcon_pkg']
[0.165s] Level 1:colcon.colcon_core.package_identification:_identify(webots_ros2/webots_ros2_control) by extension 'colcon_pkg'
[0.166s] Level 1:colcon.colcon_core.package_identification:_identify(webots_ros2/webots_ros2_control) by extensions ['colcon_meta']
[0.166s] Level 1:colcon.colcon_core.package_identification:_identify(webots_ros2/webots_ros2_control) by extension 'colcon_meta'
[0.166s] Level 1:colcon.colcon_core.package_identification:_identify(webots_ros2/webots_ros2_control) by extensions ['ros']
[0.166s] Level 1:colcon.colcon_core.package_identification:_identify(webots_ros2/webots_ros2_control) by extension 'ros'
[0.166s] DEBUG:colcon.colcon_core.package_identification:Package 'webots_ros2/webots_ros2_control' with type 'ros.ament_cmake' and name 'webots_ros2_control'
[0.166s] Level 1:colcon.colcon_core.package_identification:_identify(webots_ros2/webots_ros2_driver) by extensions ['ignore', 'ignore_ament_install']
[0.166s] Level 1:colcon.colcon_core.package_identification:_identify(webots_ros2/webots_ros2_driver) by extension 'ignore'
[0.167s] Level 1:colcon.colcon_core.package_identification:_identify(webots_ros2/webots_ros2_driver) by extension 'ignore_ament_install'
[0.167s] Level 1:colcon.colcon_core.package_identification:_identify(webots_ros2/webots_ros2_driver) by extensions ['colcon_pkg']
[0.167s] Level 1:colcon.colcon_core.package_identification:_identify(webots_ros2/webots_ros2_driver) by extension 'colcon_pkg'
[0.167s] Level 1:colcon.colcon_core.package_identification:_identify(webots_ros2/webots_ros2_driver) by extensions ['colcon_meta']
[0.167s] Level 1:colcon.colcon_core.package_identification:_identify(webots_ros2/webots_ros2_driver) by extension 'colcon_meta'
[0.167s] Level 1:colcon.colcon_core.package_identification:_identify(webots_ros2/webots_ros2_driver) by extensions ['ros']
[0.167s] Level 1:colcon.colcon_core.package_identification:_identify(webots_ros2/webots_ros2_driver) by extension 'ros'
[0.168s] DEBUG:colcon.colcon_core.package_identification:Package 'webots_ros2/webots_ros2_driver' with type 'ros.ament_cmake' and name 'webots_ros2_driver'
[0.168s] Level 1:colcon.colcon_core.package_identification:_identify(webots_ros2/webots_ros2_epuck) by extensions ['ignore', 'ignore_ament_install']
[0.168s] Level 1:colcon.colcon_core.package_identification:_identify(webots_ros2/webots_ros2_epuck) by extension 'ignore'
[0.168s] Level 1:colcon.colcon_core.package_identification:_identify(webots_ros2/webots_ros2_epuck) by extension 'ignore_ament_install'
[0.168s] Level 1:colcon.colcon_core.package_identification:_identify(webots_ros2/webots_ros2_epuck) by extensions ['colcon_pkg']
[0.168s] Level 1:colcon.colcon_core.package_identification:_identify(webots_ros2/webots_ros2_epuck) by extension 'colcon_pkg'
[0.168s] Level 1:colcon.colcon_core.package_identification:_identify(webots_ros2/webots_ros2_epuck) by extensions ['colcon_meta']
[0.168s] Level 1:colcon.colcon_core.package_identification:_identify(webots_ros2/webots_ros2_epuck) by extension 'colcon_meta'
[0.168s] Level 1:colcon.colcon_core.package_identification:_identify(webots_ros2/webots_ros2_epuck) by extensions ['ros']
[0.168s] Level 1:colcon.colcon_core.package_identification:_identify(webots_ros2/webots_ros2_epuck) by extension 'ros'
[0.169s] DEBUG:colcon.colcon_core.package_identification:Package 'webots_ros2/webots_ros2_epuck' with type 'ros.ament_python' and name 'webots_ros2_epuck'
[0.169s] Level 1:colcon.colcon_core.package_identification:_identify(webots_ros2/webots_ros2_importer) by extensions ['ignore', 'ignore_ament_install']
[0.169s] Level 1:colcon.colcon_core.package_identification:_identify(webots_ros2/webots_ros2_importer) by extension 'ignore'
[0.169s] Level 1:colcon.colcon_core.package_identification:_identify(webots_ros2/webots_ros2_importer) by extension 'ignore_ament_install'
[0.169s] Level 1:colcon.colcon_core.package_identification:_identify(webots_ros2/webots_ros2_importer) by extensions ['colcon_pkg']
[0.169s] Level 1:colcon.colcon_core.package_identification:_identify(webots_ros2/webots_ros2_importer) by extension 'colcon_pkg'
[0.169s] Level 1:colcon.colcon_core.package_identification:_identify(webots_ros2/webots_ros2_importer) by extensions ['colcon_meta']
[0.169s] Level 1:colcon.colcon_core.package_identification:_identify(webots_ros2/webots_ros2_importer) by extension 'colcon_meta'
[0.169s] Level 1:colcon.colcon_core.package_identification:_identify(webots_ros2/webots_ros2_importer) by extensions ['ros']
[0.169s] Level 1:colcon.colcon_core.package_identification:_identify(webots_ros2/webots_ros2_importer) by extension 'ros'
[0.169s] DEBUG:colcon.colcon_core.package_identification:Package 'webots_ros2/webots_ros2_importer' with type 'ros.ament_python' and name 'webots_ros2_importer'
[0.170s] Level 1:colcon.colcon_core.package_identification:_identify(webots_ros2/webots_ros2_mavic) by extensions ['ignore', 'ignore_ament_install']
[0.170s] Level 1:colcon.colcon_core.package_identification:_identify(webots_ros2/webots_ros2_mavic) by extension 'ignore'
[0.170s] Level 1:colcon.colcon_core.package_identification:_identify(webots_ros2/webots_ros2_mavic) by extension 'ignore_ament_install'
[0.170s] Level 1:colcon.colcon_core.package_identification:_identify(webots_ros2/webots_ros2_mavic) by extensions ['colcon_pkg']
[0.170s] Level 1:colcon.colcon_core.package_identification:_identify(webots_ros2/webots_ros2_mavic) by extension 'colcon_pkg'
[0.170s] Level 1:colcon.colcon_core.package_identification:_identify(webots_ros2/webots_ros2_mavic) by extensions ['colcon_meta']
[0.170s] Level 1:colcon.colcon_core.package_identification:_identify(webots_ros2/webots_ros2_mavic) by extension 'colcon_meta'
[0.170s] Level 1:colcon.colcon_core.package_identification:_identify(webots_ros2/webots_ros2_mavic) by extensions ['ros']
[0.170s] Level 1:colcon.colcon_core.package_identification:_identify(webots_ros2/webots_ros2_mavic) by extension 'ros'
[0.170s] DEBUG:colcon.colcon_core.package_identification:Package 'webots_ros2/webots_ros2_mavic' with type 'ros.ament_python' and name 'webots_ros2_mavic'
[0.170s] Level 1:colcon.colcon_core.package_identification:_identify(webots_ros2/webots_ros2_msgs) by extensions ['ignore', 'ignore_ament_install']
[0.170s] Level 1:colcon.colcon_core.package_identification:_identify(webots_ros2/webots_ros2_msgs) by extension 'ignore'
[0.170s] Level 1:colcon.colcon_core.package_identification:_identify(webots_ros2/webots_ros2_msgs) by extension 'ignore_ament_install'
[0.171s] Level 1:colcon.colcon_core.package_identification:_identify(webots_ros2/webots_ros2_msgs) by extensions ['colcon_pkg']
[0.171s] Level 1:colcon.colcon_core.package_identification:_identify(webots_ros2/webots_ros2_msgs) by extension 'colcon_pkg'
[0.171s] Level 1:colcon.colcon_core.package_identification:_identify(webots_ros2/webots_ros2_msgs) by extensions ['colcon_meta']
[0.171s] Level 1:colcon.colcon_core.package_identification:_identify(webots_ros2/webots_ros2_msgs) by extension 'colcon_meta'
[0.171s] Level 1:colcon.colcon_core.package_identification:_identify(webots_ros2/webots_ros2_msgs) by extensions ['ros']
[0.171s] Level 1:colcon.colcon_core.package_identification:_identify(webots_ros2/webots_ros2_msgs) by extension 'ros'
[0.171s] DEBUG:colcon.colcon_core.package_identification:Package 'webots_ros2/webots_ros2_msgs' with type 'ros.ament_cmake' and name 'webots_ros2_msgs'
[0.171s] Level 1:colcon.colcon_core.package_identification:_identify(webots_ros2/webots_ros2_tesla) by extensions ['ignore', 'ignore_ament_install']
[0.171s] Level 1:colcon.colcon_core.package_identification:_identify(webots_ros2/webots_ros2_tesla) by extension 'ignore'
[0.171s] Level 1:colcon.colcon_core.package_identification:_identify(webots_ros2/webots_ros2_tesla) by extension 'ignore_ament_install'
[0.171s] Level 1:colcon.colcon_core.package_identification:_identify(webots_ros2/webots_ros2_tesla) by extensions ['colcon_pkg']
[0.171s] Level 1:colcon.colcon_core.package_identification:_identify(webots_ros2/webots_ros2_tesla) by extension 'colcon_pkg'
[0.172s] Level 1:colcon.colcon_core.package_identification:_identify(webots_ros2/webots_ros2_tesla) by extensions ['colcon_meta']
[0.172s] Level 1:colcon.colcon_core.package_identification:_identify(webots_ros2/webots_ros2_tesla) by extension 'colcon_meta'
[0.172s] Level 1:colcon.colcon_core.package_identification:_identify(webots_ros2/webots_ros2_tesla) by extensions ['ros']
[0.172s] Level 1:colcon.colcon_core.package_identification:_identify(webots_ros2/webots_ros2_tesla) by extension 'ros'
[0.172s] DEBUG:colcon.colcon_core.package_identification:Package 'webots_ros2/webots_ros2_tesla' with type 'ros.ament_python' and name 'webots_ros2_tesla'
[0.172s] Level 1:colcon.colcon_core.package_identification:_identify(webots_ros2/webots_ros2_tests) by extensions ['ignore', 'ignore_ament_install']
[0.172s] Level 1:colcon.colcon_core.package_identification:_identify(webots_ros2/webots_ros2_tests) by extension 'ignore'
[0.172s] Level 1:colcon.colcon_core.package_identification:_identify(webots_ros2/webots_ros2_tests) by extension 'ignore_ament_install'
[0.172s] Level 1:colcon.colcon_core.package_identification:_identify(webots_ros2/webots_ros2_tests) by extensions ['colcon_pkg']
[0.172s] Level 1:colcon.colcon_core.package_identification:_identify(webots_ros2/webots_ros2_tests) by extension 'colcon_pkg'
[0.172s] Level 1:colcon.colcon_core.package_identification:_identify(webots_ros2/webots_ros2_tests) by extensions ['colcon_meta']
[0.172s] Level 1:colcon.colcon_core.package_identification:_identify(webots_ros2/webots_ros2_tests) by extension 'colcon_meta'
[0.172s] Level 1:colcon.colcon_core.package_identification:_identify(webots_ros2/webots_ros2_tests) by extensions ['ros']
[0.172s] Level 1:colcon.colcon_core.package_identification:_identify(webots_ros2/webots_ros2_tests) by extension 'ros'
[0.173s] DEBUG:colcon.colcon_core.package_identification:Package 'webots_ros2/webots_ros2_tests' with type 'ros.ament_python' and name 'webots_ros2_tests'
[0.173s] Level 1:colcon.colcon_core.package_identification:_identify(webots_ros2/webots_ros2_tiago) by extensions ['ignore', 'ignore_ament_install']
[0.173s] Level 1:colcon.colcon_core.package_identification:_identify(webots_ros2/webots_ros2_tiago) by extension 'ignore'
[0.173s] Level 1:colcon.colcon_core.package_identification:_identify(webots_ros2/webots_ros2_tiago) by extension 'ignore_ament_install'
[0.173s] Level 1:colcon.colcon_core.package_identification:_identify(webots_ros2/webots_ros2_tiago) by extensions ['colcon_pkg']
[0.173s] Level 1:colcon.colcon_core.package_identification:_identify(webots_ros2/webots_ros2_tiago) by extension 'colcon_pkg'
[0.173s] Level 1:colcon.colcon_core.package_identification:_identify(webots_ros2/webots_ros2_tiago) by extensions ['colcon_meta']
[0.173s] Level 1:colcon.colcon_core.package_identification:_identify(webots_ros2/webots_ros2_tiago) by extension 'colcon_meta'
[0.173s] Level 1:colcon.colcon_core.package_identification:_identify(webots_ros2/webots_ros2_tiago) by extensions ['ros']
[0.173s] Level 1:colcon.colcon_core.package_identification:_identify(webots_ros2/webots_ros2_tiago) by extension 'ros'
[0.174s] DEBUG:colcon.colcon_core.package_identification:Package 'webots_ros2/webots_ros2_tiago' with type 'ros.ament_python' and name 'webots_ros2_tiago'
[0.174s] Level 1:colcon.colcon_core.package_identification:_identify(webots_ros2/webots_ros2_turtlebot) by extensions ['ignore', 'ignore_ament_install']
[0.174s] Level 1:colcon.colcon_core.package_identification:_identify(webots_ros2/webots_ros2_turtlebot) by extension 'ignore'
[0.174s] Level 1:colcon.colcon_core.package_identification:_identify(webots_ros2/webots_ros2_turtlebot) by extension 'ignore_ament_install'
[0.174s] Level 1:colcon.colcon_core.package_identification:_identify(webots_ros2/webots_ros2_turtlebot) by extensions ['colcon_pkg']
[0.174s] Level 1:colcon.colcon_core.package_identification:_identify(webots_ros2/webots_ros2_turtlebot) by extension 'colcon_pkg'
[0.174s] Level 1:colcon.colcon_core.package_identification:_identify(webots_ros2/webots_ros2_turtlebot) by extensions ['colcon_meta']
[0.174s] Level 1:colcon.colcon_core.package_identification:_identify(webots_ros2/webots_ros2_turtlebot) by extension 'colcon_meta'
[0.174s] Level 1:colcon.colcon_core.package_identification:_identify(webots_ros2/webots_ros2_turtlebot) by extensions ['ros']
[0.174s] Level 1:colcon.colcon_core.package_identification:_identify(webots_ros2/webots_ros2_turtlebot) by extension 'ros'
[0.175s] DEBUG:colcon.colcon_core.package_identification:Package 'webots_ros2/webots_ros2_turtlebot' with type 'ros.ament_python' and name 'webots_ros2_turtlebot'
[0.175s] Level 1:colcon.colcon_core.package_identification:_identify(webots_ros2/webots_ros2_universal_robot) by extensions ['ignore', 'ignore_ament_install']
[0.175s] Level 1:colcon.colcon_core.package_identification:_identify(webots_ros2/webots_ros2_universal_robot) by extension 'ignore'
[0.175s] Level 1:colcon.colcon_core.package_identification:_identify(webots_ros2/webots_ros2_universal_robot) by extension 'ignore_ament_install'
[0.175s] Level 1:colcon.colcon_core.package_identification:_identify(webots_ros2/webots_ros2_universal_robot) by extensions ['colcon_pkg']
[0.175s] Level 1:colcon.colcon_core.package_identification:_identify(webots_ros2/webots_ros2_universal_robot) by extension 'colcon_pkg'
[0.175s] Level 1:colcon.colcon_core.package_identification:_identify(webots_ros2/webots_ros2_universal_robot) by extensions ['colcon_meta']
[0.175s] Level 1:colcon.colcon_core.package_identification:_identify(webots_ros2/webots_ros2_universal_robot) by extension 'colcon_meta'
[0.175s] Level 1:colcon.colcon_core.package_identification:_identify(webots_ros2/webots_ros2_universal_robot) by extensions ['ros']
[0.175s] Level 1:colcon.colcon_core.package_identification:_identify(webots_ros2/webots_ros2_universal_robot) by extension 'ros'
[0.175s] DEBUG:colcon.colcon_core.package_identification:Package 'webots_ros2/webots_ros2_universal_robot' with type 'ros.ament_python' and name 'webots_ros2_universal_robot'
[0.175s] Level 1:colcon.colcon_core.package_discovery:discover_packages(recursive) using defaults
[0.176s] Level 1:colcon.colcon_core.package_discovery:discover_packages(ignore) discover
[0.176s] Level 1:colcon.colcon_core.package_discovery:discover_packages(ignore) using defaults
[0.176s] Level 1:colcon.colcon_core.package_discovery:discover_packages(path) discover
[0.176s] Level 1:colcon.colcon_core.package_discovery:discover_packages(path) using defaults
[0.195s] Level 1:colcon.colcon_core.package_discovery:discover_packages(prefix_path) check parameters
[0.195s] Level 1:colcon.colcon_core.package_discovery:discover_packages(prefix_path) discover
[0.197s] DEBUG:colcon.colcon_installed_package_information.package_discovery:Found 0 installed packages in /home/spoonge/ros_catkin_ws/install
[0.198s] DEBUG:colcon.colcon_installed_package_information.package_discovery:Found 310 installed packages in /opt/ros/jazzy
[0.200s] Level 1:colcon.colcon_core.package_discovery:discover_packages(prefix_path) using defaults
[0.239s] Level 5:colcon.colcon_core.verb:set package 'webots_ros2_importer' build argument 'cmake_args' from command line to 'None'
[0.239s] Level 5:colcon.colcon_core.verb:set package 'webots_ros2_importer' build argument 'cmake_target' from command line to 'None'
[0.239s] Level 5:colcon.colcon_core.verb:set package 'webots_ros2_importer' build argument 'cmake_target_skip_unavailable' from command line to 'False'
[0.239s] Level 5:colcon.colcon_core.verb:set package 'webots_ros2_importer' build argument 'cmake_clean_cache' from command line to 'False'
[0.239s] Level 5:colcon.colcon_core.verb:set package 'webots_ros2_importer' build argument 'cmake_clean_first' from command line to 'False'
[0.239s] Level 5:colcon.colcon_core.verb:set package 'webots_ros2_importer' build argument 'cmake_force_configure' from command line to 'False'
[0.239s] Level 5:colcon.colcon_core.verb:set package 'webots_ros2_importer' build argument 'ament_cmake_args' from command line to 'None'
[0.239s] Level 5:colcon.colcon_core.verb:set package 'webots_ros2_importer' build argument 'catkin_cmake_args' from command line to 'None'
[0.239s] Level 5:colcon.colcon_core.verb:set package 'webots_ros2_importer' build argument 'catkin_skip_building_tests' from command line to 'False'
[0.239s] DEBUG:colcon.colcon_core.verb:Building package 'webots_ros2_importer' with the following arguments: {'ament_cmake_args': None, 'build_base': '/home/spoonge/ros2_ws/src/build/webots_ros2_importer', 'catkin_cmake_args': None, 'catkin_skip_building_tests': False, 'cmake_args': None, 'cmake_clean_cache': False, 'cmake_clean_first': False, 'cmake_force_configure': False, 'cmake_target': None, 'cmake_target_skip_unavailable': False, 'install_base': '/home/spoonge/ros2_ws/src/install/webots_ros2_importer', 'merge_install': False, 'path': '/home/spoonge/ros2_ws/src/webots_ros2/webots_ros2_importer', 'symlink_install': False, 'test_result_base': None}
[0.240s] Level 5:colcon.colcon_core.verb:set package 'webots_ros2_msgs' build argument 'cmake_args' from command line to 'None'
[0.240s] Level 5:colcon.colcon_core.verb:set package 'webots_ros2_msgs' build argument 'cmake_target' from command line to 'None'
[0.240s] Level 5:colcon.colcon_core.verb:set package 'webots_ros2_msgs' build argument 'cmake_target_skip_unavailable' from command line to 'False'
[0.240s] Level 5:colcon.colcon_core.verb:set package 'webots_ros2_msgs' build argument 'cmake_clean_cache' from command line to 'False'
[0.240s] Level 5:colcon.colcon_core.verb:set package 'webots_ros2_msgs' build argument 'cmake_clean_first' from command line to 'False'
[0.240s] Level 5:colcon.colcon_core.verb:set package 'webots_ros2_msgs' build argument 'cmake_force_configure' from command line to 'False'
[0.240s] Level 5:colcon.colcon_core.verb:set package 'webots_ros2_msgs' build argument 'ament_cmake_args' from command line to 'None'
[0.240s] Level 5:colcon.colcon_core.verb:set package 'webots_ros2_msgs' build argument 'catkin_cmake_args' from command line to 'None'
[0.240s] Level 5:colcon.colcon_core.verb:set package 'webots_ros2_msgs' build argument 'catkin_skip_building_tests' from command line to 'False'
[0.240s] DEBUG:colcon.colcon_core.verb:Building package 'webots_ros2_msgs' with the following arguments: {'ament_cmake_args': None, 'build_base': '/home/spoonge/ros2_ws/src/build/webots_ros2_msgs', 'catkin_cmake_args': None, 'catkin_skip_building_tests': False, 'cmake_args': None, 'cmake_clean_cache': False, 'cmake_clean_first': False, 'cmake_force_configure': False, 'cmake_target': None, 'cmake_target_skip_unavailable': False, 'install_base': '/home/spoonge/ros2_ws/src/install/webots_ros2_msgs', 'merge_install': False, 'path': '/home/spoonge/ros2_ws/src/webots_ros2/webots_ros2_msgs', 'symlink_install': False, 'test_result_base': None}
[0.240s] Level 5:colcon.colcon_core.verb:set package 'webots_ros2_driver' build argument 'cmake_args' from command line to 'None'
[0.240s] Level 5:colcon.colcon_core.verb:set package 'webots_ros2_driver' build argument 'cmake_target' from command line to 'None'
[0.240s] Level 5:colcon.colcon_core.verb:set package 'webots_ros2_driver' build argument 'cmake_target_skip_unavailable' from command line to 'False'
[0.240s] Level 5:colcon.colcon_core.verb:set package 'webots_ros2_driver' build argument 'cmake_clean_cache' from command line to 'False'
[0.240s] Level 5:colcon.colcon_core.verb:set package 'webots_ros2_driver' build argument 'cmake_clean_first' from command line to 'False'
[0.240s] Level 5:colcon.colcon_core.verb:set package 'webots_ros2_driver' build argument 'cmake_force_configure' from command line to 'False'
[0.240s] Level 5:colcon.colcon_core.verb:set package 'webots_ros2_driver' build argument 'ament_cmake_args' from command line to 'None'
[0.240s] Level 5:colcon.colcon_core.verb:set package 'webots_ros2_driver' build argument 'catkin_cmake_args' from command line to 'None'
[0.240s] Level 5:colcon.colcon_core.verb:set package 'webots_ros2_driver' build argument 'catkin_skip_building_tests' from command line to 'False'
[0.240s] DEBUG:colcon.colcon_core.verb:Building package 'webots_ros2_driver' with the following arguments: {'ament_cmake_args': None, 'build_base': '/home/spoonge/ros2_ws/src/build/webots_ros2_driver', 'catkin_cmake_args': None, 'catkin_skip_building_tests': False, 'cmake_args': None, 'cmake_clean_cache': False, 'cmake_clean_first': False, 'cmake_force_configure': False, 'cmake_target': None, 'cmake_target_skip_unavailable': False, 'install_base': '/home/spoonge/ros2_ws/src/install/webots_ros2_driver', 'merge_install': False, 'path': '/home/spoonge/ros2_ws/src/webots_ros2/webots_ros2_driver', 'symlink_install': False, 'test_result_base': None}
[0.240s] Level 5:colcon.colcon_core.verb:set package 'webots_ros2_control' build argument 'cmake_args' from command line to 'None'
[0.240s] Level 5:colcon.colcon_core.verb:set package 'webots_ros2_control' build argument 'cmake_target' from command line to 'None'
[0.240s] Level 5:colcon.colcon_core.verb:set package 'webots_ros2_control' build argument 'cmake_target_skip_unavailable' from command line to 'False'
[0.240s] Level 5:colcon.colcon_core.verb:set package 'webots_ros2_control' build argument 'cmake_clean_cache' from command line to 'False'
[0.240s] Level 5:colcon.colcon_core.verb:set package 'webots_ros2_control' build argument 'cmake_clean_first' from command line to 'False'
[0.240s] Level 5:colcon.colcon_core.verb:set package 'webots_ros2_control' build argument 'cmake_force_configure' from command line to 'False'
[0.240s] Level 5:colcon.colcon_core.verb:set package 'webots_ros2_control' build argument 'ament_cmake_args' from command line to 'None'
[0.241s] Level 5:colcon.colcon_core.verb:set package 'webots_ros2_control' build argument 'catkin_cmake_args' from command line to 'None'
[0.241s] Level 5:colcon.colcon_core.verb:set package 'webots_ros2_control' build argument 'catkin_skip_building_tests' from command line to 'False'
[0.241s] DEBUG:colcon.colcon_core.verb:Building package 'webots_ros2_control' with the following arguments: {'ament_cmake_args': None, 'build_base': '/home/spoonge/ros2_ws/src/build/webots_ros2_control', 'catkin_cmake_args': None, 'catkin_skip_building_tests': False, 'cmake_args': None, 'cmake_clean_cache': False, 'cmake_clean_first': False, 'cmake_force_configure': False, 'cmake_target': None, 'cmake_target_skip_unavailable': False, 'install_base': '/home/spoonge/ros2_ws/src/install/webots_ros2_control', 'merge_install': False, 'path': '/home/spoonge/ros2_ws/src/webots_ros2/webots_ros2_control', 'symlink_install': False, 'test_result_base': None}
[0.241s] Level 5:colcon.colcon_core.verb:set package 'webots_ros2_mavic' build argument 'cmake_args' from command line to 'None'
[0.241s] Level 5:colcon.colcon_core.verb:set package 'webots_ros2_mavic' build argument 'cmake_target' from command line to 'None'
[0.241s] Level 5:colcon.colcon_core.verb:set package 'webots_ros2_mavic' build argument 'cmake_target_skip_unavailable' from command line to 'False'
[0.241s] Level 5:colcon.colcon_core.verb:set package 'webots_ros2_mavic' build argument 'cmake_clean_cache' from command line to 'False'
[0.241s] Level 5:colcon.colcon_core.verb:set package 'webots_ros2_mavic' build argument 'cmake_clean_first' from command line to 'False'
[0.241s] Level 5:colcon.colcon_core.verb:set package 'webots_ros2_mavic' build argument 'cmake_force_configure' from command line to 'False'
[0.241s] Level 5:colcon.colcon_core.verb:set package 'webots_ros2_mavic' build argument 'ament_cmake_args' from command line to 'None'
[0.241s] Level 5:colcon.colcon_core.verb:set package 'webots_ros2_mavic' build argument 'catkin_cmake_args' from command line to 'None'
[0.241s] Level 5:colcon.colcon_core.verb:set package 'webots_ros2_mavic' build argument 'catkin_skip_building_tests' from command line to 'False'
[0.241s] DEBUG:colcon.colcon_core.verb:Building package 'webots_ros2_mavic' with the following arguments: {'ament_cmake_args': None, 'build_base': '/home/spoonge/ros2_ws/src/build/webots_ros2_mavic', 'catkin_cmake_args': None, 'catkin_skip_building_tests': False, 'cmake_args': None, 'cmake_clean_cache': False, 'cmake_clean_first': False, 'cmake_force_configure': False, 'cmake_target': None, 'cmake_target_skip_unavailable': False, 'install_base': '/home/spoonge/ros2_ws/src/install/webots_ros2_mavic', 'merge_install': False, 'path': '/home/spoonge/ros2_ws/src/webots_ros2/webots_ros2_mavic', 'symlink_install': False, 'test_result_base': None}
[0.241s] Level 5:colcon.colcon_core.verb:set package 'webots_ros2_tesla' build argument 'cmake_args' from command line to 'None'
[0.241s] Level 5:colcon.colcon_core.verb:set package 'webots_ros2_tesla' build argument 'cmake_target' from command line to 'None'
[0.241s] Level 5:colcon.colcon_core.verb:set package 'webots_ros2_tesla' build argument 'cmake_target_skip_unavailable' from command line to 'False'
[0.241s] Level 5:colcon.colcon_core.verb:set package 'webots_ros2_tesla' build argument 'cmake_clean_cache' from command line to 'False'
[0.241s] Level 5:colcon.colcon_core.verb:set package 'webots_ros2_tesla' build argument 'cmake_clean_first' from command line to 'False'
[0.241s] Level 5:colcon.colcon_core.verb:set package 'webots_ros2_tesla' build argument 'cmake_force_configure' from command line to 'False'
[0.241s] Level 5:colcon.colcon_core.verb:set package 'webots_ros2_tesla' build argument 'ament_cmake_args' from command line to 'None'
[0.241s] Level 5:colcon.colcon_core.verb:set package 'webots_ros2_tesla' build argument 'catkin_cmake_args' from command line to 'None'
[0.241s] Level 5:colcon.colcon_core.verb:set package 'webots_ros2_tesla' build argument 'catkin_skip_building_tests' from command line to 'False'
[0.241s] DEBUG:colcon.colcon_core.verb:Building package 'webots_ros2_tesla' with the following arguments: {'ament_cmake_args': None, 'build_base': '/home/spoonge/ros2_ws/src/build/webots_ros2_tesla', 'catkin_cmake_args': None, 'catkin_skip_building_tests': False, 'cmake_args': None, 'cmake_clean_cache': False, 'cmake_clean_first': False, 'cmake_force_configure': False, 'cmake_target': None, 'cmake_target_skip_unavailable': False, 'install_base': '/home/spoonge/ros2_ws/src/install/webots_ros2_tesla', 'merge_install': False, 'path': '/home/spoonge/ros2_ws/src/webots_ros2/webots_ros2_tesla', 'symlink_install': False, 'test_result_base': None}
[0.242s] Level 5:colcon.colcon_core.verb:set package 'webots_ros2_epuck' build argument 'cmake_args' from command line to 'None'
[0.242s] Level 5:colcon.colcon_core.verb:set package 'webots_ros2_epuck' build argument 'cmake_target' from command line to 'None'
[0.242s] Level 5:colcon.colcon_core.verb:set package 'webots_ros2_epuck' build argument 'cmake_target_skip_unavailable' from command line to 'False'
[0.242s] Level 5:colcon.colcon_core.verb:set package 'webots_ros2_epuck' build argument 'cmake_clean_cache' from command line to 'False'
[0.242s] Level 5:colcon.colcon_core.verb:set package 'webots_ros2_epuck' build argument 'cmake_clean_first' from command line to 'False'
[0.242s] Level 5:colcon.colcon_core.verb:set package 'webots_ros2_epuck' build argument 'cmake_force_configure' from command line to 'False'
[0.242s] Level 5:colcon.colcon_core.verb:set package 'webots_ros2_epuck' build argument 'ament_cmake_args' from command line to 'None'
[0.242s] Level 5:colcon.colcon_core.verb:set package 'webots_ros2_epuck' build argument 'catkin_cmake_args' from command line to 'None'
[0.242s] Level 5:colcon.colcon_core.verb:set package 'webots_ros2_epuck' build argument 'catkin_skip_building_tests' from command line to 'False'
[0.242s] DEBUG:colcon.colcon_core.verb:Building package 'webots_ros2_epuck' with the following arguments: {'ament_cmake_args': None, 'build_base': '/home/spoonge/ros2_ws/src/build/webots_ros2_epuck', 'catkin_cmake_args': None, 'catkin_skip_building_tests': False, 'cmake_args': None, 'cmake_clean_cache': False, 'cmake_clean_first': False, 'cmake_force_configure': False, 'cmake_target': None, 'cmake_target_skip_unavailable': False, 'install_base': '/home/spoonge/ros2_ws/src/install/webots_ros2_epuck', 'merge_install': False, 'path': '/home/spoonge/ros2_ws/src/webots_ros2/webots_ros2_epuck', 'symlink_install': False, 'test_result_base': None}
[0.242s] Level 5:colcon.colcon_core.verb:set package 'webots_ros2_tiago' build argument 'cmake_args' from command line to 'None'
[0.242s] Level 5:colcon.colcon_core.verb:set package 'webots_ros2_tiago' build argument 'cmake_target' from command line to 'None'
[0.242s] Level 5:colcon.colcon_core.verb:set package 'webots_ros2_tiago' build argument 'cmake_target_skip_unavailable' from command line to 'False'
[0.242s] Level 5:colcon.colcon_core.verb:set package 'webots_ros2_tiago' build argument 'cmake_clean_cache' from command line to 'False'
[0.242s] Level 5:colcon.colcon_core.verb:set package 'webots_ros2_tiago' build argument 'cmake_clean_first' from command line to 'False'
[0.242s] Level 5:colcon.colcon_core.verb:set package 'webots_ros2_tiago' build argument 'cmake_force_configure' from command line to 'False'
[0.242s] Level 5:colcon.colcon_core.verb:set package 'webots_ros2_tiago' build argument 'ament_cmake_args' from command line to 'None'
[0.242s] Level 5:colcon.colcon_core.verb:set package 'webots_ros2_tiago' build argument 'catkin_cmake_args' from command line to 'None'
[0.242s] Level 5:colcon.colcon_core.verb:set package 'webots_ros2_tiago' build argument 'catkin_skip_building_tests' from command line to 'False'
[0.242s] DEBUG:colcon.colcon_core.verb:Building package 'webots_ros2_tiago' with the following arguments: {'ament_cmake_args': None, 'build_base': '/home/spoonge/ros2_ws/src/build/webots_ros2_tiago', 'catkin_cmake_args': None, 'catkin_skip_building_tests': False, 'cmake_args': None, 'cmake_clean_cache': False, 'cmake_clean_first': False, 'cmake_force_configure': False, 'cmake_target': None, 'cmake_target_skip_unavailable': False, 'install_base': '/home/spoonge/ros2_ws/src/install/webots_ros2_tiago', 'merge_install': False, 'path': '/home/spoonge/ros2_ws/src/webots_ros2/webots_ros2_tiago', 'symlink_install': False, 'test_result_base': None}
[0.242s] Level 5:colcon.colcon_core.verb:set package 'webots_ros2_turtlebot' build argument 'cmake_args' from command line to 'None'
[0.242s] Level 5:colcon.colcon_core.verb:set package 'webots_ros2_turtlebot' build argument 'cmake_target' from command line to 'None'
[0.242s] Level 5:colcon.colcon_core.verb:set package 'webots_ros2_turtlebot' build argument 'cmake_target_skip_unavailable' from command line to 'False'
[0.242s] Level 5:colcon.colcon_core.verb:set package 'webots_ros2_turtlebot' build argument 'cmake_clean_cache' from command line to 'False'
[0.242s] Level 5:colcon.colcon_core.verb:set package 'webots_ros2_turtlebot' build argument 'cmake_clean_first' from command line to 'False'
[0.242s] Level 5:colcon.colcon_core.verb:set package 'webots_ros2_turtlebot' build argument 'cmake_force_configure' from command line to 'False'
[0.242s] Level 5:colcon.colcon_core.verb:set package 'webots_ros2_turtlebot' build argument 'ament_cmake_args' from command line to 'None'
[0.242s] Level 5:colcon.colcon_core.verb:set package 'webots_ros2_turtlebot' build argument 'catkin_cmake_args' from command line to 'None'
[0.243s] Level 5:colcon.colcon_core.verb:set package 'webots_ros2_turtlebot' build argument 'catkin_skip_building_tests' from command line to 'False'
[0.243s] DEBUG:colcon.colcon_core.verb:Building package 'webots_ros2_turtlebot' with the following arguments: {'ament_cmake_args': None, 'build_base': '/home/spoonge/ros2_ws/src/build/webots_ros2_turtlebot', 'catkin_cmake_args': None, 'catkin_skip_building_tests': False, 'cmake_args': None, 'cmake_clean_cache': False, 'cmake_clean_first': False, 'cmake_force_configure': False, 'cmake_target': None, 'cmake_target_skip_unavailable': False, 'install_base': '/home/spoonge/ros2_ws/src/install/webots_ros2_turtlebot', 'merge_install': False, 'path': '/home/spoonge/ros2_ws/src/webots_ros2/webots_ros2_turtlebot', 'symlink_install': False, 'test_result_base': None}
[0.243s] Level 5:colcon.colcon_core.verb:set package 'webots_ros2_universal_robot' build argument 'cmake_args' from command line to 'None'
[0.243s] Level 5:colcon.colcon_core.verb:set package 'webots_ros2_universal_robot' build argument 'cmake_target' from command line to 'None'
[0.243s] Level 5:colcon.colcon_core.verb:set package 'webots_ros2_universal_robot' build argument 'cmake_target_skip_unavailable' from command line to 'False'
[0.243s] Level 5:colcon.colcon_core.verb:set package 'webots_ros2_universal_robot' build argument 'cmake_clean_cache' from command line to 'False'
[0.243s] Level 5:colcon.colcon_core.verb:set package 'webots_ros2_universal_robot' build argument 'cmake_clean_first' from command line to 'False'
[0.243s] Level 5:colcon.colcon_core.verb:set package 'webots_ros2_universal_robot' build argument 'cmake_force_configure' from command line to 'False'
[0.243s] Level 5:colcon.colcon_core.verb:set package 'webots_ros2_universal_robot' build argument 'ament_cmake_args' from command line to 'None'
[0.243s] Level 5:colcon.colcon_core.verb:set package 'webots_ros2_universal_robot' build argument 'catkin_cmake_args' from command line to 'None'
[0.243s] Level 5:colcon.colcon_core.verb:set package 'webots_ros2_universal_robot' build argument 'catkin_skip_building_tests' from command line to 'False'
[0.243s] DEBUG:colcon.colcon_core.verb:Building package 'webots_ros2_universal_robot' with the following arguments: {'ament_cmake_args': None, 'build_base': '/home/spoonge/ros2_ws/src/build/webots_ros2_universal_robot', 'catkin_cmake_args': None, 'catkin_skip_building_tests': False, 'cmake_args': None, 'cmake_clean_cache': False, 'cmake_clean_first': False, 'cmake_force_configure': False, 'cmake_target': None, 'cmake_target_skip_unavailable': False, 'install_base': '/home/spoonge/ros2_ws/src/install/webots_ros2_universal_robot', 'merge_install': False, 'path': '/home/spoonge/ros2_ws/src/webots_ros2/webots_ros2_universal_robot', 'symlink_install': False, 'test_result_base': None}
[0.243s] Level 5:colcon.colcon_core.verb:set package 'webots_ros2_tests' build argument 'cmake_args' from command line to 'None'
[0.243s] Level 5:colcon.colcon_core.verb:set package 'webots_ros2_tests' build argument 'cmake_target' from command line to 'None'
[0.243s] Level 5:colcon.colcon_core.verb:set package 'webots_ros2_tests' build argument 'cmake_target_skip_unavailable' from command line to 'False'
[0.243s] Level 5:colcon.colcon_core.verb:set package 'webots_ros2_tests' build argument 'cmake_clean_cache' from command line to 'False'
[0.243s] Level 5:colcon.colcon_core.verb:set package 'webots_ros2_tests' build argument 'cmake_clean_first' from command line to 'False'
[0.243s] Level 5:colcon.colcon_core.verb:set package 'webots_ros2_tests' build argument 'cmake_force_configure' from command line to 'False'
[0.243s] Level 5:colcon.colcon_core.verb:set package 'webots_ros2_tests' build argument 'ament_cmake_args' from command line to 'None'
[0.243s] Level 5:colcon.colcon_core.verb:set package 'webots_ros2_tests' build argument 'catkin_cmake_args' from command line to 'None'
[0.243s] Level 5:colcon.colcon_core.verb:set package 'webots_ros2_tests' build argument 'catkin_skip_building_tests' from command line to 'False'
[0.243s] DEBUG:colcon.colcon_core.verb:Building package 'webots_ros2_tests' with the following arguments: {'ament_cmake_args': None, 'build_base': '/home/spoonge/ros2_ws/src/build/webots_ros2_tests', 'catkin_cmake_args': None, 'catkin_skip_building_tests': False, 'cmake_args': None, 'cmake_clean_cache': False, 'cmake_clean_first': False, 'cmake_force_configure': False, 'cmake_target': None, 'cmake_target_skip_unavailable': False, 'install_base': '/home/spoonge/ros2_ws/src/install/webots_ros2_tests', 'merge_install': False, 'path': '/home/spoonge/ros2_ws/src/webots_ros2/webots_ros2_tests', 'symlink_install': False, 'test_result_base': None}
[0.244s] Level 5:colcon.colcon_core.verb:set package 'webots_ros2' build argument 'cmake_args' from command line to 'None'
[0.244s] Level 5:colcon.colcon_core.verb:set package 'webots_ros2' build argument 'cmake_target' from command line to 'None'
[0.244s] Level 5:colcon.colcon_core.verb:set package 'webots_ros2' build argument 'cmake_target_skip_unavailable' from command line to 'False'
[0.244s] Level 5:colcon.colcon_core.verb:set package 'webots_ros2' build argument 'cmake_clean_cache' from command line to 'False'
[0.244s] Level 5:colcon.colcon_core.verb:set package 'webots_ros2' build argument 'cmake_clean_first' from command line to 'False'
[0.244s] Level 5:colcon.colcon_core.verb:set package 'webots_ros2' build argument 'cmake_force_configure' from command line to 'False'
[0.244s] Level 5:colcon.colcon_core.verb:set package 'webots_ros2' build argument 'ament_cmake_args' from command line to 'None'
[0.244s] Level 5:colcon.colcon_core.verb:set package 'webots_ros2' build argument 'catkin_cmake_args' from command line to 'None'
[0.244s] Level 5:colcon.colcon_core.verb:set package 'webots_ros2' build argument 'catkin_skip_building_tests' from command line to 'False'
[0.244s] DEBUG:colcon.colcon_core.verb:Building package 'webots_ros2' with the following arguments: {'ament_cmake_args': None, 'build_base': '/home/spoonge/ros2_ws/src/build/webots_ros2', 'catkin_cmake_args': None, 'catkin_skip_building_tests': False, 'cmake_args': None, 'cmake_clean_cache': False, 'cmake_clean_first': False, 'cmake_force_configure': False, 'cmake_target': None, 'cmake_target_skip_unavailable': False, 'install_base': '/home/spoonge/ros2_ws/src/install/webots_ros2', 'merge_install': False, 'path': '/home/spoonge/ros2_ws/src/webots_ros2/webots_ros2', 'symlink_install': False, 'test_result_base': None}
[0.244s] INFO:colcon.colcon_core.executor:Executing jobs using 'parallel' executor
[0.245s] DEBUG:colcon.colcon_parallel_executor.executor.parallel:run_until_complete
[0.245s] INFO:colcon.colcon_ros.task.ament_python.build:Building ROS package in '/home/spoonge/ros2_ws/src/webots_ros2/webots_ros2_importer' with build type 'ament_python'
[0.245s] Level 1:colcon.colcon_core.shell:create_environment_hook('webots_ros2_importer', 'ament_prefix_path')
[0.247s] INFO:colcon.colcon_core.plugin_system:Skipping extension 'colcon_core.shell.bat': Not used on non-Windows systems
[0.248s] INFO:colcon.colcon_core.shell:Creating environment hook '/home/spoonge/ros2_ws/src/install/webots_ros2_importer/share/webots_ros2_importer/hook/ament_prefix_path.ps1'
[0.248s] INFO:colcon.colcon_core.shell:Creating environment descriptor '/home/spoonge/ros2_ws/src/install/webots_ros2_importer/share/webots_ros2_importer/hook/ament_prefix_path.dsv'
[0.249s] INFO:colcon.colcon_core.shell:Creating environment hook '/home/spoonge/ros2_ws/src/install/webots_ros2_importer/share/webots_ros2_importer/hook/ament_prefix_path.sh'
[0.249s] INFO:colcon.colcon_core.shell:Skip shell extension 'powershell' for command environment: Not usable outside of PowerShell
[0.249s] DEBUG:colcon.colcon_core.shell:Skip shell extension 'dsv' for command environment
[0.252s] INFO:colcon.colcon_ros.task.ament_cmake.build:Building ROS package in '/home/spoonge/ros2_ws/src/webots_ros2/webots_ros2_msgs' with build type 'ament_cmake'
[0.252s] INFO:colcon.colcon_cmake.task.cmake.build:Building CMake package in '/home/spoonge/ros2_ws/src/webots_ros2/webots_ros2_msgs'
[0.253s] INFO:colcon.colcon_core.shell:Skip shell extension 'powershell' for command environment: Not usable outside of PowerShell
[0.253s] DEBUG:colcon.colcon_core.shell:Skip shell extension 'dsv' for command environment
[0.460s] INFO:colcon.colcon_core.task.python.build:Building Python package in '/home/spoonge/ros2_ws/src/webots_ros2/webots_ros2_importer'
[0.461s] INFO:colcon.colcon_core.shell:Skip shell extension 'powershell' for command environment: Not usable outside of PowerShell
[0.461s] DEBUG:colcon.colcon_core.shell:Skip shell extension 'dsv' for command environment
[0.470s] DEBUG:colcon.colcon_core.event_handler.log_command:Invoking command in '/home/spoonge/ros2_ws/src/build/webots_ros2_msgs': CMAKE_PREFIX_PATH=${CMAKE_PREFIX_PATH}:/opt/ros/jazzy DEBUGINFOD_URLS=https://debuginfod.ubuntu.com /usr/bin/cmake /home/spoonge/ros2_ws/src/webots_ros2/webots_ros2_msgs -DCMAKE_INSTALL_PREFIX=/home/spoonge/ros2_ws/src/install/webots_ros2_msgs
[1.056s] DEBUG:colcon.colcon_core.event_handler.log_command:Invoking command in '/home/spoonge/ros2_ws/src/webots_ros2/webots_ros2_importer': DEBUGINFOD_URLS=https://debuginfod.ubuntu.com PYTHONPATH=/home/spoonge/ros2_ws/src/build/webots_ros2_importer/prefix_override:/usr/lib/python3/dist-packages/colcon_core/task/python/colcon_distutils_commands:/home/spoonge/ros2_ws/src/install/webots_ros2_importer/lib/python3.12/site-packages:${PYTHONPATH} /usr/bin/python3 -W ignore:setup.py install is deprecated -W ignore:easy_install command is deprecated setup.py egg_info --egg-base ../../build/webots_ros2_importer build --build-base /home/spoonge/ros2_ws/src/build/webots_ros2_importer/build install --record /home/spoonge/ros2_ws/src/build/webots_ros2_importer/install.log --single-version-externally-managed install_data
[1.376s] DEBUG:colcon.colcon_core.event_handler.log_command:Invoked command in '/home/spoonge/ros2_ws/src/webots_ros2/webots_ros2_importer' returned '1': DEBUGINFOD_URLS=https://debuginfod.ubuntu.com PYTHONPATH=/home/spoonge/ros2_ws/src/build/webots_ros2_importer/prefix_override:/usr/lib/python3/dist-packages/colcon_core/task/python/colcon_distutils_commands:/home/spoonge/ros2_ws/src/install/webots_ros2_importer/lib/python3.12/site-packages:${PYTHONPATH} /usr/bin/python3 -W ignore:setup.py install is deprecated -W ignore:easy_install command is deprecated setup.py egg_info --egg-base ../../build/webots_ros2_importer build --build-base /home/spoonge/ros2_ws/src/build/webots_ros2_importer/build install --record /home/spoonge/ros2_ws/src/build/webots_ros2_importer/install.log --single-version-externally-managed install_data
[4.143s] DEBUG:colcon.colcon_parallel_executor.executor.parallel:closing loop
[4.144s] DEBUG:colcon.colcon_parallel_executor.executor.parallel:loop closed
[4.144s] DEBUG:colcon.colcon_parallel_executor.executor.parallel:run_until_complete finished with '1'
[4.144s] DEBUG:colcon.colcon_core.event_reactor:joining thread
[4.149s] INFO:colcon.colcon_core.plugin_system:Skipping extension 'colcon_notification.desktop_notification.terminal_notifier': Not used on non-Darwin systems
[4.149s] INFO:colcon.colcon_core.plugin_system:Skipping extension 'colcon_notification.desktop_notification.win32': Not used on non-Windows systems
[4.149s] INFO:colcon.colcon_notification.desktop_notification:Sending desktop notification using 'notify2'
[4.166s] DEBUG:colcon.colcon_core.event_reactor:joined thread
[4.166s] INFO:colcon.colcon_core.shell:Creating prefix script '/home/spoonge/ros2_ws/src/install/local_setup.ps1'
[4.167s] INFO:colcon.colcon_core.shell:Creating prefix util module '/home/spoonge/ros2_ws/src/install/_local_setup_util_ps1.py'
[4.168s] INFO:colcon.colcon_core.shell:Creating prefix chain script '/home/spoonge/ros2_ws/src/install/setup.ps1'
[4.168s] INFO:colcon.colcon_core.shell:Creating prefix script '/home/spoonge/ros2_ws/src/install/local_setup.sh'
[4.169s] INFO:colcon.colcon_core.shell:Creating prefix util module '/home/spoonge/ros2_ws/src/install/_local_setup_util_sh.py'
[4.169s] INFO:colcon.colcon_core.shell:Creating prefix chain script '/home/spoonge/ros2_ws/src/install/setup.sh'
[4.170s] INFO:colcon.colcon_core.shell:Creating prefix script '/home/spoonge/ros2_ws/src/install/local_setup.bash'
[4.170s] INFO:colcon.colcon_core.shell:Creating prefix chain script '/home/spoonge/ros2_ws/src/install/setup.bash'
[4.171s] INFO:colcon.colcon_core.shell:Creating prefix script '/home/spoonge/ros2_ws/src/install/local_setup.zsh'
[4.171s] INFO:colcon.colcon_core.shell:Creating prefix chain script '/home/spoonge/ros2_ws/src/install/setup.zsh'
