-- Install configuration: ""
-- Execute custom install script
-- Up-to-date symlink: /home/spoonge/ros2_ws/src/scara_cnc/install/scara_cnc/share/scara_cnc/urdf/scara.urdf
-- Up-to-date symlink: /home/spoonge/ros2_ws/src/scara_cnc/install/scara_cnc/share/scara_cnc/urdf/urdf_Scara.csv
-- Up-to-date symlink: /home/spoonge/ros2_ws/src/scara_cnc/install/scara_cnc/share/scara_cnc/meshes/base_link.STL
-- Up-to-date symlink: /home/spoonge/ros2_ws/src/scara_cnc/install/scara_cnc/share/scara_cnc/meshes/hand1.STL
-- Up-to-date symlink: /home/spoonge/ros2_ws/src/scara_cnc/install/scara_cnc/share/scara_cnc/meshes/hand2.STL
-- Up-to-date symlink: /home/spoonge/ros2_ws/src/scara_cnc/install/scara_cnc/share/scara_cnc/meshes/hand3.STL
-- Up-to-date symlink: /home/spoonge/ros2_ws/src/scara_cnc/install/scara_cnc/share/scara_cnc/launch/display_scara.launch.py
-- Up-to-date symlink: /home/spoonge/ros2_ws/src/scara_cnc/install/scara_cnc/share/scara_cnc/launch/sim_scara.launch.py
-- Up-to-date symlink: /home/spoonge/ros2_ws/src/scara_cnc/install/scara_cnc/share/scara_cnc/config/controllers.yaml
-- Up-to-date symlink: /home/spoonge/ros2_ws/src/scara_cnc/install/scara_cnc/share/scara_cnc/config/joint_names_urdf_Scara.yaml
-- Up-to-date symlink: /home/spoonge/ros2_ws/src/scara_cnc/install/scara_cnc/share/scara_cnc/config/scara_cnc.rviz
-- Up-to-date symlink: /home/spoonge/ros2_ws/src/scara_cnc/install/scara_cnc/share/scara_cnc/config/scara_rsp.yaml
-- Up-to-date symlink: /home/spoonge/ros2_ws/src/scara_cnc/install/scara_cnc/share/ament_index/resource_index/package_run_dependencies/scara_cnc
-- Up-to-date symlink: /home/spoonge/ros2_ws/src/scara_cnc/install/scara_cnc/share/ament_index/resource_index/parent_prefix_path/scara_cnc
-- Up-to-date symlink: /home/spoonge/ros2_ws/src/scara_cnc/install/scara_cnc/share/scara_cnc/environment/ament_prefix_path.sh
-- Up-to-date symlink: /home/spoonge/ros2_ws/src/scara_cnc/install/scara_cnc/share/scara_cnc/environment/ament_prefix_path.dsv
-- Up-to-date symlink: /home/spoonge/ros2_ws/src/scara_cnc/install/scara_cnc/share/scara_cnc/environment/path.sh
-- Up-to-date symlink: /home/spoonge/ros2_ws/src/scara_cnc/install/scara_cnc/share/scara_cnc/environment/path.dsv
-- Up-to-date symlink: /home/spoonge/ros2_ws/src/scara_cnc/install/scara_cnc/share/scara_cnc/local_setup.bash
-- Up-to-date symlink: /home/spoonge/ros2_ws/src/scara_cnc/install/scara_cnc/share/scara_cnc/local_setup.sh
-- Up-to-date symlink: /home/spoonge/ros2_ws/src/scara_cnc/install/scara_cnc/share/scara_cnc/local_setup.zsh
-- Up-to-date symlink: /home/spoonge/ros2_ws/src/scara_cnc/install/scara_cnc/share/scara_cnc/local_setup.dsv
-- Symlinking: /home/spoonge/ros2_ws/src/scara_cnc/install/scara_cnc/share/scara_cnc/package.dsv
-- Up-to-date symlink: /home/spoonge/ros2_ws/src/scara_cnc/install/scara_cnc/share/ament_index/resource_index/packages/scara_cnc
-- Up-to-date symlink: /home/spoonge/ros2_ws/src/scara_cnc/install/scara_cnc/share/scara_cnc/cmake/scara_cncConfig.cmake
-- Up-to-date symlink: /home/spoonge/ros2_ws/src/scara_cnc/install/scara_cnc/share/scara_cnc/cmake/scara_cncConfig-version.cmake
-- Up-to-date symlink: /home/spoonge/ros2_ws/src/scara_cnc/install/scara_cnc/share/scara_cnc/package.xml
