running egg_info
creating build/turtlebot_nav_tasks/turtlebot_nav_tasks.egg-info
writing build/turtlebot_nav_tasks/turtlebot_nav_tasks.egg-info/PKG-INFO
writing dependency_links to build/turtlebot_nav_tasks/turtlebot_nav_tasks.egg-info/dependency_links.txt
writing entry points to build/turtlebot_nav_tasks/turtlebot_nav_tasks.egg-info/entry_points.txt
writing requirements to build/turtlebot_nav_tasks/turtlebot_nav_tasks.egg-info/requires.txt
writing top-level names to build/turtlebot_nav_tasks/turtlebot_nav_tasks.egg-info/top_level.txt
writing manifest file 'build/turtlebot_nav_tasks/turtlebot_nav_tasks.egg-info/SOURCES.txt'
reading manifest file 'build/turtlebot_nav_tasks/turtlebot_nav_tasks.egg-info/SOURCES.txt'
writing manifest file 'build/turtlebot_nav_tasks/turtlebot_nav_tasks.egg-info/SOURCES.txt'
running build
running build_py
creating /home/spoonge/ros2_ws/src/turtlebot_nav_tasks/build/turtlebot_nav_tasks/build
creating /home/spoonge/ros2_ws/src/turtlebot_nav_tasks/build/turtlebot_nav_tasks/build/lib
creating /home/spoonge/ros2_ws/src/turtlebot_nav_tasks/build/turtlebot_nav_tasks/build/lib/turtlebot_nav_tasks
copying turtlebot_nav_tasks/nav_aruco_optimal.py -> /home/spoonge/ros2_ws/src/turtlebot_nav_tasks/build/turtlebot_nav_tasks/build/lib/turtlebot_nav_tasks
copying turtlebot_nav_tasks/nav_optimal_four.py -> /home/spoonge/ros2_ws/src/turtlebot_nav_tasks/build/turtlebot_nav_tasks/build/lib/turtlebot_nav_tasks
copying turtlebot_nav_tasks/nav_three_points.py -> /home/spoonge/ros2_ws/src/turtlebot_nav_tasks/build/turtlebot_nav_tasks/build/lib/turtlebot_nav_tasks
copying turtlebot_nav_tasks/aruco_detector.py -> /home/spoonge/ros2_ws/src/turtlebot_nav_tasks/build/turtlebot_nav_tasks/build/lib/turtlebot_nav_tasks
copying turtlebot_nav_tasks/__init__.py -> /home/spoonge/ros2_ws/src/turtlebot_nav_tasks/build/turtlebot_nav_tasks/build/lib/turtlebot_nav_tasks
running install
running install_lib
creating /home/spoonge/ros2_ws/src/turtlebot_nav_tasks/install/turtlebot_nav_tasks/lib/python3.12/site-packages/turtlebot_nav_tasks
copying /home/spoonge/ros2_ws/src/turtlebot_nav_tasks/build/turtlebot_nav_tasks/build/lib/turtlebot_nav_tasks/nav_aruco_optimal.py -> /home/spoonge/ros2_ws/src/turtlebot_nav_tasks/install/turtlebot_nav_tasks/lib/python3.12/site-packages/turtlebot_nav_tasks
copying /home/spoonge/ros2_ws/src/turtlebot_nav_tasks/build/turtlebot_nav_tasks/build/lib/turtlebot_nav_tasks/nav_optimal_four.py -> /home/spoonge/ros2_ws/src/turtlebot_nav_tasks/install/turtlebot_nav_tasks/lib/python3.12/site-packages/turtlebot_nav_tasks
copying /home/spoonge/ros2_ws/src/turtlebot_nav_tasks/build/turtlebot_nav_tasks/build/lib/turtlebot_nav_tasks/nav_three_points.py -> /home/spoonge/ros2_ws/src/turtlebot_nav_tasks/install/turtlebot_nav_tasks/lib/python3.12/site-packages/turtlebot_nav_tasks
copying /home/spoonge/ros2_ws/src/turtlebot_nav_tasks/build/turtlebot_nav_tasks/build/lib/turtlebot_nav_tasks/aruco_detector.py -> /home/spoonge/ros2_ws/src/turtlebot_nav_tasks/install/turtlebot_nav_tasks/lib/python3.12/site-packages/turtlebot_nav_tasks
copying /home/spoonge/ros2_ws/src/turtlebot_nav_tasks/build/turtlebot_nav_tasks/build/lib/turtlebot_nav_tasks/__init__.py -> /home/spoonge/ros2_ws/src/turtlebot_nav_tasks/install/turtlebot_nav_tasks/lib/python3.12/site-packages/turtlebot_nav_tasks
byte-compiling /home/spoonge/ros2_ws/src/turtlebot_nav_tasks/install/turtlebot_nav_tasks/lib/python3.12/site-packages/turtlebot_nav_tasks/nav_aruco_optimal.py to nav_aruco_optimal.cpython-312.pyc
byte-compiling /home/spoonge/ros2_ws/src/turtlebot_nav_tasks/install/turtlebot_nav_tasks/lib/python3.12/site-packages/turtlebot_nav_tasks/nav_optimal_four.py to nav_optimal_four.cpython-312.pyc
byte-compiling /home/spoonge/ros2_ws/src/turtlebot_nav_tasks/install/turtlebot_nav_tasks/lib/python3.12/site-packages/turtlebot_nav_tasks/nav_three_points.py to nav_three_points.cpython-312.pyc
byte-compiling /home/spoonge/ros2_ws/src/turtlebot_nav_tasks/install/turtlebot_nav_tasks/lib/python3.12/site-packages/turtlebot_nav_tasks/aruco_detector.py to aruco_detector.cpython-312.pyc
byte-compiling /home/spoonge/ros2_ws/src/turtlebot_nav_tasks/install/turtlebot_nav_tasks/lib/python3.12/site-packages/turtlebot_nav_tasks/__init__.py to __init__.cpython-312.pyc
running install_data
creating /home/spoonge/ros2_ws/src/turtlebot_nav_tasks/install/turtlebot_nav_tasks/share/ament_index
creating /home/spoonge/ros2_ws/src/turtlebot_nav_tasks/install/turtlebot_nav_tasks/share/ament_index/resource_index
creating /home/spoonge/ros2_ws/src/turtlebot_nav_tasks/install/turtlebot_nav_tasks/share/ament_index/resource_index/packages
copying resource/turtlebot_nav_tasks -> /home/spoonge/ros2_ws/src/turtlebot_nav_tasks/install/turtlebot_nav_tasks/share/ament_index/resource_index/packages
copying package.xml -> /home/spoonge/ros2_ws/src/turtlebot_nav_tasks/install/turtlebot_nav_tasks/share/turtlebot_nav_tasks
creating /home/spoonge/ros2_ws/src/turtlebot_nav_tasks/install/turtlebot_nav_tasks/share/turtlebot_nav_tasks/launch
copying launch/aruco_test.launch.py -> /home/spoonge/ros2_ws/src/turtlebot_nav_tasks/install/turtlebot_nav_tasks/share/turtlebot_nav_tasks/launch
copying launch/nav_base.launch.py -> /home/spoonge/ros2_ws/src/turtlebot_nav_tasks/install/turtlebot_nav_tasks/share/turtlebot_nav_tasks/launch
copying launch/nav_optimal_four_demo.launch.py -> /home/spoonge/ros2_ws/src/turtlebot_nav_tasks/install/turtlebot_nav_tasks/share/turtlebot_nav_tasks/launch
copying launch/nav_three_points_demo.launch.py -> /home/spoonge/ros2_ws/src/turtlebot_nav_tasks/install/turtlebot_nav_tasks/share/turtlebot_nav_tasks/launch
running install_egg_info
Copying build/turtlebot_nav_tasks/turtlebot_nav_tasks.egg-info to /home/spoonge/ros2_ws/src/turtlebot_nav_tasks/install/turtlebot_nav_tasks/lib/python3.12/site-packages/turtlebot_nav_tasks-0.0.0-py3.12.egg-info
running install_scripts
Installing aruco_detector script to /home/spoonge/ros2_ws/src/turtlebot_nav_tasks/install/turtlebot_nav_tasks/lib/turtlebot_nav_tasks
Installing nav_aruco_optimal script to /home/spoonge/ros2_ws/src/turtlebot_nav_tasks/install/turtlebot_nav_tasks/lib/turtlebot_nav_tasks
Installing nav_optimal_four script to /home/spoonge/ros2_ws/src/turtlebot_nav_tasks/install/turtlebot_nav_tasks/lib/turtlebot_nav_tasks
Installing nav_three_points script to /home/spoonge/ros2_ws/src/turtlebot_nav_tasks/install/turtlebot_nav_tasks/lib/turtlebot_nav_tasks
writing list of installed files to '/home/spoonge/ros2_ws/src/turtlebot_nav_tasks/build/turtlebot_nav_tasks/install.log'
