[0.836s] Invoking command in '/home/spoonge/ros2_ws/src/turtlebot_nav_tasks': PYTHONPATH=/home/spoonge/ros2_ws/src/turtlebot_nav_tasks/build/turtlebot_nav_tasks/prefix_override:/usr/lib/python3/dist-packages/colcon_core/task/python/colcon_distutils_commands:/home/spoonge/ros2_ws/src/turtlebot_nav_tasks/install/turtlebot_nav_tasks/lib/python3.12/site-packages:${PYTHONPATH} /usr/bin/python3 -W ignore:setup.py install is deprecated -W ignore:easy_install command is deprecated setup.py egg_info --egg-base build/turtlebot_nav_tasks build --build-base /home/spoonge/ros2_ws/src/turtlebot_nav_tasks/build/turtlebot_nav_tasks/build install --record /home/spoonge/ros2_ws/src/turtlebot_nav_tasks/build/turtlebot_nav_tasks/install.log --single-version-externally-managed install_data
[1.097s] running egg_info
[1.097s] creating build/turtlebot_nav_tasks/turtlebot_nav_tasks.egg-info
[1.116s] writing build/turtlebot_nav_tasks/turtlebot_nav_tasks.egg-info/PKG-INFO
[1.116s] writing dependency_links to build/turtlebot_nav_tasks/turtlebot_nav_tasks.egg-info/dependency_links.txt
[1.116s] writing entry points to build/turtlebot_nav_tasks/turtlebot_nav_tasks.egg-info/entry_points.txt
[1.116s] writing requirements to build/turtlebot_nav_tasks/turtlebot_nav_tasks.egg-info/requires.txt
[1.117s] writing top-level names to build/turtlebot_nav_tasks/turtlebot_nav_tasks.egg-info/top_level.txt
[1.117s] writing manifest file 'build/turtlebot_nav_tasks/turtlebot_nav_tasks.egg-info/SOURCES.txt'
[1.156s] reading manifest file 'build/turtlebot_nav_tasks/turtlebot_nav_tasks.egg-info/SOURCES.txt'
[1.156s] writing manifest file 'build/turtlebot_nav_tasks/turtlebot_nav_tasks.egg-info/SOURCES.txt'
[1.156s] running build
[1.156s] running build_py
[1.156s] creating /home/spoonge/ros2_ws/src/turtlebot_nav_tasks/build/turtlebot_nav_tasks/build
[1.156s] creating /home/spoonge/ros2_ws/src/turtlebot_nav_tasks/build/turtlebot_nav_tasks/build/lib
[1.157s] creating /home/spoonge/ros2_ws/src/turtlebot_nav_tasks/build/turtlebot_nav_tasks/build/lib/turtlebot_nav_tasks
[1.157s] copying turtlebot_nav_tasks/nav_aruco_optimal.py -> /home/spoonge/ros2_ws/src/turtlebot_nav_tasks/build/turtlebot_nav_tasks/build/lib/turtlebot_nav_tasks
[1.157s] copying turtlebot_nav_tasks/nav_optimal_four.py -> /home/spoonge/ros2_ws/src/turtlebot_nav_tasks/build/turtlebot_nav_tasks/build/lib/turtlebot_nav_tasks
[1.162s] copying turtlebot_nav_tasks/nav_three_points.py -> /home/spoonge/ros2_ws/src/turtlebot_nav_tasks/build/turtlebot_nav_tasks/build/lib/turtlebot_nav_tasks
[1.163s] copying turtlebot_nav_tasks/aruco_detector.py -> /home/spoonge/ros2_ws/src/turtlebot_nav_tasks/build/turtlebot_nav_tasks/build/lib/turtlebot_nav_tasks
[1.163s] copying turtlebot_nav_tasks/__init__.py -> /home/spoonge/ros2_ws/src/turtlebot_nav_tasks/build/turtlebot_nav_tasks/build/lib/turtlebot_nav_tasks
[1.163s] running install
[1.169s] running install_lib
[1.189s] creating /home/spoonge/ros2_ws/src/turtlebot_nav_tasks/install/turtlebot_nav_tasks/lib/python3.12/site-packages/turtlebot_nav_tasks
[1.189s] copying /home/spoonge/ros2_ws/src/turtlebot_nav_tasks/build/turtlebot_nav_tasks/build/lib/turtlebot_nav_tasks/nav_aruco_optimal.py -> /home/spoonge/ros2_ws/src/turtlebot_nav_tasks/install/turtlebot_nav_tasks/lib/python3.12/site-packages/turtlebot_nav_tasks
[1.189s] copying /home/spoonge/ros2_ws/src/turtlebot_nav_tasks/build/turtlebot_nav_tasks/build/lib/turtlebot_nav_tasks/nav_optimal_four.py -> /home/spoonge/ros2_ws/src/turtlebot_nav_tasks/install/turtlebot_nav_tasks/lib/python3.12/site-packages/turtlebot_nav_tasks
[1.189s] copying /home/spoonge/ros2_ws/src/turtlebot_nav_tasks/build/turtlebot_nav_tasks/build/lib/turtlebot_nav_tasks/nav_three_points.py -> /home/spoonge/ros2_ws/src/turtlebot_nav_tasks/install/turtlebot_nav_tasks/lib/python3.12/site-packages/turtlebot_nav_tasks
[1.189s] copying /home/spoonge/ros2_ws/src/turtlebot_nav_tasks/build/turtlebot_nav_tasks/build/lib/turtlebot_nav_tasks/aruco_detector.py -> /home/spoonge/ros2_ws/src/turtlebot_nav_tasks/install/turtlebot_nav_tasks/lib/python3.12/site-packages/turtlebot_nav_tasks
[1.189s] copying /home/spoonge/ros2_ws/src/turtlebot_nav_tasks/build/turtlebot_nav_tasks/build/lib/turtlebot_nav_tasks/__init__.py -> /home/spoonge/ros2_ws/src/turtlebot_nav_tasks/install/turtlebot_nav_tasks/lib/python3.12/site-packages/turtlebot_nav_tasks
[1.190s] byte-compiling /home/spoonge/ros2_ws/src/turtlebot_nav_tasks/install/turtlebot_nav_tasks/lib/python3.12/site-packages/turtlebot_nav_tasks/nav_aruco_optimal.py to nav_aruco_optimal.cpython-312.pyc
[1.192s] byte-compiling /home/spoonge/ros2_ws/src/turtlebot_nav_tasks/install/turtlebot_nav_tasks/lib/python3.12/site-packages/turtlebot_nav_tasks/nav_optimal_four.py to nav_optimal_four.cpython-312.pyc
[1.193s] byte-compiling /home/spoonge/ros2_ws/src/turtlebot_nav_tasks/install/turtlebot_nav_tasks/lib/python3.12/site-packages/turtlebot_nav_tasks/nav_three_points.py to nav_three_points.cpython-312.pyc
[1.194s] byte-compiling /home/spoonge/ros2_ws/src/turtlebot_nav_tasks/install/turtlebot_nav_tasks/lib/python3.12/site-packages/turtlebot_nav_tasks/aruco_detector.py to aruco_detector.cpython-312.pyc
[1.194s] byte-compiling /home/spoonge/ros2_ws/src/turtlebot_nav_tasks/install/turtlebot_nav_tasks/lib/python3.12/site-packages/turtlebot_nav_tasks/__init__.py to __init__.cpython-312.pyc
[1.195s] running install_data
[1.195s] creating /home/spoonge/ros2_ws/src/turtlebot_nav_tasks/install/turtlebot_nav_tasks/share/ament_index
[1.195s] creating /home/spoonge/ros2_ws/src/turtlebot_nav_tasks/install/turtlebot_nav_tasks/share/ament_index/resource_index
[1.195s] creating /home/spoonge/ros2_ws/src/turtlebot_nav_tasks/install/turtlebot_nav_tasks/share/ament_index/resource_index/packages
[1.195s] copying resource/turtlebot_nav_tasks -> /home/spoonge/ros2_ws/src/turtlebot_nav_tasks/install/turtlebot_nav_tasks/share/ament_index/resource_index/packages
[1.195s] copying package.xml -> /home/spoonge/ros2_ws/src/turtlebot_nav_tasks/install/turtlebot_nav_tasks/share/turtlebot_nav_tasks
[1.195s] creating /home/spoonge/ros2_ws/src/turtlebot_nav_tasks/install/turtlebot_nav_tasks/share/turtlebot_nav_tasks/launch
[1.195s] copying launch/aruco_test.launch.py -> /home/spoonge/ros2_ws/src/turtlebot_nav_tasks/install/turtlebot_nav_tasks/share/turtlebot_nav_tasks/launch
[1.196s] copying launch/nav_base.launch.py -> /home/spoonge/ros2_ws/src/turtlebot_nav_tasks/install/turtlebot_nav_tasks/share/turtlebot_nav_tasks/launch
[1.196s] copying launch/nav_optimal_four_demo.launch.py -> /home/spoonge/ros2_ws/src/turtlebot_nav_tasks/install/turtlebot_nav_tasks/share/turtlebot_nav_tasks/launch
[1.196s] copying launch/nav_three_points_demo.launch.py -> /home/spoonge/ros2_ws/src/turtlebot_nav_tasks/install/turtlebot_nav_tasks/share/turtlebot_nav_tasks/launch
[1.196s] running install_egg_info
[1.218s] Copying build/turtlebot_nav_tasks/turtlebot_nav_tasks.egg-info to /home/spoonge/ros2_ws/src/turtlebot_nav_tasks/install/turtlebot_nav_tasks/lib/python3.12/site-packages/turtlebot_nav_tasks-0.0.0-py3.12.egg-info
[1.219s] running install_scripts
[1.359s] Installing aruco_detector script to /home/spoonge/ros2_ws/src/turtlebot_nav_tasks/install/turtlebot_nav_tasks/lib/turtlebot_nav_tasks
[1.359s] Installing nav_aruco_optimal script to /home/spoonge/ros2_ws/src/turtlebot_nav_tasks/install/turtlebot_nav_tasks/lib/turtlebot_nav_tasks
[1.359s] Installing nav_optimal_four script to /home/spoonge/ros2_ws/src/turtlebot_nav_tasks/install/turtlebot_nav_tasks/lib/turtlebot_nav_tasks
[1.359s] Installing nav_three_points script to /home/spoonge/ros2_ws/src/turtlebot_nav_tasks/install/turtlebot_nav_tasks/lib/turtlebot_nav_tasks
[1.360s] writing list of installed files to '/home/spoonge/ros2_ws/src/turtlebot_nav_tasks/build/turtlebot_nav_tasks/install.log'
[1.397s] Invoked command in '/home/spoonge/ros2_ws/src/turtlebot_nav_tasks' returned '0': PYTHONPATH=/home/spoonge/ros2_ws/src/turtlebot_nav_tasks/build/turtlebot_nav_tasks/prefix_override:/usr/lib/python3/dist-packages/colcon_core/task/python/colcon_distutils_commands:/home/spoonge/ros2_ws/src/turtlebot_nav_tasks/install/turtlebot_nav_tasks/lib/python3.12/site-packages:${PYTHONPATH} /usr/bin/python3 -W ignore:setup.py install is deprecated -W ignore:easy_install command is deprecated setup.py egg_info --egg-base build/turtlebot_nav_tasks build --build-base /home/spoonge/ros2_ws/src/turtlebot_nav_tasks/build/turtlebot_nav_tasks/build install --record /home/spoonge/ros2_ws/src/turtlebot_nav_tasks/build/turtlebot_nav_tasks/install.log --single-version-externally-managed install_data
