-- The C compiler identification is GNU 13.3.0
-- The CXX compiler identification is GNU 13.3.0
-- Detecting C compiler ABI info
-- Detecting C compiler ABI info - done
-- Check for working C compiler: /usr/bin/cc - skipped
-- Detecting C compile features
-- Detecting C compile features - done
-- Detecting CXX compiler ABI info
-- Detecting CXX compiler ABI info - done
-- Check for working CXX compiler: /usr/bin/c++ - skipped
-- Detecting CXX compile features
-- Detecting CXX compile features - done
-- Found ament_cmake: 2.5.4 (/opt/ros/jazzy/share/ament_cmake/cmake)
-- Found Python3: /usr/bin/python3 (found version "3.12.3") found components: Interpreter 
-- Override CMake install command with custom implementation using symlinks instead of copying resources
-- Configuring done (1.4s)
-- Generating done (0.0s)
-- Build files have been written to: /home/spoonge/ros2_ws/src/build/scara_control
-- Install configuration: ""
-- Execute custom install script
-- Symlinking: /home/spoonge/ros2_ws/src/install/scara_control/share/scara_control/config/controllers.yaml
-- Symlinking: /home/spoonge/ros2_ws/src/install/scara_control/share/ament_index/resource_index/package_run_dependencies/scara_control
-- Symlinking: /home/spoonge/ros2_ws/src/install/scara_control/share/ament_index/resource_index/parent_prefix_path/scara_control
-- Symlinking: /home/spoonge/ros2_ws/src/install/scara_control/share/scara_control/environment/ament_prefix_path.sh
-- Symlinking: /home/spoonge/ros2_ws/src/install/scara_control/share/scara_control/environment/ament_prefix_path.dsv
-- Symlinking: /home/spoonge/ros2_ws/src/install/scara_control/share/scara_control/environment/path.sh
-- Symlinking: /home/spoonge/ros2_ws/src/install/scara_control/share/scara_control/environment/path.dsv
-- Symlinking: /home/spoonge/ros2_ws/src/install/scara_control/share/scara_control/local_setup.bash
-- Symlinking: /home/spoonge/ros2_ws/src/install/scara_control/share/scara_control/local_setup.sh
-- Symlinking: /home/spoonge/ros2_ws/src/install/scara_control/share/scara_control/local_setup.zsh
-- Symlinking: /home/spoonge/ros2_ws/src/install/scara_control/share/scara_control/local_setup.dsv
-- Symlinking: /home/spoonge/ros2_ws/src/install/scara_control/share/scara_control/package.dsv
-- Symlinking: /home/spoonge/ros2_ws/src/install/scara_control/share/ament_index/resource_index/packages/scara_control
-- Symlinking: /home/spoonge/ros2_ws/src/install/scara_control/share/scara_control/cmake/scara_controlConfig.cmake
-- Symlinking: /home/spoonge/ros2_ws/src/install/scara_control/share/scara_control/cmake/scara_controlConfig-version.cmake
-- Symlinking: /home/spoonge/ros2_ws/src/install/scara_control/share/scara_control/package.xml
