-- The C compiler identification is GNU 13.3.0
-- The CXX compiler identification is GNU 13.3.0
-- Detecting C compiler ABI info
-- Detecting C compiler ABI info - done
-- Check for working C compiler: /usr/bin/cc - skipped
-- Detecting C compile features
-- Detecting C compile features - done
-- Detecting CXX compiler ABI info
-- Detecting CXX compiler ABI info - done
-- Check for working CXX compiler: /usr/bin/c++ - skipped
-- Detecting CXX compile features
-- Detecting CXX compile features - done
-- Found ament_cmake: 2.5.4 (/opt/ros/jazzy/share/ament_cmake/cmake)
-- Found Python3: /usr/bin/python3 (found version "3.12.3") found components: Interpreter 
-- Override CMake install command with custom implementation using symlinks instead of copying resources
-- Configuring done (1.1s)
-- Generating done (0.0s)
-- Build files have been written to: /home/spoonge/ros2_ws/src/scara_cnc/build/scara_cnc
-- Install configuration: ""
-- Execute custom install script
-- Symlinking: /home/spoonge/ros2_ws/src/scara_cnc/install/scara_cnc/share/scara_cnc/urdf/scara.urdf
-- Symlinking: /home/spoonge/ros2_ws/src/scara_cnc/install/scara_cnc/share/scara_cnc/urdf/urdf_Scara.csv
-- Symlinking: /home/spoonge/ros2_ws/src/scara_cnc/install/scara_cnc/share/scara_cnc/meshes/base_link.STL
-- Symlinking: /home/spoonge/ros2_ws/src/scara_cnc/install/scara_cnc/share/scara_cnc/meshes/hand1.STL
-- Symlinking: /home/spoonge/ros2_ws/src/scara_cnc/install/scara_cnc/share/scara_cnc/meshes/hand2.STL
-- Symlinking: /home/spoonge/ros2_ws/src/scara_cnc/install/scara_cnc/share/scara_cnc/meshes/hand3.STL
-- Symlinking: /home/spoonge/ros2_ws/src/scara_cnc/install/scara_cnc/share/scara_cnc/launch/display_scara.launch.py
-- Symlinking: /home/spoonge/ros2_ws/src/scara_cnc/install/scara_cnc/share/scara_cnc/launch/sim_scara.launch.py
-- Symlinking: /home/spoonge/ros2_ws/src/scara_cnc/install/scara_cnc/share/scara_cnc/config/controllers.yaml
-- Symlinking: /home/spoonge/ros2_ws/src/scara_cnc/install/scara_cnc/share/scara_cnc/config/joint_names_urdf_Scara.yaml
-- Symlinking: /home/spoonge/ros2_ws/src/scara_cnc/install/scara_cnc/share/scara_cnc/config/scara_cnc.rviz
-- Symlinking: /home/spoonge/ros2_ws/src/scara_cnc/install/scara_cnc/share/scara_cnc/config/scara_rsp.yaml
-- Symlinking: /home/spoonge/ros2_ws/src/scara_cnc/install/scara_cnc/share/ament_index/resource_index/package_run_dependencies/scara_cnc
-- Symlinking: /home/spoonge/ros2_ws/src/scara_cnc/install/scara_cnc/share/ament_index/resource_index/parent_prefix_path/scara_cnc
-- Symlinking: /home/spoonge/ros2_ws/src/scara_cnc/install/scara_cnc/share/scara_cnc/environment/ament_prefix_path.sh
-- Symlinking: /home/spoonge/ros2_ws/src/scara_cnc/install/scara_cnc/share/scara_cnc/environment/ament_prefix_path.dsv
-- Symlinking: /home/spoonge/ros2_ws/src/scara_cnc/install/scara_cnc/share/scara_cnc/environment/path.sh
-- Symlinking: /home/spoonge/ros2_ws/src/scara_cnc/install/scara_cnc/share/scara_cnc/environment/path.dsv
-- Symlinking: /home/spoonge/ros2_ws/src/scara_cnc/install/scara_cnc/share/scara_cnc/local_setup.bash
-- Symlinking: /home/spoonge/ros2_ws/src/scara_cnc/install/scara_cnc/share/scara_cnc/local_setup.sh
-- Symlinking: /home/spoonge/ros2_ws/src/scara_cnc/install/scara_cnc/share/scara_cnc/local_setup.zsh
-- Symlinking: /home/spoonge/ros2_ws/src/scara_cnc/install/scara_cnc/share/scara_cnc/local_setup.dsv
-- Symlinking: /home/spoonge/ros2_ws/src/scara_cnc/install/scara_cnc/share/scara_cnc/package.dsv
-- Symlinking: /home/spoonge/ros2_ws/src/scara_cnc/install/scara_cnc/share/ament_index/resource_index/packages/scara_cnc
-- Symlinking: /home/spoonge/ros2_ws/src/scara_cnc/install/scara_cnc/share/scara_cnc/cmake/scara_cncConfig.cmake
-- Symlinking: /home/spoonge/ros2_ws/src/scara_cnc/install/scara_cnc/share/scara_cnc/cmake/scara_cncConfig-version.cmake
-- Symlinking: /home/spoonge/ros2_ws/src/scara_cnc/install/scara_cnc/share/scara_cnc/package.xml
