[0.035s] Invoking command in '/home/spoonge/Projects/Scara_arm_CNC/build/scara_cnc': CMAKE_PREFIX_PATH=${CMAKE_PREFIX_PATH}:/home/spoonge/Projects/Scara_arm_CNC/ros2_ws/install/scara_sim:/home/spoonge/Projects/Scara_arm_CNC/ros2_ws/install/scara_application:/home/spoonge/Projects/Scara_arm_CNC/ros2_ws/install/scara_bringup:/home/spoonge/Projects/Scara_arm_CNC/ros2_ws/install/listener:/opt/ros/jazzy DEBUGINFOD_URLS=https://debuginfod.ubuntu.com /usr/bin/cmake /home/spoonge/Projects/Scara_arm_CNC/ros2_ws/src/scara_cnc -DCMAKE_INSTALL_PREFIX=/home/spoonge/Projects/Scara_arm_CNC/install/scara_cnc
[0.605s] -- The C compiler identification is GNU 13.3.0
[0.605s] -- The CXX compiler identification is GNU 13.3.0
[0.606s] -- Detecting C compiler ABI info
[0.606s] -- Detecting C compiler ABI info - done
[0.606s] -- Check for working C compiler: /usr/bin/cc - skipped
[0.606s] -- Detecting C compile features
[0.606s] -- Detecting C compile features - done
[0.606s] -- Detecting CXX compiler ABI info
[0.710s] -- Detecting CXX compiler ABI info - done
[0.720s] -- Check for working CXX compiler: /usr/bin/c++ - skipped
[0.720s] -- Detecting CXX compile features
[0.721s] -- Detecting CXX compile features - done
[0.751s] -- Found ament_cmake: 2.5.5 (/opt/ros/jazzy/share/ament_cmake/cmake)
[1.000s] -- Found Python3: /usr/bin/python3 (found version "3.12.3") found components: Interpreter 
[1.339s] -- Configuring done (1.3s)
[1.343s] -- Generating done (0.0s)
[1.347s] -- Build files have been written to: /home/spoonge/Projects/Scara_arm_CNC/build/scara_cnc
[1.354s] Invoked command in '/home/spoonge/Projects/Scara_arm_CNC/build/scara_cnc' returned '0': CMAKE_PREFIX_PATH=${CMAKE_PREFIX_PATH}:/home/spoonge/Projects/Scara_arm_CNC/ros2_ws/install/scara_sim:/home/spoonge/Projects/Scara_arm_CNC/ros2_ws/install/scara_application:/home/spoonge/Projects/Scara_arm_CNC/ros2_ws/install/scara_bringup:/home/spoonge/Projects/Scara_arm_CNC/ros2_ws/install/listener:/opt/ros/jazzy DEBUGINFOD_URLS=https://debuginfod.ubuntu.com /usr/bin/cmake /home/spoonge/Projects/Scara_arm_CNC/ros2_ws/src/scara_cnc -DCMAKE_INSTALL_PREFIX=/home/spoonge/Projects/Scara_arm_CNC/install/scara_cnc
[1.356s] Invoking command in '/home/spoonge/Projects/Scara_arm_CNC/build/scara_cnc': CMAKE_PREFIX_PATH=${CMAKE_PREFIX_PATH}:/home/spoonge/Projects/Scara_arm_CNC/ros2_ws/install/scara_sim:/home/spoonge/Projects/Scara_arm_CNC/ros2_ws/install/scara_application:/home/spoonge/Projects/Scara_arm_CNC/ros2_ws/install/scara_bringup:/home/spoonge/Projects/Scara_arm_CNC/ros2_ws/install/listener:/opt/ros/jazzy DEBUGINFOD_URLS=https://debuginfod.ubuntu.com /usr/bin/cmake --build /home/spoonge/Projects/Scara_arm_CNC/build/scara_cnc -- -j12 -l12
[1.412s] Invoked command in '/home/spoonge/Projects/Scara_arm_CNC/build/scara_cnc' returned '0': CMAKE_PREFIX_PATH=${CMAKE_PREFIX_PATH}:/home/spoonge/Projects/Scara_arm_CNC/ros2_ws/install/scara_sim:/home/spoonge/Projects/Scara_arm_CNC/ros2_ws/install/scara_application:/home/spoonge/Projects/Scara_arm_CNC/ros2_ws/install/scara_bringup:/home/spoonge/Projects/Scara_arm_CNC/ros2_ws/install/listener:/opt/ros/jazzy DEBUGINFOD_URLS=https://debuginfod.ubuntu.com /usr/bin/cmake --build /home/spoonge/Projects/Scara_arm_CNC/build/scara_cnc -- -j12 -l12
[1.426s] Invoking command in '/home/spoonge/Projects/Scara_arm_CNC/build/scara_cnc': CMAKE_PREFIX_PATH=${CMAKE_PREFIX_PATH}:/home/spoonge/Projects/Scara_arm_CNC/ros2_ws/install/scara_sim:/home/spoonge/Projects/Scara_arm_CNC/ros2_ws/install/scara_application:/home/spoonge/Projects/Scara_arm_CNC/ros2_ws/install/scara_bringup:/home/spoonge/Projects/Scara_arm_CNC/ros2_ws/install/listener:/opt/ros/jazzy DEBUGINFOD_URLS=https://debuginfod.ubuntu.com /usr/bin/cmake --install /home/spoonge/Projects/Scara_arm_CNC/build/scara_cnc
[1.437s] -- Install configuration: ""
[1.437s] -- Installing: /home/spoonge/Projects/Scara_arm_CNC/install/scara_cnc/share/scara_cnc/urdf
[1.438s] -- Installing: /home/spoonge/Projects/Scara_arm_CNC/install/scara_cnc/share/scara_cnc/urdf/build
[1.438s] -- Installing: /home/spoonge/Projects/Scara_arm_CNC/install/scara_cnc/share/scara_cnc/urdf/build/.built_by
[1.438s] -- Installing: /home/spoonge/Projects/Scara_arm_CNC/install/scara_cnc/share/scara_cnc/urdf/build/COLCON_IGNORE
[1.438s] -- Installing: /home/spoonge/Projects/Scara_arm_CNC/install/scara_cnc/share/scara_cnc/urdf/scara.urdf
[1.438s] -- Installing: /home/spoonge/Projects/Scara_arm_CNC/install/scara_cnc/share/scara_cnc/urdf/urdf_Scara.csv
[1.439s] -- Installing: /home/spoonge/Projects/Scara_arm_CNC/install/scara_cnc/share/scara_cnc/urdf/cnc.urdf
[1.439s] -- Installing: /home/spoonge/Projects/Scara_arm_CNC/install/scara_cnc/share/scara_cnc/urdf/install
[1.439s] -- Installing: /home/spoonge/Projects/Scara_arm_CNC/install/scara_cnc/share/scara_cnc/urdf/install/setup.zsh
[1.439s] -- Installing: /home/spoonge/Projects/Scara_arm_CNC/install/scara_cnc/share/scara_cnc/urdf/install/_local_setup_util_ps1.py
[1.439s] -- Installing: /home/spoonge/Projects/Scara_arm_CNC/install/scara_cnc/share/scara_cnc/urdf/install/.colcon_install_layout
[1.440s] -- Installing: /home/spoonge/Projects/Scara_arm_CNC/install/scara_cnc/share/scara_cnc/urdf/install/setup.ps1
[1.440s] -- Installing: /home/spoonge/Projects/Scara_arm_CNC/install/scara_cnc/share/scara_cnc/urdf/install/_local_setup_util_sh.py
[1.440s] -- Installing: /home/spoonge/Projects/Scara_arm_CNC/install/scara_cnc/share/scara_cnc/urdf/install/setup.bash
[1.440s] -- Installing: /home/spoonge/Projects/Scara_arm_CNC/install/scara_cnc/share/scara_cnc/urdf/install/local_setup.zsh
[1.441s] -- Installing: /home/spoonge/Projects/Scara_arm_CNC/install/scara_cnc/share/scara_cnc/urdf/install/local_setup.sh
[1.441s] -- Installing: /home/spoonge/Projects/Scara_arm_CNC/install/scara_cnc/share/scara_cnc/urdf/install/local_setup.bash
[1.441s] -- Installing: /home/spoonge/Projects/Scara_arm_CNC/install/scara_cnc/share/scara_cnc/urdf/install/local_setup.ps1
[1.442s] -- Installing: /home/spoonge/Projects/Scara_arm_CNC/install/scara_cnc/share/scara_cnc/urdf/install/setup.sh
[1.442s] -- Installing: /home/spoonge/Projects/Scara_arm_CNC/install/scara_cnc/share/scara_cnc/urdf/install/COLCON_IGNORE
[1.442s] -- Installing: /home/spoonge/Projects/Scara_arm_CNC/install/scara_cnc/share/scara_cnc/urdf/log
[1.442s] -- Installing: /home/spoonge/Projects/Scara_arm_CNC/install/scara_cnc/share/scara_cnc/urdf/log/build_2025-11-16_11-24-53
[1.442s] -- Installing: /home/spoonge/Projects/Scara_arm_CNC/install/scara_cnc/share/scara_cnc/urdf/log/build_2025-11-16_11-24-53/events.log
[1.442s] -- Installing: /home/spoonge/Projects/Scara_arm_CNC/install/scara_cnc/share/scara_cnc/urdf/log/build_2025-11-16_11-24-53/logger_all.log
[1.443s] -- Installing: /home/spoonge/Projects/Scara_arm_CNC/install/scara_cnc/share/scara_cnc/urdf/log/build_2025-11-16_11-28-44
[1.443s] -- Installing: /home/spoonge/Projects/Scara_arm_CNC/install/scara_cnc/share/scara_cnc/urdf/log/build_2025-11-16_11-28-44/events.log
[1.443s] -- Installing: /home/spoonge/Projects/Scara_arm_CNC/install/scara_cnc/share/scara_cnc/urdf/log/build_2025-11-16_11-28-44/logger_all.log
[1.444s] -- Installing: /home/spoonge/Projects/Scara_arm_CNC/install/scara_cnc/share/scara_cnc/urdf/log/latest_build
[1.444s] -- Installing: /home/spoonge/Projects/Scara_arm_CNC/install/scara_cnc/share/scara_cnc/urdf/log/latest
[1.444s] -- Installing: /home/spoonge/Projects/Scara_arm_CNC/install/scara_cnc/share/scara_cnc/urdf/log/COLCON_IGNORE
[1.444s] -- Installing: /home/spoonge/Projects/Scara_arm_CNC/install/scara_cnc/share/scara_cnc/meshes
[1.444s] -- Installing: /home/spoonge/Projects/Scara_arm_CNC/install/scara_cnc/share/scara_cnc/meshes/hand1.STL
[1.445s] -- Installing: /home/spoonge/Projects/Scara_arm_CNC/install/scara_cnc/share/scara_cnc/meshes/hand2.STL
[1.446s] -- Installing: /home/spoonge/Projects/Scara_arm_CNC/install/scara_cnc/share/scara_cnc/meshes/base_link.STL
[1.447s] -- Installing: /home/spoonge/Projects/Scara_arm_CNC/install/scara_cnc/share/scara_cnc/meshes/hand3.STL
[1.450s] -- Installing: /home/spoonge/Projects/Scara_arm_CNC/install/scara_cnc/share/scara_cnc/launch
[1.450s] -- Installing: /home/spoonge/Projects/Scara_arm_CNC/install/scara_cnc/share/scara_cnc/launch/sim_scara.launch.py
[1.450s] -- Installing: /home/spoonge/Projects/Scara_arm_CNC/install/scara_cnc/share/scara_cnc/launch/display_scara.launch.py
[1.451s] -- Installing: /home/spoonge/Projects/Scara_arm_CNC/install/scara_cnc/share/scara_cnc/config
[1.451s] -- Installing: /home/spoonge/Projects/Scara_arm_CNC/install/scara_cnc/share/scara_cnc/config/scara_cnc.rviz
[1.453s] -- Installing: /home/spoonge/Projects/Scara_arm_CNC/install/scara_cnc/share/scara_cnc/config/controllers.yaml
[1.453s] -- Installing: /home/spoonge/Projects/Scara_arm_CNC/install/scara_cnc/share/scara_cnc/config/joint_names_urdf_Scara.yaml
[1.453s] -- Installing: /home/spoonge/Projects/Scara_arm_CNC/install/scara_cnc/share/scara_cnc/config/scara_rsp.yaml
[1.454s] -- Installing: /home/spoonge/Projects/Scara_arm_CNC/install/scara_cnc/lib/scara_cnc/cnc_node.py
[1.454s] -- Installing: /home/spoonge/Projects/Scara_arm_CNC/install/scara_cnc/share/ament_index/resource_index/package_run_dependencies/scara_cnc
[1.455s] -- Installing: /home/spoonge/Projects/Scara_arm_CNC/install/scara_cnc/share/ament_index/resource_index/parent_prefix_path/scara_cnc
[1.455s] -- Installing: /home/spoonge/Projects/Scara_arm_CNC/install/scara_cnc/share/scara_cnc/environment/ament_prefix_path.sh
[1.455s] -- Installing: /home/spoonge/Projects/Scara_arm_CNC/install/scara_cnc/share/scara_cnc/environment/ament_prefix_path.dsv
[1.455s] -- Installing: /home/spoonge/Projects/Scara_arm_CNC/install/scara_cnc/share/scara_cnc/environment/path.sh
[1.455s] -- Installing: /home/spoonge/Projects/Scara_arm_CNC/install/scara_cnc/share/scara_cnc/environment/path.dsv
[1.455s] -- Installing: /home/spoonge/Projects/Scara_arm_CNC/install/scara_cnc/share/scara_cnc/local_setup.bash
[1.456s] -- Installing: /home/spoonge/Projects/Scara_arm_CNC/install/scara_cnc/share/scara_cnc/local_setup.sh
[1.456s] -- Installing: /home/spoonge/Projects/Scara_arm_CNC/install/scara_cnc/share/scara_cnc/local_setup.zsh
[1.456s] -- Installing: /home/spoonge/Projects/Scara_arm_CNC/install/scara_cnc/share/scara_cnc/local_setup.dsv
[1.456s] -- Installing: /home/spoonge/Projects/Scara_arm_CNC/install/scara_cnc/share/scara_cnc/package.dsv
[1.456s] -- Installing: /home/spoonge/Projects/Scara_arm_CNC/install/scara_cnc/share/ament_index/resource_index/packages/scara_cnc
[1.456s] -- Installing: /home/spoonge/Projects/Scara_arm_CNC/install/scara_cnc/share/scara_cnc/cmake/scara_cncConfig.cmake
[1.457s] -- Installing: /home/spoonge/Projects/Scara_arm_CNC/install/scara_cnc/share/scara_cnc/cmake/scara_cncConfig-version.cmake
[1.457s] -- Installing: /home/spoonge/Projects/Scara_arm_CNC/install/scara_cnc/share/scara_cnc/package.xml
[1.459s] Invoked command in '/home/spoonge/Projects/Scara_arm_CNC/build/scara_cnc' returned '0': CMAKE_PREFIX_PATH=${CMAKE_PREFIX_PATH}:/home/spoonge/Projects/Scara_arm_CNC/ros2_ws/install/scara_sim:/home/spoonge/Projects/Scara_arm_CNC/ros2_ws/install/scara_application:/home/spoonge/Projects/Scara_arm_CNC/ros2_ws/install/scara_bringup:/home/spoonge/Projects/Scara_arm_CNC/ros2_ws/install/listener:/opt/ros/jazzy DEBUGINFOD_URLS=https://debuginfod.ubuntu.com /usr/bin/cmake --install /home/spoonge/Projects/Scara_arm_CNC/build/scara_cnc
