running develop
running egg_info
creating listener.egg-info
writing listener.egg-info/PKG-INFO
writing dependency_links to listener.egg-info/dependency_links.txt
writing entry points to listener.egg-info/entry_points.txt
writing requirements to listener.egg-info/requires.txt
writing top-level names to listener.egg-info/top_level.txt
writing manifest file 'listener.egg-info/SOURCES.txt'
reading manifest file 'listener.egg-info/SOURCES.txt'
writing manifest file 'listener.egg-info/SOURCES.txt'
running build_ext
Creating /home/spoonge/ros2_ws/src/install/listener/lib/python3.12/site-packages/listener.egg-link (link to .)
Installing listener script to /home/spoonge/ros2_ws/src/install/listener/lib/listener

Installed /home/spoonge/ros2_ws/src/build/listener
running symlink_data
creating /home/spoonge/ros2_ws/src/install/listener/share/ament_index
creating /home/spoonge/ros2_ws/src/install/listener/share/ament_index/resource_index
creating /home/spoonge/ros2_ws/src/install/listener/share/ament_index/resource_index/packages
symbolically linking /home/spoonge/ros2_ws/src/build/listener/resource/listener -> /home/spoonge/ros2_ws/src/install/listener/share/ament_index/resource_index/packages
symbolically linking /home/spoonge/ros2_ws/src/build/listener/package.xml -> /home/spoonge/ros2_ws/src/install/listener/share/listener
