[4.348s] Invoking command in '/home/spoonge/ros2_ws/src/build/listener': DEBUGINFOD_URLS=https://debuginfod.ubuntu.com PYTHONPATH=/home/spoonge/ros2_ws/src/build/listener/prefix_override:/usr/lib/python3/dist-packages/colcon_core/task/python/colcon_distutils_commands:/home/spoonge/ros2_ws/src/install/listener/lib/python3.12/site-packages:${PYTHONPATH} /usr/bin/python3 -W ignore:setup.py install is deprecated -W ignore:easy_install command is deprecated setup.py develop --editable --build-directory /home/spoonge/ros2_ws/src/build/listener/build --no-deps symlink_data
[5.377s] running develop
[6.143s] running egg_info
[6.144s] creating listener.egg-info
[6.221s] writing listener.egg-info/PKG-INFO
[6.222s] writing dependency_links to listener.egg-info/dependency_links.txt
[6.223s] writing entry points to listener.egg-info/entry_points.txt
[6.225s] writing requirements to listener.egg-info/requires.txt
[6.225s] writing top-level names to listener.egg-info/top_level.txt
[6.228s] writing manifest file 'listener.egg-info/SOURCES.txt'
[6.384s] reading manifest file 'listener.egg-info/SOURCES.txt'
[6.388s] writing manifest file 'listener.egg-info/SOURCES.txt'
[6.469s] running build_ext
[6.471s] Creating /home/spoonge/ros2_ws/src/install/listener/lib/python3.12/site-packages/listener.egg-link (link to .)
[6.472s] Installing listener script to /home/spoonge/ros2_ws/src/install/listener/lib/listener
[6.472s] 
[6.472s] Installed /home/spoonge/ros2_ws/src/build/listener
[6.473s] running symlink_data
[6.474s] creating /home/spoonge/ros2_ws/src/install/listener/share/ament_index
[6.474s] creating /home/spoonge/ros2_ws/src/install/listener/share/ament_index/resource_index
[6.475s] creating /home/spoonge/ros2_ws/src/install/listener/share/ament_index/resource_index/packages
[6.475s] symbolically linking /home/spoonge/ros2_ws/src/build/listener/resource/listener -> /home/spoonge/ros2_ws/src/install/listener/share/ament_index/resource_index/packages
[6.475s] symbolically linking /home/spoonge/ros2_ws/src/build/listener/package.xml -> /home/spoonge/ros2_ws/src/install/listener/share/listener
