running egg_info
creating ../../../build/scara_bringup/scara_bringup.egg-info
writing ../../../build/scara_bringup/scara_bringup.egg-info/PKG-INFO
writing dependency_links to ../../../build/scara_bringup/scara_bringup.egg-info/dependency_links.txt
writing requirements to ../../../build/scara_bringup/scara_bringup.egg-info/requires.txt
writing top-level names to ../../../build/scara_bringup/scara_bringup.egg-info/top_level.txt
writing manifest file '../../../build/scara_bringup/scara_bringup.egg-info/SOURCES.txt'
reading manifest file '../../../build/scara_bringup/scara_bringup.egg-info/SOURCES.txt'
writing manifest file '../../../build/scara_bringup/scara_bringup.egg-info/SOURCES.txt'
running build
running build_py
creating /home/spoonge/Projects/Scara_arm_CNC/build/scara_bringup/build
creating /home/spoonge/Projects/Scara_arm_CNC/build/scara_bringup/build/lib
creating /home/spoonge/Projects/Scara_arm_CNC/build/scara_bringup/build/lib/scara_bringup
copying scara_bringup/__init__.py -> /home/spoonge/Projects/Scara_arm_CNC/build/scara_bringup/build/lib/scara_bringup
running install
running install_lib
creating /home/spoonge/Projects/Scara_arm_CNC/install/scara_bringup/lib/python3.12/site-packages/scara_bringup
copying /home/spoonge/Projects/Scara_arm_CNC/build/scara_bringup/build/lib/scara_bringup/__init__.py -> /home/spoonge/Projects/Scara_arm_CNC/install/scara_bringup/lib/python3.12/site-packages/scara_bringup
byte-compiling /home/spoonge/Projects/Scara_arm_CNC/install/scara_bringup/lib/python3.12/site-packages/scara_bringup/__init__.py to __init__.cpython-312.pyc
running install_data
creating /home/spoonge/Projects/Scara_arm_CNC/install/scara_bringup/share/ament_index
creating /home/spoonge/Projects/Scara_arm_CNC/install/scara_bringup/share/ament_index/resource_index
creating /home/spoonge/Projects/Scara_arm_CNC/install/scara_bringup/share/ament_index/resource_index/packages
copying resource/scara_bringup -> /home/spoonge/Projects/Scara_arm_CNC/install/scara_bringup/share/ament_index/resource_index/packages
copying package.xml -> /home/spoonge/Projects/Scara_arm_CNC/install/scara_bringup/share/scara_bringup
creating /home/spoonge/Projects/Scara_arm_CNC/install/scara_bringup/share/scara_bringup/launch
copying launch/bringup.launch.py -> /home/spoonge/Projects/Scara_arm_CNC/install/scara_bringup/share/scara_bringup/launch
copying launch/bringup_cnc.launch.py -> /home/spoonge/Projects/Scara_arm_CNC/install/scara_bringup/share/scara_bringup/launch
creating /home/spoonge/Projects/Scara_arm_CNC/install/scara_bringup/share/scara_bringup/config
running install_egg_info
Copying ../../../build/scara_bringup/scara_bringup.egg-info to /home/spoonge/Projects/Scara_arm_CNC/install/scara_bringup/lib/python3.12/site-packages/scara_bringup-0.0.0-py3.12.egg-info
running install_scripts
writing list of installed files to '/home/spoonge/Projects/Scara_arm_CNC/build/scara_bringup/install.log'
