[1.828s] Invoking command in '/home/spoonge/Projects/Scara_arm_CNC/ros2_ws/src/scara_bringup': DEBUGINFOD_URLS=https://debuginfod.ubuntu.com PYTHONPATH=/home/spoonge/Projects/Scara_arm_CNC/build/scara_bringup/prefix_override:/usr/lib/python3/dist-packages/colcon_core/task/python/colcon_distutils_commands:/home/spoonge/Projects/Scara_arm_CNC/install/scara_bringup/lib/python3.12/site-packages:${PYTHONPATH} /usr/bin/python3 -W ignore:setup.py install is deprecated -W ignore:easy_install command is deprecated setup.py egg_info --egg-base ../../../build/scara_bringup build --build-base /home/spoonge/Projects/Scara_arm_CNC/build/scara_bringup/build install --record /home/spoonge/Projects/Scara_arm_CNC/build/scara_bringup/install.log --single-version-externally-managed install_data
[2.286s] running egg_info
[2.287s] creating ../../../build/scara_bringup/scara_bringup.egg-info
[2.333s] writing ../../../build/scara_bringup/scara_bringup.egg-info/PKG-INFO
[2.334s] writing dependency_links to ../../../build/scara_bringup/scara_bringup.egg-info/dependency_links.txt
[2.334s] writing requirements to ../../../build/scara_bringup/scara_bringup.egg-info/requires.txt
[2.334s] writing top-level names to ../../../build/scara_bringup/scara_bringup.egg-info/top_level.txt
[2.334s] writing manifest file '../../../build/scara_bringup/scara_bringup.egg-info/SOURCES.txt'
[2.454s] reading manifest file '../../../build/scara_bringup/scara_bringup.egg-info/SOURCES.txt'
[2.455s] writing manifest file '../../../build/scara_bringup/scara_bringup.egg-info/SOURCES.txt'
[2.455s] running build
[2.455s] running build_py
[2.455s] creating /home/spoonge/Projects/Scara_arm_CNC/build/scara_bringup/build
[2.455s] creating /home/spoonge/Projects/Scara_arm_CNC/build/scara_bringup/build/lib
[2.456s] creating /home/spoonge/Projects/Scara_arm_CNC/build/scara_bringup/build/lib/scara_bringup
[2.456s] copying scara_bringup/__init__.py -> /home/spoonge/Projects/Scara_arm_CNC/build/scara_bringup/build/lib/scara_bringup
[2.456s] running install
[2.467s] running install_lib
[2.519s] creating /home/spoonge/Projects/Scara_arm_CNC/install/scara_bringup/lib/python3.12/site-packages/scara_bringup
[2.519s] copying /home/spoonge/Projects/Scara_arm_CNC/build/scara_bringup/build/lib/scara_bringup/__init__.py -> /home/spoonge/Projects/Scara_arm_CNC/install/scara_bringup/lib/python3.12/site-packages/scara_bringup
[2.520s] byte-compiling /home/spoonge/Projects/Scara_arm_CNC/install/scara_bringup/lib/python3.12/site-packages/scara_bringup/__init__.py to __init__.cpython-312.pyc
[2.521s] running install_data
[2.521s] creating /home/spoonge/Projects/Scara_arm_CNC/install/scara_bringup/share/ament_index
[2.521s] creating /home/spoonge/Projects/Scara_arm_CNC/install/scara_bringup/share/ament_index/resource_index
[2.522s] creating /home/spoonge/Projects/Scara_arm_CNC/install/scara_bringup/share/ament_index/resource_index/packages
[2.522s] copying resource/scara_bringup -> /home/spoonge/Projects/Scara_arm_CNC/install/scara_bringup/share/ament_index/resource_index/packages
[2.522s] copying package.xml -> /home/spoonge/Projects/Scara_arm_CNC/install/scara_bringup/share/scara_bringup
[2.522s] creating /home/spoonge/Projects/Scara_arm_CNC/install/scara_bringup/share/scara_bringup/launch
[2.522s] copying launch/bringup.launch.py -> /home/spoonge/Projects/Scara_arm_CNC/install/scara_bringup/share/scara_bringup/launch
[2.522s] copying launch/bringup_cnc.launch.py -> /home/spoonge/Projects/Scara_arm_CNC/install/scara_bringup/share/scara_bringup/launch
[2.523s] creating /home/spoonge/Projects/Scara_arm_CNC/install/scara_bringup/share/scara_bringup/config
[2.523s] running install_egg_info
[2.570s] Copying ../../../build/scara_bringup/scara_bringup.egg-info to /home/spoonge/Projects/Scara_arm_CNC/install/scara_bringup/lib/python3.12/site-packages/scara_bringup-0.0.0-py3.12.egg-info
[2.571s] running install_scripts
[2.798s] writing list of installed files to '/home/spoonge/Projects/Scara_arm_CNC/build/scara_bringup/install.log'
[2.855s] Invoked command in '/home/spoonge/Projects/Scara_arm_CNC/ros2_ws/src/scara_bringup' returned '0': DEBUGINFOD_URLS=https://debuginfod.ubuntu.com PYTHONPATH=/home/spoonge/Projects/Scara_arm_CNC/build/scara_bringup/prefix_override:/usr/lib/python3/dist-packages/colcon_core/task/python/colcon_distutils_commands:/home/spoonge/Projects/Scara_arm_CNC/install/scara_bringup/lib/python3.12/site-packages:${PYTHONPATH} /usr/bin/python3 -W ignore:setup.py install is deprecated -W ignore:easy_install command is deprecated setup.py egg_info --egg-base ../../../build/scara_bringup build --build-base /home/spoonge/Projects/Scara_arm_CNC/build/scara_bringup/build install --record /home/spoonge/Projects/Scara_arm_CNC/build/scara_bringup/install.log --single-version-externally-managed install_data
