running egg_info
writing build/turtlebot_nav_tasks/turtlebot_nav_tasks.egg-info/PKG-INFO
writing dependency_links to build/turtlebot_nav_tasks/turtlebot_nav_tasks.egg-info/dependency_links.txt
writing entry points to build/turtlebot_nav_tasks/turtlebot_nav_tasks.egg-info/entry_points.txt
writing requirements to build/turtlebot_nav_tasks/turtlebot_nav_tasks.egg-info/requires.txt
writing top-level names to build/turtlebot_nav_tasks/turtlebot_nav_tasks.egg-info/top_level.txt
reading manifest file 'build/turtlebot_nav_tasks/turtlebot_nav_tasks.egg-info/SOURCES.txt'
writing manifest file 'build/turtlebot_nav_tasks/turtlebot_nav_tasks.egg-info/SOURCES.txt'
running build
running build_py
copying turtlebot_nav_tasks/nav_aruco_optimal.py -> /home/spoonge/ros2_ws/src/turtlebot_nav_tasks/build/turtlebot_nav_tasks/build/lib/turtlebot_nav_tasks
copying turtlebot_nav_tasks/aruco_detector_node.py -> /home/spoonge/ros2_ws/src/turtlebot_nav_tasks/build/turtlebot_nav_tasks/build/lib/turtlebot_nav_tasks
copying turtlebot_nav_tasks/nav_aruco_to_id.py -> /home/spoonge/ros2_ws/src/turtlebot_nav_tasks/build/turtlebot_nav_tasks/build/lib/turtlebot_nav_tasks
running install
running install_lib
copying /home/spoonge/ros2_ws/src/turtlebot_nav_tasks/build/turtlebot_nav_tasks/build/lib/turtlebot_nav_tasks/nav_aruco_optimal.py -> /home/spoonge/ros2_ws/src/turtlebot_nav_tasks/install/turtlebot_nav_tasks/lib/python3.12/site-packages/turtlebot_nav_tasks
copying /home/spoonge/ros2_ws/src/turtlebot_nav_tasks/build/turtlebot_nav_tasks/build/lib/turtlebot_nav_tasks/aruco_detector_node.py -> /home/spoonge/ros2_ws/src/turtlebot_nav_tasks/install/turtlebot_nav_tasks/lib/python3.12/site-packages/turtlebot_nav_tasks
copying /home/spoonge/ros2_ws/src/turtlebot_nav_tasks/build/turtlebot_nav_tasks/build/lib/turtlebot_nav_tasks/nav_aruco_to_id.py -> /home/spoonge/ros2_ws/src/turtlebot_nav_tasks/install/turtlebot_nav_tasks/lib/python3.12/site-packages/turtlebot_nav_tasks
byte-compiling /home/spoonge/ros2_ws/src/turtlebot_nav_tasks/install/turtlebot_nav_tasks/lib/python3.12/site-packages/turtlebot_nav_tasks/nav_aruco_optimal.py to nav_aruco_optimal.cpython-312.pyc
byte-compiling /home/spoonge/ros2_ws/src/turtlebot_nav_tasks/install/turtlebot_nav_tasks/lib/python3.12/site-packages/turtlebot_nav_tasks/aruco_detector_node.py to aruco_detector_node.cpython-312.pyc
byte-compiling /home/spoonge/ros2_ws/src/turtlebot_nav_tasks/install/turtlebot_nav_tasks/lib/python3.12/site-packages/turtlebot_nav_tasks/nav_aruco_to_id.py to nav_aruco_to_id.cpython-312.pyc
running install_data
copying package.xml -> /home/spoonge/ros2_ws/src/turtlebot_nav_tasks/install/turtlebot_nav_tasks/share/turtlebot_nav_tasks
copying launch/nav_base.launch.py -> /home/spoonge/ros2_ws/src/turtlebot_nav_tasks/install/turtlebot_nav_tasks/share/turtlebot_nav_tasks/launch
copying launch/nav_optimal_four_demo.launch.py -> /home/spoonge/ros2_ws/src/turtlebot_nav_tasks/install/turtlebot_nav_tasks/share/turtlebot_nav_tasks/launch
copying launch/aruco_nav_test.launch.py -> /home/spoonge/ros2_ws/src/turtlebot_nav_tasks/install/turtlebot_nav_tasks/share/turtlebot_nav_tasks/launch
copying launch/nav_three_points_demo.launch.py -> /home/spoonge/ros2_ws/src/turtlebot_nav_tasks/install/turtlebot_nav_tasks/share/turtlebot_nav_tasks/launch
running install_egg_info
removing '/home/spoonge/ros2_ws/src/turtlebot_nav_tasks/install/turtlebot_nav_tasks/lib/python3.12/site-packages/turtlebot_nav_tasks-0.0.0-py3.12.egg-info' (and everything under it)
Copying build/turtlebot_nav_tasks/turtlebot_nav_tasks.egg-info to /home/spoonge/ros2_ws/src/turtlebot_nav_tasks/install/turtlebot_nav_tasks/lib/python3.12/site-packages/turtlebot_nav_tasks-0.0.0-py3.12.egg-info
running install_scripts
Installing aruco_detector script to /home/spoonge/ros2_ws/src/turtlebot_nav_tasks/install/turtlebot_nav_tasks/lib/turtlebot_nav_tasks
Installing aruco_detector_node script to /home/spoonge/ros2_ws/src/turtlebot_nav_tasks/install/turtlebot_nav_tasks/lib/turtlebot_nav_tasks
Installing aruco_to_id script to /home/spoonge/ros2_ws/src/turtlebot_nav_tasks/install/turtlebot_nav_tasks/lib/turtlebot_nav_tasks
Installing nav_aruco_optimal script to /home/spoonge/ros2_ws/src/turtlebot_nav_tasks/install/turtlebot_nav_tasks/lib/turtlebot_nav_tasks
Installing nav_aruco_to_id script to /home/spoonge/ros2_ws/src/turtlebot_nav_tasks/install/turtlebot_nav_tasks/lib/turtlebot_nav_tasks
Installing nav_optimal_four script to /home/spoonge/ros2_ws/src/turtlebot_nav_tasks/install/turtlebot_nav_tasks/lib/turtlebot_nav_tasks
Installing nav_three_points script to /home/spoonge/ros2_ws/src/turtlebot_nav_tasks/install/turtlebot_nav_tasks/lib/turtlebot_nav_tasks
writing list of installed files to '/home/spoonge/ros2_ws/src/turtlebot_nav_tasks/build/turtlebot_nav_tasks/install.log'
