[2.816s] Invoking command in '/home/spoonge/ros2_ws/src/turtlebot_nav_tasks': PYTHONPATH=/home/spoonge/ros2_ws/src/turtlebot_nav_tasks/build/turtlebot_nav_tasks/prefix_override:/usr/lib/python3/dist-packages/colcon_core/task/python/colcon_distutils_commands:/home/spoonge/ros2_ws/src/turtlebot_nav_tasks/install/turtlebot_nav_tasks/lib/python3.12/site-packages:${PYTHONPATH} /usr/bin/python3 -W ignore:setup.py install is deprecated -W ignore:easy_install command is deprecated setup.py egg_info --egg-base build/turtlebot_nav_tasks build --build-base /home/spoonge/ros2_ws/src/turtlebot_nav_tasks/build/turtlebot_nav_tasks/build install --record /home/spoonge/ros2_ws/src/turtlebot_nav_tasks/build/turtlebot_nav_tasks/install.log --single-version-externally-managed install_data
[3.436s] running egg_info
[3.477s] writing build/turtlebot_nav_tasks/turtlebot_nav_tasks.egg-info/PKG-INFO
[3.483s] writing dependency_links to build/turtlebot_nav_tasks/turtlebot_nav_tasks.egg-info/dependency_links.txt
[3.485s] writing entry points to build/turtlebot_nav_tasks/turtlebot_nav_tasks.egg-info/entry_points.txt
[3.487s] writing requirements to build/turtlebot_nav_tasks/turtlebot_nav_tasks.egg-info/requires.txt
[3.487s] writing top-level names to build/turtlebot_nav_tasks/turtlebot_nav_tasks.egg-info/top_level.txt
[3.584s] reading manifest file 'build/turtlebot_nav_tasks/turtlebot_nav_tasks.egg-info/SOURCES.txt'
[3.586s] writing manifest file 'build/turtlebot_nav_tasks/turtlebot_nav_tasks.egg-info/SOURCES.txt'
[3.587s] running build
[3.587s] running build_py
[3.592s] copying turtlebot_nav_tasks/nav_aruco_optimal.py -> /home/spoonge/ros2_ws/src/turtlebot_nav_tasks/build/turtlebot_nav_tasks/build/lib/turtlebot_nav_tasks
[3.593s] copying turtlebot_nav_tasks/aruco_detector_node.py -> /home/spoonge/ros2_ws/src/turtlebot_nav_tasks/build/turtlebot_nav_tasks/build/lib/turtlebot_nav_tasks
[3.595s] copying turtlebot_nav_tasks/nav_aruco_to_id.py -> /home/spoonge/ros2_ws/src/turtlebot_nav_tasks/build/turtlebot_nav_tasks/build/lib/turtlebot_nav_tasks
[3.596s] running install
[3.612s] running install_lib
[3.659s] copying /home/spoonge/ros2_ws/src/turtlebot_nav_tasks/build/turtlebot_nav_tasks/build/lib/turtlebot_nav_tasks/nav_aruco_optimal.py -> /home/spoonge/ros2_ws/src/turtlebot_nav_tasks/install/turtlebot_nav_tasks/lib/python3.12/site-packages/turtlebot_nav_tasks
[3.659s] copying /home/spoonge/ros2_ws/src/turtlebot_nav_tasks/build/turtlebot_nav_tasks/build/lib/turtlebot_nav_tasks/aruco_detector_node.py -> /home/spoonge/ros2_ws/src/turtlebot_nav_tasks/install/turtlebot_nav_tasks/lib/python3.12/site-packages/turtlebot_nav_tasks
[3.660s] copying /home/spoonge/ros2_ws/src/turtlebot_nav_tasks/build/turtlebot_nav_tasks/build/lib/turtlebot_nav_tasks/nav_aruco_to_id.py -> /home/spoonge/ros2_ws/src/turtlebot_nav_tasks/install/turtlebot_nav_tasks/lib/python3.12/site-packages/turtlebot_nav_tasks
[3.661s] byte-compiling /home/spoonge/ros2_ws/src/turtlebot_nav_tasks/install/turtlebot_nav_tasks/lib/python3.12/site-packages/turtlebot_nav_tasks/nav_aruco_optimal.py to nav_aruco_optimal.cpython-312.pyc
[3.666s] byte-compiling /home/spoonge/ros2_ws/src/turtlebot_nav_tasks/install/turtlebot_nav_tasks/lib/python3.12/site-packages/turtlebot_nav_tasks/aruco_detector_node.py to aruco_detector_node.cpython-312.pyc
[3.672s] byte-compiling /home/spoonge/ros2_ws/src/turtlebot_nav_tasks/install/turtlebot_nav_tasks/lib/python3.12/site-packages/turtlebot_nav_tasks/nav_aruco_to_id.py to nav_aruco_to_id.cpython-312.pyc
[3.677s] running install_data
[3.679s] copying package.xml -> /home/spoonge/ros2_ws/src/turtlebot_nav_tasks/install/turtlebot_nav_tasks/share/turtlebot_nav_tasks
[3.681s] copying launch/nav_base.launch.py -> /home/spoonge/ros2_ws/src/turtlebot_nav_tasks/install/turtlebot_nav_tasks/share/turtlebot_nav_tasks/launch
[3.681s] copying launch/nav_optimal_four_demo.launch.py -> /home/spoonge/ros2_ws/src/turtlebot_nav_tasks/install/turtlebot_nav_tasks/share/turtlebot_nav_tasks/launch
[3.683s] copying launch/aruco_nav_test.launch.py -> /home/spoonge/ros2_ws/src/turtlebot_nav_tasks/install/turtlebot_nav_tasks/share/turtlebot_nav_tasks/launch
[3.684s] copying launch/nav_three_points_demo.launch.py -> /home/spoonge/ros2_ws/src/turtlebot_nav_tasks/install/turtlebot_nav_tasks/share/turtlebot_nav_tasks/launch
[3.684s] running install_egg_info
[3.728s] removing '/home/spoonge/ros2_ws/src/turtlebot_nav_tasks/install/turtlebot_nav_tasks/lib/python3.12/site-packages/turtlebot_nav_tasks-0.0.0-py3.12.egg-info' (and everything under it)
[3.729s] Copying build/turtlebot_nav_tasks/turtlebot_nav_tasks.egg-info to /home/spoonge/ros2_ws/src/turtlebot_nav_tasks/install/turtlebot_nav_tasks/lib/python3.12/site-packages/turtlebot_nav_tasks-0.0.0-py3.12.egg-info
[3.731s] running install_scripts
[4.044s] Installing aruco_detector script to /home/spoonge/ros2_ws/src/turtlebot_nav_tasks/install/turtlebot_nav_tasks/lib/turtlebot_nav_tasks
[4.045s] Installing aruco_detector_node script to /home/spoonge/ros2_ws/src/turtlebot_nav_tasks/install/turtlebot_nav_tasks/lib/turtlebot_nav_tasks
[4.045s] Installing aruco_to_id script to /home/spoonge/ros2_ws/src/turtlebot_nav_tasks/install/turtlebot_nav_tasks/lib/turtlebot_nav_tasks
[4.045s] Installing nav_aruco_optimal script to /home/spoonge/ros2_ws/src/turtlebot_nav_tasks/install/turtlebot_nav_tasks/lib/turtlebot_nav_tasks
[4.045s] Installing nav_aruco_to_id script to /home/spoonge/ros2_ws/src/turtlebot_nav_tasks/install/turtlebot_nav_tasks/lib/turtlebot_nav_tasks
[4.045s] Installing nav_optimal_four script to /home/spoonge/ros2_ws/src/turtlebot_nav_tasks/install/turtlebot_nav_tasks/lib/turtlebot_nav_tasks
[4.045s] Installing nav_three_points script to /home/spoonge/ros2_ws/src/turtlebot_nav_tasks/install/turtlebot_nav_tasks/lib/turtlebot_nav_tasks
[4.047s] writing list of installed files to '/home/spoonge/ros2_ws/src/turtlebot_nav_tasks/build/turtlebot_nav_tasks/install.log'
[4.180s] Invoked command in '/home/spoonge/ros2_ws/src/turtlebot_nav_tasks' returned '0': PYTHONPATH=/home/spoonge/ros2_ws/src/turtlebot_nav_tasks/build/turtlebot_nav_tasks/prefix_override:/usr/lib/python3/dist-packages/colcon_core/task/python/colcon_distutils_commands:/home/spoonge/ros2_ws/src/turtlebot_nav_tasks/install/turtlebot_nav_tasks/lib/python3.12/site-packages:${PYTHONPATH} /usr/bin/python3 -W ignore:setup.py install is deprecated -W ignore:easy_install command is deprecated setup.py egg_info --egg-base build/turtlebot_nav_tasks build --build-base /home/spoonge/ros2_ws/src/turtlebot_nav_tasks/build/turtlebot_nav_tasks/build install --record /home/spoonge/ros2_ws/src/turtlebot_nav_tasks/build/turtlebot_nav_tasks/install.log --single-version-externally-managed install_data
