[1.212s] Invoking command in '/home/spoonge/ros2_ws/src/turtlebot_nav_tasks': PYTHONPATH=/home/spoonge/ros2_ws/src/build/turtlebot_nav_tasks/prefix_override:/usr/lib/python3/dist-packages/colcon_core/task/python/colcon_distutils_commands:/home/spoonge/ros2_ws/src/install/turtlebot_nav_tasks/lib/python3.12/site-packages:${PYTHONPATH} /usr/bin/python3 -W ignore:setup.py install is deprecated -W ignore:easy_install command is deprecated setup.py egg_info --egg-base ../build/turtlebot_nav_tasks build --build-base /home/spoonge/ros2_ws/src/build/turtlebot_nav_tasks/build install --record /home/spoonge/ros2_ws/src/build/turtlebot_nav_tasks/install.log --single-version-externally-managed install_data
[1.525s] running egg_info
[1.525s] creating ../build/turtlebot_nav_tasks/turtlebot_nav_tasks.egg-info
[1.547s] writing ../build/turtlebot_nav_tasks/turtlebot_nav_tasks.egg-info/PKG-INFO
[1.547s] writing dependency_links to ../build/turtlebot_nav_tasks/turtlebot_nav_tasks.egg-info/dependency_links.txt
[1.547s] writing entry points to ../build/turtlebot_nav_tasks/turtlebot_nav_tasks.egg-info/entry_points.txt
[1.548s] writing requirements to ../build/turtlebot_nav_tasks/turtlebot_nav_tasks.egg-info/requires.txt
[1.548s] writing top-level names to ../build/turtlebot_nav_tasks/turtlebot_nav_tasks.egg-info/top_level.txt
[1.548s] writing manifest file '../build/turtlebot_nav_tasks/turtlebot_nav_tasks.egg-info/SOURCES.txt'
[1.592s] reading manifest file '../build/turtlebot_nav_tasks/turtlebot_nav_tasks.egg-info/SOURCES.txt'
[1.593s] writing manifest file '../build/turtlebot_nav_tasks/turtlebot_nav_tasks.egg-info/SOURCES.txt'
[1.593s] running build
[1.593s] running build_py
[1.593s] creating /home/spoonge/ros2_ws/src/build/turtlebot_nav_tasks/build
[1.593s] creating /home/spoonge/ros2_ws/src/build/turtlebot_nav_tasks/build/lib
[1.594s] creating /home/spoonge/ros2_ws/src/build/turtlebot_nav_tasks/build/lib/turtlebot_nav_tasks
[1.594s] copying turtlebot_nav_tasks/nav_optimal_four.py -> /home/spoonge/ros2_ws/src/build/turtlebot_nav_tasks/build/lib/turtlebot_nav_tasks
[1.594s] copying turtlebot_nav_tasks/nav_three_points.py -> /home/spoonge/ros2_ws/src/build/turtlebot_nav_tasks/build/lib/turtlebot_nav_tasks
[1.594s] copying turtlebot_nav_tasks/__init__.py -> /home/spoonge/ros2_ws/src/build/turtlebot_nav_tasks/build/lib/turtlebot_nav_tasks
[1.595s] running install
[1.602s] running install_lib
[1.624s] creating /home/spoonge/ros2_ws/src/install/turtlebot_nav_tasks/lib/python3.12/site-packages/turtlebot_nav_tasks
[1.624s] copying /home/spoonge/ros2_ws/src/build/turtlebot_nav_tasks/build/lib/turtlebot_nav_tasks/nav_optimal_four.py -> /home/spoonge/ros2_ws/src/install/turtlebot_nav_tasks/lib/python3.12/site-packages/turtlebot_nav_tasks
[1.624s] copying /home/spoonge/ros2_ws/src/build/turtlebot_nav_tasks/build/lib/turtlebot_nav_tasks/nav_three_points.py -> /home/spoonge/ros2_ws/src/install/turtlebot_nav_tasks/lib/python3.12/site-packages/turtlebot_nav_tasks
[1.624s] copying /home/spoonge/ros2_ws/src/build/turtlebot_nav_tasks/build/lib/turtlebot_nav_tasks/__init__.py -> /home/spoonge/ros2_ws/src/install/turtlebot_nav_tasks/lib/python3.12/site-packages/turtlebot_nav_tasks
[1.625s] byte-compiling /home/spoonge/ros2_ws/src/install/turtlebot_nav_tasks/lib/python3.12/site-packages/turtlebot_nav_tasks/nav_optimal_four.py to nav_optimal_four.cpython-312.pyc
[1.626s] byte-compiling /home/spoonge/ros2_ws/src/install/turtlebot_nav_tasks/lib/python3.12/site-packages/turtlebot_nav_tasks/nav_three_points.py to nav_three_points.cpython-312.pyc
[1.627s] byte-compiling /home/spoonge/ros2_ws/src/install/turtlebot_nav_tasks/lib/python3.12/site-packages/turtlebot_nav_tasks/__init__.py to __init__.cpython-312.pyc
[1.627s] running install_data
[1.628s] creating /home/spoonge/ros2_ws/src/install/turtlebot_nav_tasks/share/ament_index
[1.628s] creating /home/spoonge/ros2_ws/src/install/turtlebot_nav_tasks/share/ament_index/resource_index
[1.628s] creating /home/spoonge/ros2_ws/src/install/turtlebot_nav_tasks/share/ament_index/resource_index/packages
[1.628s] copying resource/turtlebot_nav_tasks -> /home/spoonge/ros2_ws/src/install/turtlebot_nav_tasks/share/ament_index/resource_index/packages
[1.628s] copying package.xml -> /home/spoonge/ros2_ws/src/install/turtlebot_nav_tasks/share/turtlebot_nav_tasks
[1.628s] creating /home/spoonge/ros2_ws/src/install/turtlebot_nav_tasks/share/turtlebot_nav_tasks/launch
[1.628s] copying launch/nav_optimal_four_demo.launch.py -> /home/spoonge/ros2_ws/src/install/turtlebot_nav_tasks/share/turtlebot_nav_tasks/launch
[1.628s] copying launch/nav_three_points_demo.launch.py -> /home/spoonge/ros2_ws/src/install/turtlebot_nav_tasks/share/turtlebot_nav_tasks/launch
[1.629s] running install_egg_info
[1.653s] Copying ../build/turtlebot_nav_tasks/turtlebot_nav_tasks.egg-info to /home/spoonge/ros2_ws/src/install/turtlebot_nav_tasks/lib/python3.12/site-packages/turtlebot_nav_tasks-0.0.0-py3.12.egg-info
[1.654s] running install_scripts
[1.818s] Installing nav_optimal_four script to /home/spoonge/ros2_ws/src/install/turtlebot_nav_tasks/lib/turtlebot_nav_tasks
[1.818s] Installing nav_three_points script to /home/spoonge/ros2_ws/src/install/turtlebot_nav_tasks/lib/turtlebot_nav_tasks
[1.818s] writing list of installed files to '/home/spoonge/ros2_ws/src/build/turtlebot_nav_tasks/install.log'
[1.859s] Invoked command in '/home/spoonge/ros2_ws/src/turtlebot_nav_tasks' returned '0': PYTHONPATH=/home/spoonge/ros2_ws/src/build/turtlebot_nav_tasks/prefix_override:/usr/lib/python3/dist-packages/colcon_core/task/python/colcon_distutils_commands:/home/spoonge/ros2_ws/src/install/turtlebot_nav_tasks/lib/python3.12/site-packages:${PYTHONPATH} /usr/bin/python3 -W ignore:setup.py install is deprecated -W ignore:easy_install command is deprecated setup.py egg_info --egg-base ../build/turtlebot_nav_tasks build --build-base /home/spoonge/ros2_ws/src/build/turtlebot_nav_tasks/build install --record /home/spoonge/ros2_ws/src/build/turtlebot_nav_tasks/install.log --single-version-externally-managed install_data
