-- The C compiler identification is GNU 13.3.0
-- The CXX compiler identification is GNU 13.3.0
-- Detecting C compiler ABI info
-- Detecting C compiler ABI info - done
-- Check for working C compiler: /usr/bin/cc - skipped
-- Detecting C compile features
-- Detecting C compile features - done
-- Detecting CXX compiler ABI info
-- Detecting CXX compiler ABI info - done
-- Check for working CXX compiler: /usr/bin/c++ - skipped
-- Detecting CXX compile features
-- Detecting CXX compile features - done
-- Found ament_cmake: 2.5.5 (/opt/ros/jazzy/share/ament_cmake/cmake)
-- Found Python3: /usr/bin/python3 (found version "3.12.3") found components: Interpreter 
-- Configuring done (1.0s)
-- Generating done (0.0s)
-- Build files have been written to: /home/spoonge/Projects/Scara_arm_CNC/build/scara_control
-- Install configuration: ""
-- Installing: /home/spoonge/Projects/Scara_arm_CNC/install/scara_control/share/scara_control/launch
-- Installing: /home/spoonge/Projects/Scara_arm_CNC/install/scara_control/share/scara_control/launch/.mypy_cache
-- Installing: /home/spoonge/Projects/Scara_arm_CNC/install/scara_control/share/scara_control/launch/.mypy_cache/3.12
-- Installing: /home/spoonge/Projects/Scara_arm_CNC/install/scara_control/share/scara_control/launch/.mypy_cache/3.12/pickle.meta.json
-- Installing: /home/spoonge/Projects/Scara_arm_CNC/install/scara_control/share/scara_control/launch/.mypy_cache/3.12/re.meta.json
-- Installing: /home/spoonge/Projects/Scara_arm_CNC/install/scara_control/share/scara_control/launch/.mypy_cache/3.12/posixpath.data.json
-- Installing: /home/spoonge/Projects/Scara_arm_CNC/install/scara_control/share/scara_control/launch/.mypy_cache/3.12/textwrap.meta.json
-- Installing: /home/spoonge/Projects/Scara_arm_CNC/install/scara_control/share/scara_control/launch/.mypy_cache/3.12/enum.data.json
-- Installing: /home/spoonge/Projects/Scara_arm_CNC/install/scara_control/share/scara_control/launch/.mypy_cache/3.12/pathlib.data.json
-- Installing: /home/spoonge/Projects/Scara_arm_CNC/install/scara_control/share/scara_control/launch/.mypy_cache/3.12/yaml
-- Installing: /home/spoonge/Projects/Scara_arm_CNC/install/scara_control/share/scara_control/launch/.mypy_cache/3.12/yaml/__init__.data.json
-- Installing: /home/spoonge/Projects/Scara_arm_CNC/install/scara_control/share/scara_control/launch/.mypy_cache/3.12/yaml/error.data.json
-- Installing: /home/spoonge/Projects/Scara_arm_CNC/install/scara_control/share/scara_control/launch/.mypy_cache/3.12/yaml/parser.meta.json
-- Installing: /home/spoonge/Projects/Scara_arm_CNC/install/scara_control/share/scara_control/launch/.mypy_cache/3.12/yaml/reader.data.json
-- Installing: /home/spoonge/Projects/Scara_arm_CNC/install/scara_control/share/scara_control/launch/.mypy_cache/3.12/yaml/serializer.data.json
-- Installing: /home/spoonge/Projects/Scara_arm_CNC/install/scara_control/share/scara_control/launch/.mypy_cache/3.12/yaml/serializer.meta.json
-- Installing: /home/spoonge/Projects/Scara_arm_CNC/install/scara_control/share/scara_control/launch/.mypy_cache/3.12/yaml/constructor.data.json
-- Installing: /home/spoonge/Projects/Scara_arm_CNC/install/scara_control/share/scara_control/launch/.mypy_cache/3.12/yaml/emitter.meta.json
-- Installing: /home/spoonge/Projects/Scara_arm_CNC/install/scara_control/share/scara_control/launch/.mypy_cache/3.12/yaml/loader.meta.json
-- Installing: /home/spoonge/Projects/Scara_arm_CNC/install/scara_control/share/scara_control/launch/.mypy_cache/3.12/yaml/events.data.json
-- Installing: /home/spoonge/Projects/Scara_arm_CNC/install/scara_control/share/scara_control/launch/.mypy_cache/3.12/yaml/_yaml.meta.json
-- Installing: /home/spoonge/Projects/Scara_arm_CNC/install/scara_control/share/scara_control/launch/.mypy_cache/3.12/yaml/resolver.data.json
-- Installing: /home/spoonge/Projects/Scara_arm_CNC/install/scara_control/share/scara_control/launch/.mypy_cache/3.12/yaml/scanner.data.json
-- Installing: /home/spoonge/Projects/Scara_arm_CNC/install/scara_control/share/scara_control/launch/.mypy_cache/3.12/yaml/representer.data.json
-- Installing: /home/spoonge/Projects/Scara_arm_CNC/install/scara_control/share/scara_control/launch/.mypy_cache/3.12/yaml/resolver.meta.json
-- Installing: /home/spoonge/Projects/Scara_arm_CNC/install/scara_control/share/scara_control/launch/.mypy_cache/3.12/yaml/emitter.data.json
-- Installing: /home/spoonge/Projects/Scara_arm_CNC/install/scara_control/share/scara_control/launch/.mypy_cache/3.12/yaml/dumper.meta.json
-- Installing: /home/spoonge/Projects/Scara_arm_CNC/install/scara_control/share/scara_control/launch/.mypy_cache/3.12/yaml/composer.data.json
-- Installing: /home/spoonge/Projects/Scara_arm_CNC/install/scara_control/share/scara_control/launch/.mypy_cache/3.12/yaml/parser.data.json
-- Installing: /home/spoonge/Projects/Scara_arm_CNC/install/scara_control/share/scara_control/launch/.mypy_cache/3.12/yaml/error.meta.json
-- Installing: /home/spoonge/Projects/Scara_arm_CNC/install/scara_control/share/scara_control/launch/.mypy_cache/3.12/yaml/representer.meta.json
-- Installing: /home/spoonge/Projects/Scara_arm_CNC/install/scara_control/share/scara_control/launch/.mypy_cache/3.12/yaml/tokens.meta.json
-- Installing: /home/spoonge/Projects/Scara_arm_CNC/install/scara_control/share/scara_control/launch/.mypy_cache/3.12/yaml/dumper.data.json
-- Installing: /home/spoonge/Projects/Scara_arm_CNC/install/scara_control/share/scara_control/launch/.mypy_cache/3.12/yaml/__init__.meta.json
-- Installing: /home/spoonge/Projects/Scara_arm_CNC/install/scara_control/share/scara_control/launch/.mypy_cache/3.12/yaml/constructor.meta.json
-- Installing: /home/spoonge/Projects/Scara_arm_CNC/install/scara_control/share/scara_control/launch/.mypy_cache/3.12/yaml/scanner.meta.json
-- Installing: /home/spoonge/Projects/Scara_arm_CNC/install/scara_control/share/scara_control/launch/.mypy_cache/3.12/yaml/tokens.data.json
-- Installing: /home/spoonge/Projects/Scara_arm_CNC/install/scara_control/share/scara_control/launch/.mypy_cache/3.12/yaml/events.meta.json
-- Installing: /home/spoonge/Projects/Scara_arm_CNC/install/scara_control/share/scara_control/launch/.mypy_cache/3.12/yaml/nodes.data.json
-- Installing: /home/spoonge/Projects/Scara_arm_CNC/install/scara_control/share/scara_control/launch/.mypy_cache/3.12/yaml/cyaml.meta.json
-- Installing: /home/spoonge/Projects/Scara_arm_CNC/install/scara_control/share/scara_control/launch/.mypy_cache/3.12/yaml/_yaml.data.json
-- Installing: /home/spoonge/Projects/Scara_arm_CNC/install/scara_control/share/scara_control/launch/.mypy_cache/3.12/yaml/loader.data.json
-- Installing: /home/spoonge/Projects/Scara_arm_CNC/install/scara_control/share/scara_control/launch/.mypy_cache/3.12/yaml/nodes.meta.json
-- Installing: /home/spoonge/Projects/Scara_arm_CNC/install/scara_control/share/scara_control/launch/.mypy_cache/3.12/yaml/composer.meta.json
-- Installing: /home/spoonge/Projects/Scara_arm_CNC/install/scara_control/share/scara_control/launch/.mypy_cache/3.12/yaml/reader.meta.json
-- Installing: /home/spoonge/Projects/Scara_arm_CNC/install/scara_control/share/scara_control/launch/.mypy_cache/3.12/yaml/cyaml.data.json
-- Installing: /home/spoonge/Projects/Scara_arm_CNC/install/scara_control/share/scara_control/launch/.mypy_cache/3.12/io.data.json
-- Installing: /home/spoonge/Projects/Scara_arm_CNC/install/scara_control/share/scara_control/launch/.mypy_cache/3.12/selectors.meta.json
-- Installing: /home/spoonge/Projects/Scara_arm_CNC/install/scara_control/share/scara_control/launch/.mypy_cache/3.12/_codecs.meta.json
-- Installing: /home/spoonge/Projects/Scara_arm_CNC/install/scara_control/share/scara_control/launch/.mypy_cache/3.12/_weakref.meta.json
-- Installing: /home/spoonge/Projects/Scara_arm_CNC/install/scara_control/share/scara_control/launch/.mypy_cache/3.12/tempfile.meta.json
-- Installing: /home/spoonge/Projects/Scara_arm_CNC/install/scara_control/share/scara_control/launch/.mypy_cache/3.12/warnings.data.json
-- Installing: /home/spoonge/Projects/Scara_arm_CNC/install/scara_control/share/scara_control/launch/.mypy_cache/3.12/subprocess.data.json
-- Installing: /home/spoonge/Projects/Scara_arm_CNC/install/scara_control/share/scara_control/launch/.mypy_cache/3.12/_warnings.meta.json
-- Installing: /home/spoonge/Projects/Scara_arm_CNC/install/scara_control/share/scara_control/launch/.mypy_cache/3.12/_thread.meta.json
-- Installing: /home/spoonge/Projects/Scara_arm_CNC/install/scara_control/share/scara_control/launch/.mypy_cache/3.12/_socket.data.json
-- Installing: /home/spoonge/Projects/Scara_arm_CNC/install/scara_control/share/scara_control/launch/.mypy_cache/3.12/pickle.data.json
-- Installing: /home/spoonge/Projects/Scara_arm_CNC/install/scara_control/share/scara_control/launch/.mypy_cache/3.12/functools.meta.json
-- Installing: /home/spoonge/Projects/Scara_arm_CNC/install/scara_control/share/scara_control/launch/.mypy_cache/3.12/datetime.meta.json
-- Installing: /home/spoonge/Projects/Scara_arm_CNC/install/scara_control/share/scara_control/launch/.mypy_cache/3.12/contextlib.meta.json
-- Installing: /home/spoonge/Projects/Scara_arm_CNC/install/scara_control/share/scara_control/launch/.mypy_cache/3.12/dataclasses.data.json
-- Installing: /home/spoonge/Projects/Scara_arm_CNC/install/scara_control/share/scara_control/launch/.mypy_cache/3.12/sys
-- Installing: /home/spoonge/Projects/Scara_arm_CNC/install/scara_control/share/scara_control/launch/.mypy_cache/3.12/sys/__init__.data.json
-- Installing: /home/spoonge/Projects/Scara_arm_CNC/install/scara_control/share/scara_control/launch/.mypy_cache/3.12/sys/_monitoring.meta.json
-- Installing: /home/spoonge/Projects/Scara_arm_CNC/install/scara_control/share/scara_control/launch/.mypy_cache/3.12/sys/_monitoring.data.json
-- Installing: /home/spoonge/Projects/Scara_arm_CNC/install/scara_control/share/scara_control/launch/.mypy_cache/3.12/sys/__init__.meta.json
-- Installing: /home/spoonge/Projects/Scara_arm_CNC/install/scara_control/share/scara_control/launch/.mypy_cache/3.12/csv.data.json
-- Installing: /home/spoonge/Projects/Scara_arm_CNC/install/scara_control/share/scara_control/launch/.mypy_cache/3.12/inspect.meta.json
-- Installing: /home/spoonge/Projects/Scara_arm_CNC/install/scara_control/share/scara_control/launch/.mypy_cache/3.12/warnings.meta.json
-- Installing: /home/spoonge/Projects/Scara_arm_CNC/install/scara_control/share/scara_control/launch/.mypy_cache/3.12/_weakrefset.meta.json
-- Installing: /home/spoonge/Projects/Scara_arm_CNC/install/scara_control/share/scara_control/launch/.mypy_cache/3.12/time.data.json
-- Installing: /home/spoonge/Projects/Scara_arm_CNC/install/scara_control/share/scara_control/launch/.mypy_cache/3.12/queue.meta.json
-- Installing: /home/spoonge/Projects/Scara_arm_CNC/install/scara_control/share/scara_control/launch/.mypy_cache/3.12/math.data.json
-- Installing: /home/spoonge/Projects/Scara_arm_CNC/install/scara_control/share/scara_control/launch/.mypy_cache/3.12/dis.meta.json
-- Installing: /home/spoonge/Projects/Scara_arm_CNC/install/scara_control/share/scara_control/launch/.mypy_cache/3.12/sre_parse.meta.json
-- Installing: /home/spoonge/Projects/Scara_arm_CNC/install/scara_control/share/scara_control/launch/.mypy_cache/3.12/typing.meta.json
-- Installing: /home/spoonge/Projects/Scara_arm_CNC/install/scara_control/share/scara_control/launch/.mypy_cache/3.12/array.data.json
-- Installing: /home/spoonge/Projects/Scara_arm_CNC/install/scara_control/share/scara_control/launch/.mypy_cache/3.12/operator.meta.json
-- Installing: /home/spoonge/Projects/Scara_arm_CNC/install/scara_control/share/scara_control/launch/.mypy_cache/3.12/_operator.data.json
-- Installing: /home/spoonge/Projects/Scara_arm_CNC/install/scara_control/share/scara_control/launch/.mypy_cache/3.12/typing_extensions.meta.json
-- Installing: /home/spoonge/Projects/Scara_arm_CNC/install/scara_control/share/scara_control/launch/.mypy_cache/3.12/codecs.data.json
-- Installing: /home/spoonge/Projects/Scara_arm_CNC/install/scara_control/share/scara_control/launch/.mypy_cache/3.12/contextlib.data.json
-- Installing: /home/spoonge/Projects/Scara_arm_CNC/install/scara_control/share/scara_control/launch/.mypy_cache/3.12/csv.meta.json
-- Installing: /home/spoonge/Projects/Scara_arm_CNC/install/scara_control/share/scara_control/launch/.mypy_cache/3.12/importlib_metadata
-- Installing: /home/spoonge/Projects/Scara_arm_CNC/install/scara_control/share/scara_control/launch/.mypy_cache/3.12/importlib_metadata/__init__.data.json
-- Installing: /home/spoonge/Projects/Scara_arm_CNC/install/scara_control/share/scara_control/launch/.mypy_cache/3.12/importlib_metadata/_compat.data.json
-- Installing: /home/spoonge/Projects/Scara_arm_CNC/install/scara_control/share/scara_control/launch/.mypy_cache/3.12/importlib_metadata/_functools.meta.json
-- Installing: /home/spoonge/Projects/Scara_arm_CNC/install/scara_control/share/scara_control/launch/.mypy_cache/3.12/importlib_metadata/_functools.data.json
-- Installing: /home/spoonge/Projects/Scara_arm_CNC/install/scara_control/share/scara_control/launch/.mypy_cache/3.12/importlib_metadata/_compat.meta.json
-- Installing: /home/spoonge/Projects/Scara_arm_CNC/install/scara_control/share/scara_control/launch/.mypy_cache/3.12/importlib_metadata/_adapters.data.json
-- Installing: /home/spoonge/Projects/Scara_arm_CNC/install/scara_control/share/scara_control/launch/.mypy_cache/3.12/importlib_metadata/_meta.data.json
-- Installing: /home/spoonge/Projects/Scara_arm_CNC/install/scara_control/share/scara_control/launch/.mypy_cache/3.12/importlib_metadata/_collections.meta.json
-- Installing: /home/spoonge/Projects/Scara_arm_CNC/install/scara_control/share/scara_control/launch/.mypy_cache/3.12/importlib_metadata/__init__.meta.json
-- Installing: /home/spoonge/Projects/Scara_arm_CNC/install/scara_control/share/scara_control/launch/.mypy_cache/3.12/importlib_metadata/_itertools.meta.json
-- Installing: /home/spoonge/Projects/Scara_arm_CNC/install/scara_control/share/scara_control/launch/.mypy_cache/3.12/importlib_metadata/_text.data.json
-- Installing: /home/spoonge/Projects/Scara_arm_CNC/install/scara_control/share/scara_control/launch/.mypy_cache/3.12/importlib_metadata/_adapters.meta.json
-- Installing: /home/spoonge/Projects/Scara_arm_CNC/install/scara_control/share/scara_control/launch/.mypy_cache/3.12/importlib_metadata/_meta.meta.json
-- Installing: /home/spoonge/Projects/Scara_arm_CNC/install/scara_control/share/scara_control/launch/.mypy_cache/3.12/importlib_metadata/_collections.data.json
-- Installing: /home/spoonge/Projects/Scara_arm_CNC/install/scara_control/share/scara_control/launch/.mypy_cache/3.12/importlib_metadata/_itertools.data.json
-- Installing: /home/spoonge/Projects/Scara_arm_CNC/install/scara_control/share/scara_control/launch/.mypy_cache/3.12/importlib_metadata/_text.meta.json
-- Installing: /home/spoonge/Projects/Scara_arm_CNC/install/scara_control/share/scara_control/launch/.mypy_cache/3.12/ssl.meta.json
-- Installing: /home/spoonge/Projects/Scara_arm_CNC/install/scara_control/share/scara_control/launch/.mypy_cache/3.12/sre_compile.meta.json
-- Installing: /home/spoonge/Projects/Scara_arm_CNC/install/scara_control/share/scara_control/launch/.mypy_cache/3.12/contextvars.meta.json
-- Installing: /home/spoonge/Projects/Scara_arm_CNC/install/scara_control/share/scara_control/launch/.mypy_cache/3.12/codecs.meta.json
-- Installing: /home/spoonge/Projects/Scara_arm_CNC/install/scara_control/share/scara_control/launch/.mypy_cache/3.12/typing_extensions.data.json
-- Installing: /home/spoonge/Projects/Scara_arm_CNC/install/scara_control/share/scara_control/launch/.mypy_cache/3.12/_ctypes.data.json
-- Installing: /home/spoonge/Projects/Scara_arm_CNC/install/scara_control/share/scara_control/launch/.mypy_cache/3.12/dataclasses.meta.json
-- Installing: /home/spoonge/Projects/Scara_arm_CNC/install/scara_control/share/scara_control/launch/.mypy_cache/3.12/_operator.meta.json
-- Installing: /home/spoonge/Projects/Scara_arm_CNC/install/scara_control/share/scara_control/launch/.mypy_cache/3.12/queue.data.json
-- Installing: /home/spoonge/Projects/Scara_arm_CNC/install/scara_control/share/scara_control/launch/.mypy_cache/3.12/inspect.data.json
-- Installing: /home/spoonge/Projects/Scara_arm_CNC/install/scara_control/share/scara_control/launch/.mypy_cache/3.12/concurrent
-- Installing: /home/spoonge/Projects/Scara_arm_CNC/install/scara_control/share/scara_control/launch/.mypy_cache/3.12/concurrent/__init__.data.json
-- Installing: /home/spoonge/Projects/Scara_arm_CNC/install/scara_control/share/scara_control/launch/.mypy_cache/3.12/concurrent/futures
-- Installing: /home/spoonge/Projects/Scara_arm_CNC/install/scara_control/share/scara_control/launch/.mypy_cache/3.12/concurrent/futures/__init__.data.json
-- Installing: /home/spoonge/Projects/Scara_arm_CNC/install/scara_control/share/scara_control/launch/.mypy_cache/3.12/concurrent/futures/process.meta.json
-- Installing: /home/spoonge/Projects/Scara_arm_CNC/install/scara_control/share/scara_control/launch/.mypy_cache/3.12/concurrent/futures/process.data.json
-- Installing: /home/spoonge/Projects/Scara_arm_CNC/install/scara_control/share/scara_control/launch/.mypy_cache/3.12/concurrent/futures/_base.meta.json
-- Installing: /home/spoonge/Projects/Scara_arm_CNC/install/scara_control/share/scara_control/launch/.mypy_cache/3.12/concurrent/futures/thread.meta.json
-- Installing: /home/spoonge/Projects/Scara_arm_CNC/install/scara_control/share/scara_control/launch/.mypy_cache/3.12/concurrent/futures/_base.data.json
-- Installing: /home/spoonge/Projects/Scara_arm_CNC/install/scara_control/share/scara_control/launch/.mypy_cache/3.12/concurrent/futures/__init__.meta.json
-- Installing: /home/spoonge/Projects/Scara_arm_CNC/install/scara_control/share/scara_control/launch/.mypy_cache/3.12/concurrent/futures/thread.data.json
-- Installing: /home/spoonge/Projects/Scara_arm_CNC/install/scara_control/share/scara_control/launch/.mypy_cache/3.12/concurrent/__init__.meta.json
-- Installing: /home/spoonge/Projects/Scara_arm_CNC/install/scara_control/share/scara_control/launch/.mypy_cache/3.12/operator.data.json
-- Installing: /home/spoonge/Projects/Scara_arm_CNC/install/scara_control/share/scara_control/launch/.mypy_cache/3.12/_collections_abc.meta.json
-- Installing: /home/spoonge/Projects/Scara_arm_CNC/install/scara_control/share/scara_control/launch/.mypy_cache/3.12/types.meta.json
-- Installing: /home/spoonge/Projects/Scara_arm_CNC/install/scara_control/share/scara_control/launch/.mypy_cache/3.12/weakref.meta.json
-- Installing: /home/spoonge/Projects/Scara_arm_CNC/install/scara_control/share/scara_control/launch/.mypy_cache/3.12/subprocess.meta.json
-- Installing: /home/spoonge/Projects/Scara_arm_CNC/install/scara_control/share/scara_control/launch/.mypy_cache/3.12/threading.meta.json
-- Installing: /home/spoonge/Projects/Scara_arm_CNC/install/scara_control/share/scara_control/launch/.mypy_cache/3.12/os
-- Installing: /home/spoonge/Projects/Scara_arm_CNC/install/scara_control/share/scara_control/launch/.mypy_cache/3.12/os/__init__.data.json
-- Installing: /home/spoonge/Projects/Scara_arm_CNC/install/scara_control/share/scara_control/launch/.mypy_cache/3.12/os/__init__.meta.json
-- Installing: /home/spoonge/Projects/Scara_arm_CNC/install/scara_control/share/scara_control/launch/.mypy_cache/3.12/os/path.meta.json
-- Installing: /home/spoonge/Projects/Scara_arm_CNC/install/scara_control/share/scara_control/launch/.mypy_cache/3.12/os/path.data.json
-- Installing: /home/spoonge/Projects/Scara_arm_CNC/install/scara_control/share/scara_control/launch/.mypy_cache/3.12/launch_ros
-- Installing: /home/spoonge/Projects/Scara_arm_CNC/install/scara_control/share/scara_control/launch/.mypy_cache/3.12/launch_ros/event_handlers
-- Installing: /home/spoonge/Projects/Scara_arm_CNC/install/scara_control/share/scara_control/launch/.mypy_cache/3.12/launch_ros/event_handlers/__init__.data.json
-- Installing: /home/spoonge/Projects/Scara_arm_CNC/install/scara_control/share/scara_control/launch/.mypy_cache/3.12/launch_ros/event_handlers/on_state_transition.meta.json
-- Installing: /home/spoonge/Projects/Scara_arm_CNC/install/scara_control/share/scara_control/launch/.mypy_cache/3.12/launch_ros/event_handlers/__init__.meta.json
-- Installing: /home/spoonge/Projects/Scara_arm_CNC/install/scara_control/share/scara_control/launch/.mypy_cache/3.12/launch_ros/event_handlers/on_state_transition.data.json
-- Installing: /home/spoonge/Projects/Scara_arm_CNC/install/scara_control/share/scara_control/launch/.mypy_cache/3.12/launch_ros/actions
-- Installing: /home/spoonge/Projects/Scara_arm_CNC/install/scara_control/share/scara_control/launch/.mypy_cache/3.12/launch_ros/actions/__init__.data.json
-- Installing: /home/spoonge/Projects/Scara_arm_CNC/install/scara_control/share/scara_control/launch/.mypy_cache/3.12/launch_ros/actions/load_composable_nodes.data.json
-- Installing: /home/spoonge/Projects/Scara_arm_CNC/install/scara_control/share/scara_control/launch/.mypy_cache/3.12/launch_ros/actions/node.data.json
-- Installing: /home/spoonge/Projects/Scara_arm_CNC/install/scara_control/share/scara_control/launch/.mypy_cache/3.12/launch_ros/actions/load_composable_nodes.meta.json
-- Installing: /home/spoonge/Projects/Scara_arm_CNC/install/scara_control/share/scara_control/launch/.mypy_cache/3.12/launch_ros/actions/push_ros_namespace.data.json
-- Installing: /home/spoonge/Projects/Scara_arm_CNC/install/scara_control/share/scara_control/launch/.mypy_cache/3.12/launch_ros/actions/push_ros_namespace.meta.json
-- Installing: /home/spoonge/Projects/Scara_arm_CNC/install/scara_control/share/scara_control/launch/.mypy_cache/3.12/launch_ros/actions/set_parameters_from_file.data.json
-- Installing: /home/spoonge/Projects/Scara_arm_CNC/install/scara_control/share/scara_control/launch/.mypy_cache/3.12/launch_ros/actions/ros_timer.data.json
-- Installing: /home/spoonge/Projects/Scara_arm_CNC/install/scara_control/share/scara_control/launch/.mypy_cache/3.12/launch_ros/actions/set_parameters_from_file.meta.json
-- Installing: /home/spoonge/Projects/Scara_arm_CNC/install/scara_control/share/scara_control/launch/.mypy_cache/3.12/launch_ros/actions/set_parameter.meta.json
-- Installing: /home/spoonge/Projects/Scara_arm_CNC/install/scara_control/share/scara_control/launch/.mypy_cache/3.12/launch_ros/actions/set_ros_log_dir.data.json
-- Installing: /home/spoonge/Projects/Scara_arm_CNC/install/scara_control/share/scara_control/launch/.mypy_cache/3.12/launch_ros/actions/node.meta.json
-- Installing: /home/spoonge/Projects/Scara_arm_CNC/install/scara_control/share/scara_control/launch/.mypy_cache/3.12/launch_ros/actions/set_use_sim_time.meta.json
-- Installing: /home/spoonge/Projects/Scara_arm_CNC/install/scara_control/share/scara_control/launch/.mypy_cache/3.12/launch_ros/actions/set_ros_log_dir.meta.json
-- Installing: /home/spoonge/Projects/Scara_arm_CNC/install/scara_control/share/scara_control/launch/.mypy_cache/3.12/launch_ros/actions/__init__.meta.json
-- Installing: /home/spoonge/Projects/Scara_arm_CNC/install/scara_control/share/scara_control/launch/.mypy_cache/3.12/launch_ros/actions/set_use_sim_time.data.json
-- Installing: /home/spoonge/Projects/Scara_arm_CNC/install/scara_control/share/scara_control/launch/.mypy_cache/3.12/launch_ros/actions/set_parameter.data.json
-- Installing: /home/spoonge/Projects/Scara_arm_CNC/install/scara_control/share/scara_control/launch/.mypy_cache/3.12/launch_ros/actions/set_remap.data.json
-- Installing: /home/spoonge/Projects/Scara_arm_CNC/install/scara_control/share/scara_control/launch/.mypy_cache/3.12/launch_ros/actions/set_remap.meta.json
-- Installing: /home/spoonge/Projects/Scara_arm_CNC/install/scara_control/share/scara_control/launch/.mypy_cache/3.12/launch_ros/actions/ros_timer.meta.json
-- Installing: /home/spoonge/Projects/Scara_arm_CNC/install/scara_control/share/scara_control/launch/.mypy_cache/3.12/launch_ros/actions/lifecycle_node.data.json
-- Installing: /home/spoonge/Projects/Scara_arm_CNC/install/scara_control/share/scara_control/launch/.mypy_cache/3.12/launch_ros/actions/lifecycle_transition.meta.json
-- Installing: /home/spoonge/Projects/Scara_arm_CNC/install/scara_control/share/scara_control/launch/.mypy_cache/3.12/launch_ros/actions/composable_node_container.meta.json
-- Installing: /home/spoonge/Projects/Scara_arm_CNC/install/scara_control/share/scara_control/launch/.mypy_cache/3.12/launch_ros/actions/lifecycle_node.meta.json
-- Installing: /home/spoonge/Projects/Scara_arm_CNC/install/scara_control/share/scara_control/launch/.mypy_cache/3.12/launch_ros/actions/composable_node_container.data.json
-- Installing: /home/spoonge/Projects/Scara_arm_CNC/install/scara_control/share/scara_control/launch/.mypy_cache/3.12/launch_ros/actions/lifecycle_transition.data.json
-- Installing: /home/spoonge/Projects/Scara_arm_CNC/install/scara_control/share/scara_control/launch/.mypy_cache/3.12/launch_ros/utilities
-- Installing: /home/spoonge/Projects/Scara_arm_CNC/install/scara_control/share/scara_control/launch/.mypy_cache/3.12/launch_ros/utilities/__init__.data.json
-- Installing: /home/spoonge/Projects/Scara_arm_CNC/install/scara_control/share/scara_control/launch/.mypy_cache/3.12/launch_ros/utilities/normalize_remap_rule.data.json
-- Installing: /home/spoonge/Projects/Scara_arm_CNC/install/scara_control/share/scara_control/launch/.mypy_cache/3.12/launch_ros/utilities/normalize_parameters.data.json
-- Installing: /home/spoonge/Projects/Scara_arm_CNC/install/scara_control/share/scara_control/launch/.mypy_cache/3.12/launch_ros/utilities/normalize_parameters.meta.json
-- Installing: /home/spoonge/Projects/Scara_arm_CNC/install/scara_control/share/scara_control/launch/.mypy_cache/3.12/launch_ros/utilities/lifecycle_event_manager.meta.json
-- Installing: /home/spoonge/Projects/Scara_arm_CNC/install/scara_control/share/scara_control/launch/.mypy_cache/3.12/launch_ros/utilities/to_parameters_list.meta.json
-- Installing: /home/spoonge/Projects/Scara_arm_CNC/install/scara_control/share/scara_control/launch/.mypy_cache/3.12/launch_ros/utilities/track_node_names.meta.json
-- Installing: /home/spoonge/Projects/Scara_arm_CNC/install/scara_control/share/scara_control/launch/.mypy_cache/3.12/launch_ros/utilities/__init__.meta.json
-- Installing: /home/spoonge/Projects/Scara_arm_CNC/install/scara_control/share/scara_control/launch/.mypy_cache/3.12/launch_ros/utilities/evaluate_parameters.meta.json
-- Installing: /home/spoonge/Projects/Scara_arm_CNC/install/scara_control/share/scara_control/launch/.mypy_cache/3.12/launch_ros/utilities/normalize_remap_rule.meta.json
-- Installing: /home/spoonge/Projects/Scara_arm_CNC/install/scara_control/share/scara_control/launch/.mypy_cache/3.12/launch_ros/utilities/namespace_utils.data.json
-- Installing: /home/spoonge/Projects/Scara_arm_CNC/install/scara_control/share/scara_control/launch/.mypy_cache/3.12/launch_ros/utilities/plugin_support.data.json
-- Installing: /home/spoonge/Projects/Scara_arm_CNC/install/scara_control/share/scara_control/launch/.mypy_cache/3.12/launch_ros/utilities/track_node_names.data.json
-- Installing: /home/spoonge/Projects/Scara_arm_CNC/install/scara_control/share/scara_control/launch/.mypy_cache/3.12/launch_ros/utilities/evaluate_parameters.data.json
-- Installing: /home/spoonge/Projects/Scara_arm_CNC/install/scara_control/share/scara_control/launch/.mypy_cache/3.12/launch_ros/utilities/lifecycle_event_manager.data.json
-- Installing: /home/spoonge/Projects/Scara_arm_CNC/install/scara_control/share/scara_control/launch/.mypy_cache/3.12/launch_ros/utilities/to_parameters_list.data.json
-- Installing: /home/spoonge/Projects/Scara_arm_CNC/install/scara_control/share/scara_control/launch/.mypy_cache/3.12/launch_ros/utilities/namespace_utils.meta.json
-- Installing: /home/spoonge/Projects/Scara_arm_CNC/install/scara_control/share/scara_control/launch/.mypy_cache/3.12/launch_ros/utilities/plugin_support.meta.json
-- Installing: /home/spoonge/Projects/Scara_arm_CNC/install/scara_control/share/scara_control/launch/.mypy_cache/3.12/launch_ros/ros_adapters.meta.json
-- Installing: /home/spoonge/Projects/Scara_arm_CNC/install/scara_control/share/scara_control/launch/.mypy_cache/3.12/launch_ros/events
-- Installing: /home/spoonge/Projects/Scara_arm_CNC/install/scara_control/share/scara_control/launch/.mypy_cache/3.12/launch_ros/events/__init__.data.json
-- Installing: /home/spoonge/Projects/Scara_arm_CNC/install/scara_control/share/scara_control/launch/.mypy_cache/3.12/launch_ros/events/matchers
-- Installing: /home/spoonge/Projects/Scara_arm_CNC/install/scara_control/share/scara_control/launch/.mypy_cache/3.12/launch_ros/events/matchers/__init__.data.json
-- Installing: /home/spoonge/Projects/Scara_arm_CNC/install/scara_control/share/scara_control/launch/.mypy_cache/3.12/launch_ros/events/matchers/matches_node_name.data.json
-- Installing: /home/spoonge/Projects/Scara_arm_CNC/install/scara_control/share/scara_control/launch/.mypy_cache/3.12/launch_ros/events/matchers/matches_node_name.meta.json
-- Installing: /home/spoonge/Projects/Scara_arm_CNC/install/scara_control/share/scara_control/launch/.mypy_cache/3.12/launch_ros/events/matchers/__init__.meta.json
-- Installing: /home/spoonge/Projects/Scara_arm_CNC/install/scara_control/share/scara_control/launch/.mypy_cache/3.12/launch_ros/events/__init__.meta.json
-- Installing: /home/spoonge/Projects/Scara_arm_CNC/install/scara_control/share/scara_control/launch/.mypy_cache/3.12/launch_ros/events/lifecycle
-- Installing: /home/spoonge/Projects/Scara_arm_CNC/install/scara_control/share/scara_control/launch/.mypy_cache/3.12/launch_ros/events/lifecycle/__init__.data.json
-- Installing: /home/spoonge/Projects/Scara_arm_CNC/install/scara_control/share/scara_control/launch/.mypy_cache/3.12/launch_ros/events/lifecycle/lifecycle_node_matchers.data.json
-- Installing: /home/spoonge/Projects/Scara_arm_CNC/install/scara_control/share/scara_control/launch/.mypy_cache/3.12/launch_ros/events/lifecycle/state_transition.data.json
-- Installing: /home/spoonge/Projects/Scara_arm_CNC/install/scara_control/share/scara_control/launch/.mypy_cache/3.12/launch_ros/events/lifecycle/change_state.meta.json
-- Installing: /home/spoonge/Projects/Scara_arm_CNC/install/scara_control/share/scara_control/launch/.mypy_cache/3.12/launch_ros/events/lifecycle/state_transition.meta.json
-- Installing: /home/spoonge/Projects/Scara_arm_CNC/install/scara_control/share/scara_control/launch/.mypy_cache/3.12/launch_ros/events/lifecycle/change_state.data.json
-- Installing: /home/spoonge/Projects/Scara_arm_CNC/install/scara_control/share/scara_control/launch/.mypy_cache/3.12/launch_ros/events/lifecycle/__init__.meta.json
-- Installing: /home/spoonge/Projects/Scara_arm_CNC/install/scara_control/share/scara_control/launch/.mypy_cache/3.12/launch_ros/events/lifecycle/lifecycle_node_matchers.meta.json
-- Installing: /home/spoonge/Projects/Scara_arm_CNC/install/scara_control/share/scara_control/launch/.mypy_cache/3.12/launch_ros/remap_rule_type.data.json
-- Installing: /home/spoonge/Projects/Scara_arm_CNC/install/scara_control/share/scara_control/launch/.mypy_cache/3.12/launch_ros/parameter_descriptions.meta.json
-- Installing: /home/spoonge/Projects/Scara_arm_CNC/install/scara_control/share/scara_control/launch/.mypy_cache/3.12/launch_ros/remap_rule_type.meta.json
-- Installing: /home/spoonge/Projects/Scara_arm_CNC/install/scara_control/share/scara_control/launch/.mypy_cache/3.12/launch_ros/parameters_type.meta.json
-- Installing: /home/spoonge/Projects/Scara_arm_CNC/install/scara_control/share/scara_control/launch/.mypy_cache/3.12/launch_ros/parameter_descriptions.data.json
-- Installing: /home/spoonge/Projects/Scara_arm_CNC/install/scara_control/share/scara_control/launch/.mypy_cache/3.12/launch_ros/descriptions
-- Installing: /home/spoonge/Projects/Scara_arm_CNC/install/scara_control/share/scara_control/launch/.mypy_cache/3.12/launch_ros/descriptions/__init__.data.json
-- Installing: /home/spoonge/Projects/Scara_arm_CNC/install/scara_control/share/scara_control/launch/.mypy_cache/3.12/launch_ros/descriptions/composable_node.data.json
-- Installing: /home/spoonge/Projects/Scara_arm_CNC/install/scara_control/share/scara_control/launch/.mypy_cache/3.12/launch_ros/descriptions/__init__.meta.json
-- Installing: /home/spoonge/Projects/Scara_arm_CNC/install/scara_control/share/scara_control/launch/.mypy_cache/3.12/launch_ros/descriptions/composable_node.meta.json
-- Installing: /home/spoonge/Projects/Scara_arm_CNC/install/scara_control/share/scara_control/launch/.mypy_cache/3.12/launch_ros/descriptions/composable_lifecycle_node.meta.json
-- Installing: /home/spoonge/Projects/Scara_arm_CNC/install/scara_control/share/scara_control/launch/.mypy_cache/3.12/launch_ros/descriptions/composable_lifecycle_node.data.json
-- Installing: /home/spoonge/Projects/Scara_arm_CNC/install/scara_control/share/scara_control/launch/.mypy_cache/3.12/launch_ros/substitutions
-- Installing: /home/spoonge/Projects/Scara_arm_CNC/install/scara_control/share/scara_control/launch/.mypy_cache/3.12/launch_ros/substitutions/__init__.data.json
-- Installing: /home/spoonge/Projects/Scara_arm_CNC/install/scara_control/share/scara_control/launch/.mypy_cache/3.12/launch_ros/substitutions/parameter.data.json
-- Installing: /home/spoonge/Projects/Scara_arm_CNC/install/scara_control/share/scara_control/launch/.mypy_cache/3.12/launch_ros/substitutions/executable_in_package.meta.json
-- Installing: /home/spoonge/Projects/Scara_arm_CNC/install/scara_control/share/scara_control/launch/.mypy_cache/3.12/launch_ros/substitutions/find_package.meta.json
-- Installing: /home/spoonge/Projects/Scara_arm_CNC/install/scara_control/share/scara_control/launch/.mypy_cache/3.12/launch_ros/substitutions/executable_in_package.data.json
-- Installing: /home/spoonge/Projects/Scara_arm_CNC/install/scara_control/share/scara_control/launch/.mypy_cache/3.12/launch_ros/substitutions/__init__.meta.json
-- Installing: /home/spoonge/Projects/Scara_arm_CNC/install/scara_control/share/scara_control/launch/.mypy_cache/3.12/launch_ros/substitutions/parameter.meta.json
-- Installing: /home/spoonge/Projects/Scara_arm_CNC/install/scara_control/share/scara_control/launch/.mypy_cache/3.12/launch_ros/substitutions/find_package.data.json
-- Installing: /home/spoonge/Projects/Scara_arm_CNC/install/scara_control/share/scara_control/launch/.mypy_cache/3.12/launch_ros/ros_adapters.data.json
-- Installing: /home/spoonge/Projects/Scara_arm_CNC/install/scara_control/share/scara_control/launch/.mypy_cache/3.12/launch_ros/parameters_type.data.json
-- Installing: /home/spoonge/Projects/Scara_arm_CNC/install/scara_control/share/scara_control/launch/.mypy_cache/3.12/socket.meta.json
-- Installing: /home/spoonge/Projects/Scara_arm_CNC/install/scara_control/share/scara_control/launch/.mypy_cache/3.12/_codecs.data.json
-- Installing: /home/spoonge/Projects/Scara_arm_CNC/install/scara_control/share/scara_control/launch/.mypy_cache/3.12/email
-- Installing: /home/spoonge/Projects/Scara_arm_CNC/install/scara_control/share/scara_control/launch/.mypy_cache/3.12/email/__init__.data.json
-- Installing: /home/spoonge/Projects/Scara_arm_CNC/install/scara_control/share/scara_control/launch/.mypy_cache/3.12/email/errors.meta.json
-- Installing: /home/spoonge/Projects/Scara_arm_CNC/install/scara_control/share/scara_control/launch/.mypy_cache/3.12/email/charset.meta.json
-- Installing: /home/spoonge/Projects/Scara_arm_CNC/install/scara_control/share/scara_control/launch/.mypy_cache/3.12/email/_policybase.meta.json
-- Installing: /home/spoonge/Projects/Scara_arm_CNC/install/scara_control/share/scara_control/launch/.mypy_cache/3.12/email/message.meta.json
-- Installing: /home/spoonge/Projects/Scara_arm_CNC/install/scara_control/share/scara_control/launch/.mypy_cache/3.12/email/_policybase.data.json
-- Installing: /home/spoonge/Projects/Scara_arm_CNC/install/scara_control/share/scara_control/launch/.mypy_cache/3.12/email/header.data.json
-- Installing: /home/spoonge/Projects/Scara_arm_CNC/install/scara_control/share/scara_control/launch/.mypy_cache/3.12/email/__init__.meta.json
-- Installing: /home/spoonge/Projects/Scara_arm_CNC/install/scara_control/share/scara_control/launch/.mypy_cache/3.12/email/header.meta.json
-- Installing: /home/spoonge/Projects/Scara_arm_CNC/install/scara_control/share/scara_control/launch/.mypy_cache/3.12/email/contentmanager.data.json
-- Installing: /home/spoonge/Projects/Scara_arm_CNC/install/scara_control/share/scara_control/launch/.mypy_cache/3.12/email/policy.data.json
-- Installing: /home/spoonge/Projects/Scara_arm_CNC/install/scara_control/share/scara_control/launch/.mypy_cache/3.12/email/errors.data.json
-- Installing: /home/spoonge/Projects/Scara_arm_CNC/install/scara_control/share/scara_control/launch/.mypy_cache/3.12/email/charset.data.json
-- Installing: /home/spoonge/Projects/Scara_arm_CNC/install/scara_control/share/scara_control/launch/.mypy_cache/3.12/email/contentmanager.meta.json
-- Installing: /home/spoonge/Projects/Scara_arm_CNC/install/scara_control/share/scara_control/launch/.mypy_cache/3.12/email/policy.meta.json
-- Installing: /home/spoonge/Projects/Scara_arm_CNC/install/scara_control/share/scara_control/launch/.mypy_cache/3.12/email/message.data.json
-- Installing: /home/spoonge/Projects/Scara_arm_CNC/install/scara_control/share/scara_control/launch/.mypy_cache/3.12/selectors.data.json
-- Installing: /home/spoonge/Projects/Scara_arm_CNC/install/scara_control/share/scara_control/launch/.mypy_cache/3.12/textwrap.data.json
-- Installing: /home/spoonge/Projects/Scara_arm_CNC/install/scara_control/share/scara_control/launch/.mypy_cache/3.12/string.data.json
-- Installing: /home/spoonge/Projects/Scara_arm_CNC/install/scara_control/share/scara_control/launch/.mypy_cache/3.12/itertools.meta.json
-- Installing: /home/spoonge/Projects/Scara_arm_CNC/install/scara_control/share/scara_control/launch/.mypy_cache/3.12/_weakrefset.data.json
-- Installing: /home/spoonge/Projects/Scara_arm_CNC/install/scara_control/share/scara_control/launch/.mypy_cache/3.12/types.data.json
-- Installing: /home/spoonge/Projects/Scara_arm_CNC/install/scara_control/share/scara_control/launch/.mypy_cache/3.12/logging
-- Installing: /home/spoonge/Projects/Scara_arm_CNC/install/scara_control/share/scara_control/launch/.mypy_cache/3.12/logging/__init__.data.json
-- Installing: /home/spoonge/Projects/Scara_arm_CNC/install/scara_control/share/scara_control/launch/.mypy_cache/3.12/logging/__init__.meta.json
-- Installing: /home/spoonge/Projects/Scara_arm_CNC/install/scara_control/share/scara_control/launch/.mypy_cache/3.12/dis.data.json
-- Installing: /home/spoonge/Projects/Scara_arm_CNC/install/scara_control/share/scara_control/launch/.mypy_cache/3.12/math.meta.json
-- Installing: /home/spoonge/Projects/Scara_arm_CNC/install/scara_control/share/scara_control/launch/.mypy_cache/3.12/_ctypes.meta.json
-- Installing: /home/spoonge/Projects/Scara_arm_CNC/install/scara_control/share/scara_control/launch/.mypy_cache/3.12/sre_constants.meta.json
-- Installing: /home/spoonge/Projects/Scara_arm_CNC/install/scara_control/share/scara_control/launch/.mypy_cache/3.12/platform.data.json
-- Installing: /home/spoonge/Projects/Scara_arm_CNC/install/scara_control/share/scara_control/launch/.mypy_cache/3.12/genericpath.meta.json
-- Installing: /home/spoonge/Projects/Scara_arm_CNC/install/scara_control/share/scara_control/launch/.mypy_cache/3.12/resource.data.json
-- Installing: /home/spoonge/Projects/Scara_arm_CNC/install/scara_control/share/scara_control/launch/.mypy_cache/3.12/socket.data.json
-- Installing: /home/spoonge/Projects/Scara_arm_CNC/install/scara_control/share/scara_control/launch/.mypy_cache/3.12/itertools.data.json
-- Installing: /home/spoonge/Projects/Scara_arm_CNC/install/scara_control/share/scara_control/launch/.mypy_cache/3.12/contextvars.data.json
-- Installing: /home/spoonge/Projects/Scara_arm_CNC/install/scara_control/share/scara_control/launch/.mypy_cache/3.12/pathlib.meta.json
-- Installing: /home/spoonge/Projects/Scara_arm_CNC/install/scara_control/share/scara_control/launch/.mypy_cache/3.12/_weakref.data.json
-- Installing: /home/spoonge/Projects/Scara_arm_CNC/install/scara_control/share/scara_control/launch/.mypy_cache/3.12/array.meta.json
-- Installing: /home/spoonge/Projects/Scara_arm_CNC/install/scara_control/share/scara_control/launch/.mypy_cache/3.12/abc.meta.json
-- Installing: /home/spoonge/Projects/Scara_arm_CNC/install/scara_control/share/scara_control/launch/.mypy_cache/3.12/sre_parse.data.json
-- Installing: /home/spoonge/Projects/Scara_arm_CNC/install/scara_control/share/scara_control/launch/.mypy_cache/3.12/_warnings.data.json
-- Installing: /home/spoonge/Projects/Scara_arm_CNC/install/scara_control/share/scara_control/launch/.mypy_cache/3.12/genericpath.data.json
-- Installing: /home/spoonge/Projects/Scara_arm_CNC/install/scara_control/share/scara_control/launch/.mypy_cache/3.12/opcode.meta.json
-- Installing: /home/spoonge/Projects/Scara_arm_CNC/install/scara_control/share/scara_control/launch/.mypy_cache/3.12/functools.data.json
-- Installing: /home/spoonge/Projects/Scara_arm_CNC/install/scara_control/share/scara_control/launch/.mypy_cache/3.12/_csv.meta.json
-- Installing: /home/spoonge/Projects/Scara_arm_CNC/install/scara_control/share/scara_control/launch/.mypy_cache/3.12/_typeshed
-- Installing: /home/spoonge/Projects/Scara_arm_CNC/install/scara_control/share/scara_control/launch/.mypy_cache/3.12/_typeshed/__init__.data.json
-- Installing: /home/spoonge/Projects/Scara_arm_CNC/install/scara_control/share/scara_control/launch/.mypy_cache/3.12/_typeshed/__init__.meta.json
-- Installing: /home/spoonge/Projects/Scara_arm_CNC/install/scara_control/share/scara_control/launch/.mypy_cache/3.12/builtins.data.json
-- Installing: /home/spoonge/Projects/Scara_arm_CNC/install/scara_control/share/scara_control/launch/.mypy_cache/3.12/re.data.json
-- Installing: /home/spoonge/Projects/Scara_arm_CNC/install/scara_control/share/scara_control/launch/.mypy_cache/3.12/sre_compile.data.json
-- Installing: /home/spoonge/Projects/Scara_arm_CNC/install/scara_control/share/scara_control/launch/.mypy_cache/3.12/threading.data.json
-- Installing: /home/spoonge/Projects/Scara_arm_CNC/install/scara_control/share/scara_control/launch/.mypy_cache/3.12/_ast.data.json
-- Installing: /home/spoonge/Projects/Scara_arm_CNC/install/scara_control/share/scara_control/launch/.mypy_cache/3.12/enum.meta.json
-- Installing: /home/spoonge/Projects/Scara_arm_CNC/install/scara_control/share/scara_control/launch/.mypy_cache/3.12/asyncio
-- Installing: /home/spoonge/Projects/Scara_arm_CNC/install/scara_control/share/scara_control/launch/.mypy_cache/3.12/asyncio/mixins.data.json
-- Installing: /home/spoonge/Projects/Scara_arm_CNC/install/scara_control/share/scara_control/launch/.mypy_cache/3.12/asyncio/__init__.data.json
-- Installing: /home/spoonge/Projects/Scara_arm_CNC/install/scara_control/share/scara_control/launch/.mypy_cache/3.12/asyncio/exceptions.meta.json
-- Installing: /home/spoonge/Projects/Scara_arm_CNC/install/scara_control/share/scara_control/launch/.mypy_cache/3.12/asyncio/unix_events.meta.json
-- Installing: /home/spoonge/Projects/Scara_arm_CNC/install/scara_control/share/scara_control/launch/.mypy_cache/3.12/asyncio/transports.meta.json
-- Installing: /home/spoonge/Projects/Scara_arm_CNC/install/scara_control/share/scara_control/launch/.mypy_cache/3.12/asyncio/queues.meta.json
-- Installing: /home/spoonge/Projects/Scara_arm_CNC/install/scara_control/share/scara_control/launch/.mypy_cache/3.12/asyncio/subprocess.data.json
-- Installing: /home/spoonge/Projects/Scara_arm_CNC/install/scara_control/share/scara_control/launch/.mypy_cache/3.12/asyncio/taskgroups.data.json
-- Installing: /home/spoonge/Projects/Scara_arm_CNC/install/scara_control/share/scara_control/launch/.mypy_cache/3.12/asyncio/unix_events.data.json
-- Installing: /home/spoonge/Projects/Scara_arm_CNC/install/scara_control/share/scara_control/launch/.mypy_cache/3.12/asyncio/base_events.data.json
-- Installing: /home/spoonge/Projects/Scara_arm_CNC/install/scara_control/share/scara_control/launch/.mypy_cache/3.12/asyncio/futures.meta.json
-- Installing: /home/spoonge/Projects/Scara_arm_CNC/install/scara_control/share/scara_control/launch/.mypy_cache/3.12/asyncio/selector_events.meta.json
-- Installing: /home/spoonge/Projects/Scara_arm_CNC/install/scara_control/share/scara_control/launch/.mypy_cache/3.12/asyncio/runners.data.json
-- Installing: /home/spoonge/Projects/Scara_arm_CNC/install/scara_control/share/scara_control/launch/.mypy_cache/3.12/asyncio/events.data.json
-- Installing: /home/spoonge/Projects/Scara_arm_CNC/install/scara_control/share/scara_control/launch/.mypy_cache/3.12/asyncio/transports.data.json
-- Installing: /home/spoonge/Projects/Scara_arm_CNC/install/scara_control/share/scara_control/launch/.mypy_cache/3.12/asyncio/queues.data.json
-- Installing: /home/spoonge/Projects/Scara_arm_CNC/install/scara_control/share/scara_control/launch/.mypy_cache/3.12/asyncio/protocols.data.json
-- Installing: /home/spoonge/Projects/Scara_arm_CNC/install/scara_control/share/scara_control/launch/.mypy_cache/3.12/asyncio/exceptions.data.json
-- Installing: /home/spoonge/Projects/Scara_arm_CNC/install/scara_control/share/scara_control/launch/.mypy_cache/3.12/asyncio/mixins.meta.json
-- Installing: /home/spoonge/Projects/Scara_arm_CNC/install/scara_control/share/scara_control/launch/.mypy_cache/3.12/asyncio/subprocess.meta.json
-- Installing: /home/spoonge/Projects/Scara_arm_CNC/install/scara_control/share/scara_control/launch/.mypy_cache/3.12/asyncio/tasks.meta.json
-- Installing: /home/spoonge/Projects/Scara_arm_CNC/install/scara_control/share/scara_control/launch/.mypy_cache/3.12/asyncio/tasks.data.json
-- Installing: /home/spoonge/Projects/Scara_arm_CNC/install/scara_control/share/scara_control/launch/.mypy_cache/3.12/asyncio/streams.data.json
-- Installing: /home/spoonge/Projects/Scara_arm_CNC/install/scara_control/share/scara_control/launch/.mypy_cache/3.12/asyncio/__init__.meta.json
-- Installing: /home/spoonge/Projects/Scara_arm_CNC/install/scara_control/share/scara_control/launch/.mypy_cache/3.12/asyncio/timeouts.data.json
-- Installing: /home/spoonge/Projects/Scara_arm_CNC/install/scara_control/share/scara_control/launch/.mypy_cache/3.12/asyncio/events.meta.json
-- Installing: /home/spoonge/Projects/Scara_arm_CNC/install/scara_control/share/scara_control/launch/.mypy_cache/3.12/asyncio/base_events.meta.json
-- Installing: /home/spoonge/Projects/Scara_arm_CNC/install/scara_control/share/scara_control/launch/.mypy_cache/3.12/asyncio/timeouts.meta.json
-- Installing: /home/spoonge/Projects/Scara_arm_CNC/install/scara_control/share/scara_control/launch/.mypy_cache/3.12/asyncio/streams.meta.json
-- Installing: /home/spoonge/Projects/Scara_arm_CNC/install/scara_control/share/scara_control/launch/.mypy_cache/3.12/asyncio/threads.meta.json
-- Installing: /home/spoonge/Projects/Scara_arm_CNC/install/scara_control/share/scara_control/launch/.mypy_cache/3.12/asyncio/threads.data.json
-- Installing: /home/spoonge/Projects/Scara_arm_CNC/install/scara_control/share/scara_control/launch/.mypy_cache/3.12/asyncio/runners.meta.json
-- Installing: /home/spoonge/Projects/Scara_arm_CNC/install/scara_control/share/scara_control/launch/.mypy_cache/3.12/asyncio/selector_events.data.json
-- Installing: /home/spoonge/Projects/Scara_arm_CNC/install/scara_control/share/scara_control/launch/.mypy_cache/3.12/asyncio/protocols.meta.json
-- Installing: /home/spoonge/Projects/Scara_arm_CNC/install/scara_control/share/scara_control/launch/.mypy_cache/3.12/asyncio/coroutines.data.json
-- Installing: /home/spoonge/Projects/Scara_arm_CNC/install/scara_control/share/scara_control/launch/.mypy_cache/3.12/asyncio/taskgroups.meta.json
-- Installing: /home/spoonge/Projects/Scara_arm_CNC/install/scara_control/share/scara_control/launch/.mypy_cache/3.12/asyncio/coroutines.meta.json
-- Installing: /home/spoonge/Projects/Scara_arm_CNC/install/scara_control/share/scara_control/launch/.mypy_cache/3.12/asyncio/locks.meta.json
-- Installing: /home/spoonge/Projects/Scara_arm_CNC/install/scara_control/share/scara_control/launch/.mypy_cache/3.12/asyncio/futures.data.json
-- Installing: /home/spoonge/Projects/Scara_arm_CNC/install/scara_control/share/scara_control/launch/.mypy_cache/3.12/asyncio/locks.data.json
-- Installing: /home/spoonge/Projects/Scara_arm_CNC/install/scara_control/share/scara_control/launch/.mypy_cache/3.12/string.meta.json
-- Installing: /home/spoonge/Projects/Scara_arm_CNC/install/scara_control/share/scara_control/launch/.mypy_cache/3.12/importlib
-- Installing: /home/spoonge/Projects/Scara_arm_CNC/install/scara_control/share/scara_control/launch/.mypy_cache/3.12/importlib/__init__.data.json
-- Installing: /home/spoonge/Projects/Scara_arm_CNC/install/scara_control/share/scara_control/launch/.mypy_cache/3.12/importlib/resources
-- Installing: /home/spoonge/Projects/Scara_arm_CNC/install/scara_control/share/scara_control/launch/.mypy_cache/3.12/importlib/resources/__init__.data.json
-- Installing: /home/spoonge/Projects/Scara_arm_CNC/install/scara_control/share/scara_control/launch/.mypy_cache/3.12/importlib/resources/__init__.meta.json
-- Installing: /home/spoonge/Projects/Scara_arm_CNC/install/scara_control/share/scara_control/launch/.mypy_cache/3.12/importlib/resources/abc.meta.json
-- Installing: /home/spoonge/Projects/Scara_arm_CNC/install/scara_control/share/scara_control/launch/.mypy_cache/3.12/importlib/resources/abc.data.json
-- Installing: /home/spoonge/Projects/Scara_arm_CNC/install/scara_control/share/scara_control/launch/.mypy_cache/3.12/importlib/machinery.meta.json
-- Installing: /home/spoonge/Projects/Scara_arm_CNC/install/scara_control/share/scara_control/launch/.mypy_cache/3.12/importlib/readers.data.json
-- Installing: /home/spoonge/Projects/Scara_arm_CNC/install/scara_control/share/scara_control/launch/.mypy_cache/3.12/importlib/readers.meta.json
-- Installing: /home/spoonge/Projects/Scara_arm_CNC/install/scara_control/share/scara_control/launch/.mypy_cache/3.12/importlib/_abc.meta.json
-- Installing: /home/spoonge/Projects/Scara_arm_CNC/install/scara_control/share/scara_control/launch/.mypy_cache/3.12/importlib/__init__.meta.json
-- Installing: /home/spoonge/Projects/Scara_arm_CNC/install/scara_control/share/scara_control/launch/.mypy_cache/3.12/importlib/abc.meta.json
-- Installing: /home/spoonge/Projects/Scara_arm_CNC/install/scara_control/share/scara_control/launch/.mypy_cache/3.12/importlib/_abc.data.json
-- Installing: /home/spoonge/Projects/Scara_arm_CNC/install/scara_control/share/scara_control/launch/.mypy_cache/3.12/importlib/abc.data.json
-- Installing: /home/spoonge/Projects/Scara_arm_CNC/install/scara_control/share/scara_control/launch/.mypy_cache/3.12/importlib/metadata
-- Installing: /home/spoonge/Projects/Scara_arm_CNC/install/scara_control/share/scara_control/launch/.mypy_cache/3.12/importlib/metadata/__init__.data.json
-- Installing: /home/spoonge/Projects/Scara_arm_CNC/install/scara_control/share/scara_control/launch/.mypy_cache/3.12/importlib/metadata/_meta.data.json
-- Installing: /home/spoonge/Projects/Scara_arm_CNC/install/scara_control/share/scara_control/launch/.mypy_cache/3.12/importlib/metadata/__init__.meta.json
-- Installing: /home/spoonge/Projects/Scara_arm_CNC/install/scara_control/share/scara_control/launch/.mypy_cache/3.12/importlib/metadata/_meta.meta.json
-- Installing: /home/spoonge/Projects/Scara_arm_CNC/install/scara_control/share/scara_control/launch/.mypy_cache/3.12/importlib/machinery.data.json
-- Installing: /home/spoonge/Projects/Scara_arm_CNC/install/scara_control/share/scara_control/launch/.mypy_cache/3.12/tempfile.data.json
-- Installing: /home/spoonge/Projects/Scara_arm_CNC/install/scara_control/share/scara_control/launch/.mypy_cache/3.12/sre_constants.data.json
-- Installing: /home/spoonge/Projects/Scara_arm_CNC/install/scara_control/share/scara_control/launch/.mypy_cache/3.12/io.meta.json
-- Installing: /home/spoonge/Projects/Scara_arm_CNC/install/scara_control/share/scara_control/launch/.mypy_cache/3.12/_csv.data.json
-- Installing: /home/spoonge/Projects/Scara_arm_CNC/install/scara_control/share/scara_control/launch/.mypy_cache/3.12/copyreg.meta.json
-- Installing: /home/spoonge/Projects/Scara_arm_CNC/install/scara_control/share/scara_control/launch/.mypy_cache/3.12/_thread.data.json
-- Installing: /home/spoonge/Projects/Scara_arm_CNC/install/scara_control/share/scara_control/launch/.mypy_cache/3.12/zipfile
-- Installing: /home/spoonge/Projects/Scara_arm_CNC/install/scara_control/share/scara_control/launch/.mypy_cache/3.12/zipfile/__init__.data.json
-- Installing: /home/spoonge/Projects/Scara_arm_CNC/install/scara_control/share/scara_control/launch/.mypy_cache/3.12/zipfile/_path.meta.json
-- Installing: /home/spoonge/Projects/Scara_arm_CNC/install/scara_control/share/scara_control/launch/.mypy_cache/3.12/zipfile/__init__.meta.json
-- Installing: /home/spoonge/Projects/Scara_arm_CNC/install/scara_control/share/scara_control/launch/.mypy_cache/3.12/zipfile/_path.data.json
-- Installing: /home/spoonge/Projects/Scara_arm_CNC/install/scara_control/share/scara_control/launch/.mypy_cache/3.12/datetime.data.json
-- Installing: /home/spoonge/Projects/Scara_arm_CNC/install/scara_control/share/scara_control/launch/.mypy_cache/3.12/resource.meta.json
-- Installing: /home/spoonge/Projects/Scara_arm_CNC/install/scara_control/share/scara_control/launch/.mypy_cache/3.12/builtins.meta.json
-- Installing: /home/spoonge/Projects/Scara_arm_CNC/install/scara_control/share/scara_control/launch/.mypy_cache/3.12/typing.data.json
-- Installing: /home/spoonge/Projects/Scara_arm_CNC/install/scara_control/share/scara_control/launch/.mypy_cache/3.12/abc.data.json
-- Installing: /home/spoonge/Projects/Scara_arm_CNC/install/scara_control/share/scara_control/launch/.mypy_cache/3.12/copyreg.data.json
-- Installing: /home/spoonge/Projects/Scara_arm_CNC/install/scara_control/share/scara_control/launch/.mypy_cache/3.12/_socket.meta.json
-- Installing: /home/spoonge/Projects/Scara_arm_CNC/install/scara_control/share/scara_control/launch/.mypy_cache/3.12/rclpy
-- Installing: /home/spoonge/Projects/Scara_arm_CNC/install/scara_control/share/scara_control/launch/.mypy_cache/3.12/rclpy/__init__.data.json
-- Installing: /home/spoonge/Projects/Scara_arm_CNC/install/scara_control/share/scara_control/launch/.mypy_cache/3.12/rclpy/validate_namespace.data.json
-- Installing: /home/spoonge/Projects/Scara_arm_CNC/install/scara_control/share/scara_control/launch/.mypy_cache/3.12/rclpy/publisher.meta.json
-- Installing: /home/spoonge/Projects/Scara_arm_CNC/install/scara_control/share/scara_control/launch/.mypy_cache/3.12/rclpy/logging.data.json
-- Installing: /home/spoonge/Projects/Scara_arm_CNC/install/scara_control/share/scara_control/launch/.mypy_cache/3.12/rclpy/destroyable.data.json
-- Installing: /home/spoonge/Projects/Scara_arm_CNC/install/scara_control/share/scara_control/launch/.mypy_cache/3.12/rclpy/service.data.json
-- Installing: /home/spoonge/Projects/Scara_arm_CNC/install/scara_control/share/scara_control/launch/.mypy_cache/3.12/rclpy/exceptions.meta.json
-- Installing: /home/spoonge/Projects/Scara_arm_CNC/install/scara_control/share/scara_control/launch/.mypy_cache/3.12/rclpy/service.meta.json
-- Installing: /home/spoonge/Projects/Scara_arm_CNC/install/scara_control/share/scara_control/launch/.mypy_cache/3.12/rclpy/signals.data.json
-- Installing: /home/spoonge/Projects/Scara_arm_CNC/install/scara_control/share/scara_control/launch/.mypy_cache/3.12/rclpy/client.data.json
-- Installing: /home/spoonge/Projects/Scara_arm_CNC/install/scara_control/share/scara_control/launch/.mypy_cache/3.12/rclpy/constants.meta.json
-- Installing: /home/spoonge/Projects/Scara_arm_CNC/install/scara_control/share/scara_control/launch/.mypy_cache/3.12/rclpy/validate_namespace.meta.json
-- Installing: /home/spoonge/Projects/Scara_arm_CNC/install/scara_control/share/scara_control/launch/.mypy_cache/3.12/rclpy/guard_condition.meta.json
-- Installing: /home/spoonge/Projects/Scara_arm_CNC/install/scara_control/share/scara_control/launch/.mypy_cache/3.12/rclpy/node.data.json
-- Installing: /home/spoonge/Projects/Scara_arm_CNC/install/scara_control/share/scara_control/launch/.mypy_cache/3.12/rclpy/validate_full_topic_name.data.json
-- Installing: /home/spoonge/Projects/Scara_arm_CNC/install/scara_control/share/scara_control/launch/.mypy_cache/3.12/rclpy/constants.data.json
-- Installing: /home/spoonge/Projects/Scara_arm_CNC/install/scara_control/share/scara_control/launch/.mypy_cache/3.12/rclpy/context.data.json
-- Installing: /home/spoonge/Projects/Scara_arm_CNC/install/scara_control/share/scara_control/launch/.mypy_cache/3.12/rclpy/event_handler.data.json
-- Installing: /home/spoonge/Projects/Scara_arm_CNC/install/scara_control/share/scara_control/launch/.mypy_cache/3.12/rclpy/parameter_service.data.json
-- Installing: /home/spoonge/Projects/Scara_arm_CNC/install/scara_control/share/scara_control/launch/.mypy_cache/3.12/rclpy/validate_parameter_name.data.json
-- Installing: /home/spoonge/Projects/Scara_arm_CNC/install/scara_control/share/scara_control/launch/.mypy_cache/3.12/rclpy/clock.data.json
-- Installing: /home/spoonge/Projects/Scara_arm_CNC/install/scara_control/share/scara_control/launch/.mypy_cache/3.12/rclpy/validate_parameter_name.meta.json
-- Installing: /home/spoonge/Projects/Scara_arm_CNC/install/scara_control/share/scara_control/launch/.mypy_cache/3.12/rclpy/parameter.data.json
-- Installing: /home/spoonge/Projects/Scara_arm_CNC/install/scara_control/share/scara_control/launch/.mypy_cache/3.12/rclpy/time.data.json
-- Installing: /home/spoonge/Projects/Scara_arm_CNC/install/scara_control/share/scara_control/launch/.mypy_cache/3.12/rclpy/service_introspection.data.json
-- Installing: /home/spoonge/Projects/Scara_arm_CNC/install/scara_control/share/scara_control/launch/.mypy_cache/3.12/rclpy/validate_topic_name.data.json
-- Installing: /home/spoonge/Projects/Scara_arm_CNC/install/scara_control/share/scara_control/launch/.mypy_cache/3.12/rclpy/topic_endpoint_info.meta.json
-- Installing: /home/spoonge/Projects/Scara_arm_CNC/install/scara_control/share/scara_control/launch/.mypy_cache/3.12/rclpy/type_support.data.json
-- Installing: /home/spoonge/Projects/Scara_arm_CNC/install/scara_control/share/scara_control/launch/.mypy_cache/3.12/rclpy/publisher.data.json
-- Installing: /home/spoonge/Projects/Scara_arm_CNC/install/scara_control/share/scara_control/launch/.mypy_cache/3.12/rclpy/time_source.data.json
-- Installing: /home/spoonge/Projects/Scara_arm_CNC/install/scara_control/share/scara_control/launch/.mypy_cache/3.12/rclpy/clock.meta.json
-- Installing: /home/spoonge/Projects/Scara_arm_CNC/install/scara_control/share/scara_control/launch/.mypy_cache/3.12/rclpy/qos.data.json
-- Installing: /home/spoonge/Projects/Scara_arm_CNC/install/scara_control/share/scara_control/launch/.mypy_cache/3.12/rclpy/type_hash.data.json
-- Installing: /home/spoonge/Projects/Scara_arm_CNC/install/scara_control/share/scara_control/launch/.mypy_cache/3.12/rclpy/exceptions.data.json
-- Installing: /home/spoonge/Projects/Scara_arm_CNC/install/scara_control/share/scara_control/launch/.mypy_cache/3.12/rclpy/logging.meta.json
-- Installing: /home/spoonge/Projects/Scara_arm_CNC/install/scara_control/share/scara_control/launch/.mypy_cache/3.12/rclpy/logging_service.meta.json
-- Installing: /home/spoonge/Projects/Scara_arm_CNC/install/scara_control/share/scara_control/launch/.mypy_cache/3.12/rclpy/validate_topic_name.meta.json
-- Installing: /home/spoonge/Projects/Scara_arm_CNC/install/scara_control/share/scara_control/launch/.mypy_cache/3.12/rclpy/subscription.meta.json
-- Installing: /home/spoonge/Projects/Scara_arm_CNC/install/scara_control/share/scara_control/launch/.mypy_cache/3.12/rclpy/callback_groups.data.json
-- Installing: /home/spoonge/Projects/Scara_arm_CNC/install/scara_control/share/scara_control/launch/.mypy_cache/3.12/rclpy/timer.data.json
-- Installing: /home/spoonge/Projects/Scara_arm_CNC/install/scara_control/share/scara_control/launch/.mypy_cache/3.12/rclpy/signals.meta.json
-- Installing: /home/spoonge/Projects/Scara_arm_CNC/install/scara_control/share/scara_control/launch/.mypy_cache/3.12/rclpy/duration.meta.json
-- Installing: /home/spoonge/Projects/Scara_arm_CNC/install/scara_control/share/scara_control/launch/.mypy_cache/3.12/rclpy/event_handler.meta.json
-- Installing: /home/spoonge/Projects/Scara_arm_CNC/install/scara_control/share/scara_control/launch/.mypy_cache/3.12/rclpy/node.meta.json
-- Installing: /home/spoonge/Projects/Scara_arm_CNC/install/scara_control/share/scara_control/launch/.mypy_cache/3.12/rclpy/destroyable.meta.json
-- Installing: /home/spoonge/Projects/Scara_arm_CNC/install/scara_control/share/scara_control/launch/.mypy_cache/3.12/rclpy/duration.data.json
-- Installing: /home/spoonge/Projects/Scara_arm_CNC/install/scara_control/share/scara_control/launch/.mypy_cache/3.12/rclpy/validate_full_topic_name.meta.json
-- Installing: /home/spoonge/Projects/Scara_arm_CNC/install/scara_control/share/scara_control/launch/.mypy_cache/3.12/rclpy/__init__.meta.json
-- Installing: /home/spoonge/Projects/Scara_arm_CNC/install/scara_control/share/scara_control/launch/.mypy_cache/3.12/rclpy/logging_service.data.json
-- Installing: /home/spoonge/Projects/Scara_arm_CNC/install/scara_control/share/scara_control/launch/.mypy_cache/3.12/rclpy/parameter.meta.json
-- Installing: /home/spoonge/Projects/Scara_arm_CNC/install/scara_control/share/scara_control/launch/.mypy_cache/3.12/rclpy/guard_condition.data.json
-- Installing: /home/spoonge/Projects/Scara_arm_CNC/install/scara_control/share/scara_control/launch/.mypy_cache/3.12/rclpy/parameter_service.meta.json
-- Installing: /home/spoonge/Projects/Scara_arm_CNC/install/scara_control/share/scara_control/launch/.mypy_cache/3.12/rclpy/expand_topic_name.data.json
-- Installing: /home/spoonge/Projects/Scara_arm_CNC/install/scara_control/share/scara_control/launch/.mypy_cache/3.12/rclpy/executors.data.json
-- Installing: /home/spoonge/Projects/Scara_arm_CNC/install/scara_control/share/scara_control/launch/.mypy_cache/3.12/rclpy/context.meta.json
-- Installing: /home/spoonge/Projects/Scara_arm_CNC/install/scara_control/share/scara_control/launch/.mypy_cache/3.12/rclpy/waitable.meta.json
-- Installing: /home/spoonge/Projects/Scara_arm_CNC/install/scara_control/share/scara_control/launch/.mypy_cache/3.12/rclpy/validate_node_name.data.json
-- Installing: /home/spoonge/Projects/Scara_arm_CNC/install/scara_control/share/scara_control/launch/.mypy_cache/3.12/rclpy/clock_type.data.json
-- Installing: /home/spoonge/Projects/Scara_arm_CNC/install/scara_control/share/scara_control/launch/.mypy_cache/3.12/rclpy/type_hash.meta.json
-- Installing: /home/spoonge/Projects/Scara_arm_CNC/install/scara_control/share/scara_control/launch/.mypy_cache/3.12/rclpy/timer.meta.json
-- Installing: /home/spoonge/Projects/Scara_arm_CNC/install/scara_control/share/scara_control/launch/.mypy_cache/3.12/rclpy/task.meta.json
-- Installing: /home/spoonge/Projects/Scara_arm_CNC/install/scara_control/share/scara_control/launch/.mypy_cache/3.12/rclpy/waitable.data.json
-- Installing: /home/spoonge/Projects/Scara_arm_CNC/install/scara_control/share/scara_control/launch/.mypy_cache/3.12/rclpy/type_description_service.meta.json
-- Installing: /home/spoonge/Projects/Scara_arm_CNC/install/scara_control/share/scara_control/launch/.mypy_cache/3.12/rclpy/expand_topic_name.meta.json
-- Installing: /home/spoonge/Projects/Scara_arm_CNC/install/scara_control/share/scara_control/launch/.mypy_cache/3.12/rclpy/qos.meta.json
-- Installing: /home/spoonge/Projects/Scara_arm_CNC/install/scara_control/share/scara_control/launch/.mypy_cache/3.12/rclpy/type_description_service.data.json
-- Installing: /home/spoonge/Projects/Scara_arm_CNC/install/scara_control/share/scara_control/launch/.mypy_cache/3.12/rclpy/service_introspection.meta.json
-- Installing: /home/spoonge/Projects/Scara_arm_CNC/install/scara_control/share/scara_control/launch/.mypy_cache/3.12/rclpy/qos_overriding_options.data.json
-- Installing: /home/spoonge/Projects/Scara_arm_CNC/install/scara_control/share/scara_control/launch/.mypy_cache/3.12/rclpy/validate_node_name.meta.json
-- Installing: /home/spoonge/Projects/Scara_arm_CNC/install/scara_control/share/scara_control/launch/.mypy_cache/3.12/rclpy/topic_endpoint_info.data.json
-- Installing: /home/spoonge/Projects/Scara_arm_CNC/install/scara_control/share/scara_control/launch/.mypy_cache/3.12/rclpy/utilities.data.json
-- Installing: /home/spoonge/Projects/Scara_arm_CNC/install/scara_control/share/scara_control/launch/.mypy_cache/3.12/rclpy/client.meta.json
-- Installing: /home/spoonge/Projects/Scara_arm_CNC/install/scara_control/share/scara_control/launch/.mypy_cache/3.12/rclpy/impl
-- Installing: /home/spoonge/Projects/Scara_arm_CNC/install/scara_control/share/scara_control/launch/.mypy_cache/3.12/rclpy/impl/__init__.data.json
-- Installing: /home/spoonge/Projects/Scara_arm_CNC/install/scara_control/share/scara_control/launch/.mypy_cache/3.12/rclpy/impl/implementation_singleton.data.json
-- Installing: /home/spoonge/Projects/Scara_arm_CNC/install/scara_control/share/scara_control/launch/.mypy_cache/3.12/rclpy/impl/rcutils_logger.data.json
-- Installing: /home/spoonge/Projects/Scara_arm_CNC/install/scara_control/share/scara_control/launch/.mypy_cache/3.12/rclpy/impl/logging_severity.data.json
-- Installing: /home/spoonge/Projects/Scara_arm_CNC/install/scara_control/share/scara_control/launch/.mypy_cache/3.12/rclpy/impl/__init__.meta.json
-- Installing: /home/spoonge/Projects/Scara_arm_CNC/install/scara_control/share/scara_control/launch/.mypy_cache/3.12/rclpy/impl/logging_severity.meta.json
-- Installing: /home/spoonge/Projects/Scara_arm_CNC/install/scara_control/share/scara_control/launch/.mypy_cache/3.12/rclpy/impl/implementation_singleton.meta.json
-- Installing: /home/spoonge/Projects/Scara_arm_CNC/install/scara_control/share/scara_control/launch/.mypy_cache/3.12/rclpy/impl/rcutils_logger.meta.json
-- Installing: /home/spoonge/Projects/Scara_arm_CNC/install/scara_control/share/scara_control/launch/.mypy_cache/3.12/rclpy/callback_groups.meta.json
-- Installing: /home/spoonge/Projects/Scara_arm_CNC/install/scara_control/share/scara_control/launch/.mypy_cache/3.12/rclpy/time.meta.json
-- Installing: /home/spoonge/Projects/Scara_arm_CNC/install/scara_control/share/scara_control/launch/.mypy_cache/3.12/rclpy/executors.meta.json
-- Installing: /home/spoonge/Projects/Scara_arm_CNC/install/scara_control/share/scara_control/launch/.mypy_cache/3.12/rclpy/type_support.meta.json
-- Installing: /home/spoonge/Projects/Scara_arm_CNC/install/scara_control/share/scara_control/launch/.mypy_cache/3.12/rclpy/clock_type.meta.json
-- Installing: /home/spoonge/Projects/Scara_arm_CNC/install/scara_control/share/scara_control/launch/.mypy_cache/3.12/rclpy/subscription.data.json
-- Installing: /home/spoonge/Projects/Scara_arm_CNC/install/scara_control/share/scara_control/launch/.mypy_cache/3.12/rclpy/time_source.meta.json
-- Installing: /home/spoonge/Projects/Scara_arm_CNC/install/scara_control/share/scara_control/launch/.mypy_cache/3.12/rclpy/utilities.meta.json
-- Installing: /home/spoonge/Projects/Scara_arm_CNC/install/scara_control/share/scara_control/launch/.mypy_cache/3.12/rclpy/qos_overriding_options.meta.json
-- Installing: /home/spoonge/Projects/Scara_arm_CNC/install/scara_control/share/scara_control/launch/.mypy_cache/3.12/rclpy/task.data.json
-- Installing: /home/spoonge/Projects/Scara_arm_CNC/install/scara_control/share/scara_control/launch/.mypy_cache/3.12/_ast.meta.json
-- Installing: /home/spoonge/Projects/Scara_arm_CNC/install/scara_control/share/scara_control/launch/.mypy_cache/3.12/time.meta.json
-- Installing: /home/spoonge/Projects/Scara_arm_CNC/install/scara_control/share/scara_control/launch/.mypy_cache/3.12/posixpath.meta.json
-- Installing: /home/spoonge/Projects/Scara_arm_CNC/install/scara_control/share/scara_control/launch/.mypy_cache/3.12/ssl.data.json
-- Installing: /home/spoonge/Projects/Scara_arm_CNC/install/scara_control/share/scara_control/launch/.mypy_cache/3.12/platform.meta.json
-- Installing: /home/spoonge/Projects/Scara_arm_CNC/install/scara_control/share/scara_control/launch/.mypy_cache/3.12/collections
-- Installing: /home/spoonge/Projects/Scara_arm_CNC/install/scara_control/share/scara_control/launch/.mypy_cache/3.12/collections/__init__.data.json
-- Installing: /home/spoonge/Projects/Scara_arm_CNC/install/scara_control/share/scara_control/launch/.mypy_cache/3.12/collections/__init__.meta.json
-- Installing: /home/spoonge/Projects/Scara_arm_CNC/install/scara_control/share/scara_control/launch/.mypy_cache/3.12/collections/abc.meta.json
-- Installing: /home/spoonge/Projects/Scara_arm_CNC/install/scara_control/share/scara_control/launch/.mypy_cache/3.12/collections/abc.data.json
-- Installing: /home/spoonge/Projects/Scara_arm_CNC/install/scara_control/share/scara_control/launch/.mypy_cache/3.12/packaging
-- Installing: /home/spoonge/Projects/Scara_arm_CNC/install/scara_control/share/scara_control/launch/.mypy_cache/3.12/packaging/__init__.data.json
-- Installing: /home/spoonge/Projects/Scara_arm_CNC/install/scara_control/share/scara_control/launch/.mypy_cache/3.12/packaging/_structures.data.json
-- Installing: /home/spoonge/Projects/Scara_arm_CNC/install/scara_control/share/scara_control/launch/.mypy_cache/3.12/packaging/__init__.meta.json
-- Installing: /home/spoonge/Projects/Scara_arm_CNC/install/scara_control/share/scara_control/launch/.mypy_cache/3.12/packaging/version.meta.json
-- Installing: /home/spoonge/Projects/Scara_arm_CNC/install/scara_control/share/scara_control/launch/.mypy_cache/3.12/packaging/version.data.json
-- Installing: /home/spoonge/Projects/Scara_arm_CNC/install/scara_control/share/scara_control/launch/.mypy_cache/3.12/packaging/_structures.meta.json
-- Installing: /home/spoonge/Projects/Scara_arm_CNC/install/scara_control/share/scara_control/launch/.mypy_cache/3.12/weakref.data.json
-- Installing: /home/spoonge/Projects/Scara_arm_CNC/install/scara_control/share/scara_control/launch/.mypy_cache/3.12/multiprocessing
-- Installing: /home/spoonge/Projects/Scara_arm_CNC/install/scara_control/share/scara_control/launch/.mypy_cache/3.12/multiprocessing/__init__.data.json
-- Installing: /home/spoonge/Projects/Scara_arm_CNC/install/scara_control/share/scara_control/launch/.mypy_cache/3.12/multiprocessing/sharedctypes.meta.json
-- Installing: /home/spoonge/Projects/Scara_arm_CNC/install/scara_control/share/scara_control/launch/.mypy_cache/3.12/multiprocessing/queues.meta.json
-- Installing: /home/spoonge/Projects/Scara_arm_CNC/install/scara_control/share/scara_control/launch/.mypy_cache/3.12/multiprocessing/process.meta.json
-- Installing: /home/spoonge/Projects/Scara_arm_CNC/install/scara_control/share/scara_control/launch/.mypy_cache/3.12/multiprocessing/context.data.json
-- Installing: /home/spoonge/Projects/Scara_arm_CNC/install/scara_control/share/scara_control/launch/.mypy_cache/3.12/multiprocessing/process.data.json
-- Installing: /home/spoonge/Projects/Scara_arm_CNC/install/scara_control/share/scara_control/launch/.mypy_cache/3.12/multiprocessing/managers.data.json
-- Installing: /home/spoonge/Projects/Scara_arm_CNC/install/scara_control/share/scara_control/launch/.mypy_cache/3.12/multiprocessing/connection.data.json
-- Installing: /home/spoonge/Projects/Scara_arm_CNC/install/scara_control/share/scara_control/launch/.mypy_cache/3.12/multiprocessing/popen_forkserver.data.json
-- Installing: /home/spoonge/Projects/Scara_arm_CNC/install/scara_control/share/scara_control/launch/.mypy_cache/3.12/multiprocessing/popen_spawn_posix.data.json
-- Installing: /home/spoonge/Projects/Scara_arm_CNC/install/scara_control/share/scara_control/launch/.mypy_cache/3.12/multiprocessing/connection.meta.json
-- Installing: /home/spoonge/Projects/Scara_arm_CNC/install/scara_control/share/scara_control/launch/.mypy_cache/3.12/multiprocessing/popen_forkserver.meta.json
-- Installing: /home/spoonge/Projects/Scara_arm_CNC/install/scara_control/share/scara_control/launch/.mypy_cache/3.12/multiprocessing/pool.meta.json
-- Installing: /home/spoonge/Projects/Scara_arm_CNC/install/scara_control/share/scara_control/launch/.mypy_cache/3.12/multiprocessing/popen_fork.meta.json
-- Installing: /home/spoonge/Projects/Scara_arm_CNC/install/scara_control/share/scara_control/launch/.mypy_cache/3.12/multiprocessing/sharedctypes.data.json
-- Installing: /home/spoonge/Projects/Scara_arm_CNC/install/scara_control/share/scara_control/launch/.mypy_cache/3.12/multiprocessing/synchronize.meta.json
-- Installing: /home/spoonge/Projects/Scara_arm_CNC/install/scara_control/share/scara_control/launch/.mypy_cache/3.12/multiprocessing/queues.data.json
-- Installing: /home/spoonge/Projects/Scara_arm_CNC/install/scara_control/share/scara_control/launch/.mypy_cache/3.12/multiprocessing/shared_memory.meta.json
-- Installing: /home/spoonge/Projects/Scara_arm_CNC/install/scara_control/share/scara_control/launch/.mypy_cache/3.12/multiprocessing/util.data.json
-- Installing: /home/spoonge/Projects/Scara_arm_CNC/install/scara_control/share/scara_control/launch/.mypy_cache/3.12/multiprocessing/shared_memory.data.json
-- Installing: /home/spoonge/Projects/Scara_arm_CNC/install/scara_control/share/scara_control/launch/.mypy_cache/3.12/multiprocessing/managers.meta.json
-- Installing: /home/spoonge/Projects/Scara_arm_CNC/install/scara_control/share/scara_control/launch/.mypy_cache/3.12/multiprocessing/popen_fork.data.json
-- Installing: /home/spoonge/Projects/Scara_arm_CNC/install/scara_control/share/scara_control/launch/.mypy_cache/3.12/multiprocessing/__init__.meta.json
-- Installing: /home/spoonge/Projects/Scara_arm_CNC/install/scara_control/share/scara_control/launch/.mypy_cache/3.12/multiprocessing/popen_spawn_win32.data.json
-- Installing: /home/spoonge/Projects/Scara_arm_CNC/install/scara_control/share/scara_control/launch/.mypy_cache/3.12/multiprocessing/pool.data.json
-- Installing: /home/spoonge/Projects/Scara_arm_CNC/install/scara_control/share/scara_control/launch/.mypy_cache/3.12/multiprocessing/context.meta.json
-- Installing: /home/spoonge/Projects/Scara_arm_CNC/install/scara_control/share/scara_control/launch/.mypy_cache/3.12/multiprocessing/util.meta.json
-- Installing: /home/spoonge/Projects/Scara_arm_CNC/install/scara_control/share/scara_control/launch/.mypy_cache/3.12/multiprocessing/popen_spawn_win32.meta.json
-- Installing: /home/spoonge/Projects/Scara_arm_CNC/install/scara_control/share/scara_control/launch/.mypy_cache/3.12/multiprocessing/spawn.data.json
-- Installing: /home/spoonge/Projects/Scara_arm_CNC/install/scara_control/share/scara_control/launch/.mypy_cache/3.12/multiprocessing/popen_spawn_posix.meta.json
-- Installing: /home/spoonge/Projects/Scara_arm_CNC/install/scara_control/share/scara_control/launch/.mypy_cache/3.12/multiprocessing/reduction.data.json
-- Installing: /home/spoonge/Projects/Scara_arm_CNC/install/scara_control/share/scara_control/launch/.mypy_cache/3.12/multiprocessing/spawn.meta.json
-- Installing: /home/spoonge/Projects/Scara_arm_CNC/install/scara_control/share/scara_control/launch/.mypy_cache/3.12/multiprocessing/synchronize.data.json
-- Installing: /home/spoonge/Projects/Scara_arm_CNC/install/scara_control/share/scara_control/launch/.mypy_cache/3.12/multiprocessing/reduction.meta.json
-- Installing: /home/spoonge/Projects/Scara_arm_CNC/install/scara_control/share/scara_control/launch/.mypy_cache/3.12/_collections_abc.data.json
-- Installing: /home/spoonge/Projects/Scara_arm_CNC/install/scara_control/share/scara_control/launch/.mypy_cache/3.12/ctypes
-- Installing: /home/spoonge/Projects/Scara_arm_CNC/install/scara_control/share/scara_control/launch/.mypy_cache/3.12/ctypes/__init__.data.json
-- Installing: /home/spoonge/Projects/Scara_arm_CNC/install/scara_control/share/scara_control/launch/.mypy_cache/3.12/ctypes/_endian.data.json
-- Installing: /home/spoonge/Projects/Scara_arm_CNC/install/scara_control/share/scara_control/launch/.mypy_cache/3.12/ctypes/__init__.meta.json
-- Installing: /home/spoonge/Projects/Scara_arm_CNC/install/scara_control/share/scara_control/launch/.mypy_cache/3.12/ctypes/_endian.meta.json
-- Installing: /home/spoonge/Projects/Scara_arm_CNC/install/scara_control/share/scara_control/launch/.mypy_cache/3.12/opcode.data.json
-- Installing: /home/spoonge/Projects/Scara_arm_CNC/install/scara_control/share/scara_control/launch/.mypy_cache/.gitignore
-- Installing: /home/spoonge/Projects/Scara_arm_CNC/install/scara_control/share/scara_control/launch/.mypy_cache/CACHEDIR.TAG
-- Installing: /home/spoonge/Projects/Scara_arm_CNC/install/scara_control/share/scara_control/launch/controllers.launch.py
-- Installing: /home/spoonge/Projects/Scara_arm_CNC/install/scara_control/share/scara_control/config
-- Installing: /home/spoonge/Projects/Scara_arm_CNC/install/scara_control/share/scara_control/config/controllers.yaml
-- Installing: /home/spoonge/Projects/Scara_arm_CNC/install/scara_control/share/ament_index/resource_index/package_run_dependencies/scara_control
-- Installing: /home/spoonge/Projects/Scara_arm_CNC/install/scara_control/share/ament_index/resource_index/parent_prefix_path/scara_control
-- Installing: /home/spoonge/Projects/Scara_arm_CNC/install/scara_control/share/scara_control/environment/ament_prefix_path.sh
-- Installing: /home/spoonge/Projects/Scara_arm_CNC/install/scara_control/share/scara_control/environment/ament_prefix_path.dsv
-- Installing: /home/spoonge/Projects/Scara_arm_CNC/install/scara_control/share/scara_control/environment/path.sh
-- Installing: /home/spoonge/Projects/Scara_arm_CNC/install/scara_control/share/scara_control/environment/path.dsv
-- Installing: /home/spoonge/Projects/Scara_arm_CNC/install/scara_control/share/scara_control/local_setup.bash
-- Installing: /home/spoonge/Projects/Scara_arm_CNC/install/scara_control/share/scara_control/local_setup.sh
-- Installing: /home/spoonge/Projects/Scara_arm_CNC/install/scara_control/share/scara_control/local_setup.zsh
-- Installing: /home/spoonge/Projects/Scara_arm_CNC/install/scara_control/share/scara_control/local_setup.dsv
-- Installing: /home/spoonge/Projects/Scara_arm_CNC/install/scara_control/share/scara_control/package.dsv
-- Installing: /home/spoonge/Projects/Scara_arm_CNC/install/scara_control/share/ament_index/resource_index/packages/scara_control
-- Installing: /home/spoonge/Projects/Scara_arm_CNC/install/scara_control/share/scara_control/cmake/scara_controlConfig.cmake
-- Installing: /home/spoonge/Projects/Scara_arm_CNC/install/scara_control/share/scara_control/cmake/scara_controlConfig-version.cmake
-- Installing: /home/spoonge/Projects/Scara_arm_CNC/install/scara_control/share/scara_control/package.xml
