[0.584s] Invoking command in '/home/spoonge/Projects/Scara_arm_CNC/build/scara_control': CMAKE_PREFIX_PATH=${CMAKE_PREFIX_PATH}:/home/spoonge/Projects/Scara_arm_CNC/ros2_ws/install/scara_sim:/home/spoonge/Projects/Scara_arm_CNC/ros2_ws/install/scara_application:/home/spoonge/Projects/Scara_arm_CNC/ros2_ws/install/scara_bringup:/home/spoonge/Projects/Scara_arm_CNC/ros2_ws/install/listener:/opt/ros/jazzy DEBUGINFOD_URLS=https://debuginfod.ubuntu.com /usr/bin/cmake /home/spoonge/Projects/Scara_arm_CNC/ros2_ws/src/scara_control -DCMAKE_INSTALL_PREFIX=/home/spoonge/Projects/Scara_arm_CNC/install/scara_control
[0.659s] -- The C compiler identification is GNU 13.3.0
[0.737s] -- The CXX compiler identification is GNU 13.3.0
[0.762s] -- Detecting C compiler ABI info
[0.888s] -- Detecting C compiler ABI info - done
[0.899s] -- Check for working C compiler: /usr/bin/cc - skipped
[0.899s] -- Detecting C compile features
[0.900s] -- Detecting C compile features - done
[0.913s] -- Detecting CXX compiler ABI info
[1.046s] -- Detecting CXX compiler ABI info - done
[1.057s] -- Check for working CXX compiler: /usr/bin/c++ - skipped
[1.057s] -- Detecting CXX compile features
[1.058s] -- Detecting CXX compile features - done
[1.065s] -- Found ament_cmake: 2.5.5 (/opt/ros/jazzy/share/ament_cmake/cmake)
[1.299s] -- Found Python3: /usr/bin/python3 (found version "3.12.3") found components: Interpreter 
[1.610s] -- Configuring done (1.0s)
[1.614s] -- Generating done (0.0s)
[1.616s] -- Build files have been written to: /home/spoonge/Projects/Scara_arm_CNC/build/scara_control
[2.127s] Invoked command in '/home/spoonge/Projects/Scara_arm_CNC/build/scara_control' returned '0': CMAKE_PREFIX_PATH=${CMAKE_PREFIX_PATH}:/home/spoonge/Projects/Scara_arm_CNC/ros2_ws/install/scara_sim:/home/spoonge/Projects/Scara_arm_CNC/ros2_ws/install/scara_application:/home/spoonge/Projects/Scara_arm_CNC/ros2_ws/install/scara_bringup:/home/spoonge/Projects/Scara_arm_CNC/ros2_ws/install/listener:/opt/ros/jazzy DEBUGINFOD_URLS=https://debuginfod.ubuntu.com /usr/bin/cmake /home/spoonge/Projects/Scara_arm_CNC/ros2_ws/src/scara_control -DCMAKE_INSTALL_PREFIX=/home/spoonge/Projects/Scara_arm_CNC/install/scara_control
[2.128s] Invoking command in '/home/spoonge/Projects/Scara_arm_CNC/build/scara_control': CMAKE_PREFIX_PATH=${CMAKE_PREFIX_PATH}:/home/spoonge/Projects/Scara_arm_CNC/ros2_ws/install/scara_sim:/home/spoonge/Projects/Scara_arm_CNC/ros2_ws/install/scara_application:/home/spoonge/Projects/Scara_arm_CNC/ros2_ws/install/scara_bringup:/home/spoonge/Projects/Scara_arm_CNC/ros2_ws/install/listener:/opt/ros/jazzy DEBUGINFOD_URLS=https://debuginfod.ubuntu.com /usr/bin/cmake --build /home/spoonge/Projects/Scara_arm_CNC/build/scara_control -- -j12 -l12
[2.204s] Invoked command in '/home/spoonge/Projects/Scara_arm_CNC/build/scara_control' returned '0': CMAKE_PREFIX_PATH=${CMAKE_PREFIX_PATH}:/home/spoonge/Projects/Scara_arm_CNC/ros2_ws/install/scara_sim:/home/spoonge/Projects/Scara_arm_CNC/ros2_ws/install/scara_application:/home/spoonge/Projects/Scara_arm_CNC/ros2_ws/install/scara_bringup:/home/spoonge/Projects/Scara_arm_CNC/ros2_ws/install/listener:/opt/ros/jazzy DEBUGINFOD_URLS=https://debuginfod.ubuntu.com /usr/bin/cmake --build /home/spoonge/Projects/Scara_arm_CNC/build/scara_control -- -j12 -l12
[2.206s] Invoking command in '/home/spoonge/Projects/Scara_arm_CNC/build/scara_control': CMAKE_PREFIX_PATH=${CMAKE_PREFIX_PATH}:/home/spoonge/Projects/Scara_arm_CNC/ros2_ws/install/scara_sim:/home/spoonge/Projects/Scara_arm_CNC/ros2_ws/install/scara_application:/home/spoonge/Projects/Scara_arm_CNC/ros2_ws/install/scara_bringup:/home/spoonge/Projects/Scara_arm_CNC/ros2_ws/install/listener:/opt/ros/jazzy DEBUGINFOD_URLS=https://debuginfod.ubuntu.com /usr/bin/cmake --install /home/spoonge/Projects/Scara_arm_CNC/build/scara_control
[2.220s] -- Install configuration: ""
[2.221s] -- Installing: /home/spoonge/Projects/Scara_arm_CNC/install/scara_control/share/scara_control/launch
[2.222s] -- Installing: /home/spoonge/Projects/Scara_arm_CNC/install/scara_control/share/scara_control/launch/.mypy_cache
[2.222s] -- Installing: /home/spoonge/Projects/Scara_arm_CNC/install/scara_control/share/scara_control/launch/.mypy_cache/3.12
[2.222s] -- Installing: /home/spoonge/Projects/Scara_arm_CNC/install/scara_control/share/scara_control/launch/.mypy_cache/3.12/pickle.meta.json
[2.223s] -- Installing: /home/spoonge/Projects/Scara_arm_CNC/install/scara_control/share/scara_control/launch/.mypy_cache/3.12/re.meta.json
[2.224s] -- Installing: /home/spoonge/Projects/Scara_arm_CNC/install/scara_control/share/scara_control/launch/.mypy_cache/3.12/posixpath.data.json
[2.226s] -- Installing: /home/spoonge/Projects/Scara_arm_CNC/install/scara_control/share/scara_control/launch/.mypy_cache/3.12/textwrap.meta.json
[2.226s] -- Installing: /home/spoonge/Projects/Scara_arm_CNC/install/scara_control/share/scara_control/launch/.mypy_cache/3.12/enum.data.json
[2.228s] -- Installing: /home/spoonge/Projects/Scara_arm_CNC/install/scara_control/share/scara_control/launch/.mypy_cache/3.12/pathlib.data.json
[2.230s] -- Installing: /home/spoonge/Projects/Scara_arm_CNC/install/scara_control/share/scara_control/launch/.mypy_cache/3.12/yaml
[2.231s] -- Installing: /home/spoonge/Projects/Scara_arm_CNC/install/scara_control/share/scara_control/launch/.mypy_cache/3.12/yaml/__init__.data.json
[2.232s] -- Installing: /home/spoonge/Projects/Scara_arm_CNC/install/scara_control/share/scara_control/launch/.mypy_cache/3.12/yaml/error.data.json
[2.233s] -- Installing: /home/spoonge/Projects/Scara_arm_CNC/install/scara_control/share/scara_control/launch/.mypy_cache/3.12/yaml/parser.meta.json
[2.233s] -- Installing: /home/spoonge/Projects/Scara_arm_CNC/install/scara_control/share/scara_control/launch/.mypy_cache/3.12/yaml/reader.data.json
[2.234s] -- Installing: /home/spoonge/Projects/Scara_arm_CNC/install/scara_control/share/scara_control/launch/.mypy_cache/3.12/yaml/serializer.data.json
[2.235s] -- Installing: /home/spoonge/Projects/Scara_arm_CNC/install/scara_control/share/scara_control/launch/.mypy_cache/3.12/yaml/serializer.meta.json
[2.235s] -- Installing: /home/spoonge/Projects/Scara_arm_CNC/install/scara_control/share/scara_control/launch/.mypy_cache/3.12/yaml/constructor.data.json
[2.236s] -- Installing: /home/spoonge/Projects/Scara_arm_CNC/install/scara_control/share/scara_control/launch/.mypy_cache/3.12/yaml/emitter.meta.json
[2.237s] -- Installing: /home/spoonge/Projects/Scara_arm_CNC/install/scara_control/share/scara_control/launch/.mypy_cache/3.12/yaml/loader.meta.json
[2.237s] -- Installing: /home/spoonge/Projects/Scara_arm_CNC/install/scara_control/share/scara_control/launch/.mypy_cache/3.12/yaml/events.data.json
[2.238s] -- Installing: /home/spoonge/Projects/Scara_arm_CNC/install/scara_control/share/scara_control/launch/.mypy_cache/3.12/yaml/_yaml.meta.json
[2.238s] -- Installing: /home/spoonge/Projects/Scara_arm_CNC/install/scara_control/share/scara_control/launch/.mypy_cache/3.12/yaml/resolver.data.json
[2.240s] -- Installing: /home/spoonge/Projects/Scara_arm_CNC/install/scara_control/share/scara_control/launch/.mypy_cache/3.12/yaml/scanner.data.json
[2.241s] -- Installing: /home/spoonge/Projects/Scara_arm_CNC/install/scara_control/share/scara_control/launch/.mypy_cache/3.12/yaml/representer.data.json
[2.242s] -- Installing: /home/spoonge/Projects/Scara_arm_CNC/install/scara_control/share/scara_control/launch/.mypy_cache/3.12/yaml/resolver.meta.json
[2.242s] -- Installing: /home/spoonge/Projects/Scara_arm_CNC/install/scara_control/share/scara_control/launch/.mypy_cache/3.12/yaml/emitter.data.json
[2.243s] -- Installing: /home/spoonge/Projects/Scara_arm_CNC/install/scara_control/share/scara_control/launch/.mypy_cache/3.12/yaml/dumper.meta.json
[2.244s] -- Installing: /home/spoonge/Projects/Scara_arm_CNC/install/scara_control/share/scara_control/launch/.mypy_cache/3.12/yaml/composer.data.json
[2.244s] -- Installing: /home/spoonge/Projects/Scara_arm_CNC/install/scara_control/share/scara_control/launch/.mypy_cache/3.12/yaml/parser.data.json
[2.245s] -- Installing: /home/spoonge/Projects/Scara_arm_CNC/install/scara_control/share/scara_control/launch/.mypy_cache/3.12/yaml/error.meta.json
[2.245s] -- Installing: /home/spoonge/Projects/Scara_arm_CNC/install/scara_control/share/scara_control/launch/.mypy_cache/3.12/yaml/representer.meta.json
[2.246s] -- Installing: /home/spoonge/Projects/Scara_arm_CNC/install/scara_control/share/scara_control/launch/.mypy_cache/3.12/yaml/tokens.meta.json
[2.246s] -- Installing: /home/spoonge/Projects/Scara_arm_CNC/install/scara_control/share/scara_control/launch/.mypy_cache/3.12/yaml/dumper.data.json
[2.247s] -- Installing: /home/spoonge/Projects/Scara_arm_CNC/install/scara_control/share/scara_control/launch/.mypy_cache/3.12/yaml/__init__.meta.json
[2.248s] -- Installing: /home/spoonge/Projects/Scara_arm_CNC/install/scara_control/share/scara_control/launch/.mypy_cache/3.12/yaml/constructor.meta.json
[2.248s] -- Installing: /home/spoonge/Projects/Scara_arm_CNC/install/scara_control/share/scara_control/launch/.mypy_cache/3.12/yaml/scanner.meta.json
[2.249s] -- Installing: /home/spoonge/Projects/Scara_arm_CNC/install/scara_control/share/scara_control/launch/.mypy_cache/3.12/yaml/tokens.data.json
[2.251s] -- Installing: /home/spoonge/Projects/Scara_arm_CNC/install/scara_control/share/scara_control/launch/.mypy_cache/3.12/yaml/events.meta.json
[2.252s] -- Installing: /home/spoonge/Projects/Scara_arm_CNC/install/scara_control/share/scara_control/launch/.mypy_cache/3.12/yaml/nodes.data.json
[2.252s] -- Installing: /home/spoonge/Projects/Scara_arm_CNC/install/scara_control/share/scara_control/launch/.mypy_cache/3.12/yaml/cyaml.meta.json
[2.253s] -- Installing: /home/spoonge/Projects/Scara_arm_CNC/install/scara_control/share/scara_control/launch/.mypy_cache/3.12/yaml/_yaml.data.json
[2.255s] -- Installing: /home/spoonge/Projects/Scara_arm_CNC/install/scara_control/share/scara_control/launch/.mypy_cache/3.12/yaml/loader.data.json
[2.256s] -- Installing: /home/spoonge/Projects/Scara_arm_CNC/install/scara_control/share/scara_control/launch/.mypy_cache/3.12/yaml/nodes.meta.json
[2.256s] -- Installing: /home/spoonge/Projects/Scara_arm_CNC/install/scara_control/share/scara_control/launch/.mypy_cache/3.12/yaml/composer.meta.json
[2.257s] -- Installing: /home/spoonge/Projects/Scara_arm_CNC/install/scara_control/share/scara_control/launch/.mypy_cache/3.12/yaml/reader.meta.json
[2.257s] -- Installing: /home/spoonge/Projects/Scara_arm_CNC/install/scara_control/share/scara_control/launch/.mypy_cache/3.12/yaml/cyaml.data.json
[2.258s] -- Installing: /home/spoonge/Projects/Scara_arm_CNC/install/scara_control/share/scara_control/launch/.mypy_cache/3.12/io.data.json
[2.260s] -- Installing: /home/spoonge/Projects/Scara_arm_CNC/install/scara_control/share/scara_control/launch/.mypy_cache/3.12/selectors.meta.json
[2.260s] -- Installing: /home/spoonge/Projects/Scara_arm_CNC/install/scara_control/share/scara_control/launch/.mypy_cache/3.12/_codecs.meta.json
[2.260s] -- Installing: /home/spoonge/Projects/Scara_arm_CNC/install/scara_control/share/scara_control/launch/.mypy_cache/3.12/_weakref.meta.json
[2.261s] -- Installing: /home/spoonge/Projects/Scara_arm_CNC/install/scara_control/share/scara_control/launch/.mypy_cache/3.12/tempfile.meta.json
[2.261s] -- Installing: /home/spoonge/Projects/Scara_arm_CNC/install/scara_control/share/scara_control/launch/.mypy_cache/3.12/warnings.data.json
[2.262s] -- Installing: /home/spoonge/Projects/Scara_arm_CNC/install/scara_control/share/scara_control/launch/.mypy_cache/3.12/subprocess.data.json
[2.263s] -- Installing: /home/spoonge/Projects/Scara_arm_CNC/install/scara_control/share/scara_control/launch/.mypy_cache/3.12/_warnings.meta.json
[2.263s] -- Installing: /home/spoonge/Projects/Scara_arm_CNC/install/scara_control/share/scara_control/launch/.mypy_cache/3.12/_thread.meta.json
[2.264s] -- Installing: /home/spoonge/Projects/Scara_arm_CNC/install/scara_control/share/scara_control/launch/.mypy_cache/3.12/_socket.data.json
[2.265s] -- Installing: /home/spoonge/Projects/Scara_arm_CNC/install/scara_control/share/scara_control/launch/.mypy_cache/3.12/pickle.data.json
[2.266s] -- Installing: /home/spoonge/Projects/Scara_arm_CNC/install/scara_control/share/scara_control/launch/.mypy_cache/3.12/functools.meta.json
[2.266s] -- Installing: /home/spoonge/Projects/Scara_arm_CNC/install/scara_control/share/scara_control/launch/.mypy_cache/3.12/datetime.meta.json
[2.267s] -- Installing: /home/spoonge/Projects/Scara_arm_CNC/install/scara_control/share/scara_control/launch/.mypy_cache/3.12/contextlib.meta.json
[2.267s] -- Installing: /home/spoonge/Projects/Scara_arm_CNC/install/scara_control/share/scara_control/launch/.mypy_cache/3.12/dataclasses.data.json
[2.268s] -- Installing: /home/spoonge/Projects/Scara_arm_CNC/install/scara_control/share/scara_control/launch/.mypy_cache/3.12/sys
[2.268s] -- Installing: /home/spoonge/Projects/Scara_arm_CNC/install/scara_control/share/scara_control/launch/.mypy_cache/3.12/sys/__init__.data.json
[2.270s] -- Installing: /home/spoonge/Projects/Scara_arm_CNC/install/scara_control/share/scara_control/launch/.mypy_cache/3.12/sys/_monitoring.meta.json
[2.271s] -- Installing: /home/spoonge/Projects/Scara_arm_CNC/install/scara_control/share/scara_control/launch/.mypy_cache/3.12/sys/_monitoring.data.json
[2.272s] -- Installing: /home/spoonge/Projects/Scara_arm_CNC/install/scara_control/share/scara_control/launch/.mypy_cache/3.12/sys/__init__.meta.json
[2.272s] -- Installing: /home/spoonge/Projects/Scara_arm_CNC/install/scara_control/share/scara_control/launch/.mypy_cache/3.12/csv.data.json
[2.273s] -- Installing: /home/spoonge/Projects/Scara_arm_CNC/install/scara_control/share/scara_control/launch/.mypy_cache/3.12/inspect.meta.json
[2.274s] -- Installing: /home/spoonge/Projects/Scara_arm_CNC/install/scara_control/share/scara_control/launch/.mypy_cache/3.12/warnings.meta.json
[2.274s] -- Installing: /home/spoonge/Projects/Scara_arm_CNC/install/scara_control/share/scara_control/launch/.mypy_cache/3.12/_weakrefset.meta.json
[2.274s] -- Installing: /home/spoonge/Projects/Scara_arm_CNC/install/scara_control/share/scara_control/launch/.mypy_cache/3.12/time.data.json
[2.275s] -- Installing: /home/spoonge/Projects/Scara_arm_CNC/install/scara_control/share/scara_control/launch/.mypy_cache/3.12/queue.meta.json
[2.276s] -- Installing: /home/spoonge/Projects/Scara_arm_CNC/install/scara_control/share/scara_control/launch/.mypy_cache/3.12/math.data.json
[2.277s] -- Installing: /home/spoonge/Projects/Scara_arm_CNC/install/scara_control/share/scara_control/launch/.mypy_cache/3.12/dis.meta.json
[2.277s] -- Installing: /home/spoonge/Projects/Scara_arm_CNC/install/scara_control/share/scara_control/launch/.mypy_cache/3.12/sre_parse.meta.json
[2.278s] -- Installing: /home/spoonge/Projects/Scara_arm_CNC/install/scara_control/share/scara_control/launch/.mypy_cache/3.12/typing.meta.json
[2.278s] -- Installing: /home/spoonge/Projects/Scara_arm_CNC/install/scara_control/share/scara_control/launch/.mypy_cache/3.12/array.data.json
[2.279s] -- Installing: /home/spoonge/Projects/Scara_arm_CNC/install/scara_control/share/scara_control/launch/.mypy_cache/3.12/operator.meta.json
[2.280s] -- Installing: /home/spoonge/Projects/Scara_arm_CNC/install/scara_control/share/scara_control/launch/.mypy_cache/3.12/_operator.data.json
[2.281s] -- Installing: /home/spoonge/Projects/Scara_arm_CNC/install/scara_control/share/scara_control/launch/.mypy_cache/3.12/typing_extensions.meta.json
[2.281s] -- Installing: /home/spoonge/Projects/Scara_arm_CNC/install/scara_control/share/scara_control/launch/.mypy_cache/3.12/codecs.data.json
[2.282s] -- Installing: /home/spoonge/Projects/Scara_arm_CNC/install/scara_control/share/scara_control/launch/.mypy_cache/3.12/contextlib.data.json
[2.283s] -- Installing: /home/spoonge/Projects/Scara_arm_CNC/install/scara_control/share/scara_control/launch/.mypy_cache/3.12/csv.meta.json
[2.284s] -- Installing: /home/spoonge/Projects/Scara_arm_CNC/install/scara_control/share/scara_control/launch/.mypy_cache/3.12/importlib_metadata
[2.284s] -- Installing: /home/spoonge/Projects/Scara_arm_CNC/install/scara_control/share/scara_control/launch/.mypy_cache/3.12/importlib_metadata/__init__.data.json
[2.285s] -- Installing: /home/spoonge/Projects/Scara_arm_CNC/install/scara_control/share/scara_control/launch/.mypy_cache/3.12/importlib_metadata/_compat.data.json
[2.286s] -- Installing: /home/spoonge/Projects/Scara_arm_CNC/install/scara_control/share/scara_control/launch/.mypy_cache/3.12/importlib_metadata/_functools.meta.json
[2.286s] -- Installing: /home/spoonge/Projects/Scara_arm_CNC/install/scara_control/share/scara_control/launch/.mypy_cache/3.12/importlib_metadata/_functools.data.json
[2.286s] -- Installing: /home/spoonge/Projects/Scara_arm_CNC/install/scara_control/share/scara_control/launch/.mypy_cache/3.12/importlib_metadata/_compat.meta.json
[2.287s] -- Installing: /home/spoonge/Projects/Scara_arm_CNC/install/scara_control/share/scara_control/launch/.mypy_cache/3.12/importlib_metadata/_adapters.data.json
[2.287s] -- Installing: /home/spoonge/Projects/Scara_arm_CNC/install/scara_control/share/scara_control/launch/.mypy_cache/3.12/importlib_metadata/_meta.data.json
[2.288s] -- Installing: /home/spoonge/Projects/Scara_arm_CNC/install/scara_control/share/scara_control/launch/.mypy_cache/3.12/importlib_metadata/_collections.meta.json
[2.288s] -- Installing: /home/spoonge/Projects/Scara_arm_CNC/install/scara_control/share/scara_control/launch/.mypy_cache/3.12/importlib_metadata/__init__.meta.json
[2.288s] -- Installing: /home/spoonge/Projects/Scara_arm_CNC/install/scara_control/share/scara_control/launch/.mypy_cache/3.12/importlib_metadata/_itertools.meta.json
[2.289s] -- Installing: /home/spoonge/Projects/Scara_arm_CNC/install/scara_control/share/scara_control/launch/.mypy_cache/3.12/importlib_metadata/_text.data.json
[2.289s] -- Installing: /home/spoonge/Projects/Scara_arm_CNC/install/scara_control/share/scara_control/launch/.mypy_cache/3.12/importlib_metadata/_adapters.meta.json
[2.290s] -- Installing: /home/spoonge/Projects/Scara_arm_CNC/install/scara_control/share/scara_control/launch/.mypy_cache/3.12/importlib_metadata/_meta.meta.json
[2.290s] -- Installing: /home/spoonge/Projects/Scara_arm_CNC/install/scara_control/share/scara_control/launch/.mypy_cache/3.12/importlib_metadata/_collections.data.json
[2.291s] -- Installing: /home/spoonge/Projects/Scara_arm_CNC/install/scara_control/share/scara_control/launch/.mypy_cache/3.12/importlib_metadata/_itertools.data.json
[2.292s] -- Installing: /home/spoonge/Projects/Scara_arm_CNC/install/scara_control/share/scara_control/launch/.mypy_cache/3.12/importlib_metadata/_text.meta.json
[2.292s] -- Installing: /home/spoonge/Projects/Scara_arm_CNC/install/scara_control/share/scara_control/launch/.mypy_cache/3.12/ssl.meta.json
[2.293s] -- Installing: /home/spoonge/Projects/Scara_arm_CNC/install/scara_control/share/scara_control/launch/.mypy_cache/3.12/sre_compile.meta.json
[2.293s] -- Installing: /home/spoonge/Projects/Scara_arm_CNC/install/scara_control/share/scara_control/launch/.mypy_cache/3.12/contextvars.meta.json
[2.293s] -- Installing: /home/spoonge/Projects/Scara_arm_CNC/install/scara_control/share/scara_control/launch/.mypy_cache/3.12/codecs.meta.json
[2.294s] -- Installing: /home/spoonge/Projects/Scara_arm_CNC/install/scara_control/share/scara_control/launch/.mypy_cache/3.12/typing_extensions.data.json
[2.295s] -- Installing: /home/spoonge/Projects/Scara_arm_CNC/install/scara_control/share/scara_control/launch/.mypy_cache/3.12/_ctypes.data.json
[2.296s] -- Installing: /home/spoonge/Projects/Scara_arm_CNC/install/scara_control/share/scara_control/launch/.mypy_cache/3.12/dataclasses.meta.json
[2.297s] -- Installing: /home/spoonge/Projects/Scara_arm_CNC/install/scara_control/share/scara_control/launch/.mypy_cache/3.12/_operator.meta.json
[2.297s] -- Installing: /home/spoonge/Projects/Scara_arm_CNC/install/scara_control/share/scara_control/launch/.mypy_cache/3.12/queue.data.json
[2.298s] -- Installing: /home/spoonge/Projects/Scara_arm_CNC/install/scara_control/share/scara_control/launch/.mypy_cache/3.12/inspect.data.json
[2.299s] -- Installing: /home/spoonge/Projects/Scara_arm_CNC/install/scara_control/share/scara_control/launch/.mypy_cache/3.12/concurrent
[2.299s] -- Installing: /home/spoonge/Projects/Scara_arm_CNC/install/scara_control/share/scara_control/launch/.mypy_cache/3.12/concurrent/__init__.data.json
[2.300s] -- Installing: /home/spoonge/Projects/Scara_arm_CNC/install/scara_control/share/scara_control/launch/.mypy_cache/3.12/concurrent/futures
[2.300s] -- Installing: /home/spoonge/Projects/Scara_arm_CNC/install/scara_control/share/scara_control/launch/.mypy_cache/3.12/concurrent/futures/__init__.data.json
[2.301s] -- Installing: /home/spoonge/Projects/Scara_arm_CNC/install/scara_control/share/scara_control/launch/.mypy_cache/3.12/concurrent/futures/process.meta.json
[2.301s] -- Installing: /home/spoonge/Projects/Scara_arm_CNC/install/scara_control/share/scara_control/launch/.mypy_cache/3.12/concurrent/futures/process.data.json
[2.302s] -- Installing: /home/spoonge/Projects/Scara_arm_CNC/install/scara_control/share/scara_control/launch/.mypy_cache/3.12/concurrent/futures/_base.meta.json
[2.303s] -- Installing: /home/spoonge/Projects/Scara_arm_CNC/install/scara_control/share/scara_control/launch/.mypy_cache/3.12/concurrent/futures/thread.meta.json
[2.303s] -- Installing: /home/spoonge/Projects/Scara_arm_CNC/install/scara_control/share/scara_control/launch/.mypy_cache/3.12/concurrent/futures/_base.data.json
[2.304s] -- Installing: /home/spoonge/Projects/Scara_arm_CNC/install/scara_control/share/scara_control/launch/.mypy_cache/3.12/concurrent/futures/__init__.meta.json
[2.305s] -- Installing: /home/spoonge/Projects/Scara_arm_CNC/install/scara_control/share/scara_control/launch/.mypy_cache/3.12/concurrent/futures/thread.data.json
[2.306s] -- Installing: /home/spoonge/Projects/Scara_arm_CNC/install/scara_control/share/scara_control/launch/.mypy_cache/3.12/concurrent/__init__.meta.json
[2.306s] -- Installing: /home/spoonge/Projects/Scara_arm_CNC/install/scara_control/share/scara_control/launch/.mypy_cache/3.12/operator.data.json
[2.307s] -- Installing: /home/spoonge/Projects/Scara_arm_CNC/install/scara_control/share/scara_control/launch/.mypy_cache/3.12/_collections_abc.meta.json
[2.307s] -- Installing: /home/spoonge/Projects/Scara_arm_CNC/install/scara_control/share/scara_control/launch/.mypy_cache/3.12/types.meta.json
[2.308s] -- Installing: /home/spoonge/Projects/Scara_arm_CNC/install/scara_control/share/scara_control/launch/.mypy_cache/3.12/weakref.meta.json
[2.308s] -- Installing: /home/spoonge/Projects/Scara_arm_CNC/install/scara_control/share/scara_control/launch/.mypy_cache/3.12/subprocess.meta.json
[2.309s] -- Installing: /home/spoonge/Projects/Scara_arm_CNC/install/scara_control/share/scara_control/launch/.mypy_cache/3.12/threading.meta.json
[2.309s] -- Installing: /home/spoonge/Projects/Scara_arm_CNC/install/scara_control/share/scara_control/launch/.mypy_cache/3.12/os
[2.309s] -- Installing: /home/spoonge/Projects/Scara_arm_CNC/install/scara_control/share/scara_control/launch/.mypy_cache/3.12/os/__init__.data.json
[2.312s] -- Installing: /home/spoonge/Projects/Scara_arm_CNC/install/scara_control/share/scara_control/launch/.mypy_cache/3.12/os/__init__.meta.json
[2.313s] -- Installing: /home/spoonge/Projects/Scara_arm_CNC/install/scara_control/share/scara_control/launch/.mypy_cache/3.12/os/path.meta.json
[2.313s] -- Installing: /home/spoonge/Projects/Scara_arm_CNC/install/scara_control/share/scara_control/launch/.mypy_cache/3.12/os/path.data.json
[2.314s] -- Installing: /home/spoonge/Projects/Scara_arm_CNC/install/scara_control/share/scara_control/launch/.mypy_cache/3.12/launch_ros
[2.314s] -- Installing: /home/spoonge/Projects/Scara_arm_CNC/install/scara_control/share/scara_control/launch/.mypy_cache/3.12/launch_ros/event_handlers
[2.314s] -- Installing: /home/spoonge/Projects/Scara_arm_CNC/install/scara_control/share/scara_control/launch/.mypy_cache/3.12/launch_ros/event_handlers/__init__.data.json
[2.315s] -- Installing: /home/spoonge/Projects/Scara_arm_CNC/install/scara_control/share/scara_control/launch/.mypy_cache/3.12/launch_ros/event_handlers/on_state_transition.meta.json
[2.315s] -- Installing: /home/spoonge/Projects/Scara_arm_CNC/install/scara_control/share/scara_control/launch/.mypy_cache/3.12/launch_ros/event_handlers/__init__.meta.json
[2.315s] -- Installing: /home/spoonge/Projects/Scara_arm_CNC/install/scara_control/share/scara_control/launch/.mypy_cache/3.12/launch_ros/event_handlers/on_state_transition.data.json
[2.316s] -- Installing: /home/spoonge/Projects/Scara_arm_CNC/install/scara_control/share/scara_control/launch/.mypy_cache/3.12/launch_ros/actions
[2.316s] -- Installing: /home/spoonge/Projects/Scara_arm_CNC/install/scara_control/share/scara_control/launch/.mypy_cache/3.12/launch_ros/actions/__init__.data.json
[2.317s] -- Installing: /home/spoonge/Projects/Scara_arm_CNC/install/scara_control/share/scara_control/launch/.mypy_cache/3.12/launch_ros/actions/load_composable_nodes.data.json
[2.317s] -- Installing: /home/spoonge/Projects/Scara_arm_CNC/install/scara_control/share/scara_control/launch/.mypy_cache/3.12/launch_ros/actions/node.data.json
[2.318s] -- Installing: /home/spoonge/Projects/Scara_arm_CNC/install/scara_control/share/scara_control/launch/.mypy_cache/3.12/launch_ros/actions/load_composable_nodes.meta.json
[2.318s] -- Installing: /home/spoonge/Projects/Scara_arm_CNC/install/scara_control/share/scara_control/launch/.mypy_cache/3.12/launch_ros/actions/push_ros_namespace.data.json
[2.319s] -- Installing: /home/spoonge/Projects/Scara_arm_CNC/install/scara_control/share/scara_control/launch/.mypy_cache/3.12/launch_ros/actions/push_ros_namespace.meta.json
[2.319s] -- Installing: /home/spoonge/Projects/Scara_arm_CNC/install/scara_control/share/scara_control/launch/.mypy_cache/3.12/launch_ros/actions/set_parameters_from_file.data.json
[2.319s] -- Installing: /home/spoonge/Projects/Scara_arm_CNC/install/scara_control/share/scara_control/launch/.mypy_cache/3.12/launch_ros/actions/ros_timer.data.json
[2.320s] -- Installing: /home/spoonge/Projects/Scara_arm_CNC/install/scara_control/share/scara_control/launch/.mypy_cache/3.12/launch_ros/actions/set_parameters_from_file.meta.json
[2.320s] -- Installing: /home/spoonge/Projects/Scara_arm_CNC/install/scara_control/share/scara_control/launch/.mypy_cache/3.12/launch_ros/actions/set_parameter.meta.json
[2.321s] -- Installing: /home/spoonge/Projects/Scara_arm_CNC/install/scara_control/share/scara_control/launch/.mypy_cache/3.12/launch_ros/actions/set_ros_log_dir.data.json
[2.321s] -- Installing: /home/spoonge/Projects/Scara_arm_CNC/install/scara_control/share/scara_control/launch/.mypy_cache/3.12/launch_ros/actions/node.meta.json
[2.321s] -- Installing: /home/spoonge/Projects/Scara_arm_CNC/install/scara_control/share/scara_control/launch/.mypy_cache/3.12/launch_ros/actions/set_use_sim_time.meta.json
[2.322s] -- Installing: /home/spoonge/Projects/Scara_arm_CNC/install/scara_control/share/scara_control/launch/.mypy_cache/3.12/launch_ros/actions/set_ros_log_dir.meta.json
[2.322s] -- Installing: /home/spoonge/Projects/Scara_arm_CNC/install/scara_control/share/scara_control/launch/.mypy_cache/3.12/launch_ros/actions/__init__.meta.json
[2.322s] -- Installing: /home/spoonge/Projects/Scara_arm_CNC/install/scara_control/share/scara_control/launch/.mypy_cache/3.12/launch_ros/actions/set_use_sim_time.data.json
[2.323s] -- Installing: /home/spoonge/Projects/Scara_arm_CNC/install/scara_control/share/scara_control/launch/.mypy_cache/3.12/launch_ros/actions/set_parameter.data.json
[2.323s] -- Installing: /home/spoonge/Projects/Scara_arm_CNC/install/scara_control/share/scara_control/launch/.mypy_cache/3.12/launch_ros/actions/set_remap.data.json
[2.323s] -- Installing: /home/spoonge/Projects/Scara_arm_CNC/install/scara_control/share/scara_control/launch/.mypy_cache/3.12/launch_ros/actions/set_remap.meta.json
[2.324s] -- Installing: /home/spoonge/Projects/Scara_arm_CNC/install/scara_control/share/scara_control/launch/.mypy_cache/3.12/launch_ros/actions/ros_timer.meta.json
[2.324s] -- Installing: /home/spoonge/Projects/Scara_arm_CNC/install/scara_control/share/scara_control/launch/.mypy_cache/3.12/launch_ros/actions/lifecycle_node.data.json
[2.325s] -- Installing: /home/spoonge/Projects/Scara_arm_CNC/install/scara_control/share/scara_control/launch/.mypy_cache/3.12/launch_ros/actions/lifecycle_transition.meta.json
[2.326s] -- Installing: /home/spoonge/Projects/Scara_arm_CNC/install/scara_control/share/scara_control/launch/.mypy_cache/3.12/launch_ros/actions/composable_node_container.meta.json
[2.326s] -- Installing: /home/spoonge/Projects/Scara_arm_CNC/install/scara_control/share/scara_control/launch/.mypy_cache/3.12/launch_ros/actions/lifecycle_node.meta.json
[2.326s] -- Installing: /home/spoonge/Projects/Scara_arm_CNC/install/scara_control/share/scara_control/launch/.mypy_cache/3.12/launch_ros/actions/composable_node_container.data.json
[2.326s] -- Installing: /home/spoonge/Projects/Scara_arm_CNC/install/scara_control/share/scara_control/launch/.mypy_cache/3.12/launch_ros/actions/lifecycle_transition.data.json
[2.327s] -- Installing: /home/spoonge/Projects/Scara_arm_CNC/install/scara_control/share/scara_control/launch/.mypy_cache/3.12/launch_ros/utilities
[2.327s] -- Installing: /home/spoonge/Projects/Scara_arm_CNC/install/scara_control/share/scara_control/launch/.mypy_cache/3.12/launch_ros/utilities/__init__.data.json
[2.327s] -- Installing: /home/spoonge/Projects/Scara_arm_CNC/install/scara_control/share/scara_control/launch/.mypy_cache/3.12/launch_ros/utilities/normalize_remap_rule.data.json
[2.328s] -- Installing: /home/spoonge/Projects/Scara_arm_CNC/install/scara_control/share/scara_control/launch/.mypy_cache/3.12/launch_ros/utilities/normalize_parameters.data.json
[2.328s] -- Installing: /home/spoonge/Projects/Scara_arm_CNC/install/scara_control/share/scara_control/launch/.mypy_cache/3.12/launch_ros/utilities/normalize_parameters.meta.json
[2.329s] -- Installing: /home/spoonge/Projects/Scara_arm_CNC/install/scara_control/share/scara_control/launch/.mypy_cache/3.12/launch_ros/utilities/lifecycle_event_manager.meta.json
[2.329s] -- Installing: /home/spoonge/Projects/Scara_arm_CNC/install/scara_control/share/scara_control/launch/.mypy_cache/3.12/launch_ros/utilities/to_parameters_list.meta.json
[2.329s] -- Installing: /home/spoonge/Projects/Scara_arm_CNC/install/scara_control/share/scara_control/launch/.mypy_cache/3.12/launch_ros/utilities/track_node_names.meta.json
[2.330s] -- Installing: /home/spoonge/Projects/Scara_arm_CNC/install/scara_control/share/scara_control/launch/.mypy_cache/3.12/launch_ros/utilities/__init__.meta.json
[2.330s] -- Installing: /home/spoonge/Projects/Scara_arm_CNC/install/scara_control/share/scara_control/launch/.mypy_cache/3.12/launch_ros/utilities/evaluate_parameters.meta.json
[2.330s] -- Installing: /home/spoonge/Projects/Scara_arm_CNC/install/scara_control/share/scara_control/launch/.mypy_cache/3.12/launch_ros/utilities/normalize_remap_rule.meta.json
[2.331s] -- Installing: /home/spoonge/Projects/Scara_arm_CNC/install/scara_control/share/scara_control/launch/.mypy_cache/3.12/launch_ros/utilities/namespace_utils.data.json
[2.331s] -- Installing: /home/spoonge/Projects/Scara_arm_CNC/install/scara_control/share/scara_control/launch/.mypy_cache/3.12/launch_ros/utilities/plugin_support.data.json
[2.332s] -- Installing: /home/spoonge/Projects/Scara_arm_CNC/install/scara_control/share/scara_control/launch/.mypy_cache/3.12/launch_ros/utilities/track_node_names.data.json
[2.332s] -- Installing: /home/spoonge/Projects/Scara_arm_CNC/install/scara_control/share/scara_control/launch/.mypy_cache/3.12/launch_ros/utilities/evaluate_parameters.data.json
[2.332s] -- Installing: /home/spoonge/Projects/Scara_arm_CNC/install/scara_control/share/scara_control/launch/.mypy_cache/3.12/launch_ros/utilities/lifecycle_event_manager.data.json
[2.333s] -- Installing: /home/spoonge/Projects/Scara_arm_CNC/install/scara_control/share/scara_control/launch/.mypy_cache/3.12/launch_ros/utilities/to_parameters_list.data.json
[2.333s] -- Installing: /home/spoonge/Projects/Scara_arm_CNC/install/scara_control/share/scara_control/launch/.mypy_cache/3.12/launch_ros/utilities/namespace_utils.meta.json
[2.333s] -- Installing: /home/spoonge/Projects/Scara_arm_CNC/install/scara_control/share/scara_control/launch/.mypy_cache/3.12/launch_ros/utilities/plugin_support.meta.json
[2.334s] -- Installing: /home/spoonge/Projects/Scara_arm_CNC/install/scara_control/share/scara_control/launch/.mypy_cache/3.12/launch_ros/ros_adapters.meta.json
[2.334s] -- Installing: /home/spoonge/Projects/Scara_arm_CNC/install/scara_control/share/scara_control/launch/.mypy_cache/3.12/launch_ros/events
[2.334s] -- Installing: /home/spoonge/Projects/Scara_arm_CNC/install/scara_control/share/scara_control/launch/.mypy_cache/3.12/launch_ros/events/__init__.data.json
[2.335s] -- Installing: /home/spoonge/Projects/Scara_arm_CNC/install/scara_control/share/scara_control/launch/.mypy_cache/3.12/launch_ros/events/matchers
[2.335s] -- Installing: /home/spoonge/Projects/Scara_arm_CNC/install/scara_control/share/scara_control/launch/.mypy_cache/3.12/launch_ros/events/matchers/__init__.data.json
[2.336s] -- Installing: /home/spoonge/Projects/Scara_arm_CNC/install/scara_control/share/scara_control/launch/.mypy_cache/3.12/launch_ros/events/matchers/matches_node_name.data.json
[2.336s] -- Installing: /home/spoonge/Projects/Scara_arm_CNC/install/scara_control/share/scara_control/launch/.mypy_cache/3.12/launch_ros/events/matchers/matches_node_name.meta.json
[2.336s] -- Installing: /home/spoonge/Projects/Scara_arm_CNC/install/scara_control/share/scara_control/launch/.mypy_cache/3.12/launch_ros/events/matchers/__init__.meta.json
[2.337s] -- Installing: /home/spoonge/Projects/Scara_arm_CNC/install/scara_control/share/scara_control/launch/.mypy_cache/3.12/launch_ros/events/__init__.meta.json
[2.337s] -- Installing: /home/spoonge/Projects/Scara_arm_CNC/install/scara_control/share/scara_control/launch/.mypy_cache/3.12/launch_ros/events/lifecycle
[2.337s] -- Installing: /home/spoonge/Projects/Scara_arm_CNC/install/scara_control/share/scara_control/launch/.mypy_cache/3.12/launch_ros/events/lifecycle/__init__.data.json
[2.338s] -- Installing: /home/spoonge/Projects/Scara_arm_CNC/install/scara_control/share/scara_control/launch/.mypy_cache/3.12/launch_ros/events/lifecycle/lifecycle_node_matchers.data.json
[2.338s] -- Installing: /home/spoonge/Projects/Scara_arm_CNC/install/scara_control/share/scara_control/launch/.mypy_cache/3.12/launch_ros/events/lifecycle/state_transition.data.json
[2.339s] -- Installing: /home/spoonge/Projects/Scara_arm_CNC/install/scara_control/share/scara_control/launch/.mypy_cache/3.12/launch_ros/events/lifecycle/change_state.meta.json
[2.339s] -- Installing: /home/spoonge/Projects/Scara_arm_CNC/install/scara_control/share/scara_control/launch/.mypy_cache/3.12/launch_ros/events/lifecycle/state_transition.meta.json
[2.340s] -- Installing: /home/spoonge/Projects/Scara_arm_CNC/install/scara_control/share/scara_control/launch/.mypy_cache/3.12/launch_ros/events/lifecycle/change_state.data.json
[2.340s] -- Installing: /home/spoonge/Projects/Scara_arm_CNC/install/scara_control/share/scara_control/launch/.mypy_cache/3.12/launch_ros/events/lifecycle/__init__.meta.json
[2.340s] -- Installing: /home/spoonge/Projects/Scara_arm_CNC/install/scara_control/share/scara_control/launch/.mypy_cache/3.12/launch_ros/events/lifecycle/lifecycle_node_matchers.meta.json
[2.341s] -- Installing: /home/spoonge/Projects/Scara_arm_CNC/install/scara_control/share/scara_control/launch/.mypy_cache/3.12/launch_ros/remap_rule_type.data.json
[2.341s] -- Installing: /home/spoonge/Projects/Scara_arm_CNC/install/scara_control/share/scara_control/launch/.mypy_cache/3.12/launch_ros/parameter_descriptions.meta.json
[2.341s] -- Installing: /home/spoonge/Projects/Scara_arm_CNC/install/scara_control/share/scara_control/launch/.mypy_cache/3.12/launch_ros/remap_rule_type.meta.json
[2.342s] -- Installing: /home/spoonge/Projects/Scara_arm_CNC/install/scara_control/share/scara_control/launch/.mypy_cache/3.12/launch_ros/parameters_type.meta.json
[2.342s] -- Installing: /home/spoonge/Projects/Scara_arm_CNC/install/scara_control/share/scara_control/launch/.mypy_cache/3.12/launch_ros/parameter_descriptions.data.json
[2.343s] -- Installing: /home/spoonge/Projects/Scara_arm_CNC/install/scara_control/share/scara_control/launch/.mypy_cache/3.12/launch_ros/descriptions
[2.343s] -- Installing: /home/spoonge/Projects/Scara_arm_CNC/install/scara_control/share/scara_control/launch/.mypy_cache/3.12/launch_ros/descriptions/__init__.data.json
[2.344s] -- Installing: /home/spoonge/Projects/Scara_arm_CNC/install/scara_control/share/scara_control/launch/.mypy_cache/3.12/launch_ros/descriptions/composable_node.data.json
[2.345s] -- Installing: /home/spoonge/Projects/Scara_arm_CNC/install/scara_control/share/scara_control/launch/.mypy_cache/3.12/launch_ros/descriptions/__init__.meta.json
[2.345s] -- Installing: /home/spoonge/Projects/Scara_arm_CNC/install/scara_control/share/scara_control/launch/.mypy_cache/3.12/launch_ros/descriptions/composable_node.meta.json
[2.345s] -- Installing: /home/spoonge/Projects/Scara_arm_CNC/install/scara_control/share/scara_control/launch/.mypy_cache/3.12/launch_ros/descriptions/composable_lifecycle_node.meta.json
[2.346s] -- Installing: /home/spoonge/Projects/Scara_arm_CNC/install/scara_control/share/scara_control/launch/.mypy_cache/3.12/launch_ros/descriptions/composable_lifecycle_node.data.json
[2.346s] -- Installing: /home/spoonge/Projects/Scara_arm_CNC/install/scara_control/share/scara_control/launch/.mypy_cache/3.12/launch_ros/substitutions
[2.346s] -- Installing: /home/spoonge/Projects/Scara_arm_CNC/install/scara_control/share/scara_control/launch/.mypy_cache/3.12/launch_ros/substitutions/__init__.data.json
[2.347s] -- Installing: /home/spoonge/Projects/Scara_arm_CNC/install/scara_control/share/scara_control/launch/.mypy_cache/3.12/launch_ros/substitutions/parameter.data.json
[2.347s] -- Installing: /home/spoonge/Projects/Scara_arm_CNC/install/scara_control/share/scara_control/launch/.mypy_cache/3.12/launch_ros/substitutions/executable_in_package.meta.json
[2.348s] -- Installing: /home/spoonge/Projects/Scara_arm_CNC/install/scara_control/share/scara_control/launch/.mypy_cache/3.12/launch_ros/substitutions/find_package.meta.json
[2.348s] -- Installing: /home/spoonge/Projects/Scara_arm_CNC/install/scara_control/share/scara_control/launch/.mypy_cache/3.12/launch_ros/substitutions/executable_in_package.data.json
[2.348s] -- Installing: /home/spoonge/Projects/Scara_arm_CNC/install/scara_control/share/scara_control/launch/.mypy_cache/3.12/launch_ros/substitutions/__init__.meta.json
[2.349s] -- Installing: /home/spoonge/Projects/Scara_arm_CNC/install/scara_control/share/scara_control/launch/.mypy_cache/3.12/launch_ros/substitutions/parameter.meta.json
[2.349s] -- Installing: /home/spoonge/Projects/Scara_arm_CNC/install/scara_control/share/scara_control/launch/.mypy_cache/3.12/launch_ros/substitutions/find_package.data.json
[2.350s] -- Installing: /home/spoonge/Projects/Scara_arm_CNC/install/scara_control/share/scara_control/launch/.mypy_cache/3.12/launch_ros/ros_adapters.data.json
[2.350s] -- Installing: /home/spoonge/Projects/Scara_arm_CNC/install/scara_control/share/scara_control/launch/.mypy_cache/3.12/launch_ros/parameters_type.data.json
[2.351s] -- Installing: /home/spoonge/Projects/Scara_arm_CNC/install/scara_control/share/scara_control/launch/.mypy_cache/3.12/socket.meta.json
[2.351s] -- Installing: /home/spoonge/Projects/Scara_arm_CNC/install/scara_control/share/scara_control/launch/.mypy_cache/3.12/_codecs.data.json
[2.352s] -- Installing: /home/spoonge/Projects/Scara_arm_CNC/install/scara_control/share/scara_control/launch/.mypy_cache/3.12/email
[2.353s] -- Installing: /home/spoonge/Projects/Scara_arm_CNC/install/scara_control/share/scara_control/launch/.mypy_cache/3.12/email/__init__.data.json
[2.353s] -- Installing: /home/spoonge/Projects/Scara_arm_CNC/install/scara_control/share/scara_control/launch/.mypy_cache/3.12/email/errors.meta.json
[2.354s] -- Installing: /home/spoonge/Projects/Scara_arm_CNC/install/scara_control/share/scara_control/launch/.mypy_cache/3.12/email/charset.meta.json
[2.354s] -- Installing: /home/spoonge/Projects/Scara_arm_CNC/install/scara_control/share/scara_control/launch/.mypy_cache/3.12/email/_policybase.meta.json
[2.354s] -- Installing: /home/spoonge/Projects/Scara_arm_CNC/install/scara_control/share/scara_control/launch/.mypy_cache/3.12/email/message.meta.json
[2.355s] -- Installing: /home/spoonge/Projects/Scara_arm_CNC/install/scara_control/share/scara_control/launch/.mypy_cache/3.12/email/_policybase.data.json
[2.356s] -- Installing: /home/spoonge/Projects/Scara_arm_CNC/install/scara_control/share/scara_control/launch/.mypy_cache/3.12/email/header.data.json
[2.359s] -- Installing: /home/spoonge/Projects/Scara_arm_CNC/install/scara_control/share/scara_control/launch/.mypy_cache/3.12/email/__init__.meta.json
[2.359s] -- Installing: /home/spoonge/Projects/Scara_arm_CNC/install/scara_control/share/scara_control/launch/.mypy_cache/3.12/email/header.meta.json
[2.360s] -- Installing: /home/spoonge/Projects/Scara_arm_CNC/install/scara_control/share/scara_control/launch/.mypy_cache/3.12/email/contentmanager.data.json
[2.360s] -- Installing: /home/spoonge/Projects/Scara_arm_CNC/install/scara_control/share/scara_control/launch/.mypy_cache/3.12/email/policy.data.json
[2.361s] -- Installing: /home/spoonge/Projects/Scara_arm_CNC/install/scara_control/share/scara_control/launch/.mypy_cache/3.12/email/errors.data.json
[2.362s] -- Installing: /home/spoonge/Projects/Scara_arm_CNC/install/scara_control/share/scara_control/launch/.mypy_cache/3.12/email/charset.data.json
[2.363s] -- Installing: /home/spoonge/Projects/Scara_arm_CNC/install/scara_control/share/scara_control/launch/.mypy_cache/3.12/email/contentmanager.meta.json
[2.364s] -- Installing: /home/spoonge/Projects/Scara_arm_CNC/install/scara_control/share/scara_control/launch/.mypy_cache/3.12/email/policy.meta.json
[2.365s] -- Installing: /home/spoonge/Projects/Scara_arm_CNC/install/scara_control/share/scara_control/launch/.mypy_cache/3.12/email/message.data.json
[2.365s] -- Installing: /home/spoonge/Projects/Scara_arm_CNC/install/scara_control/share/scara_control/launch/.mypy_cache/3.12/selectors.data.json
[2.366s] -- Installing: /home/spoonge/Projects/Scara_arm_CNC/install/scara_control/share/scara_control/launch/.mypy_cache/3.12/textwrap.data.json
[2.367s] -- Installing: /home/spoonge/Projects/Scara_arm_CNC/install/scara_control/share/scara_control/launch/.mypy_cache/3.12/string.data.json
[2.368s] -- Installing: /home/spoonge/Projects/Scara_arm_CNC/install/scara_control/share/scara_control/launch/.mypy_cache/3.12/itertools.meta.json
[2.368s] -- Installing: /home/spoonge/Projects/Scara_arm_CNC/install/scara_control/share/scara_control/launch/.mypy_cache/3.12/_weakrefset.data.json
[2.370s] -- Installing: /home/spoonge/Projects/Scara_arm_CNC/install/scara_control/share/scara_control/launch/.mypy_cache/3.12/types.data.json
[2.373s] -- Installing: /home/spoonge/Projects/Scara_arm_CNC/install/scara_control/share/scara_control/launch/.mypy_cache/3.12/logging
[2.373s] -- Installing: /home/spoonge/Projects/Scara_arm_CNC/install/scara_control/share/scara_control/launch/.mypy_cache/3.12/logging/__init__.data.json
[2.374s] -- Installing: /home/spoonge/Projects/Scara_arm_CNC/install/scara_control/share/scara_control/launch/.mypy_cache/3.12/logging/__init__.meta.json
[2.374s] -- Installing: /home/spoonge/Projects/Scara_arm_CNC/install/scara_control/share/scara_control/launch/.mypy_cache/3.12/dis.data.json
[2.378s] -- Installing: /home/spoonge/Projects/Scara_arm_CNC/install/scara_control/share/scara_control/launch/.mypy_cache/3.12/math.meta.json
[2.378s] -- Installing: /home/spoonge/Projects/Scara_arm_CNC/install/scara_control/share/scara_control/launch/.mypy_cache/3.12/_ctypes.meta.json
[2.378s] -- Installing: /home/spoonge/Projects/Scara_arm_CNC/install/scara_control/share/scara_control/launch/.mypy_cache/3.12/sre_constants.meta.json
[2.378s] -- Installing: /home/spoonge/Projects/Scara_arm_CNC/install/scara_control/share/scara_control/launch/.mypy_cache/3.12/platform.data.json
[2.379s] -- Installing: /home/spoonge/Projects/Scara_arm_CNC/install/scara_control/share/scara_control/launch/.mypy_cache/3.12/genericpath.meta.json
[2.379s] -- Installing: /home/spoonge/Projects/Scara_arm_CNC/install/scara_control/share/scara_control/launch/.mypy_cache/3.12/resource.data.json
[2.381s] -- Installing: /home/spoonge/Projects/Scara_arm_CNC/install/scara_control/share/scara_control/launch/.mypy_cache/3.12/socket.data.json
[2.384s] -- Installing: /home/spoonge/Projects/Scara_arm_CNC/install/scara_control/share/scara_control/launch/.mypy_cache/3.12/itertools.data.json
[2.389s] -- Installing: /home/spoonge/Projects/Scara_arm_CNC/install/scara_control/share/scara_control/launch/.mypy_cache/3.12/contextvars.data.json
[2.390s] -- Installing: /home/spoonge/Projects/Scara_arm_CNC/install/scara_control/share/scara_control/launch/.mypy_cache/3.12/pathlib.meta.json
[2.391s] -- Installing: /home/spoonge/Projects/Scara_arm_CNC/install/scara_control/share/scara_control/launch/.mypy_cache/3.12/_weakref.data.json
[2.394s] -- Installing: /home/spoonge/Projects/Scara_arm_CNC/install/scara_control/share/scara_control/launch/.mypy_cache/3.12/array.meta.json
[2.394s] -- Installing: /home/spoonge/Projects/Scara_arm_CNC/install/scara_control/share/scara_control/launch/.mypy_cache/3.12/abc.meta.json
[2.394s] -- Installing: /home/spoonge/Projects/Scara_arm_CNC/install/scara_control/share/scara_control/launch/.mypy_cache/3.12/sre_parse.data.json
[2.394s] -- Installing: /home/spoonge/Projects/Scara_arm_CNC/install/scara_control/share/scara_control/launch/.mypy_cache/3.12/_warnings.data.json
[2.394s] -- Installing: /home/spoonge/Projects/Scara_arm_CNC/install/scara_control/share/scara_control/launch/.mypy_cache/3.12/genericpath.data.json
[2.395s] -- Installing: /home/spoonge/Projects/Scara_arm_CNC/install/scara_control/share/scara_control/launch/.mypy_cache/3.12/opcode.meta.json
[2.399s] -- Installing: /home/spoonge/Projects/Scara_arm_CNC/install/scara_control/share/scara_control/launch/.mypy_cache/3.12/functools.data.json
[2.400s] -- Installing: /home/spoonge/Projects/Scara_arm_CNC/install/scara_control/share/scara_control/launch/.mypy_cache/3.12/_csv.meta.json
[2.400s] -- Installing: /home/spoonge/Projects/Scara_arm_CNC/install/scara_control/share/scara_control/launch/.mypy_cache/3.12/_typeshed
[2.400s] -- Installing: /home/spoonge/Projects/Scara_arm_CNC/install/scara_control/share/scara_control/launch/.mypy_cache/3.12/_typeshed/__init__.data.json
[2.402s] -- Installing: /home/spoonge/Projects/Scara_arm_CNC/install/scara_control/share/scara_control/launch/.mypy_cache/3.12/_typeshed/__init__.meta.json
[2.402s] -- Installing: /home/spoonge/Projects/Scara_arm_CNC/install/scara_control/share/scara_control/launch/.mypy_cache/3.12/builtins.data.json
[2.406s] -- Installing: /home/spoonge/Projects/Scara_arm_CNC/install/scara_control/share/scara_control/launch/.mypy_cache/3.12/re.data.json
[2.411s] -- Installing: /home/spoonge/Projects/Scara_arm_CNC/install/scara_control/share/scara_control/launch/.mypy_cache/3.12/sre_compile.data.json
[2.411s] -- Installing: /home/spoonge/Projects/Scara_arm_CNC/install/scara_control/share/scara_control/launch/.mypy_cache/3.12/threading.data.json
[2.413s] -- Installing: /home/spoonge/Projects/Scara_arm_CNC/install/scara_control/share/scara_control/launch/.mypy_cache/3.12/_ast.data.json
[2.413s] -- Installing: /home/spoonge/Projects/Scara_arm_CNC/install/scara_control/share/scara_control/launch/.mypy_cache/3.12/enum.meta.json
[2.414s] -- Installing: /home/spoonge/Projects/Scara_arm_CNC/install/scara_control/share/scara_control/launch/.mypy_cache/3.12/asyncio
[2.416s] -- Installing: /home/spoonge/Projects/Scara_arm_CNC/install/scara_control/share/scara_control/launch/.mypy_cache/3.12/asyncio/mixins.data.json
[2.418s] -- Installing: /home/spoonge/Projects/Scara_arm_CNC/install/scara_control/share/scara_control/launch/.mypy_cache/3.12/asyncio/__init__.data.json
[2.419s] -- Installing: /home/spoonge/Projects/Scara_arm_CNC/install/scara_control/share/scara_control/launch/.mypy_cache/3.12/asyncio/exceptions.meta.json
[2.419s] -- Installing: /home/spoonge/Projects/Scara_arm_CNC/install/scara_control/share/scara_control/launch/.mypy_cache/3.12/asyncio/unix_events.meta.json
[2.420s] -- Installing: /home/spoonge/Projects/Scara_arm_CNC/install/scara_control/share/scara_control/launch/.mypy_cache/3.12/asyncio/transports.meta.json
[2.420s] -- Installing: /home/spoonge/Projects/Scara_arm_CNC/install/scara_control/share/scara_control/launch/.mypy_cache/3.12/asyncio/queues.meta.json
[2.421s] -- Installing: /home/spoonge/Projects/Scara_arm_CNC/install/scara_control/share/scara_control/launch/.mypy_cache/3.12/asyncio/subprocess.data.json
[2.421s] -- Installing: /home/spoonge/Projects/Scara_arm_CNC/install/scara_control/share/scara_control/launch/.mypy_cache/3.12/asyncio/taskgroups.data.json
[2.423s] -- Installing: /home/spoonge/Projects/Scara_arm_CNC/install/scara_control/share/scara_control/launch/.mypy_cache/3.12/asyncio/unix_events.data.json
[2.423s] -- Installing: /home/spoonge/Projects/Scara_arm_CNC/install/scara_control/share/scara_control/launch/.mypy_cache/3.12/asyncio/base_events.data.json
[2.426s] -- Installing: /home/spoonge/Projects/Scara_arm_CNC/install/scara_control/share/scara_control/launch/.mypy_cache/3.12/asyncio/futures.meta.json
[2.427s] -- Installing: /home/spoonge/Projects/Scara_arm_CNC/install/scara_control/share/scara_control/launch/.mypy_cache/3.12/asyncio/selector_events.meta.json
[2.427s] -- Installing: /home/spoonge/Projects/Scara_arm_CNC/install/scara_control/share/scara_control/launch/.mypy_cache/3.12/asyncio/runners.data.json
[2.427s] -- Installing: /home/spoonge/Projects/Scara_arm_CNC/install/scara_control/share/scara_control/launch/.mypy_cache/3.12/asyncio/events.data.json
[2.432s] -- Installing: /home/spoonge/Projects/Scara_arm_CNC/install/scara_control/share/scara_control/launch/.mypy_cache/3.12/asyncio/transports.data.json
[2.433s] -- Installing: /home/spoonge/Projects/Scara_arm_CNC/install/scara_control/share/scara_control/launch/.mypy_cache/3.12/asyncio/queues.data.json
[2.434s] -- Installing: /home/spoonge/Projects/Scara_arm_CNC/install/scara_control/share/scara_control/launch/.mypy_cache/3.12/asyncio/protocols.data.json
[2.435s] -- Installing: /home/spoonge/Projects/Scara_arm_CNC/install/scara_control/share/scara_control/launch/.mypy_cache/3.12/asyncio/exceptions.data.json
[2.436s] -- Installing: /home/spoonge/Projects/Scara_arm_CNC/install/scara_control/share/scara_control/launch/.mypy_cache/3.12/asyncio/mixins.meta.json
[2.436s] -- Installing: /home/spoonge/Projects/Scara_arm_CNC/install/scara_control/share/scara_control/launch/.mypy_cache/3.12/asyncio/subprocess.meta.json
[2.437s] -- Installing: /home/spoonge/Projects/Scara_arm_CNC/install/scara_control/share/scara_control/launch/.mypy_cache/3.12/asyncio/tasks.meta.json
[2.438s] -- Installing: /home/spoonge/Projects/Scara_arm_CNC/install/scara_control/share/scara_control/launch/.mypy_cache/3.12/asyncio/tasks.data.json
[2.442s] -- Installing: /home/spoonge/Projects/Scara_arm_CNC/install/scara_control/share/scara_control/launch/.mypy_cache/3.12/asyncio/streams.data.json
[2.442s] -- Installing: /home/spoonge/Projects/Scara_arm_CNC/install/scara_control/share/scara_control/launch/.mypy_cache/3.12/asyncio/__init__.meta.json
[2.442s] -- Installing: /home/spoonge/Projects/Scara_arm_CNC/install/scara_control/share/scara_control/launch/.mypy_cache/3.12/asyncio/timeouts.data.json
[2.443s] -- Installing: /home/spoonge/Projects/Scara_arm_CNC/install/scara_control/share/scara_control/launch/.mypy_cache/3.12/asyncio/events.meta.json
[2.443s] -- Installing: /home/spoonge/Projects/Scara_arm_CNC/install/scara_control/share/scara_control/launch/.mypy_cache/3.12/asyncio/base_events.meta.json
[2.444s] -- Installing: /home/spoonge/Projects/Scara_arm_CNC/install/scara_control/share/scara_control/launch/.mypy_cache/3.12/asyncio/timeouts.meta.json
[2.444s] -- Installing: /home/spoonge/Projects/Scara_arm_CNC/install/scara_control/share/scara_control/launch/.mypy_cache/3.12/asyncio/streams.meta.json
[2.445s] -- Installing: /home/spoonge/Projects/Scara_arm_CNC/install/scara_control/share/scara_control/launch/.mypy_cache/3.12/asyncio/threads.meta.json
[2.445s] -- Installing: /home/spoonge/Projects/Scara_arm_CNC/install/scara_control/share/scara_control/launch/.mypy_cache/3.12/asyncio/threads.data.json
[2.448s] -- Installing: /home/spoonge/Projects/Scara_arm_CNC/install/scara_control/share/scara_control/launch/.mypy_cache/3.12/asyncio/runners.meta.json
[2.453s] -- Installing: /home/spoonge/Projects/Scara_arm_CNC/install/scara_control/share/scara_control/launch/.mypy_cache/3.12/asyncio/selector_events.data.json
[2.454s] -- Installing: /home/spoonge/Projects/Scara_arm_CNC/install/scara_control/share/scara_control/launch/.mypy_cache/3.12/asyncio/protocols.meta.json
[2.455s] -- Installing: /home/spoonge/Projects/Scara_arm_CNC/install/scara_control/share/scara_control/launch/.mypy_cache/3.12/asyncio/coroutines.data.json
[2.468s] -- Installing: /home/spoonge/Projects/Scara_arm_CNC/install/scara_control/share/scara_control/launch/.mypy_cache/3.12/asyncio/taskgroups.meta.json
[2.468s] -- Installing: /home/spoonge/Projects/Scara_arm_CNC/install/scara_control/share/scara_control/launch/.mypy_cache/3.12/asyncio/coroutines.meta.json
[2.469s] -- Installing: /home/spoonge/Projects/Scara_arm_CNC/install/scara_control/share/scara_control/launch/.mypy_cache/3.12/asyncio/locks.meta.json
[2.469s] -- Installing: /home/spoonge/Projects/Scara_arm_CNC/install/scara_control/share/scara_control/launch/.mypy_cache/3.12/asyncio/futures.data.json
[2.469s] -- Installing: /home/spoonge/Projects/Scara_arm_CNC/install/scara_control/share/scara_control/launch/.mypy_cache/3.12/asyncio/locks.data.json
[2.469s] -- Installing: /home/spoonge/Projects/Scara_arm_CNC/install/scara_control/share/scara_control/launch/.mypy_cache/3.12/string.meta.json
[2.469s] -- Installing: /home/spoonge/Projects/Scara_arm_CNC/install/scara_control/share/scara_control/launch/.mypy_cache/3.12/importlib
[2.469s] -- Installing: /home/spoonge/Projects/Scara_arm_CNC/install/scara_control/share/scara_control/launch/.mypy_cache/3.12/importlib/__init__.data.json
[2.469s] -- Installing: /home/spoonge/Projects/Scara_arm_CNC/install/scara_control/share/scara_control/launch/.mypy_cache/3.12/importlib/resources
[2.469s] -- Installing: /home/spoonge/Projects/Scara_arm_CNC/install/scara_control/share/scara_control/launch/.mypy_cache/3.12/importlib/resources/__init__.data.json
[2.469s] -- Installing: /home/spoonge/Projects/Scara_arm_CNC/install/scara_control/share/scara_control/launch/.mypy_cache/3.12/importlib/resources/__init__.meta.json
[2.470s] -- Installing: /home/spoonge/Projects/Scara_arm_CNC/install/scara_control/share/scara_control/launch/.mypy_cache/3.12/importlib/resources/abc.meta.json
[2.470s] -- Installing: /home/spoonge/Projects/Scara_arm_CNC/install/scara_control/share/scara_control/launch/.mypy_cache/3.12/importlib/resources/abc.data.json
[2.470s] -- Installing: /home/spoonge/Projects/Scara_arm_CNC/install/scara_control/share/scara_control/launch/.mypy_cache/3.12/importlib/machinery.meta.json
[2.470s] -- Installing: /home/spoonge/Projects/Scara_arm_CNC/install/scara_control/share/scara_control/launch/.mypy_cache/3.12/importlib/readers.data.json
[2.470s] -- Installing: /home/spoonge/Projects/Scara_arm_CNC/install/scara_control/share/scara_control/launch/.mypy_cache/3.12/importlib/readers.meta.json
[2.471s] -- Installing: /home/spoonge/Projects/Scara_arm_CNC/install/scara_control/share/scara_control/launch/.mypy_cache/3.12/importlib/_abc.meta.json
[2.471s] -- Installing: /home/spoonge/Projects/Scara_arm_CNC/install/scara_control/share/scara_control/launch/.mypy_cache/3.12/importlib/__init__.meta.json
[2.476s] -- Installing: /home/spoonge/Projects/Scara_arm_CNC/install/scara_control/share/scara_control/launch/.mypy_cache/3.12/importlib/abc.meta.json
[2.477s] -- Installing: /home/spoonge/Projects/Scara_arm_CNC/install/scara_control/share/scara_control/launch/.mypy_cache/3.12/importlib/_abc.data.json
[2.477s] -- Installing: /home/spoonge/Projects/Scara_arm_CNC/install/scara_control/share/scara_control/launch/.mypy_cache/3.12/importlib/abc.data.json
[2.477s] -- Installing: /home/spoonge/Projects/Scara_arm_CNC/install/scara_control/share/scara_control/launch/.mypy_cache/3.12/importlib/metadata
[2.481s] -- Installing: /home/spoonge/Projects/Scara_arm_CNC/install/scara_control/share/scara_control/launch/.mypy_cache/3.12/importlib/metadata/__init__.data.json
[2.483s] -- Installing: /home/spoonge/Projects/Scara_arm_CNC/install/scara_control/share/scara_control/launch/.mypy_cache/3.12/importlib/metadata/_meta.data.json
[2.484s] -- Installing: /home/spoonge/Projects/Scara_arm_CNC/install/scara_control/share/scara_control/launch/.mypy_cache/3.12/importlib/metadata/__init__.meta.json
[2.484s] -- Installing: /home/spoonge/Projects/Scara_arm_CNC/install/scara_control/share/scara_control/launch/.mypy_cache/3.12/importlib/metadata/_meta.meta.json
[2.484s] -- Installing: /home/spoonge/Projects/Scara_arm_CNC/install/scara_control/share/scara_control/launch/.mypy_cache/3.12/importlib/machinery.data.json
[2.487s] -- Installing: /home/spoonge/Projects/Scara_arm_CNC/install/scara_control/share/scara_control/launch/.mypy_cache/3.12/tempfile.data.json
[2.492s] -- Installing: /home/spoonge/Projects/Scara_arm_CNC/install/scara_control/share/scara_control/launch/.mypy_cache/3.12/sre_constants.data.json
[2.492s] -- Installing: /home/spoonge/Projects/Scara_arm_CNC/install/scara_control/share/scara_control/launch/.mypy_cache/3.12/io.meta.json
[2.493s] -- Installing: /home/spoonge/Projects/Scara_arm_CNC/install/scara_control/share/scara_control/launch/.mypy_cache/3.12/_csv.data.json
[2.494s] -- Installing: /home/spoonge/Projects/Scara_arm_CNC/install/scara_control/share/scara_control/launch/.mypy_cache/3.12/copyreg.meta.json
[2.494s] -- Installing: /home/spoonge/Projects/Scara_arm_CNC/install/scara_control/share/scara_control/launch/.mypy_cache/3.12/_thread.data.json
[2.495s] -- Installing: /home/spoonge/Projects/Scara_arm_CNC/install/scara_control/share/scara_control/launch/.mypy_cache/3.12/zipfile
[2.496s] -- Installing: /home/spoonge/Projects/Scara_arm_CNC/install/scara_control/share/scara_control/launch/.mypy_cache/3.12/zipfile/__init__.data.json
[2.497s] -- Installing: /home/spoonge/Projects/Scara_arm_CNC/install/scara_control/share/scara_control/launch/.mypy_cache/3.12/zipfile/_path.meta.json
[2.497s] -- Installing: /home/spoonge/Projects/Scara_arm_CNC/install/scara_control/share/scara_control/launch/.mypy_cache/3.12/zipfile/__init__.meta.json
[2.497s] -- Installing: /home/spoonge/Projects/Scara_arm_CNC/install/scara_control/share/scara_control/launch/.mypy_cache/3.12/zipfile/_path.data.json
[2.498s] -- Installing: /home/spoonge/Projects/Scara_arm_CNC/install/scara_control/share/scara_control/launch/.mypy_cache/3.12/datetime.data.json
[2.499s] -- Installing: /home/spoonge/Projects/Scara_arm_CNC/install/scara_control/share/scara_control/launch/.mypy_cache/3.12/resource.meta.json
[2.500s] -- Installing: /home/spoonge/Projects/Scara_arm_CNC/install/scara_control/share/scara_control/launch/.mypy_cache/3.12/builtins.meta.json
[2.500s] -- Installing: /home/spoonge/Projects/Scara_arm_CNC/install/scara_control/share/scara_control/launch/.mypy_cache/3.12/typing.data.json
[2.504s] -- Installing: /home/spoonge/Projects/Scara_arm_CNC/install/scara_control/share/scara_control/launch/.mypy_cache/3.12/abc.data.json
[2.504s] -- Installing: /home/spoonge/Projects/Scara_arm_CNC/install/scara_control/share/scara_control/launch/.mypy_cache/3.12/copyreg.data.json
[2.504s] -- Installing: /home/spoonge/Projects/Scara_arm_CNC/install/scara_control/share/scara_control/launch/.mypy_cache/3.12/_socket.meta.json
[2.505s] -- Installing: /home/spoonge/Projects/Scara_arm_CNC/install/scara_control/share/scara_control/launch/.mypy_cache/3.12/rclpy
[2.506s] -- Installing: /home/spoonge/Projects/Scara_arm_CNC/install/scara_control/share/scara_control/launch/.mypy_cache/3.12/rclpy/__init__.data.json
[2.506s] -- Installing: /home/spoonge/Projects/Scara_arm_CNC/install/scara_control/share/scara_control/launch/.mypy_cache/3.12/rclpy/validate_namespace.data.json
[2.506s] -- Installing: /home/spoonge/Projects/Scara_arm_CNC/install/scara_control/share/scara_control/launch/.mypy_cache/3.12/rclpy/publisher.meta.json
[2.506s] -- Installing: /home/spoonge/Projects/Scara_arm_CNC/install/scara_control/share/scara_control/launch/.mypy_cache/3.12/rclpy/logging.data.json
[2.507s] -- Installing: /home/spoonge/Projects/Scara_arm_CNC/install/scara_control/share/scara_control/launch/.mypy_cache/3.12/rclpy/destroyable.data.json
[2.507s] -- Installing: /home/spoonge/Projects/Scara_arm_CNC/install/scara_control/share/scara_control/launch/.mypy_cache/3.12/rclpy/service.data.json
[2.508s] -- Installing: /home/spoonge/Projects/Scara_arm_CNC/install/scara_control/share/scara_control/launch/.mypy_cache/3.12/rclpy/exceptions.meta.json
[2.508s] -- Installing: /home/spoonge/Projects/Scara_arm_CNC/install/scara_control/share/scara_control/launch/.mypy_cache/3.12/rclpy/service.meta.json
[2.509s] -- Installing: /home/spoonge/Projects/Scara_arm_CNC/install/scara_control/share/scara_control/launch/.mypy_cache/3.12/rclpy/signals.data.json
[2.509s] -- Installing: /home/spoonge/Projects/Scara_arm_CNC/install/scara_control/share/scara_control/launch/.mypy_cache/3.12/rclpy/client.data.json
[2.510s] -- Installing: /home/spoonge/Projects/Scara_arm_CNC/install/scara_control/share/scara_control/launch/.mypy_cache/3.12/rclpy/constants.meta.json
[2.510s] -- Installing: /home/spoonge/Projects/Scara_arm_CNC/install/scara_control/share/scara_control/launch/.mypy_cache/3.12/rclpy/validate_namespace.meta.json
[2.510s] -- Installing: /home/spoonge/Projects/Scara_arm_CNC/install/scara_control/share/scara_control/launch/.mypy_cache/3.12/rclpy/guard_condition.meta.json
[2.511s] -- Installing: /home/spoonge/Projects/Scara_arm_CNC/install/scara_control/share/scara_control/launch/.mypy_cache/3.12/rclpy/node.data.json
[2.517s] -- Installing: /home/spoonge/Projects/Scara_arm_CNC/install/scara_control/share/scara_control/launch/.mypy_cache/3.12/rclpy/validate_full_topic_name.data.json
[2.518s] -- Installing: /home/spoonge/Projects/Scara_arm_CNC/install/scara_control/share/scara_control/launch/.mypy_cache/3.12/rclpy/constants.data.json
[2.518s] -- Installing: /home/spoonge/Projects/Scara_arm_CNC/install/scara_control/share/scara_control/launch/.mypy_cache/3.12/rclpy/context.data.json
[2.519s] -- Installing: /home/spoonge/Projects/Scara_arm_CNC/install/scara_control/share/scara_control/launch/.mypy_cache/3.12/rclpy/event_handler.data.json
[2.520s] -- Installing: /home/spoonge/Projects/Scara_arm_CNC/install/scara_control/share/scara_control/launch/.mypy_cache/3.12/rclpy/parameter_service.data.json
[2.520s] -- Installing: /home/spoonge/Projects/Scara_arm_CNC/install/scara_control/share/scara_control/launch/.mypy_cache/3.12/rclpy/validate_parameter_name.data.json
[2.521s] -- Installing: /home/spoonge/Projects/Scara_arm_CNC/install/scara_control/share/scara_control/launch/.mypy_cache/3.12/rclpy/clock.data.json
[2.522s] -- Installing: /home/spoonge/Projects/Scara_arm_CNC/install/scara_control/share/scara_control/launch/.mypy_cache/3.12/rclpy/validate_parameter_name.meta.json
[2.523s] -- Installing: /home/spoonge/Projects/Scara_arm_CNC/install/scara_control/share/scara_control/launch/.mypy_cache/3.12/rclpy/parameter.data.json
[2.523s] -- Installing: /home/spoonge/Projects/Scara_arm_CNC/install/scara_control/share/scara_control/launch/.mypy_cache/3.12/rclpy/time.data.json
[2.524s] -- Installing: /home/spoonge/Projects/Scara_arm_CNC/install/scara_control/share/scara_control/launch/.mypy_cache/3.12/rclpy/service_introspection.data.json
[2.526s] -- Installing: /home/spoonge/Projects/Scara_arm_CNC/install/scara_control/share/scara_control/launch/.mypy_cache/3.12/rclpy/validate_topic_name.data.json
[2.527s] -- Installing: /home/spoonge/Projects/Scara_arm_CNC/install/scara_control/share/scara_control/launch/.mypy_cache/3.12/rclpy/topic_endpoint_info.meta.json
[2.527s] -- Installing: /home/spoonge/Projects/Scara_arm_CNC/install/scara_control/share/scara_control/launch/.mypy_cache/3.12/rclpy/type_support.data.json
[2.528s] -- Installing: /home/spoonge/Projects/Scara_arm_CNC/install/scara_control/share/scara_control/launch/.mypy_cache/3.12/rclpy/publisher.data.json
[2.529s] -- Installing: /home/spoonge/Projects/Scara_arm_CNC/install/scara_control/share/scara_control/launch/.mypy_cache/3.12/rclpy/time_source.data.json
[2.530s] -- Installing: /home/spoonge/Projects/Scara_arm_CNC/install/scara_control/share/scara_control/launch/.mypy_cache/3.12/rclpy/clock.meta.json
[2.530s] -- Installing: /home/spoonge/Projects/Scara_arm_CNC/install/scara_control/share/scara_control/launch/.mypy_cache/3.12/rclpy/qos.data.json
[2.532s] -- Installing: /home/spoonge/Projects/Scara_arm_CNC/install/scara_control/share/scara_control/launch/.mypy_cache/3.12/rclpy/type_hash.data.json
[2.532s] -- Installing: /home/spoonge/Projects/Scara_arm_CNC/install/scara_control/share/scara_control/launch/.mypy_cache/3.12/rclpy/exceptions.data.json
[2.533s] -- Installing: /home/spoonge/Projects/Scara_arm_CNC/install/scara_control/share/scara_control/launch/.mypy_cache/3.12/rclpy/logging.meta.json
[2.533s] -- Installing: /home/spoonge/Projects/Scara_arm_CNC/install/scara_control/share/scara_control/launch/.mypy_cache/3.12/rclpy/logging_service.meta.json
[2.533s] -- Installing: /home/spoonge/Projects/Scara_arm_CNC/install/scara_control/share/scara_control/launch/.mypy_cache/3.12/rclpy/validate_topic_name.meta.json
[2.534s] -- Installing: /home/spoonge/Projects/Scara_arm_CNC/install/scara_control/share/scara_control/launch/.mypy_cache/3.12/rclpy/subscription.meta.json
[2.534s] -- Installing: /home/spoonge/Projects/Scara_arm_CNC/install/scara_control/share/scara_control/launch/.mypy_cache/3.12/rclpy/callback_groups.data.json
[2.535s] -- Installing: /home/spoonge/Projects/Scara_arm_CNC/install/scara_control/share/scara_control/launch/.mypy_cache/3.12/rclpy/timer.data.json
[2.537s] -- Installing: /home/spoonge/Projects/Scara_arm_CNC/install/scara_control/share/scara_control/launch/.mypy_cache/3.12/rclpy/signals.meta.json
[2.537s] -- Installing: /home/spoonge/Projects/Scara_arm_CNC/install/scara_control/share/scara_control/launch/.mypy_cache/3.12/rclpy/duration.meta.json
[2.537s] -- Installing: /home/spoonge/Projects/Scara_arm_CNC/install/scara_control/share/scara_control/launch/.mypy_cache/3.12/rclpy/event_handler.meta.json
[2.538s] -- Installing: /home/spoonge/Projects/Scara_arm_CNC/install/scara_control/share/scara_control/launch/.mypy_cache/3.12/rclpy/node.meta.json
[2.538s] -- Installing: /home/spoonge/Projects/Scara_arm_CNC/install/scara_control/share/scara_control/launch/.mypy_cache/3.12/rclpy/destroyable.meta.json
[2.539s] -- Installing: /home/spoonge/Projects/Scara_arm_CNC/install/scara_control/share/scara_control/launch/.mypy_cache/3.12/rclpy/duration.data.json
[2.539s] -- Installing: /home/spoonge/Projects/Scara_arm_CNC/install/scara_control/share/scara_control/launch/.mypy_cache/3.12/rclpy/validate_full_topic_name.meta.json
[2.540s] -- Installing: /home/spoonge/Projects/Scara_arm_CNC/install/scara_control/share/scara_control/launch/.mypy_cache/3.12/rclpy/__init__.meta.json
[2.540s] -- Installing: /home/spoonge/Projects/Scara_arm_CNC/install/scara_control/share/scara_control/launch/.mypy_cache/3.12/rclpy/logging_service.data.json
[2.540s] -- Installing: /home/spoonge/Projects/Scara_arm_CNC/install/scara_control/share/scara_control/launch/.mypy_cache/3.12/rclpy/parameter.meta.json
[2.541s] -- Installing: /home/spoonge/Projects/Scara_arm_CNC/install/scara_control/share/scara_control/launch/.mypy_cache/3.12/rclpy/guard_condition.data.json
[2.542s] -- Installing: /home/spoonge/Projects/Scara_arm_CNC/install/scara_control/share/scara_control/launch/.mypy_cache/3.12/rclpy/parameter_service.meta.json
[2.542s] -- Installing: /home/spoonge/Projects/Scara_arm_CNC/install/scara_control/share/scara_control/launch/.mypy_cache/3.12/rclpy/expand_topic_name.data.json
[2.543s] -- Installing: /home/spoonge/Projects/Scara_arm_CNC/install/scara_control/share/scara_control/launch/.mypy_cache/3.12/rclpy/executors.data.json
[2.543s] -- Installing: /home/spoonge/Projects/Scara_arm_CNC/install/scara_control/share/scara_control/launch/.mypy_cache/3.12/rclpy/context.meta.json
[2.544s] -- Installing: /home/spoonge/Projects/Scara_arm_CNC/install/scara_control/share/scara_control/launch/.mypy_cache/3.12/rclpy/waitable.meta.json
[2.544s] -- Installing: /home/spoonge/Projects/Scara_arm_CNC/install/scara_control/share/scara_control/launch/.mypy_cache/3.12/rclpy/validate_node_name.data.json
[2.544s] -- Installing: /home/spoonge/Projects/Scara_arm_CNC/install/scara_control/share/scara_control/launch/.mypy_cache/3.12/rclpy/clock_type.data.json
[2.545s] -- Installing: /home/spoonge/Projects/Scara_arm_CNC/install/scara_control/share/scara_control/launch/.mypy_cache/3.12/rclpy/type_hash.meta.json
[2.545s] -- Installing: /home/spoonge/Projects/Scara_arm_CNC/install/scara_control/share/scara_control/launch/.mypy_cache/3.12/rclpy/timer.meta.json
[2.546s] -- Installing: /home/spoonge/Projects/Scara_arm_CNC/install/scara_control/share/scara_control/launch/.mypy_cache/3.12/rclpy/task.meta.json
[2.546s] -- Installing: /home/spoonge/Projects/Scara_arm_CNC/install/scara_control/share/scara_control/launch/.mypy_cache/3.12/rclpy/waitable.data.json
[2.546s] -- Installing: /home/spoonge/Projects/Scara_arm_CNC/install/scara_control/share/scara_control/launch/.mypy_cache/3.12/rclpy/type_description_service.meta.json
[2.547s] -- Installing: /home/spoonge/Projects/Scara_arm_CNC/install/scara_control/share/scara_control/launch/.mypy_cache/3.12/rclpy/expand_topic_name.meta.json
[2.547s] -- Installing: /home/spoonge/Projects/Scara_arm_CNC/install/scara_control/share/scara_control/launch/.mypy_cache/3.12/rclpy/qos.meta.json
[2.547s] -- Installing: /home/spoonge/Projects/Scara_arm_CNC/install/scara_control/share/scara_control/launch/.mypy_cache/3.12/rclpy/type_description_service.data.json
[2.548s] -- Installing: /home/spoonge/Projects/Scara_arm_CNC/install/scara_control/share/scara_control/launch/.mypy_cache/3.12/rclpy/service_introspection.meta.json
[2.548s] -- Installing: /home/spoonge/Projects/Scara_arm_CNC/install/scara_control/share/scara_control/launch/.mypy_cache/3.12/rclpy/qos_overriding_options.data.json
[2.548s] -- Installing: /home/spoonge/Projects/Scara_arm_CNC/install/scara_control/share/scara_control/launch/.mypy_cache/3.12/rclpy/validate_node_name.meta.json
[2.549s] -- Installing: /home/spoonge/Projects/Scara_arm_CNC/install/scara_control/share/scara_control/launch/.mypy_cache/3.12/rclpy/topic_endpoint_info.data.json
[2.549s] -- Installing: /home/spoonge/Projects/Scara_arm_CNC/install/scara_control/share/scara_control/launch/.mypy_cache/3.12/rclpy/utilities.data.json
[2.550s] -- Installing: /home/spoonge/Projects/Scara_arm_CNC/install/scara_control/share/scara_control/launch/.mypy_cache/3.12/rclpy/client.meta.json
[2.550s] -- Installing: /home/spoonge/Projects/Scara_arm_CNC/install/scara_control/share/scara_control/launch/.mypy_cache/3.12/rclpy/impl
[2.550s] -- Installing: /home/spoonge/Projects/Scara_arm_CNC/install/scara_control/share/scara_control/launch/.mypy_cache/3.12/rclpy/impl/__init__.data.json
[2.551s] -- Installing: /home/spoonge/Projects/Scara_arm_CNC/install/scara_control/share/scara_control/launch/.mypy_cache/3.12/rclpy/impl/implementation_singleton.data.json
[2.551s] -- Installing: /home/spoonge/Projects/Scara_arm_CNC/install/scara_control/share/scara_control/launch/.mypy_cache/3.12/rclpy/impl/rcutils_logger.data.json
[2.552s] -- Installing: /home/spoonge/Projects/Scara_arm_CNC/install/scara_control/share/scara_control/launch/.mypy_cache/3.12/rclpy/impl/logging_severity.data.json
[2.552s] -- Installing: /home/spoonge/Projects/Scara_arm_CNC/install/scara_control/share/scara_control/launch/.mypy_cache/3.12/rclpy/impl/__init__.meta.json
[2.552s] -- Installing: /home/spoonge/Projects/Scara_arm_CNC/install/scara_control/share/scara_control/launch/.mypy_cache/3.12/rclpy/impl/logging_severity.meta.json
[2.553s] -- Installing: /home/spoonge/Projects/Scara_arm_CNC/install/scara_control/share/scara_control/launch/.mypy_cache/3.12/rclpy/impl/implementation_singleton.meta.json
[2.553s] -- Installing: /home/spoonge/Projects/Scara_arm_CNC/install/scara_control/share/scara_control/launch/.mypy_cache/3.12/rclpy/impl/rcutils_logger.meta.json
[2.553s] -- Installing: /home/spoonge/Projects/Scara_arm_CNC/install/scara_control/share/scara_control/launch/.mypy_cache/3.12/rclpy/callback_groups.meta.json
[2.554s] -- Installing: /home/spoonge/Projects/Scara_arm_CNC/install/scara_control/share/scara_control/launch/.mypy_cache/3.12/rclpy/time.meta.json
[2.554s] -- Installing: /home/spoonge/Projects/Scara_arm_CNC/install/scara_control/share/scara_control/launch/.mypy_cache/3.12/rclpy/executors.meta.json
[2.554s] -- Installing: /home/spoonge/Projects/Scara_arm_CNC/install/scara_control/share/scara_control/launch/.mypy_cache/3.12/rclpy/type_support.meta.json
[2.555s] -- Installing: /home/spoonge/Projects/Scara_arm_CNC/install/scara_control/share/scara_control/launch/.mypy_cache/3.12/rclpy/clock_type.meta.json
[2.555s] -- Installing: /home/spoonge/Projects/Scara_arm_CNC/install/scara_control/share/scara_control/launch/.mypy_cache/3.12/rclpy/subscription.data.json
[2.556s] -- Installing: /home/spoonge/Projects/Scara_arm_CNC/install/scara_control/share/scara_control/launch/.mypy_cache/3.12/rclpy/time_source.meta.json
[2.556s] -- Installing: /home/spoonge/Projects/Scara_arm_CNC/install/scara_control/share/scara_control/launch/.mypy_cache/3.12/rclpy/utilities.meta.json
[2.557s] -- Installing: /home/spoonge/Projects/Scara_arm_CNC/install/scara_control/share/scara_control/launch/.mypy_cache/3.12/rclpy/qos_overriding_options.meta.json
[2.557s] -- Installing: /home/spoonge/Projects/Scara_arm_CNC/install/scara_control/share/scara_control/launch/.mypy_cache/3.12/rclpy/task.data.json
[2.557s] -- Installing: /home/spoonge/Projects/Scara_arm_CNC/install/scara_control/share/scara_control/launch/.mypy_cache/3.12/_ast.meta.json
[2.558s] -- Installing: /home/spoonge/Projects/Scara_arm_CNC/install/scara_control/share/scara_control/launch/.mypy_cache/3.12/time.meta.json
[2.558s] -- Installing: /home/spoonge/Projects/Scara_arm_CNC/install/scara_control/share/scara_control/launch/.mypy_cache/3.12/posixpath.meta.json
[2.559s] -- Installing: /home/spoonge/Projects/Scara_arm_CNC/install/scara_control/share/scara_control/launch/.mypy_cache/3.12/ssl.data.json
[2.560s] -- Installing: /home/spoonge/Projects/Scara_arm_CNC/install/scara_control/share/scara_control/launch/.mypy_cache/3.12/platform.meta.json
[2.560s] -- Installing: /home/spoonge/Projects/Scara_arm_CNC/install/scara_control/share/scara_control/launch/.mypy_cache/3.12/collections
[2.561s] -- Installing: /home/spoonge/Projects/Scara_arm_CNC/install/scara_control/share/scara_control/launch/.mypy_cache/3.12/collections/__init__.data.json
[2.564s] -- Installing: /home/spoonge/Projects/Scara_arm_CNC/install/scara_control/share/scara_control/launch/.mypy_cache/3.12/collections/__init__.meta.json
[2.564s] -- Installing: /home/spoonge/Projects/Scara_arm_CNC/install/scara_control/share/scara_control/launch/.mypy_cache/3.12/collections/abc.meta.json
[2.564s] -- Installing: /home/spoonge/Projects/Scara_arm_CNC/install/scara_control/share/scara_control/launch/.mypy_cache/3.12/collections/abc.data.json
[2.565s] -- Installing: /home/spoonge/Projects/Scara_arm_CNC/install/scara_control/share/scara_control/launch/.mypy_cache/3.12/packaging
[2.565s] -- Installing: /home/spoonge/Projects/Scara_arm_CNC/install/scara_control/share/scara_control/launch/.mypy_cache/3.12/packaging/__init__.data.json
[2.565s] -- Installing: /home/spoonge/Projects/Scara_arm_CNC/install/scara_control/share/scara_control/launch/.mypy_cache/3.12/packaging/_structures.data.json
[2.566s] -- Installing: /home/spoonge/Projects/Scara_arm_CNC/install/scara_control/share/scara_control/launch/.mypy_cache/3.12/packaging/__init__.meta.json
[2.566s] -- Installing: /home/spoonge/Projects/Scara_arm_CNC/install/scara_control/share/scara_control/launch/.mypy_cache/3.12/packaging/version.meta.json
[2.566s] -- Installing: /home/spoonge/Projects/Scara_arm_CNC/install/scara_control/share/scara_control/launch/.mypy_cache/3.12/packaging/version.data.json
[2.567s] -- Installing: /home/spoonge/Projects/Scara_arm_CNC/install/scara_control/share/scara_control/launch/.mypy_cache/3.12/packaging/_structures.meta.json
[2.567s] -- Installing: /home/spoonge/Projects/Scara_arm_CNC/install/scara_control/share/scara_control/launch/.mypy_cache/3.12/weakref.data.json
[2.569s] -- Installing: /home/spoonge/Projects/Scara_arm_CNC/install/scara_control/share/scara_control/launch/.mypy_cache/3.12/multiprocessing
[2.569s] -- Installing: /home/spoonge/Projects/Scara_arm_CNC/install/scara_control/share/scara_control/launch/.mypy_cache/3.12/multiprocessing/__init__.data.json
[2.570s] -- Installing: /home/spoonge/Projects/Scara_arm_CNC/install/scara_control/share/scara_control/launch/.mypy_cache/3.12/multiprocessing/sharedctypes.meta.json
[2.570s] -- Installing: /home/spoonge/Projects/Scara_arm_CNC/install/scara_control/share/scara_control/launch/.mypy_cache/3.12/multiprocessing/queues.meta.json
[2.570s] -- Installing: /home/spoonge/Projects/Scara_arm_CNC/install/scara_control/share/scara_control/launch/.mypy_cache/3.12/multiprocessing/process.meta.json
[2.571s] -- Installing: /home/spoonge/Projects/Scara_arm_CNC/install/scara_control/share/scara_control/launch/.mypy_cache/3.12/multiprocessing/context.data.json
[2.571s] -- Installing: /home/spoonge/Projects/Scara_arm_CNC/install/scara_control/share/scara_control/launch/.mypy_cache/3.12/multiprocessing/process.data.json
[2.572s] -- Installing: /home/spoonge/Projects/Scara_arm_CNC/install/scara_control/share/scara_control/launch/.mypy_cache/3.12/multiprocessing/managers.data.json
[2.574s] -- Installing: /home/spoonge/Projects/Scara_arm_CNC/install/scara_control/share/scara_control/launch/.mypy_cache/3.12/multiprocessing/connection.data.json
[2.575s] -- Installing: /home/spoonge/Projects/Scara_arm_CNC/install/scara_control/share/scara_control/launch/.mypy_cache/3.12/multiprocessing/popen_forkserver.data.json
[2.575s] -- Installing: /home/spoonge/Projects/Scara_arm_CNC/install/scara_control/share/scara_control/launch/.mypy_cache/3.12/multiprocessing/popen_spawn_posix.data.json
[2.576s] -- Installing: /home/spoonge/Projects/Scara_arm_CNC/install/scara_control/share/scara_control/launch/.mypy_cache/3.12/multiprocessing/connection.meta.json
[2.576s] -- Installing: /home/spoonge/Projects/Scara_arm_CNC/install/scara_control/share/scara_control/launch/.mypy_cache/3.12/multiprocessing/popen_forkserver.meta.json
[2.576s] -- Installing: /home/spoonge/Projects/Scara_arm_CNC/install/scara_control/share/scara_control/launch/.mypy_cache/3.12/multiprocessing/pool.meta.json
[2.576s] -- Installing: /home/spoonge/Projects/Scara_arm_CNC/install/scara_control/share/scara_control/launch/.mypy_cache/3.12/multiprocessing/popen_fork.meta.json
[2.577s] -- Installing: /home/spoonge/Projects/Scara_arm_CNC/install/scara_control/share/scara_control/launch/.mypy_cache/3.12/multiprocessing/sharedctypes.data.json
[2.578s] -- Installing: /home/spoonge/Projects/Scara_arm_CNC/install/scara_control/share/scara_control/launch/.mypy_cache/3.12/multiprocessing/synchronize.meta.json
[2.579s] -- Installing: /home/spoonge/Projects/Scara_arm_CNC/install/scara_control/share/scara_control/launch/.mypy_cache/3.12/multiprocessing/queues.data.json
[2.580s] -- Installing: /home/spoonge/Projects/Scara_arm_CNC/install/scara_control/share/scara_control/launch/.mypy_cache/3.12/multiprocessing/shared_memory.meta.json
[2.580s] -- Installing: /home/spoonge/Projects/Scara_arm_CNC/install/scara_control/share/scara_control/launch/.mypy_cache/3.12/multiprocessing/util.data.json
[2.580s] -- Installing: /home/spoonge/Projects/Scara_arm_CNC/install/scara_control/share/scara_control/launch/.mypy_cache/3.12/multiprocessing/shared_memory.data.json
[2.581s] -- Installing: /home/spoonge/Projects/Scara_arm_CNC/install/scara_control/share/scara_control/launch/.mypy_cache/3.12/multiprocessing/managers.meta.json
[2.581s] -- Installing: /home/spoonge/Projects/Scara_arm_CNC/install/scara_control/share/scara_control/launch/.mypy_cache/3.12/multiprocessing/popen_fork.data.json
[2.582s] -- Installing: /home/spoonge/Projects/Scara_arm_CNC/install/scara_control/share/scara_control/launch/.mypy_cache/3.12/multiprocessing/__init__.meta.json
[2.582s] -- Installing: /home/spoonge/Projects/Scara_arm_CNC/install/scara_control/share/scara_control/launch/.mypy_cache/3.12/multiprocessing/popen_spawn_win32.data.json
[2.582s] -- Installing: /home/spoonge/Projects/Scara_arm_CNC/install/scara_control/share/scara_control/launch/.mypy_cache/3.12/multiprocessing/pool.data.json
[2.583s] -- Installing: /home/spoonge/Projects/Scara_arm_CNC/install/scara_control/share/scara_control/launch/.mypy_cache/3.12/multiprocessing/context.meta.json
[2.583s] -- Installing: /home/spoonge/Projects/Scara_arm_CNC/install/scara_control/share/scara_control/launch/.mypy_cache/3.12/multiprocessing/util.meta.json
[2.583s] -- Installing: /home/spoonge/Projects/Scara_arm_CNC/install/scara_control/share/scara_control/launch/.mypy_cache/3.12/multiprocessing/popen_spawn_win32.meta.json
[2.584s] -- Installing: /home/spoonge/Projects/Scara_arm_CNC/install/scara_control/share/scara_control/launch/.mypy_cache/3.12/multiprocessing/spawn.data.json
[2.584s] -- Installing: /home/spoonge/Projects/Scara_arm_CNC/install/scara_control/share/scara_control/launch/.mypy_cache/3.12/multiprocessing/popen_spawn_posix.meta.json
[2.585s] -- Installing: /home/spoonge/Projects/Scara_arm_CNC/install/scara_control/share/scara_control/launch/.mypy_cache/3.12/multiprocessing/reduction.data.json
[2.585s] -- Installing: /home/spoonge/Projects/Scara_arm_CNC/install/scara_control/share/scara_control/launch/.mypy_cache/3.12/multiprocessing/spawn.meta.json
[2.586s] -- Installing: /home/spoonge/Projects/Scara_arm_CNC/install/scara_control/share/scara_control/launch/.mypy_cache/3.12/multiprocessing/synchronize.data.json
[2.586s] -- Installing: /home/spoonge/Projects/Scara_arm_CNC/install/scara_control/share/scara_control/launch/.mypy_cache/3.12/multiprocessing/reduction.meta.json
[2.587s] -- Installing: /home/spoonge/Projects/Scara_arm_CNC/install/scara_control/share/scara_control/launch/.mypy_cache/3.12/_collections_abc.data.json
[2.587s] -- Installing: /home/spoonge/Projects/Scara_arm_CNC/install/scara_control/share/scara_control/launch/.mypy_cache/3.12/ctypes
[2.587s] -- Installing: /home/spoonge/Projects/Scara_arm_CNC/install/scara_control/share/scara_control/launch/.mypy_cache/3.12/ctypes/__init__.data.json
[2.588s] -- Installing: /home/spoonge/Projects/Scara_arm_CNC/install/scara_control/share/scara_control/launch/.mypy_cache/3.12/ctypes/_endian.data.json
[2.588s] -- Installing: /home/spoonge/Projects/Scara_arm_CNC/install/scara_control/share/scara_control/launch/.mypy_cache/3.12/ctypes/__init__.meta.json
[2.589s] -- Installing: /home/spoonge/Projects/Scara_arm_CNC/install/scara_control/share/scara_control/launch/.mypy_cache/3.12/ctypes/_endian.meta.json
[2.589s] -- Installing: /home/spoonge/Projects/Scara_arm_CNC/install/scara_control/share/scara_control/launch/.mypy_cache/3.12/opcode.data.json
[2.589s] -- Installing: /home/spoonge/Projects/Scara_arm_CNC/install/scara_control/share/scara_control/launch/.mypy_cache/.gitignore
[2.589s] -- Installing: /home/spoonge/Projects/Scara_arm_CNC/install/scara_control/share/scara_control/launch/.mypy_cache/CACHEDIR.TAG
[2.590s] -- Installing: /home/spoonge/Projects/Scara_arm_CNC/install/scara_control/share/scara_control/launch/controllers.launch.py
[2.590s] -- Installing: /home/spoonge/Projects/Scara_arm_CNC/install/scara_control/share/scara_control/config
[2.590s] -- Installing: /home/spoonge/Projects/Scara_arm_CNC/install/scara_control/share/scara_control/config/controllers.yaml
[2.591s] -- Installing: /home/spoonge/Projects/Scara_arm_CNC/install/scara_control/share/ament_index/resource_index/package_run_dependencies/scara_control
[2.591s] -- Installing: /home/spoonge/Projects/Scara_arm_CNC/install/scara_control/share/ament_index/resource_index/parent_prefix_path/scara_control
[2.591s] -- Installing: /home/spoonge/Projects/Scara_arm_CNC/install/scara_control/share/scara_control/environment/ament_prefix_path.sh
[2.592s] -- Installing: /home/spoonge/Projects/Scara_arm_CNC/install/scara_control/share/scara_control/environment/ament_prefix_path.dsv
[2.592s] -- Installing: /home/spoonge/Projects/Scara_arm_CNC/install/scara_control/share/scara_control/environment/path.sh
[2.592s] -- Installing: /home/spoonge/Projects/Scara_arm_CNC/install/scara_control/share/scara_control/environment/path.dsv
[2.592s] -- Installing: /home/spoonge/Projects/Scara_arm_CNC/install/scara_control/share/scara_control/local_setup.bash
[2.593s] -- Installing: /home/spoonge/Projects/Scara_arm_CNC/install/scara_control/share/scara_control/local_setup.sh
[2.593s] -- Installing: /home/spoonge/Projects/Scara_arm_CNC/install/scara_control/share/scara_control/local_setup.zsh
[2.593s] -- Installing: /home/spoonge/Projects/Scara_arm_CNC/install/scara_control/share/scara_control/local_setup.dsv
[2.593s] -- Installing: /home/spoonge/Projects/Scara_arm_CNC/install/scara_control/share/scara_control/package.dsv
[2.594s] -- Installing: /home/spoonge/Projects/Scara_arm_CNC/install/scara_control/share/ament_index/resource_index/packages/scara_control
[2.594s] -- Installing: /home/spoonge/Projects/Scara_arm_CNC/install/scara_control/share/scara_control/cmake/scara_controlConfig.cmake
[2.595s] -- Installing: /home/spoonge/Projects/Scara_arm_CNC/install/scara_control/share/scara_control/cmake/scara_controlConfig-version.cmake
[2.595s] -- Installing: /home/spoonge/Projects/Scara_arm_CNC/install/scara_control/share/scara_control/package.xml
[2.599s] Invoked command in '/home/spoonge/Projects/Scara_arm_CNC/build/scara_control' returned '0': CMAKE_PREFIX_PATH=${CMAKE_PREFIX_PATH}:/home/spoonge/Projects/Scara_arm_CNC/ros2_ws/install/scara_sim:/home/spoonge/Projects/Scara_arm_CNC/ros2_ws/install/scara_application:/home/spoonge/Projects/Scara_arm_CNC/ros2_ws/install/scara_bringup:/home/spoonge/Projects/Scara_arm_CNC/ros2_ws/install/listener:/opt/ros/jazzy DEBUGINFOD_URLS=https://debuginfod.ubuntu.com /usr/bin/cmake --install /home/spoonge/Projects/Scara_arm_CNC/build/scara_control
