/home/spoonge/ros2_ws/src/turtlebot_nav_tasks/install/turtlebot_nav_tasks/lib/python3.12/site-packages/turtlebot_nav_tasks/nav_aruco_optimal.py
/home/spoonge/ros2_ws/src/turtlebot_nav_tasks/install/turtlebot_nav_tasks/lib/python3.12/site-packages/turtlebot_nav_tasks/nav_optimal_four.py
/home/spoonge/ros2_ws/src/turtlebot_nav_tasks/install/turtlebot_nav_tasks/lib/python3.12/site-packages/turtlebot_nav_tasks/nav_three_points.py
/home/spoonge/ros2_ws/src/turtlebot_nav_tasks/install/turtlebot_nav_tasks/lib/python3.12/site-packages/turtlebot_nav_tasks/aruco_detector.py
/home/spoonge/ros2_ws/src/turtlebot_nav_tasks/install/turtlebot_nav_tasks/lib/python3.12/site-packages/turtlebot_nav_tasks/aruco_detector_node.py
/home/spoonge/ros2_ws/src/turtlebot_nav_tasks/install/turtlebot_nav_tasks/lib/python3.12/site-packages/turtlebot_nav_tasks/__init__.py
/home/spoonge/ros2_ws/src/turtlebot_nav_tasks/install/turtlebot_nav_tasks/lib/python3.12/site-packages/turtlebot_nav_tasks/nav_aruco_to_id.py
/home/spoonge/ros2_ws/src/turtlebot_nav_tasks/install/turtlebot_nav_tasks/lib/python3.12/site-packages/turtlebot_nav_tasks/__pycache__/nav_aruco_optimal.cpython-312.pyc
/home/spoonge/ros2_ws/src/turtlebot_nav_tasks/install/turtlebot_nav_tasks/lib/python3.12/site-packages/turtlebot_nav_tasks/__pycache__/nav_optimal_four.cpython-312.pyc
/home/spoonge/ros2_ws/src/turtlebot_nav_tasks/install/turtlebot_nav_tasks/lib/python3.12/site-packages/turtlebot_nav_tasks/__pycache__/nav_three_points.cpython-312.pyc
/home/spoonge/ros2_ws/src/turtlebot_nav_tasks/install/turtlebot_nav_tasks/lib/python3.12/site-packages/turtlebot_nav_tasks/__pycache__/aruco_detector.cpython-312.pyc
/home/spoonge/ros2_ws/src/turtlebot_nav_tasks/install/turtlebot_nav_tasks/lib/python3.12/site-packages/turtlebot_nav_tasks/__pycache__/aruco_detector_node.cpython-312.pyc
/home/spoonge/ros2_ws/src/turtlebot_nav_tasks/install/turtlebot_nav_tasks/lib/python3.12/site-packages/turtlebot_nav_tasks/__pycache__/__init__.cpython-312.pyc
/home/spoonge/ros2_ws/src/turtlebot_nav_tasks/install/turtlebot_nav_tasks/lib/python3.12/site-packages/turtlebot_nav_tasks/__pycache__/nav_aruco_to_id.cpython-312.pyc
/home/spoonge/ros2_ws/src/turtlebot_nav_tasks/install/turtlebot_nav_tasks/share/ament_index/resource_index/packages/turtlebot_nav_tasks
/home/spoonge/ros2_ws/src/turtlebot_nav_tasks/install/turtlebot_nav_tasks/share/turtlebot_nav_tasks/package.xml
/home/spoonge/ros2_ws/src/turtlebot_nav_tasks/install/turtlebot_nav_tasks/share/turtlebot_nav_tasks/launch/aruco_test.launch.py
/home/spoonge/ros2_ws/src/turtlebot_nav_tasks/install/turtlebot_nav_tasks/share/turtlebot_nav_tasks/launch/nav_base.launch.py
/home/spoonge/ros2_ws/src/turtlebot_nav_tasks/install/turtlebot_nav_tasks/share/turtlebot_nav_tasks/launch/nav_optimal_four_demo.launch.py
/home/spoonge/ros2_ws/src/turtlebot_nav_tasks/install/turtlebot_nav_tasks/share/turtlebot_nav_tasks/launch/aruco_nav_test.launch.py
/home/spoonge/ros2_ws/src/turtlebot_nav_tasks/install/turtlebot_nav_tasks/share/turtlebot_nav_tasks/launch/nav_three_points_demo.launch.py
/home/spoonge/ros2_ws/src/turtlebot_nav_tasks/install/turtlebot_nav_tasks/lib/python3.12/site-packages/turtlebot_nav_tasks-0.0.0-py3.12.egg-info/entry_points.txt
/home/spoonge/ros2_ws/src/turtlebot_nav_tasks/install/turtlebot_nav_tasks/lib/python3.12/site-packages/turtlebot_nav_tasks-0.0.0-py3.12.egg-info/top_level.txt
/home/spoonge/ros2_ws/src/turtlebot_nav_tasks/install/turtlebot_nav_tasks/lib/python3.12/site-packages/turtlebot_nav_tasks-0.0.0-py3.12.egg-info/zip-safe
/home/spoonge/ros2_ws/src/turtlebot_nav_tasks/install/turtlebot_nav_tasks/lib/python3.12/site-packages/turtlebot_nav_tasks-0.0.0-py3.12.egg-info/PKG-INFO
/home/spoonge/ros2_ws/src/turtlebot_nav_tasks/install/turtlebot_nav_tasks/lib/python3.12/site-packages/turtlebot_nav_tasks-0.0.0-py3.12.egg-info/requires.txt
/home/spoonge/ros2_ws/src/turtlebot_nav_tasks/install/turtlebot_nav_tasks/lib/python3.12/site-packages/turtlebot_nav_tasks-0.0.0-py3.12.egg-info/SOURCES.txt
/home/spoonge/ros2_ws/src/turtlebot_nav_tasks/install/turtlebot_nav_tasks/lib/python3.12/site-packages/turtlebot_nav_tasks-0.0.0-py3.12.egg-info/dependency_links.txt
/home/spoonge/ros2_ws/src/turtlebot_nav_tasks/install/turtlebot_nav_tasks/lib/turtlebot_nav_tasks/aruco_detector
/home/spoonge/ros2_ws/src/turtlebot_nav_tasks/install/turtlebot_nav_tasks/lib/turtlebot_nav_tasks/aruco_detector_node
/home/spoonge/ros2_ws/src/turtlebot_nav_tasks/install/turtlebot_nav_tasks/lib/turtlebot_nav_tasks/aruco_to_id
/home/spoonge/ros2_ws/src/turtlebot_nav_tasks/install/turtlebot_nav_tasks/lib/turtlebot_nav_tasks/nav_aruco_optimal
/home/spoonge/ros2_ws/src/turtlebot_nav_tasks/install/turtlebot_nav_tasks/lib/turtlebot_nav_tasks/nav_aruco_to_id
/home/spoonge/ros2_ws/src/turtlebot_nav_tasks/install/turtlebot_nav_tasks/lib/turtlebot_nav_tasks/nav_optimal_four
/home/spoonge/ros2_ws/src/turtlebot_nav_tasks/install/turtlebot_nav_tasks/lib/turtlebot_nav_tasks/nav_three_points
