[4.382s] Invoking command in '/home/spoonge/ros2_ws/src/build/my_turtle_controller': DEBUGINFOD_URLS=https://debuginfod.ubuntu.com PYTHONPATH=/home/spoonge/ros2_ws/src/build/my_turtle_controller/prefix_override:/usr/lib/python3/dist-packages/colcon_core/task/python/colcon_distutils_commands:/home/spoonge/ros2_ws/src/install/my_turtle_controller/lib/python3.12/site-packages:${PYTHONPATH} /usr/bin/python3 -W ignore:setup.py install is deprecated -W ignore:easy_install command is deprecated setup.py develop --editable --build-directory /home/spoonge/ros2_ws/src/build/my_turtle_controller/build --no-deps symlink_data
[5.510s] running develop
[6.454s] running egg_info
[6.454s] creating my_turtle_controller.egg-info
[6.509s] writing my_turtle_controller.egg-info/PKG-INFO
[6.510s] writing dependency_links to my_turtle_controller.egg-info/dependency_links.txt
[6.510s] writing entry points to my_turtle_controller.egg-info/entry_points.txt
[6.510s] writing requirements to my_turtle_controller.egg-info/requires.txt
[6.511s] writing top-level names to my_turtle_controller.egg-info/top_level.txt
[6.515s] writing manifest file 'my_turtle_controller.egg-info/SOURCES.txt'
[6.619s] reading manifest file 'my_turtle_controller.egg-info/SOURCES.txt'
[6.620s] writing manifest file 'my_turtle_controller.egg-info/SOURCES.txt'
[6.673s] running build_ext
[6.674s] Creating /home/spoonge/ros2_ws/src/install/my_turtle_controller/lib/python3.12/site-packages/my-turtle-controller.egg-link (link to .)
[6.675s] Installing turtle_figure8 script to /home/spoonge/ros2_ws/src/install/my_turtle_controller/lib/my_turtle_controller
[6.676s] Installing turtle_mover script to /home/spoonge/ros2_ws/src/install/my_turtle_controller/lib/my_turtle_controller
[6.676s] Installing turtle_pose_follower script to /home/spoonge/ros2_ws/src/install/my_turtle_controller/lib/my_turtle_controller
[6.676s] 
[6.676s] Installed /home/spoonge/ros2_ws/src/build/my_turtle_controller
[6.676s] running symlink_data
[6.677s] creating /home/spoonge/ros2_ws/src/install/my_turtle_controller/share/ament_index
[6.677s] creating /home/spoonge/ros2_ws/src/install/my_turtle_controller/share/ament_index/resource_index
[6.677s] creating /home/spoonge/ros2_ws/src/install/my_turtle_controller/share/ament_index/resource_index/packages
[6.677s] symbolically linking /home/spoonge/ros2_ws/src/build/my_turtle_controller/resource/my_turtle_controller -> /home/spoonge/ros2_ws/src/install/my_turtle_controller/share/ament_index/resource_index/packages
[6.677s] symbolically linking /home/spoonge/ros2_ws/src/build/my_turtle_controller/package.xml -> /home/spoonge/ros2_ws/src/install/my_turtle_controller/share/my_turtle_controller
